#
# There is insufficient memory for the Java Runtime Environment to continue.
# Native memory allocation (malloc) failed to allocate 1306608 bytes. Error detail: Chunk::new
# Possible reasons:
#   The system is out of physical RAM or swap space
#   This process is running with CompressedOops enabled, and the Java Heap may be blocking the growth of the native heap
# Possible solutions:
#   Reduce memory load on the system
#   Increase physical memory or swap space
#   Check if swap backing store is full
#   Decrease Java heap size (-Xmx/-Xms)
#   Decrease number of Java threads
#   Decrease Java thread stack sizes (-Xss)
#   Set larger code cache with -XX:ReservedCodeCacheSize=
#   JVM is running with Unscaled Compressed Oops mode in which the Java heap is
#     placed in the first 4GB address space. The Java Heap base address is the
#     maximum limit for the native heap growth. Please use -XX:HeapBaseMinAddress
#     to set the Java Heap base and to place the Java Heap above 4GB virtual address.
# This output file may be truncated or incomplete.
#
#  Out of Memory Error (arena.cpp:186), pid=8316, tid=23920
#
# JRE version: Java(TM) SE Runtime Environment (25.0.1+8) (build 25.0.1+8-LTS-27)
# Java VM: Java HotSpot(TM) 64-Bit Server VM (25.0.1+8-LTS-27, mixed mode, sharing, tiered, compressed oops, compressed class ptrs, g1 gc, windows-amd64)
# No core dump will be written. Minidumps are not enabled by default on client versions of Windows
#

---------------  S U M M A R Y ------------

Command Line: --add-opens=java.base/java.lang=ALL-UNNAMED --add-opens=java.base/java.lang.invoke=ALL-UNNAMED --add-opens=java.base/java.util=ALL-UNNAMED --add-opens=java.prefs/java.util.prefs=ALL-UNNAMED --add-exports=jdk.compiler/com.sun.tools.javac.api=ALL-UNNAMED --add-exports=jdk.compiler/com.sun.tools.javac.util=ALL-UNNAMED --add-opens=java.base/java.util=ALL-UNNAMED --add-opens=java.prefs/java.util.prefs=ALL-UNNAMED --add-opens=java.base/java.nio.charset=ALL-UNNAMED --add-opens=java.base/java.net=ALL-UNNAMED --add-opens=java.base/java.util.concurrent=ALL-UNNAMED --add-opens=java.base/java.util.concurrent.atomic=ALL-UNNAMED --add-opens=java.xml/javax.xml.namespace=ALL-UNNAMED --add-opens=java.base/java.time=ALL-UNNAMED --enable-native-access=ALL-UNNAMED -Xmx2048m -Dfile.encoding=UTF-8 -Duser.country=US -Duser.language=en -Duser.variant -javaagent:C:\Users\IT\.gradle\wrapper\dists\gradle-9.1.0-bin\9agqghryom9wkf8r80qlhnts3\gradle-9.1.0\lib\agents\gradle-instrumentation-agent-9.1.0.jar org.gradle.launcher.daemon.bootstrap.GradleDaemon 9.1.0

Host: AMD Ryzen 5 PRO 5650U with Radeon Graphics     , 12 cores, 15G,  Windows 11 , 64 bit Build 26100 (10.0.26100.8328)
Time: Mon May 18 00:46:17 2026 Bangladesh Standard Time elapsed time: 4.282016 seconds (0d 0h 0m 4s)

---------------  T H R E A D  ---------------

Current thread (0x000002ed828e26c0):  JavaThread "C2 CompilerThread1" daemon [_thread_in_native, id=23920, stack(0x000000f2ba900000,0x000000f2baa00000) (1024K)]


Current CompileTask:
C2:4282 3301       4       java.lang.invoke.MethodType::makeImpl (109 bytes)

Stack: [0x000000f2ba900000,0x000000f2baa00000]
Native frames: (J=compiled Java code, j=interpreted, Vv=VM code, C=native code)
V  [jvm.dll+0x7a6b59]  (no source info available)
V  [jvm.dll+0x77290d]  (no source info available)
V  [jvm.dll+0x966153]  (no source info available)
V  [jvm.dll+0x968751]  (no source info available)
V  [jvm.dll+0x968e53]  (no source info available)
V  [jvm.dll+0x2fc756]  (no source info available)
V  [jvm.dll+0x111b26]  (no source info available)
V  [jvm.dll+0x111e4e]  (no source info available)
V  [jvm.dll+0x452467]  (no source info available)
V  [jvm.dll+0x2548fa]  (no source info available)
V  [jvm.dll+0x2c093c]  (no source info available)
V  [jvm.dll+0x2bfa8f]  (no source info available)
V  [jvm.dll+0x237b60]  (no source info available)
V  [jvm.dll+0x2cfb56]  (no source info available)
V  [jvm.dll+0x2cddd5]  (no source info available)
V  [jvm.dll+0x48e6d1]  (no source info available)
V  [jvm.dll+0x906a0d]  (no source info available)
V  [jvm.dll+0x7a5135]  (no source info available)
C  [ucrtbase.dll+0x37b0]  (no source info available)
C  [KERNEL32.DLL+0x2e957]  (no source info available)
C  [ntdll.dll+0x427c]  (no source info available)

Lock stack of current Java thread (top to bottom):


---------------  P R O C E S S  ---------------

Threads class SMR info:
_java_thread_list=0x000002ed88fb2a30, length=25, elements={
0x000002ede5380620, 0x000002ed826dc000, 0x000002ed826dc910, 0x000002ed826df1e0,
0x000002ed826e3920, 0x000002ed826e20f0, 0x000002ed826e2de0, 0x000002ed826f0e80,
0x000002ed826f4040, 0x000002ed828e26c0, 0x000002ed8297e9f0, 0x000002ed829d5730,
0x000002ed88931630, 0x000002ed88bb5410, 0x000002ed88a12160, 0x000002ed88cb5f70,
0x000002ed88a3c630, 0x000002ed88a3ce00, 0x000002ed88a3dda0, 0x000002ed88a3aec0,
0x000002ed88a41450, 0x000002ed88a3f510, 0x000002ed88a404b0, 0x000002ed8906c6f0,
0x000002ed8906cec0
}

Java Threads: ( => current thread )
  0x000002ede5380620 JavaThread "main"                              [_thread_blocked, id=20524, stack(0x000000f2b9900000,0x000000f2b9a00000) (1024K)]
  0x000002ed826dc000 JavaThread "Reference Handler"          daemon [_thread_blocked, id=14084, stack(0x000000f2ba100000,0x000000f2ba200000) (1024K)]
  0x000002ed826dc910 JavaThread "Finalizer"                  daemon [_thread_blocked, id=5772, stack(0x000000f2ba200000,0x000000f2ba300000) (1024K)]
  0x000002ed826df1e0 JavaThread "Signal Dispatcher"          daemon [_thread_blocked, id=9016, stack(0x000000f2ba300000,0x000000f2ba400000) (1024K)]
  0x000002ed826e3920 JavaThread "Attach Listener"            daemon [_thread_blocked, id=17688, stack(0x000000f2ba400000,0x000000f2ba500000) (1024K)]
  0x000002ed826e20f0 JavaThread "Service Thread"             daemon [_thread_blocked, id=14272, stack(0x000000f2ba500000,0x000000f2ba600000) (1024K)]
  0x000002ed826e2de0 JavaThread "Monitor Deflation Thread"   daemon [_thread_blocked, id=19028, stack(0x000000f2ba600000,0x000000f2ba700000) (1024K)]
  0x000002ed826f0e80 JavaThread "C2 CompilerThread0"         daemon [_thread_blocked, id=4684, stack(0x000000f2ba700000,0x000000f2ba800000) (1024K)]
  0x000002ed826f4040 JavaThread "C1 CompilerThread0"         daemon [_thread_blocked, id=23808, stack(0x000000f2ba800000,0x000000f2ba900000) (1024K)]
=>0x000002ed828e26c0 JavaThread "C2 CompilerThread1"         daemon [_thread_in_native, id=23920, stack(0x000000f2ba900000,0x000000f2baa00000) (1024K)]
  0x000002ed8297e9f0 JavaThread "Common-Cleaner"             daemon [_thread_blocked, id=14896, stack(0x000000f2baa00000,0x000000f2bab00000) (1024K)]
  0x000002ed829d5730 JavaThread "Notification Thread"        daemon [_thread_blocked, id=16088, stack(0x000000f2bab00000,0x000000f2bac00000) (1024K)]
  0x000002ed88931630 JavaThread "Daemon health stats"               [_thread_blocked, id=21172, stack(0x000000f2bac00000,0x000000f2bad00000) (1024K)]
  0x000002ed88bb5410 JavaThread "Incoming local TCP Connector on port 52035"        [_thread_in_native, id=9820, stack(0x000000f2bb100000,0x000000f2bb200000) (1024K)]
  0x000002ed88a12160 JavaThread "Daemon periodic checks"            [_thread_blocked, id=23524, stack(0x000000f2bb200000,0x000000f2bb300000) (1024K)]
  0x000002ed88cb5f70 JavaThread "Daemon"                            [_thread_blocked, id=22784, stack(0x000000f2bb300000,0x000000f2bb400000) (1024K)]
  0x000002ed88a3c630 JavaThread "Handler for socket connection from /127.0.0.1:52035 to /127.0.0.1:52036"        [_thread_in_native, id=16832, stack(0x000000f2bb400000,0x000000f2bb500000) (1024K)]
  0x000002ed88a3ce00 JavaThread "Cancel handler"                    [_thread_blocked, id=1956, stack(0x000000f2bb500000,0x000000f2bb600000) (1024K)]
  0x000002ed88a3dda0 JavaThread "Daemon worker"                     [_thread_in_vm, id=20412, stack(0x000000f2bb600000,0x000000f2bb700000) (1024K)]
  0x000002ed88a3aec0 JavaThread "Asynchronous log dispatcher for DefaultDaemonConnection: socket connection from /127.0.0.1:52035 to /127.0.0.1:52036"        [_thread_blocked, id=17088, stack(0x000000f2bb700000,0x000000f2bb800000) (1024K)]
  0x000002ed88a41450 JavaThread "Stdin handler"                     [_thread_blocked, id=22196, stack(0x000000f2bb800000,0x000000f2bb900000) (1024K)]
  0x000002ed88a3f510 JavaThread "Daemon client event forwarder"        [_thread_blocked, id=7308, stack(0x000000f2bb900000,0x000000f2bba00000) (1024K)]
  0x000002ed88a404b0 JavaThread "Cache worker for journal cache (C:\Users\IT\.gradle\caches\journal-1)"        [_thread_blocked, id=12408, stack(0x000000f2bba00000,0x000000f2bbb00000) (1024K)]
  0x000002ed8906c6f0 JavaThread "File lock request listener"        [_thread_in_native, id=4056, stack(0x000000f2bc000000,0x000000f2bc100000) (1024K)]
  0x000002ed8906cec0 JavaThread "Cache worker for file hash cache (C:\Users\IT\.gradle\caches\9.1.0\fileHashes)"        [_thread_blocked, id=14492, stack(0x000000f2bc100000,0x000000f2bc200000) (1024K)]
Total: 25

Other Threads:
  0x000002ed826c9930 VMThread "VM Thread"                           [id=22680, stack(0x000000f2ba000000,0x000000f2ba100000) (1024K)]
  0x000002ed82595d00 WatcherThread "VM Periodic Task Thread"        [id=21236, stack(0x000000f2b9f00000,0x000000f2ba000000) (1024K)]
  0x000002ede53db180 WorkerThread "GC Thread#0"                     [id=9524, stack(0x000000f2b9a00000,0x000000f2b9b00000) (1024K)]
  0x000002ed8809afe0 WorkerThread "GC Thread#1"                     [id=14924, stack(0x000000f2bad00000,0x000000f2bae00000) (1024K)]
  0x000002ed8809b820 WorkerThread "GC Thread#2"                     [id=15172, stack(0x000000f2bae00000,0x000000f2baf00000) (1024K)]
  0x000002ed8809dc60 WorkerThread "GC Thread#3"                     [id=21680, stack(0x000000f2baf00000,0x000000f2bb000000) (1024K)]
  0x000002ed8809e090 WorkerThread "GC Thread#4"                     [id=19436, stack(0x000000f2bb000000,0x000000f2bb100000) (1024K)]
  0x000002ed88c6db50 WorkerThread "GC Thread#5"                     [id=8868, stack(0x000000f2bbb00000,0x000000f2bbc00000) (1024K)]
  0x000002ed88c6dfa0 WorkerThread "GC Thread#6"                     [id=1892, stack(0x000000f2bbc00000,0x000000f2bbd00000) (1024K)]
  0x000002ed88c6e3f0 WorkerThread "GC Thread#7"                     [id=21008, stack(0x000000f2bbd00000,0x000000f2bbe00000) (1024K)]
  0x000002ed88c6ce60 WorkerThread "GC Thread#8"                     [id=4680, stack(0x000000f2bbe00000,0x000000f2bbf00000) (1024K)]
  0x000002ed88c6e840 WorkerThread "GC Thread#9"                     [id=15524, stack(0x000000f2bbf00000,0x000000f2bc000000) (1024K)]
  0x000002ede53f4250 ConcurrentGCThread "G1 Main Marker"            [id=13384, stack(0x000000f2b9b00000,0x000000f2b9c00000) (1024K)]
  0x000002ede53f5ce0 WorkerThread "G1 Conc#0"                       [id=7652, stack(0x000000f2b9c00000,0x000000f2b9d00000) (1024K)]
  0x000002ed825866a0 ConcurrentGCThread "G1 Refine#0"               [id=21120, stack(0x000000f2b9d00000,0x000000f2b9e00000) (1024K)]
  0x000002ed825871b0 ConcurrentGCThread "G1 Service"                [id=14356, stack(0x000000f2b9e00000,0x000000f2b9f00000) (1024K)]
Total: 16

Threads with active compile tasks:
C2 CompilerThread1  4382 3301       4       java.lang.invoke.MethodType::makeImpl (109 bytes)
Total: 1

VM state: not at safepoint (normal execution)

VM Mutex/Monitor currently owned by a thread: None

Heap address: 0x0000000080000000, size: 2048 MB, Compressed Oops mode: 32-bit

CDS archive(s) mapped at: [0x0000000031000000-0x0000000031dd0000-0x0000000031dd0000), size 14483456, SharedBaseAddress: 0x0000000031000000, ArchiveRelocationMode: 1.
Compressed class space mapped at: 0x0000000032000000-0x0000000072000000, reserved size: 1073741824
UseCompressedClassPointers 1, UseCompactObjectHeaders 0
Narrow klass pointer bits 32, Max shift 3
Narrow klass base: 0x0000000031000000, Narrow klass shift: 0
Encoding Range: [0x0000000031000000 - 0x0000000131000000), (4294967296 bytes)
Klass Range:    [0x0000000031010000 - 0x0000000072000000), (1090453504 bytes)
Klass ID Range:  [65536 - 1090519033) (1090453497)
Protection zone: [0x0000000031000000 - 0x0000000031010000), (65536 bytes)

GC Precious Log:
 CardTable entry size: 512
 Card Set container configuration: InlinePtr #cards 5 size 8 Array Of Cards #cards 10 size 36 Howl #buckets 4 coarsen threshold 1843 Howl Bitmap #cards 512 size 80 coarsen threshold 460 Card regions per heap region 1 cards per card region 2048
 CPUs: 12 total, 12 available
 Memory: 15681M
 Large Page Support: Disabled
 NUMA Support: Disabled
 Compressed Oops: Enabled (32-bit)
 Heap Region Size: 1M
 Heap Min Capacity: 8M
 Heap Initial Capacity: 246M
 Heap Max Capacity: 2G
 Pre-touch: Disabled
 Parallel Workers: 10
 Concurrent Workers: 3
 Concurrent Refinement Workers: 10
 Periodic GC: Disabled

Heap:
 garbage-first heap   total reserved 2097152K, committed 253952K, used 50565K [0x0000000080000000, 0x0000000100000000)
  region size 1024K, 43 young (44032K), 14 survivors (14336K)

Heap Regions: E=young(eden), S=young(survivor), O=old, HS=humongous(starts), HC=humongous(continues), CS=collection set, F=free, TAMS=top-at-mark-start, PB=parsable bottom
|   0|0x0000000080000000, 0x0000000080100000, 0x0000000080100000|100%|HS|  |TAMS 0x0000000080000000| PB 0x0000000080000000| Complete |  0
|   1|0x0000000080100000, 0x0000000080200000, 0x0000000080200000|100%|HC|  |TAMS 0x0000000080100000| PB 0x0000000080100000| Complete |  0
|   2|0x0000000080200000, 0x0000000080300000, 0x0000000080300000|100%|HC|  |TAMS 0x0000000080200000| PB 0x0000000080200000| Complete |  0
|   3|0x0000000080300000, 0x0000000080400000, 0x0000000080400000|100%| O|  |TAMS 0x0000000080300000| PB 0x0000000080300000| Untracked |  0
|   4|0x0000000080400000, 0x0000000080500000, 0x0000000080500000|100%|HS|  |TAMS 0x0000000080400000| PB 0x0000000080400000| Complete |  0
|   5|0x0000000080500000, 0x0000000080600000, 0x0000000080600000|100%|HS|  |TAMS 0x0000000080500000| PB 0x0000000080500000| Complete |  0
|   6|0x0000000080600000, 0x000000008063bee0, 0x0000000080700000| 23%| O|  |TAMS 0x0000000080600000| PB 0x0000000080600000| Untracked |  0
|   7|0x0000000080700000, 0x0000000080800000, 0x0000000080800000|100%|HS|  |TAMS 0x0000000080700000| PB 0x0000000080700000| Complete |  0
|   8|0x0000000080800000, 0x0000000080800000, 0x0000000080900000|  0%| F|  |TAMS 0x0000000080800000| PB 0x0000000080800000| Untracked |  0
|   9|0x0000000080900000, 0x0000000080900000, 0x0000000080a00000|  0%| F|  |TAMS 0x0000000080900000| PB 0x0000000080900000| Untracked |  0
|  10|0x0000000080a00000, 0x0000000080a00000, 0x0000000080b00000|  0%| F|  |TAMS 0x0000000080a00000| PB 0x0000000080a00000| Untracked |  0
|  11|0x0000000080b00000, 0x0000000080b00000, 0x0000000080c00000|  0%| F|  |TAMS 0x0000000080b00000| PB 0x0000000080b00000| Untracked |  0
|  12|0x0000000080c00000, 0x0000000080c00000, 0x0000000080d00000|  0%| F|  |TAMS 0x0000000080c00000| PB 0x0000000080c00000| Untracked |  0
|  13|0x0000000080d00000, 0x0000000080d00000, 0x0000000080e00000|  0%| F|  |TAMS 0x0000000080d00000| PB 0x0000000080d00000| Untracked |  0
|  14|0x0000000080e00000, 0x0000000080e00000, 0x0000000080f00000|  0%| F|  |TAMS 0x0000000080e00000| PB 0x0000000080e00000| Untracked |  0
|  15|0x0000000080f00000, 0x0000000080f00000, 0x0000000081000000|  0%| F|  |TAMS 0x0000000080f00000| PB 0x0000000080f00000| Untracked |  0
|  16|0x0000000081000000, 0x0000000081000000, 0x0000000081100000|  0%| F|  |TAMS 0x0000000081000000| PB 0x0000000081000000| Untracked |  0
|  17|0x0000000081100000, 0x0000000081100000, 0x0000000081200000|  0%| F|  |TAMS 0x0000000081100000| PB 0x0000000081100000| Untracked |  0
|  18|0x0000000081200000, 0x0000000081200000, 0x0000000081300000|  0%| F|  |TAMS 0x0000000081200000| PB 0x0000000081200000| Untracked |  0
|  19|0x0000000081300000, 0x0000000081300000, 0x0000000081400000|  0%| F|  |TAMS 0x0000000081300000| PB 0x0000000081300000| Untracked |  0
|  20|0x0000000081400000, 0x0000000081400000, 0x0000000081500000|  0%| F|  |TAMS 0x0000000081400000| PB 0x0000000081400000| Untracked |  0
|  21|0x0000000081500000, 0x0000000081500000, 0x0000000081600000|  0%| F|  |TAMS 0x0000000081500000| PB 0x0000000081500000| Untracked |  0
|  22|0x0000000081600000, 0x0000000081600000, 0x0000000081700000|  0%| F|  |TAMS 0x0000000081600000| PB 0x0000000081600000| Untracked |  0
|  23|0x0000000081700000, 0x0000000081700000, 0x0000000081800000|  0%| F|  |TAMS 0x0000000081700000| PB 0x0000000081700000| Untracked |  0
|  24|0x0000000081800000, 0x0000000081800000, 0x0000000081900000|  0%| F|  |TAMS 0x0000000081800000| PB 0x0000000081800000| Untracked |  0
|  25|0x0000000081900000, 0x0000000081900000, 0x0000000081a00000|  0%| F|  |TAMS 0x0000000081900000| PB 0x0000000081900000| Untracked |  0
|  26|0x0000000081a00000, 0x0000000081a00000, 0x0000000081b00000|  0%| F|  |TAMS 0x0000000081a00000| PB 0x0000000081a00000| Untracked |  0
|  27|0x0000000081b00000, 0x0000000081b00000, 0x0000000081c00000|  0%| F|  |TAMS 0x0000000081b00000| PB 0x0000000081b00000| Untracked |  0
|  28|0x0000000081c00000, 0x0000000081c00000, 0x0000000081d00000|  0%| F|  |TAMS 0x0000000081c00000| PB 0x0000000081c00000| Untracked |  0
|  29|0x0000000081d00000, 0x0000000081d00000, 0x0000000081e00000|  0%| F|  |TAMS 0x0000000081d00000| PB 0x0000000081d00000| Untracked |  0
|  30|0x0000000081e00000, 0x0000000081e00000, 0x0000000081f00000|  0%| F|  |TAMS 0x0000000081e00000| PB 0x0000000081e00000| Untracked |  0
|  31|0x0000000081f00000, 0x0000000081f00000, 0x0000000082000000|  0%| F|  |TAMS 0x0000000081f00000| PB 0x0000000081f00000| Untracked |  0
|  32|0x0000000082000000, 0x0000000082000000, 0x0000000082100000|  0%| F|  |TAMS 0x0000000082000000| PB 0x0000000082000000| Untracked |  0
|  33|0x0000000082100000, 0x0000000082100000, 0x0000000082200000|  0%| F|  |TAMS 0x0000000082100000| PB 0x0000000082100000| Untracked |  0
|  34|0x0000000082200000, 0x0000000082200000, 0x0000000082300000|  0%| F|  |TAMS 0x0000000082200000| PB 0x0000000082200000| Untracked |  0
|  35|0x0000000082300000, 0x0000000082300000, 0x0000000082400000|  0%| F|  |TAMS 0x0000000082300000| PB 0x0000000082300000| Untracked |  0
|  36|0x0000000082400000, 0x0000000082400000, 0x0000000082500000|  0%| F|  |TAMS 0x0000000082400000| PB 0x0000000082400000| Untracked |  0
|  37|0x0000000082500000, 0x0000000082500000, 0x0000000082600000|  0%| F|  |TAMS 0x0000000082500000| PB 0x0000000082500000| Untracked |  0
|  38|0x0000000082600000, 0x0000000082600000, 0x0000000082700000|  0%| F|  |TAMS 0x0000000082600000| PB 0x0000000082600000| Untracked |  0
|  39|0x0000000082700000, 0x0000000082700000, 0x0000000082800000|  0%| F|  |TAMS 0x0000000082700000| PB 0x0000000082700000| Untracked |  0
|  40|0x0000000082800000, 0x0000000082800000, 0x0000000082900000|  0%| F|  |TAMS 0x0000000082800000| PB 0x0000000082800000| Untracked |  0
|  41|0x0000000082900000, 0x0000000082900000, 0x0000000082a00000|  0%| F|  |TAMS 0x0000000082900000| PB 0x0000000082900000| Untracked |  0
|  42|0x0000000082a00000, 0x0000000082a00000, 0x0000000082b00000|  0%| F|  |TAMS 0x0000000082a00000| PB 0x0000000082a00000| Untracked |  0
|  43|0x0000000082b00000, 0x0000000082b00000, 0x0000000082c00000|  0%| F|  |TAMS 0x0000000082b00000| PB 0x0000000082b00000| Untracked |  0
|  44|0x0000000082c00000, 0x0000000082c00000, 0x0000000082d00000|  0%| F|  |TAMS 0x0000000082c00000| PB 0x0000000082c00000| Untracked |  0
|  45|0x0000000082d00000, 0x0000000082d00000, 0x0000000082e00000|  0%| F|  |TAMS 0x0000000082d00000| PB 0x0000000082d00000| Untracked |  0
|  46|0x0000000082e00000, 0x0000000082e00000, 0x0000000082f00000|  0%| F|  |TAMS 0x0000000082e00000| PB 0x0000000082e00000| Untracked |  0
|  47|0x0000000082f00000, 0x0000000082f00000, 0x0000000083000000|  0%| F|  |TAMS 0x0000000082f00000| PB 0x0000000082f00000| Untracked |  0
|  48|0x0000000083000000, 0x0000000083000000, 0x0000000083100000|  0%| F|  |TAMS 0x0000000083000000| PB 0x0000000083000000| Untracked |  0
|  49|0x0000000083100000, 0x0000000083100000, 0x0000000083200000|  0%| F|  |TAMS 0x0000000083100000| PB 0x0000000083100000| Untracked |  0
|  50|0x0000000083200000, 0x0000000083200000, 0x0000000083300000|  0%| F|  |TAMS 0x0000000083200000| PB 0x0000000083200000| Untracked |  0
|  51|0x0000000083300000, 0x0000000083300000, 0x0000000083400000|  0%| F|  |TAMS 0x0000000083300000| PB 0x0000000083300000| Untracked |  0
|  52|0x0000000083400000, 0x0000000083400000, 0x0000000083500000|  0%| F|  |TAMS 0x0000000083400000| PB 0x0000000083400000| Untracked |  0
|  53|0x0000000083500000, 0x0000000083500000, 0x0000000083600000|  0%| F|  |TAMS 0x0000000083500000| PB 0x0000000083500000| Untracked |  0
|  54|0x0000000083600000, 0x0000000083600000, 0x0000000083700000|  0%| F|  |TAMS 0x0000000083600000| PB 0x0000000083600000| Untracked |  0
|  55|0x0000000083700000, 0x0000000083700000, 0x0000000083800000|  0%| F|  |TAMS 0x0000000083700000| PB 0x0000000083700000| Untracked |  0
|  56|0x0000000083800000, 0x0000000083800000, 0x0000000083900000|  0%| F|  |TAMS 0x0000000083800000| PB 0x0000000083800000| Untracked |  0
|  57|0x0000000083900000, 0x0000000083900000, 0x0000000083a00000|  0%| F|  |TAMS 0x0000000083900000| PB 0x0000000083900000| Untracked |  0
|  58|0x0000000083a00000, 0x0000000083a00000, 0x0000000083b00000|  0%| F|  |TAMS 0x0000000083a00000| PB 0x0000000083a00000| Untracked |  0
|  59|0x0000000083b00000, 0x0000000083b00000, 0x0000000083c00000|  0%| F|  |TAMS 0x0000000083b00000| PB 0x0000000083b00000| Untracked |  0
|  60|0x0000000083c00000, 0x0000000083c00000, 0x0000000083d00000|  0%| F|  |TAMS 0x0000000083c00000| PB 0x0000000083c00000| Untracked |  0
|  61|0x0000000083d00000, 0x0000000083d00000, 0x0000000083e00000|  0%| F|  |TAMS 0x0000000083d00000| PB 0x0000000083d00000| Untracked |  0
|  62|0x0000000083e00000, 0x0000000083e00000, 0x0000000083f00000|  0%| F|  |TAMS 0x0000000083e00000| PB 0x0000000083e00000| Untracked |  0
|  63|0x0000000083f00000, 0x0000000083f00000, 0x0000000084000000|  0%| F|  |TAMS 0x0000000083f00000| PB 0x0000000083f00000| Untracked |  0
|  64|0x0000000084000000, 0x0000000084000000, 0x0000000084100000|  0%| F|  |TAMS 0x0000000084000000| PB 0x0000000084000000| Untracked |  0
|  65|0x0000000084100000, 0x0000000084100000, 0x0000000084200000|  0%| F|  |TAMS 0x0000000084100000| PB 0x0000000084100000| Untracked |  0
|  66|0x0000000084200000, 0x0000000084200000, 0x0000000084300000|  0%| F|  |TAMS 0x0000000084200000| PB 0x0000000084200000| Untracked |  0
|  67|0x0000000084300000, 0x0000000084300000, 0x0000000084400000|  0%| F|  |TAMS 0x0000000084300000| PB 0x0000000084300000| Untracked |  0
|  68|0x0000000084400000, 0x0000000084400000, 0x0000000084500000|  0%| F|  |TAMS 0x0000000084400000| PB 0x0000000084400000| Untracked |  0
|  69|0x0000000084500000, 0x0000000084500000, 0x0000000084600000|  0%| F|  |TAMS 0x0000000084500000| PB 0x0000000084500000| Untracked |  0
|  70|0x0000000084600000, 0x0000000084600000, 0x0000000084700000|  0%| F|  |TAMS 0x0000000084600000| PB 0x0000000084600000| Untracked |  0
|  71|0x0000000084700000, 0x0000000084700000, 0x0000000084800000|  0%| F|  |TAMS 0x0000000084700000| PB 0x0000000084700000| Untracked |  0
|  72|0x0000000084800000, 0x0000000084800000, 0x0000000084900000|  0%| F|  |TAMS 0x0000000084800000| PB 0x0000000084800000| Untracked |  0
|  73|0x0000000084900000, 0x0000000084900000, 0x0000000084a00000|  0%| F|  |TAMS 0x0000000084900000| PB 0x0000000084900000| Untracked |  0
|  74|0x0000000084a00000, 0x0000000084a00000, 0x0000000084b00000|  0%| F|  |TAMS 0x0000000084a00000| PB 0x0000000084a00000| Untracked |  0
|  75|0x0000000084b00000, 0x0000000084b00000, 0x0000000084c00000|  0%| F|  |TAMS 0x0000000084b00000| PB 0x0000000084b00000| Untracked |  0
|  76|0x0000000084c00000, 0x0000000084c00000, 0x0000000084d00000|  0%| F|  |TAMS 0x0000000084c00000| PB 0x0000000084c00000| Untracked |  0
|  77|0x0000000084d00000, 0x0000000084d00000, 0x0000000084e00000|  0%| F|  |TAMS 0x0000000084d00000| PB 0x0000000084d00000| Untracked |  0
|  78|0x0000000084e00000, 0x0000000084e00000, 0x0000000084f00000|  0%| F|  |TAMS 0x0000000084e00000| PB 0x0000000084e00000| Untracked |  0
|  79|0x0000000084f00000, 0x0000000084f00000, 0x0000000085000000|  0%| F|  |TAMS 0x0000000084f00000| PB 0x0000000084f00000| Untracked |  0
|  80|0x0000000085000000, 0x0000000085000000, 0x0000000085100000|  0%| F|  |TAMS 0x0000000085000000| PB 0x0000000085000000| Untracked |  0
|  81|0x0000000085100000, 0x0000000085100000, 0x0000000085200000|  0%| F|  |TAMS 0x0000000085100000| PB 0x0000000085100000| Untracked |  0
|  82|0x0000000085200000, 0x0000000085200000, 0x0000000085300000|  0%| F|  |TAMS 0x0000000085200000| PB 0x0000000085200000| Untracked |  0
|  83|0x0000000085300000, 0x0000000085300000, 0x0000000085400000|  0%| F|  |TAMS 0x0000000085300000| PB 0x0000000085300000| Untracked |  0
|  84|0x0000000085400000, 0x0000000085400000, 0x0000000085500000|  0%| F|  |TAMS 0x0000000085400000| PB 0x0000000085400000| Untracked |  0
|  85|0x0000000085500000, 0x0000000085500000, 0x0000000085600000|  0%| F|  |TAMS 0x0000000085500000| PB 0x0000000085500000| Untracked |  0
|  86|0x0000000085600000, 0x0000000085600000, 0x0000000085700000|  0%| F|  |TAMS 0x0000000085600000| PB 0x0000000085600000| Untracked |  0
|  87|0x0000000085700000, 0x0000000085700000, 0x0000000085800000|  0%| F|  |TAMS 0x0000000085700000| PB 0x0000000085700000| Untracked |  0
|  88|0x0000000085800000, 0x0000000085800000, 0x0000000085900000|  0%| F|  |TAMS 0x0000000085800000| PB 0x0000000085800000| Untracked |  0
|  89|0x0000000085900000, 0x0000000085900000, 0x0000000085a00000|  0%| F|  |TAMS 0x0000000085900000| PB 0x0000000085900000| Untracked |  0
|  90|0x0000000085a00000, 0x0000000085a00000, 0x0000000085b00000|  0%| F|  |TAMS 0x0000000085a00000| PB 0x0000000085a00000| Untracked |  0
|  91|0x0000000085b00000, 0x0000000085b00000, 0x0000000085c00000|  0%| F|  |TAMS 0x0000000085b00000| PB 0x0000000085b00000| Untracked |  0
|  92|0x0000000085c00000, 0x0000000085c00000, 0x0000000085d00000|  0%| F|  |TAMS 0x0000000085c00000| PB 0x0000000085c00000| Untracked |  0
|  93|0x0000000085d00000, 0x0000000085d00000, 0x0000000085e00000|  0%| F|  |TAMS 0x0000000085d00000| PB 0x0000000085d00000| Untracked |  0
|  94|0x0000000085e00000, 0x0000000085e00000, 0x0000000085f00000|  0%| F|  |TAMS 0x0000000085e00000| PB 0x0000000085e00000| Untracked |  0
|  95|0x0000000085f00000, 0x0000000085f00000, 0x0000000086000000|  0%| F|  |TAMS 0x0000000085f00000| PB 0x0000000085f00000| Untracked |  0
|  96|0x0000000086000000, 0x0000000086000000, 0x0000000086100000|  0%| F|  |TAMS 0x0000000086000000| PB 0x0000000086000000| Untracked |  0
|  97|0x0000000086100000, 0x0000000086100000, 0x0000000086200000|  0%| F|  |TAMS 0x0000000086100000| PB 0x0000000086100000| Untracked |  0
|  98|0x0000000086200000, 0x0000000086200000, 0x0000000086300000|  0%| F|  |TAMS 0x0000000086200000| PB 0x0000000086200000| Untracked |  0
|  99|0x0000000086300000, 0x0000000086300000, 0x0000000086400000|  0%| F|  |TAMS 0x0000000086300000| PB 0x0000000086300000| Untracked |  0
| 100|0x0000000086400000, 0x0000000086400000, 0x0000000086500000|  0%| F|  |TAMS 0x0000000086400000| PB 0x0000000086400000| Untracked |  0
| 101|0x0000000086500000, 0x0000000086500000, 0x0000000086600000|  0%| F|  |TAMS 0x0000000086500000| PB 0x0000000086500000| Untracked |  0
| 102|0x0000000086600000, 0x0000000086600000, 0x0000000086700000|  0%| F|  |TAMS 0x0000000086600000| PB 0x0000000086600000| Untracked |  0
| 103|0x0000000086700000, 0x0000000086700000, 0x0000000086800000|  0%| F|  |TAMS 0x0000000086700000| PB 0x0000000086700000| Untracked |  0
| 104|0x0000000086800000, 0x0000000086800000, 0x0000000086900000|  0%| F|  |TAMS 0x0000000086800000| PB 0x0000000086800000| Untracked |  0
| 105|0x0000000086900000, 0x0000000086900000, 0x0000000086a00000|  0%| F|  |TAMS 0x0000000086900000| PB 0x0000000086900000| Untracked |  0
| 106|0x0000000086a00000, 0x0000000086a00000, 0x0000000086b00000|  0%| F|  |TAMS 0x0000000086a00000| PB 0x0000000086a00000| Untracked |  0
| 107|0x0000000086b00000, 0x0000000086b00000, 0x0000000086c00000|  0%| F|  |TAMS 0x0000000086b00000| PB 0x0000000086b00000| Untracked |  0
| 108|0x0000000086c00000, 0x0000000086c00000, 0x0000000086d00000|  0%| F|  |TAMS 0x0000000086c00000| PB 0x0000000086c00000| Untracked |  0
| 109|0x0000000086d00000, 0x0000000086d00000, 0x0000000086e00000|  0%| F|  |TAMS 0x0000000086d00000| PB 0x0000000086d00000| Untracked |  0
| 110|0x0000000086e00000, 0x0000000086e00000, 0x0000000086f00000|  0%| F|  |TAMS 0x0000000086e00000| PB 0x0000000086e00000| Untracked |  0
| 111|0x0000000086f00000, 0x0000000086f00000, 0x0000000087000000|  0%| F|  |TAMS 0x0000000086f00000| PB 0x0000000086f00000| Untracked |  0
| 112|0x0000000087000000, 0x0000000087000000, 0x0000000087100000|  0%| F|  |TAMS 0x0000000087000000| PB 0x0000000087000000| Untracked |  0
| 113|0x0000000087100000, 0x0000000087100000, 0x0000000087200000|  0%| F|  |TAMS 0x0000000087100000| PB 0x0000000087100000| Untracked |  0
| 114|0x0000000087200000, 0x0000000087200000, 0x0000000087300000|  0%| F|  |TAMS 0x0000000087200000| PB 0x0000000087200000| Untracked |  0
| 115|0x0000000087300000, 0x0000000087300000, 0x0000000087400000|  0%| F|  |TAMS 0x0000000087300000| PB 0x0000000087300000| Untracked |  0
| 116|0x0000000087400000, 0x0000000087400000, 0x0000000087500000|  0%| F|  |TAMS 0x0000000087400000| PB 0x0000000087400000| Untracked |  0
| 117|0x0000000087500000, 0x0000000087500000, 0x0000000087600000|  0%| F|  |TAMS 0x0000000087500000| PB 0x0000000087500000| Untracked |  0
| 118|0x0000000087600000, 0x0000000087600000, 0x0000000087700000|  0%| F|  |TAMS 0x0000000087600000| PB 0x0000000087600000| Untracked |  0
| 119|0x0000000087700000, 0x0000000087700000, 0x0000000087800000|  0%| F|  |TAMS 0x0000000087700000| PB 0x0000000087700000| Untracked |  0
| 120|0x0000000087800000, 0x0000000087800000, 0x0000000087900000|  0%| F|  |TAMS 0x0000000087800000| PB 0x0000000087800000| Untracked |  0
| 121|0x0000000087900000, 0x0000000087900000, 0x0000000087a00000|  0%| F|  |TAMS 0x0000000087900000| PB 0x0000000087900000| Untracked |  0
| 122|0x0000000087a00000, 0x0000000087a00000, 0x0000000087b00000|  0%| F|  |TAMS 0x0000000087a00000| PB 0x0000000087a00000| Untracked |  0
| 123|0x0000000087b00000, 0x0000000087b00000, 0x0000000087c00000|  0%| F|  |TAMS 0x0000000087b00000| PB 0x0000000087b00000| Untracked |  0
| 124|0x0000000087c00000, 0x0000000087d00000, 0x0000000087d00000|100%| S|CS|TAMS 0x0000000087c00000| PB 0x0000000087c00000| Complete |  0
| 125|0x0000000087d00000, 0x0000000087e00000, 0x0000000087e00000|100%| S|CS|TAMS 0x0000000087d00000| PB 0x0000000087d00000| Complete |  0
| 126|0x0000000087e00000, 0x0000000087f00000, 0x0000000087f00000|100%| S|CS|TAMS 0x0000000087e00000| PB 0x0000000087e00000| Complete |  0
| 127|0x0000000087f00000, 0x0000000088000000, 0x0000000088000000|100%| S|CS|TAMS 0x0000000087f00000| PB 0x0000000087f00000| Complete |  0
| 128|0x0000000088000000, 0x0000000088100000, 0x0000000088100000|100%| S|CS|TAMS 0x0000000088000000| PB 0x0000000088000000| Complete |  0
| 129|0x0000000088100000, 0x0000000088200000, 0x0000000088200000|100%| S|CS|TAMS 0x0000000088100000| PB 0x0000000088100000| Complete |  0
| 130|0x0000000088200000, 0x0000000088300000, 0x0000000088300000|100%| S|CS|TAMS 0x0000000088200000| PB 0x0000000088200000| Complete |  0
| 131|0x0000000088300000, 0x0000000088400000, 0x0000000088400000|100%| S|CS|TAMS 0x0000000088300000| PB 0x0000000088300000| Complete |  0
| 132|0x0000000088400000, 0x0000000088500000, 0x0000000088500000|100%| S|CS|TAMS 0x0000000088400000| PB 0x0000000088400000| Complete |  0
| 133|0x0000000088500000, 0x0000000088600000, 0x0000000088600000|100%| S|CS|TAMS 0x0000000088500000| PB 0x0000000088500000| Complete |  0
| 134|0x0000000088600000, 0x0000000088700000, 0x0000000088700000|100%| S|CS|TAMS 0x0000000088600000| PB 0x0000000088600000| Complete |  0
| 135|0x0000000088700000, 0x0000000088800000, 0x0000000088800000|100%| S|CS|TAMS 0x0000000088700000| PB 0x0000000088700000| Complete |  0
| 136|0x0000000088800000, 0x0000000088900000, 0x0000000088900000|100%| S|CS|TAMS 0x0000000088800000| PB 0x0000000088800000| Complete |  0
| 137|0x0000000088900000, 0x0000000088a00000, 0x0000000088a00000|100%| S|CS|TAMS 0x0000000088900000| PB 0x0000000088900000| Complete |  0
| 138|0x0000000088a00000, 0x0000000088a00000, 0x0000000088b00000|  0%| F|  |TAMS 0x0000000088a00000| PB 0x0000000088a00000| Untracked |  0
| 139|0x0000000088b00000, 0x0000000088b00000, 0x0000000088c00000|  0%| F|  |TAMS 0x0000000088b00000| PB 0x0000000088b00000| Untracked |  0
| 140|0x0000000088c00000, 0x0000000088c00000, 0x0000000088d00000|  0%| F|  |TAMS 0x0000000088c00000| PB 0x0000000088c00000| Untracked |  0
| 141|0x0000000088d00000, 0x0000000088d00000, 0x0000000088e00000|  0%| F|  |TAMS 0x0000000088d00000| PB 0x0000000088d00000| Untracked |  0
| 142|0x0000000088e00000, 0x0000000088e00000, 0x0000000088f00000|  0%| F|  |TAMS 0x0000000088e00000| PB 0x0000000088e00000| Untracked |  0
| 143|0x0000000088f00000, 0x0000000088f00000, 0x0000000089000000|  0%| F|  |TAMS 0x0000000088f00000| PB 0x0000000088f00000| Untracked |  0
| 144|0x0000000089000000, 0x0000000089000000, 0x0000000089100000|  0%| F|  |TAMS 0x0000000089000000| PB 0x0000000089000000| Untracked |  0
| 145|0x0000000089100000, 0x0000000089100000, 0x0000000089200000|  0%| F|  |TAMS 0x0000000089100000| PB 0x0000000089100000| Untracked |  0
| 146|0x0000000089200000, 0x0000000089200000, 0x0000000089300000|  0%| F|  |TAMS 0x0000000089200000| PB 0x0000000089200000| Untracked |  0
| 147|0x0000000089300000, 0x0000000089300000, 0x0000000089400000|  0%| F|  |TAMS 0x0000000089300000| PB 0x0000000089300000| Untracked |  0
| 148|0x0000000089400000, 0x0000000089400000, 0x0000000089500000|  0%| F|  |TAMS 0x0000000089400000| PB 0x0000000089400000| Untracked |  0
| 149|0x0000000089500000, 0x0000000089500000, 0x0000000089600000|  0%| F|  |TAMS 0x0000000089500000| PB 0x0000000089500000| Untracked |  0
| 150|0x0000000089600000, 0x0000000089600000, 0x0000000089700000|  0%| F|  |TAMS 0x0000000089600000| PB 0x0000000089600000| Untracked |  0
| 151|0x0000000089700000, 0x0000000089700000, 0x0000000089800000|  0%| F|  |TAMS 0x0000000089700000| PB 0x0000000089700000| Untracked |  0
| 152|0x0000000089800000, 0x0000000089800000, 0x0000000089900000|  0%| F|  |TAMS 0x0000000089800000| PB 0x0000000089800000| Untracked |  0
| 153|0x0000000089900000, 0x0000000089900000, 0x0000000089a00000|  0%| F|  |TAMS 0x0000000089900000| PB 0x0000000089900000| Untracked |  0
| 154|0x0000000089a00000, 0x0000000089a00000, 0x0000000089b00000|  0%| F|  |TAMS 0x0000000089a00000| PB 0x0000000089a00000| Untracked |  0
| 155|0x0000000089b00000, 0x0000000089b00000, 0x0000000089c00000|  0%| F|  |TAMS 0x0000000089b00000| PB 0x0000000089b00000| Untracked |  0
| 156|0x0000000089c00000, 0x0000000089c00000, 0x0000000089d00000|  0%| F|  |TAMS 0x0000000089c00000| PB 0x0000000089c00000| Untracked |  0
| 157|0x0000000089d00000, 0x0000000089d00000, 0x0000000089e00000|  0%| F|  |TAMS 0x0000000089d00000| PB 0x0000000089d00000| Untracked |  0
| 158|0x0000000089e00000, 0x0000000089e00000, 0x0000000089f00000|  0%| F|  |TAMS 0x0000000089e00000| PB 0x0000000089e00000| Untracked |  0
| 159|0x0000000089f00000, 0x0000000089f00000, 0x000000008a000000|  0%| F|  |TAMS 0x0000000089f00000| PB 0x0000000089f00000| Untracked |  0
| 160|0x000000008a000000, 0x000000008a000000, 0x000000008a100000|  0%| F|  |TAMS 0x000000008a000000| PB 0x000000008a000000| Untracked |  0
| 161|0x000000008a100000, 0x000000008a100000, 0x000000008a200000|  0%| F|  |TAMS 0x000000008a100000| PB 0x000000008a100000| Untracked |  0
| 162|0x000000008a200000, 0x000000008a200000, 0x000000008a300000|  0%| F|  |TAMS 0x000000008a200000| PB 0x000000008a200000| Untracked |  0
| 163|0x000000008a300000, 0x000000008a300000, 0x000000008a400000|  0%| F|  |TAMS 0x000000008a300000| PB 0x000000008a300000| Untracked |  0
| 164|0x000000008a400000, 0x000000008a400000, 0x000000008a500000|  0%| F|  |TAMS 0x000000008a400000| PB 0x000000008a400000| Untracked |  0
| 165|0x000000008a500000, 0x000000008a500000, 0x000000008a600000|  0%| F|  |TAMS 0x000000008a500000| PB 0x000000008a500000| Untracked |  0
| 166|0x000000008a600000, 0x000000008a600000, 0x000000008a700000|  0%| F|  |TAMS 0x000000008a600000| PB 0x000000008a600000| Untracked |  0
| 167|0x000000008a700000, 0x000000008a700000, 0x000000008a800000|  0%| F|  |TAMS 0x000000008a700000| PB 0x000000008a700000| Untracked |  0
| 168|0x000000008a800000, 0x000000008a800000, 0x000000008a900000|  0%| F|  |TAMS 0x000000008a800000| PB 0x000000008a800000| Untracked |  0
| 169|0x000000008a900000, 0x000000008a900000, 0x000000008aa00000|  0%| F|  |TAMS 0x000000008a900000| PB 0x000000008a900000| Untracked |  0
| 170|0x000000008aa00000, 0x000000008aa00000, 0x000000008ab00000|  0%| F|  |TAMS 0x000000008aa00000| PB 0x000000008aa00000| Untracked |  0
| 171|0x000000008ab00000, 0x000000008ab00000, 0x000000008ac00000|  0%| F|  |TAMS 0x000000008ab00000| PB 0x000000008ab00000| Untracked |  0
| 172|0x000000008ac00000, 0x000000008ac00000, 0x000000008ad00000|  0%| F|  |TAMS 0x000000008ac00000| PB 0x000000008ac00000| Untracked |  0
| 173|0x000000008ad00000, 0x000000008ad00000, 0x000000008ae00000|  0%| F|  |TAMS 0x000000008ad00000| PB 0x000000008ad00000| Untracked |  0
| 174|0x000000008ae00000, 0x000000008ae00000, 0x000000008af00000|  0%| F|  |TAMS 0x000000008ae00000| PB 0x000000008ae00000| Untracked |  0
| 175|0x000000008af00000, 0x000000008af00000, 0x000000008b000000|  0%| F|  |TAMS 0x000000008af00000| PB 0x000000008af00000| Untracked |  0
| 176|0x000000008b000000, 0x000000008b000000, 0x000000008b100000|  0%| F|  |TAMS 0x000000008b000000| PB 0x000000008b000000| Untracked |  0
| 177|0x000000008b100000, 0x000000008b100000, 0x000000008b200000|  0%| F|  |TAMS 0x000000008b100000| PB 0x000000008b100000| Untracked |  0
| 178|0x000000008b200000, 0x000000008b200000, 0x000000008b300000|  0%| F|  |TAMS 0x000000008b200000| PB 0x000000008b200000| Untracked |  0
| 179|0x000000008b300000, 0x000000008b300000, 0x000000008b400000|  0%| F|  |TAMS 0x000000008b300000| PB 0x000000008b300000| Untracked |  0
| 180|0x000000008b400000, 0x000000008b400000, 0x000000008b500000|  0%| F|  |TAMS 0x000000008b400000| PB 0x000000008b400000| Untracked |  0
| 181|0x000000008b500000, 0x000000008b500000, 0x000000008b600000|  0%| F|  |TAMS 0x000000008b500000| PB 0x000000008b500000| Untracked |  0
| 182|0x000000008b600000, 0x000000008b600000, 0x000000008b700000|  0%| F|  |TAMS 0x000000008b600000| PB 0x000000008b600000| Untracked |  0
| 183|0x000000008b700000, 0x000000008b700000, 0x000000008b800000|  0%| F|  |TAMS 0x000000008b700000| PB 0x000000008b700000| Untracked |  0
| 184|0x000000008b800000, 0x000000008b800000, 0x000000008b900000|  0%| F|  |TAMS 0x000000008b800000| PB 0x000000008b800000| Untracked |  0
| 185|0x000000008b900000, 0x000000008b900000, 0x000000008ba00000|  0%| F|  |TAMS 0x000000008b900000| PB 0x000000008b900000| Untracked |  0
| 186|0x000000008ba00000, 0x000000008ba00000, 0x000000008bb00000|  0%| F|  |TAMS 0x000000008ba00000| PB 0x000000008ba00000| Untracked |  0
| 187|0x000000008bb00000, 0x000000008bb00000, 0x000000008bc00000|  0%| F|  |TAMS 0x000000008bb00000| PB 0x000000008bb00000| Untracked |  0
| 188|0x000000008bc00000, 0x000000008bc00000, 0x000000008bd00000|  0%| F|  |TAMS 0x000000008bc00000| PB 0x000000008bc00000| Untracked |  0
| 189|0x000000008bd00000, 0x000000008bd00000, 0x000000008be00000|  0%| F|  |TAMS 0x000000008bd00000| PB 0x000000008bd00000| Untracked |  0
| 190|0x000000008be00000, 0x000000008be00000, 0x000000008bf00000|  0%| F|  |TAMS 0x000000008be00000| PB 0x000000008be00000| Untracked |  0
| 191|0x000000008bf00000, 0x000000008bf00000, 0x000000008c000000|  0%| F|  |TAMS 0x000000008bf00000| PB 0x000000008bf00000| Untracked |  0
| 192|0x000000008c000000, 0x000000008c000000, 0x000000008c100000|  0%| F|  |TAMS 0x000000008c000000| PB 0x000000008c000000| Untracked |  0
| 193|0x000000008c100000, 0x000000008c100000, 0x000000008c200000|  0%| F|  |TAMS 0x000000008c100000| PB 0x000000008c100000| Untracked |  0
| 194|0x000000008c200000, 0x000000008c200000, 0x000000008c300000|  0%| F|  |TAMS 0x000000008c200000| PB 0x000000008c200000| Untracked |  0
| 195|0x000000008c300000, 0x000000008c300000, 0x000000008c400000|  0%| F|  |TAMS 0x000000008c300000| PB 0x000000008c300000| Untracked |  0
| 196|0x000000008c400000, 0x000000008c400000, 0x000000008c500000|  0%| F|  |TAMS 0x000000008c400000| PB 0x000000008c400000| Untracked |  0
| 197|0x000000008c500000, 0x000000008c500000, 0x000000008c600000|  0%| F|  |TAMS 0x000000008c500000| PB 0x000000008c500000| Untracked |  0
| 198|0x000000008c600000, 0x000000008c600000, 0x000000008c700000|  0%| F|  |TAMS 0x000000008c600000| PB 0x000000008c600000| Untracked |  0
| 199|0x000000008c700000, 0x000000008c700000, 0x000000008c800000|  0%| F|  |TAMS 0x000000008c700000| PB 0x000000008c700000| Untracked |  0
| 200|0x000000008c800000, 0x000000008c800000, 0x000000008c900000|  0%| F|  |TAMS 0x000000008c800000| PB 0x000000008c800000| Untracked |  0
| 201|0x000000008c900000, 0x000000008c900000, 0x000000008ca00000|  0%| F|  |TAMS 0x000000008c900000| PB 0x000000008c900000| Untracked |  0
| 202|0x000000008ca00000, 0x000000008ca00000, 0x000000008cb00000|  0%| F|  |TAMS 0x000000008ca00000| PB 0x000000008ca00000| Untracked |  0
| 203|0x000000008cb00000, 0x000000008cb00000, 0x000000008cc00000|  0%| F|  |TAMS 0x000000008cb00000| PB 0x000000008cb00000| Untracked |  0
| 204|0x000000008cc00000, 0x000000008cc00000, 0x000000008cd00000|  0%| F|  |TAMS 0x000000008cc00000| PB 0x000000008cc00000| Untracked |  0
| 205|0x000000008cd00000, 0x000000008cd00000, 0x000000008ce00000|  0%| F|  |TAMS 0x000000008cd00000| PB 0x000000008cd00000| Untracked |  0
| 206|0x000000008ce00000, 0x000000008ce00000, 0x000000008cf00000|  0%| F|  |TAMS 0x000000008ce00000| PB 0x000000008ce00000| Untracked |  0
| 207|0x000000008cf00000, 0x000000008cf00000, 0x000000008d000000|  0%| F|  |TAMS 0x000000008cf00000| PB 0x000000008cf00000| Untracked |  0
| 208|0x000000008d000000, 0x000000008d000000, 0x000000008d100000|  0%| F|  |TAMS 0x000000008d000000| PB 0x000000008d000000| Untracked |  0
| 209|0x000000008d100000, 0x000000008d100000, 0x000000008d200000|  0%| F|  |TAMS 0x000000008d100000| PB 0x000000008d100000| Untracked |  0
| 210|0x000000008d200000, 0x000000008d200000, 0x000000008d300000|  0%| F|  |TAMS 0x000000008d200000| PB 0x000000008d200000| Untracked |  0
| 211|0x000000008d300000, 0x000000008d300000, 0x000000008d400000|  0%| F|  |TAMS 0x000000008d300000| PB 0x000000008d300000| Untracked |  0
| 212|0x000000008d400000, 0x000000008d400000, 0x000000008d500000|  0%| F|  |TAMS 0x000000008d400000| PB 0x000000008d400000| Untracked |  0
| 213|0x000000008d500000, 0x000000008d500000, 0x000000008d600000|  0%| F|  |TAMS 0x000000008d500000| PB 0x000000008d500000| Untracked |  0
| 214|0x000000008d600000, 0x000000008d600000, 0x000000008d700000|  0%| F|  |TAMS 0x000000008d600000| PB 0x000000008d600000| Untracked |  0
| 215|0x000000008d700000, 0x000000008d700000, 0x000000008d800000|  0%| F|  |TAMS 0x000000008d700000| PB 0x000000008d700000| Untracked |  0
| 216|0x000000008d800000, 0x000000008d800000, 0x000000008d900000|  0%| F|  |TAMS 0x000000008d800000| PB 0x000000008d800000| Untracked |  0
| 217|0x000000008d900000, 0x000000008d9f45d8, 0x000000008da00000| 95%| E|  |TAMS 0x000000008d900000| PB 0x000000008d900000| Complete |  0
| 218|0x000000008da00000, 0x000000008db00000, 0x000000008db00000|100%| E|  |TAMS 0x000000008da00000| PB 0x000000008da00000| Complete |  0
| 219|0x000000008db00000, 0x000000008dc00000, 0x000000008dc00000|100%| E|CS|TAMS 0x000000008db00000| PB 0x000000008db00000| Complete |  0
| 220|0x000000008dc00000, 0x000000008dd00000, 0x000000008dd00000|100%| E|CS|TAMS 0x000000008dc00000| PB 0x000000008dc00000| Complete |  0
| 221|0x000000008dd00000, 0x000000008de00000, 0x000000008de00000|100%| E|CS|TAMS 0x000000008dd00000| PB 0x000000008dd00000| Complete |  0
| 222|0x000000008de00000, 0x000000008df00000, 0x000000008df00000|100%| E|CS|TAMS 0x000000008de00000| PB 0x000000008de00000| Complete |  0
| 223|0x000000008df00000, 0x000000008e000000, 0x000000008e000000|100%| E|CS|TAMS 0x000000008df00000| PB 0x000000008df00000| Complete |  0
| 224|0x000000008e000000, 0x000000008e100000, 0x000000008e100000|100%| E|CS|TAMS 0x000000008e000000| PB 0x000000008e000000| Complete |  0
| 225|0x000000008e100000, 0x000000008e200000, 0x000000008e200000|100%| E|CS|TAMS 0x000000008e100000| PB 0x000000008e100000| Complete |  0
| 226|0x000000008e200000, 0x000000008e300000, 0x000000008e300000|100%| E|CS|TAMS 0x000000008e200000| PB 0x000000008e200000| Complete |  0
| 227|0x000000008e300000, 0x000000008e400000, 0x000000008e400000|100%| E|CS|TAMS 0x000000008e300000| PB 0x000000008e300000| Complete |  0
| 228|0x000000008e400000, 0x000000008e500000, 0x000000008e500000|100%| E|CS|TAMS 0x000000008e400000| PB 0x000000008e400000| Complete |  0
| 229|0x000000008e500000, 0x000000008e600000, 0x000000008e600000|100%| E|CS|TAMS 0x000000008e500000| PB 0x000000008e500000| Complete |  0
| 230|0x000000008e600000, 0x000000008e700000, 0x000000008e700000|100%| E|CS|TAMS 0x000000008e600000| PB 0x000000008e600000| Complete |  0
| 231|0x000000008e700000, 0x000000008e800000, 0x000000008e800000|100%| E|CS|TAMS 0x000000008e700000| PB 0x000000008e700000| Complete |  0
| 232|0x000000008e800000, 0x000000008e900000, 0x000000008e900000|100%| E|CS|TAMS 0x000000008e800000| PB 0x000000008e800000| Complete |  0
| 233|0x000000008e900000, 0x000000008ea00000, 0x000000008ea00000|100%| E|CS|TAMS 0x000000008e900000| PB 0x000000008e900000| Complete |  0
| 234|0x000000008ea00000, 0x000000008eb00000, 0x000000008eb00000|100%| E|CS|TAMS 0x000000008ea00000| PB 0x000000008ea00000| Complete |  0
| 235|0x000000008eb00000, 0x000000008ec00000, 0x000000008ec00000|100%| E|CS|TAMS 0x000000008eb00000| PB 0x000000008eb00000| Complete |  0
| 236|0x000000008ec00000, 0x000000008ed00000, 0x000000008ed00000|100%| E|CS|TAMS 0x000000008ec00000| PB 0x000000008ec00000| Complete |  0
| 237|0x000000008ed00000, 0x000000008ee00000, 0x000000008ee00000|100%| E|CS|TAMS 0x000000008ed00000| PB 0x000000008ed00000| Complete |  0
| 238|0x000000008ee00000, 0x000000008ef00000, 0x000000008ef00000|100%| E|CS|TAMS 0x000000008ee00000| PB 0x000000008ee00000| Complete |  0
| 239|0x000000008ef00000, 0x000000008f000000, 0x000000008f000000|100%| E|CS|TAMS 0x000000008ef00000| PB 0x000000008ef00000| Complete |  0
| 240|0x000000008f000000, 0x000000008f100000, 0x000000008f100000|100%| E|CS|TAMS 0x000000008f000000| PB 0x000000008f000000| Complete |  0
| 241|0x000000008f100000, 0x000000008f200000, 0x000000008f200000|100%| E|CS|TAMS 0x000000008f100000| PB 0x000000008f100000| Complete |  0
| 242|0x000000008f200000, 0x000000008f300000, 0x000000008f300000|100%| E|CS|TAMS 0x000000008f200000| PB 0x000000008f200000| Complete |  0
| 243|0x000000008f300000, 0x000000008f400000, 0x000000008f400000|100%| E|CS|TAMS 0x000000008f300000| PB 0x000000008f300000| Complete |  0
| 244|0x000000008f400000, 0x000000008f500000, 0x000000008f500000|100%| E|CS|TAMS 0x000000008f400000| PB 0x000000008f400000| Complete |  0
| 245|0x000000008f500000, 0x000000008f600000, 0x000000008f600000|100%| E|CS|TAMS 0x000000008f500000| PB 0x000000008f500000| Complete |  0
|2046|0x00000000ffe00000, 0x00000000fff00000, 0x00000000fff00000|100%| O|  |TAMS 0x00000000ffe00000| PB 0x00000000ffe00000| Untracked |  0
|2047|0x00000000fff00000, 0x00000000fff256a0, 0x0000000100000000| 14%| O|  |TAMS 0x00000000fff00000| PB 0x00000000fff00000| Untracked |  0

Card table byte_map: [0x000002edfd660000,0x000002edfda60000] _byte_map_base: 0x000002edfd260000

Marking Bits: (CMBitMap*) 0x000002ede53db910
 Bits: [0x000002edfda60000, 0x000002edffa60000)

Polling page: 0x000002ede3150000

Metaspace:
Metaspace        used 19275K, committed 19840K, reserved 1114112K
 class space     used 1933K, committed 2176K, reserved 1048576K

Usage:
  Non-class:     16.94 MB used.
      Class:      1.89 MB used.
       Both:     18.82 MB used.

Virtual space:
  Non-class space:       64.00 MB reserved,      17.25 MB ( 27%) committed,  1 nodes.
      Class space:        1.00 GB reserved,       2.12 MB ( <1%) committed,  1 nodes.
             Both:        1.06 GB reserved,      19.38 MB (  2%) committed. 

Chunk freelists:
   Non-Class:  14.67 MB
       Class:  13.75 MB
        Both:  28.42 MB

MaxMetaspaceSize: unlimited
CompressedClassSpaceSize: 1.00 GB
Initial GC threshold: 21.00 MB
Current GC threshold: 21.00 MB
CDS: on
 - commit_granule_bytes: 65536.
 - commit_granule_words: 8192.
 - virtual_space_node_default_size: 8388608.
 - enlarge_chunks_in_place: 1.
UseCompressedClassPointers 1, UseCompactObjectHeaders 0
Narrow klass pointer bits 32, Max shift 3
Narrow klass base: 0x0000000031000000, Narrow klass shift: 0
Encoding Range: [0x0000000031000000 - 0x0000000131000000), (4294967296 bytes)
Klass Range:    [0x0000000031010000 - 0x0000000072000000), (1090453504 bytes)
Klass ID Range:  [65536 - 1090519033) (1090453497)
Protection zone: [0x0000000031000000 - 0x0000000031010000), (65536 bytes)


Internal statistics:

num_allocs_failed_limit: 0.
num_arena_births: 708.
num_arena_deaths: 0.
num_vsnodes_births: 2.
num_vsnodes_deaths: 0.
num_space_committed: 310.
num_space_uncommitted: 0.
num_chunks_returned_to_freelist: 0.
num_chunks_taken_from_freelist: 1396.
num_chunk_merges: 0.
num_chunk_splits: 924.
num_chunks_enlarged: 643.
num_inconsistent_stats: 0.

CodeHeap 'non-profiled nmethods': size=120064Kb used=1185Kb max_used=1185Kb free=118878Kb
 bounds [0x000002edf56c0000, 0x000002edf5930000, 0x000002edfcc00000]
CodeHeap 'profiled nmethods': size=120000Kb used=5482Kb max_used=5482Kb free=114517Kb
 bounds [0x000002ededc00000, 0x000002edee160000, 0x000002edf5130000]
CodeHeap 'non-nmethods': size=5696Kb used=1488Kb max_used=1636Kb free=4207Kb
 bounds [0x000002edf5130000, 0x000002edf53a0000, 0x000002edf56c0000]
CodeCache: size=245760Kb, used=8155Kb, max_used=8303Kb, free=237602Kb
 total_blobs=4057, nmethods=3440, adapters=520, full_count=0
Compilation: enabled, stopped_count=0, restarted_count=0

Compilation events (20 events):
Event: 3.250 Thread 0x000002ed826f4040 3398       3       java.lang.reflect.ReflectAccess::copyConstructor (5 bytes)
Event: 3.250 Thread 0x000002ed826f4040 nmethod 3398 0x000002edee14bc08 code [0x000002edee14bd00, 0x000002edee14beb8]
Event: 3.250 Thread 0x000002ed826f4040 3399       3       java.lang.reflect.Constructor::copy (80 bytes)
Event: 3.250 Thread 0x000002ed826f4040 nmethod 3399 0x000002edee14bf08 code [0x000002edee14c000, 0x000002edee14c408]
Event: 3.250 Thread 0x000002ed826f4040 3400       3       java.lang.reflect.Constructor::<init> (50 bytes)
Event: 3.250 Thread 0x000002ed826f4040 nmethod 3400 0x000002edee14c488 code [0x000002edee14c580, 0x000002edee14c9f0]
Event: 3.252 Thread 0x000002ed826f4040 3401       3       java.lang.Class::privateGetDeclaredConstructors (71 bytes)
Event: 3.252 Thread 0x000002ed826f4040 nmethod 3401 0x000002edee14ca08 code [0x000002edee14cb00, 0x000002edee14d0b8]
Event: 3.505 Thread 0x000002ed826f4040 3402       3       java.util.concurrent.TimeUnit::toNanos (45 bytes)
Event: 3.506 Thread 0x000002ed826f4040 nmethod 3402 0x000002edee14d108 code [0x000002edee14d200, 0x000002edee14d438]
Event: 3.660 Thread 0x000002ed826f4040 3404       1       jdk.internal.event.ThreadSleepEvent::isEnabled (2 bytes)
Event: 3.660 Thread 0x000002ed826f4040 nmethod 3404 0x000002edf57d5f88 code [0x000002edf57d6080, 0x000002edf57d6148]
Event: 3.696 Thread 0x000002ed826f4040 3406       1       org.gradle.launcher.daemon.server.exec.DaemonConnectionBackedEventConsumer::access$000 (5 bytes)
Event: 3.696 Thread 0x000002ed826f4040 nmethod 3406 0x000002edf57d6288 code [0x000002edf57d6380, 0x000002edf57d6428]
Event: 3.781 Thread 0x000002ed826f4040 3407   !   3       java.util.concurrent.locks.LockSupport::parkNanos (61 bytes)
Event: 3.782 Thread 0x000002ed826f4040 nmethod 3407 0x000002edee14d488 code [0x000002edee14d580, 0x000002edee14dab0]
Event: 3.898 Thread 0x000002ed826f4040 3408       3       java.util.stream.StreamOpFlag::combineOpFlags (9 bytes)
Event: 3.898 Thread 0x000002ed826f4040 nmethod 3408 0x000002edee14db08 code [0x000002edee14dc00, 0x000002edee14dda8]
Event: 3.898 Thread 0x000002ed826f4040 3409       3       java.util.stream.StreamOpFlag::getMask (30 bytes)
Event: 3.898 Thread 0x000002ed826f4040 nmethod 3409 0x000002edee14de08 code [0x000002edee14df00, 0x000002edee14e068]

GC Heap Usage History (4 events):
Event: 0.948 {heap Before GC invocations=0 (full 0):
 garbage-first heap   total reserved 2097152K, committed 253952K, used 52373K [0x0000000080000000, 0x0000000100000000)
  region size 1024K, 47 young (48128K), 0 survivors (0K)
}
Event: 0.953 {heap After GC invocations=1 (full 0):
 garbage-first heap   total reserved 2097152K, committed 253952K, used 11307K [0x0000000080000000, 0x0000000100000000)
  region size 1024K, 6 young (6144K), 6 survivors (6144K)
}
Event: 2.771 {heap Before GC invocations=1 (full 0):
 garbage-first heap   total reserved 2097152K, committed 253952K, used 117803K [0x0000000080000000, 0x0000000100000000)
  region size 1024K, 108 young (110592K), 6 survivors (6144K)
}
Event: 2.781 {heap After GC invocations=2 (full 0):
 garbage-first heap   total reserved 2097152K, committed 253952K, used 20869K [0x0000000080000000, 0x0000000100000000)
  region size 1024K, 14 young (14336K), 14 survivors (14336K)
}

Metaspace Usage History (4 events):
Event: 0.948 {metaspace Before GC invocations=0 (full 0):
 Metaspace       used 4556K, committed 4736K, reserved 1114112K
  class space    used 388K, committed 448K, reserved 1048576K
}
Event: 0.953 {metaspace After GC invocations=1 (full 0):
 Metaspace       used 4556K, committed 4736K, reserved 1114112K
  class space    used 388K, committed 448K, reserved 1048576K
}
Event: 2.771 {metaspace Before GC invocations=1 (full 0):
 Metaspace       used 14695K, committed 15104K, reserved 1114112K
  class space    used 1501K, committed 1664K, reserved 1048576K
}
Event: 2.781 {metaspace After GC invocations=2 (full 0):
 Metaspace       used 14695K, committed 15104K, reserved 1114112K
  class space    used 1501K, committed 1664K, reserved 1048576K
}

Dll operation events (14 events):
Event: 0.017 Loaded shared library C:\Program Files\Java\jdk-25\bin\java.dll
Event: 0.086 Loaded shared library C:\Program Files\Java\jdk-25\bin\zip.dll
Event: 0.091 Loaded shared library C:\Program Files\Java\jdk-25\bin\instrument.dll
Event: 0.095 Loaded shared library C:\Program Files\Java\jdk-25\bin\net.dll
Event: 0.098 Loaded shared library C:\Program Files\Java\jdk-25\bin\nio.dll
Event: 0.101 Loaded shared library C:\Program Files\Java\jdk-25\bin\zip.dll
Event: 0.371 Loaded shared library C:\Program Files\Java\jdk-25\bin\jimage.dll
Event: 0.565 Loaded shared library C:\Program Files\Java\jdk-25\bin\verify.dll
Event: 0.593 Loaded shared library C:\Users\IT\.gradle\native\1def1411415f61bf3af743bc5b6707747c0891f09f0c88961ee8f79bc544acac\windows-amd64\native-platform.dll
Event: 0.606 Loaded shared library C:\Users\IT\.gradle\native\0.2.8\x86_64-windows-gnu\gradle-fileevents.dll
Event: 1.861 Loaded shared library C:\Program Files\Java\jdk-25\bin\management.dll
Event: 1.864 Loaded shared library C:\Program Files\Java\jdk-25\bin\management_ext.dll
Event: 2.017 Loaded shared library C:\Program Files\Java\jdk-25\bin\extnet.dll
Event: 2.246 Loaded shared library C:\Program Files\Java\jdk-25\bin\sunmscapi.dll

Deoptimization events (20 events):
Event: 2.866 Thread 0x000002ed88a3dda0 Uncommon trap: trap_request=0xffffff45 fr.pc=0x000002edf56e5698 relative=0x0000000000000b18
Event: 2.866 Thread 0x000002ed88a3dda0 Uncommon trap: reason=unstable_if action=reinterpret pc=0x000002edf56e5698 method=java.io.WinNTFileSystem.resolve(Ljava/lang/String;Ljava/lang/String;)Ljava/lang/String; @ 42 c2
Event: 2.866 Thread 0x000002ed88a3dda0 DEOPT PACKING pc=0x000002edf56e5698 sp=0x000000f2bb6fba70
Event: 2.866 Thread 0x000002ed88a3dda0 DEOPT UNPACKING pc=0x000002edf524f902 sp=0x000000f2bb6fb9e8 mode 2
Event: 2.868 Thread 0x000002ed88a3dda0 Uncommon trap: trap_request=0xffffff45 fr.pc=0x000002edf56edc40 relative=0x0000000000000540
Event: 2.868 Thread 0x000002ed88a3dda0 Uncommon trap: reason=unstable_if action=reinterpret pc=0x000002edf56edc40 method=java.io.File.getName()Ljava/lang/String; @ 16 c2
Event: 2.868 Thread 0x000002ed88a3dda0 DEOPT PACKING pc=0x000002edf56edc40 sp=0x000000f2bb6fba40
Event: 2.868 Thread 0x000002ed88a3dda0 DEOPT UNPACKING pc=0x000002edf524f902 sp=0x000000f2bb6fba10 mode 2
Event: 2.926 Thread 0x000002ed88a3dda0 Uncommon trap: trap_request=0xffffff45 fr.pc=0x000002edf56e9c5c relative=0x00000000000000dc
Event: 2.926 Thread 0x000002ed88a3dda0 Uncommon trap: reason=unstable_if action=reinterpret pc=0x000002edf56e9c5c method=java.util.HashMap.hash(Ljava/lang/Object;)I @ 1 c2
Event: 2.926 Thread 0x000002ed88a3dda0 DEOPT PACKING pc=0x000002edf56e9c5c sp=0x000000f2bb6fc8b0
Event: 2.926 Thread 0x000002ed88a3dda0 DEOPT UNPACKING pc=0x000002edf524f902 sp=0x000000f2bb6fc7f0 mode 2
Event: 3.056 Thread 0x000002ed88a3dda0 DEOPT PACKING pc=0x000002edee0b487a sp=0x000000f2bb6fbd30
Event: 3.056 Thread 0x000002ed88a3dda0 DEOPT UNPACKING pc=0x000002edf5181702 sp=0x000000f2bb6fb240 mode 0
Event: 3.226 Thread 0x000002ed88a3dda0 DEOPT PACKING pc=0x000002edee0b4859 sp=0x000000f2bb6fc680
Event: 3.226 Thread 0x000002ed88a3dda0 DEOPT UNPACKING pc=0x000002edf5181702 sp=0x000000f2bb6fbb90 mode 0
Event: 3.250 Thread 0x000002ed88a3dda0 DEOPT PACKING pc=0x000002edee0b487a sp=0x000000f2bb6f8d70
Event: 3.250 Thread 0x000002ed88a3dda0 DEOPT UNPACKING pc=0x000002edf5181702 sp=0x000000f2bb6f8280 mode 0
Event: 3.263 Thread 0x000002ed88a3dda0 DEOPT PACKING pc=0x000002edee0b4859 sp=0x000000f2bb6fc970
Event: 3.263 Thread 0x000002ed88a3dda0 DEOPT UNPACKING pc=0x000002edf5181702 sp=0x000000f2bb6fbe80 mode 0

Classes loaded (20 events):
Event: 2.989 Loading class java/lang/invoke/BoundMethodHandle$Species_LLLLLLLLLLLLLLLLL
Event: 2.989 Loading class java/lang/invoke/BoundMethodHandle$Species_LLLLLLLLLLLLLLLLL done
Event: 2.990 Loading class java/lang/invoke/BoundMethodHandle$Species_LLLLLLLLLLLLLLLLLL
Event: 2.990 Loading class java/lang/invoke/BoundMethodHandle$Species_LLLLLLLLLLLLLLLLLL done
Event: 2.991 Loading class java/lang/invoke/BoundMethodHandle$Species_LLLLLLLLLLLLLLLLLLL
Event: 2.991 Loading class java/lang/invoke/BoundMethodHandle$Species_LLLLLLLLLLLLLLLLLLL done
Event: 2.993 Loading class java/lang/invoke/BoundMethodHandle$Species_LLLLLLLLLLLLLLLLLLLL
Event: 2.993 Loading class java/lang/invoke/BoundMethodHandle$Species_LLLLLLLLLLLLLLLLLLLL done
Event: 2.995 Loading class java/lang/invoke/BoundMethodHandle$Species_LLLLLLLLLLLLLLLLLLLLL
Event: 2.995 Loading class java/lang/invoke/BoundMethodHandle$Species_LLLLLLLLLLLLLLLLLLLLL done
Event: 2.997 Loading class java/lang/invoke/BoundMethodHandle$Species_LLLLLLLLLLLLLLLLLLLLLL
Event: 2.997 Loading class java/lang/invoke/BoundMethodHandle$Species_LLLLLLLLLLLLLLLLLLLLLL done
Event: 2.999 Loading class java/lang/invoke/BoundMethodHandle$Species_LLLLLLLLLLLLLLLLLLLLLLL
Event: 2.999 Loading class java/lang/invoke/BoundMethodHandle$Species_LLLLLLLLLLLLLLLLLLLLLLL done
Event: 3.071 Loading class java/util/function/LongFunction
Event: 3.071 Loading class java/util/function/LongFunction done
Event: 3.112 Loading class java/security/InvalidKeyException
Event: 3.112 Loading class java/security/KeyException
Event: 3.112 Loading class java/security/KeyException done
Event: 3.112 Loading class java/security/InvalidKeyException done

Classes unloaded (0 events):
No events

Classes redefined (0 events):
No events

Internal exceptions (20 events):
Event: 2.844 Thread 0x000002ed88a3dda0 Exception <a 'java/lang/NoSuchMethodError'{0x000000008f1363d8}: 'java.lang.Object java.lang.invoke.DirectMethodHandle$Holder.invokeVirtual(java.lang.Object, java.lang.Object, java.lang.Object, java.lang.Object, java.lang.Object, java.lang.Object, java.lang.Object, java.lang.Object)'> (0x000000008f1363d8) 
thrown [s\open\src\hotspot\share\interpreter\linkResolver.cpp, line 804]
Event: 2.860 Thread 0x000002ed88a3dda0 Exception <a 'java/lang/NoSuchMethodError'{0x000000008f0029d8}: 'java.lang.Object java.lang.invoke.Invokers$Holder.invoker(java.lang.Object, java.lang.Object)'> (0x000000008f0029d8) 
thrown [s\open\src\hotspot\share\interpreter\linkResolver.cpp, line 804]
Event: 2.863 Thread 0x000002ed88a3dda0 Exception <a 'java/lang/NoSuchMethodError'{0x000000008f032450}: 'java.lang.Object java.lang.invoke.DirectMethodHandle$Holder.invokeVirtual(java.lang.Object, java.lang.Object, java.lang.Object, java.lang.Object, java.lang.Object, java.lang.Object, java.lang.Object, java.lang.Object, java.lang.Object, java.lang.Object)'> (0x000000008f032450) 
thrown [s\open\src\hotspot\share\interpreter\linkResolver.cpp, line 804]
Event: 2.877 Thread 0x000002ed88a3dda0 Exception <a 'java/lang/NoSuchMethodError'{0x000000008f0f0cc0}: 'void java.lang.invoke.DirectMethodHandle$Holder.invokeStatic(java.lang.Object, java.lang.Object, java.lang.Object, java.lang.Object)'> (0x000000008f0f0cc0) 
thrown [s\open\src\hotspot\share\interpreter\linkResolver.cpp, line 804]
Event: 2.877 Thread 0x000002ed88a3dda0 Exception <a 'java/lang/NoSuchMethodError'{0x000000008f0f96c8}: 'void java.lang.invoke.DirectMethodHandle$Holder.invokeStaticInit(java.lang.Object, java.lang.Object, java.lang.Object, java.lang.Object)'> (0x000000008f0f96c8) 
thrown [s\open\src\hotspot\share\interpreter\linkResolver.cpp, line 804]
Event: 2.884 Thread 0x000002ed88a3dda0 Exception <a 'java/lang/NoSuchMethodError'{0x000000008ef56328}: 'java.lang.Object java.lang.invoke.DirectMethodHandle$Holder.invokeInterface(java.lang.Object, java.lang.Object, java.lang.Object)'> (0x000000008ef56328) 
thrown [s\open\src\hotspot\share\interpreter\linkResolver.cpp, line 804]
Event: 2.901 Thread 0x000002ed88a3dda0 Exception <a 'java/lang/NoSuchMethodError'{0x000000008eec5600}: 'int java.lang.invoke.DirectMethodHandle$Holder.invokeSpecialIFC(java.lang.Object, java.lang.Object, java.lang.Object, java.lang.Object)'> (0x000000008eec5600) 
thrown [s\open\src\hotspot\share\interpreter\linkResolver.cpp, line 804]
Event: 2.903 Thread 0x000002ed88a3dda0 Exception <a 'java/lang/IncompatibleClassChangeError'{0x000000008eeebfc0}: Found class java.lang.Object, but interface was expected> (0x000000008eeebfc0) 
thrown [s\open\src\hotspot\share\interpreter\linkResolver.cpp, line 871]
Event: 2.926 Thread 0x000002ed88a3dda0 Implicit null exception at 0x000002edf56e9bb6 to 0x000002edf56e9c52
Event: 2.979 Thread 0x000002ed88a3dda0 Exception <a 'java/lang/NoSuchMethodError'{0x000000008e945138}: 'java.lang.Object java.lang.invoke.DelegatingMethodHandle$Holder.reinvoke_L(java.lang.Object, java.lang.Object, java.lang.Object, java.lang.Object, java.lang.Object, java.lang.Object, java.lang.Object, java.lang.Object, java.lang.Object, java.lang.Object, java.lang.Object, java.lang.Object, java.lang.Object, java.lang.Object, java.lang.Object, java.lang.Object, java.lang.Object, java.lang.Object, java.lang.Object, java.lang.Object, java.lang.O
Event: 2.985 Thread 0x000002ed88a3dda0 Exception <a 'java/lang/NoSuchMethodError'{0x000000008e9f5c90}: 'java.lang.Object java.lang.invoke.DirectMethodHandle$Holder.invokeStatic(java.lang.Object, java.lang.Object, java.lang.Object, java.lang.Object, java.lang.Object, java.lang.Object, java.lang.Object, java.lang.Object, java.lang.Object, java.lang.Object, java.lang.Object, java.lang.Object, java.lang.Object, java.lang.Object, java.lang.Object, java.lang.Object, java.lang.Object)'> (0x000000008e9f5c90) 
thrown [s\open\src\hotspot\share\interprete
Event: 2.987 Thread 0x000002ed88a3dda0 Exception <a 'java/lang/NoSuchMethodError'{0x000000008e827ea8}: 'java.lang.Object java.lang.invoke.DirectMethodHandle$Holder.invokeStatic(java.lang.Object, java.lang.Object, java.lang.Object, java.lang.Object, java.lang.Object, java.lang.Object, java.lang.Object, java.lang.Object, java.lang.Object, java.lang.Object, java.lang.Object, java.lang.Object, java.lang.Object, java.lang.Object, java.lang.Object, java.lang.Object, java.lang.Object, java.lang.Object)'> (0x000000008e827ea8) 
thrown [s\open\src\hotspo
Event: 2.988 Thread 0x000002ed88a3dda0 Exception <a 'java/lang/NoSuchMethodError'{0x000000008e85aea8}: 'java.lang.Object java.lang.invoke.DirectMethodHandle$Holder.invokeStatic(java.lang.Object, java.lang.Object, java.lang.Object, java.lang.Object, java.lang.Object, java.lang.Object, java.lang.Object, java.lang.Object, java.lang.Object, java.lang.Object, java.lang.Object, java.lang.Object, java.lang.Object, java.lang.Object, java.lang.Object, java.lang.Object, java.lang.Object, java.lang.Object, java.lang.Object)'> (0x000000008e85aea8) 
thrown 
Event: 2.989 Thread 0x000002ed88a3dda0 Exception <a 'java/lang/NoSuchMethodError'{0x000000008e88faf8}: 'java.lang.Object java.lang.invoke.DirectMethodHandle$Holder.invokeStatic(java.lang.Object, java.lang.Object, java.lang.Object, java.lang.Object, java.lang.Object, java.lang.Object, java.lang.Object, java.lang.Object, java.lang.Object, java.lang.Object, java.lang.Object, java.lang.Object, java.lang.Object, java.lang.Object, java.lang.Object, java.lang.Object, java.lang.Object, java.lang.Object, java.lang.Object, java.lang.Object)'> (0x00000000
Event: 2.991 Thread 0x000002ed88a3dda0 Exception <a 'java/lang/NoSuchMethodError'{0x000000008e8c4c00}: 'java.lang.Object java.lang.invoke.DirectMethodHandle$Holder.invokeStatic(java.lang.Object, java.lang.Object, java.lang.Object, java.lang.Object, java.lang.Object, java.lang.Object, java.lang.Object, java.lang.Object, java.lang.Object, java.lang.Object, java.lang.Object, java.lang.Object, java.lang.Object, java.lang.Object, java.lang.Object, java.lang.Object, java.lang.Object, java.lang.Object, java.lang.Object, java.lang.Object, java.lang.Obj
Event: 2.992 Thread 0x000002ed88a3dda0 Exception <a 'java/lang/NoSuchMethodError'{0x000000008e8fada8}: 'java.lang.Object java.lang.invoke.DirectMethodHandle$Holder.invokeStatic(java.lang.Object, java.lang.Object, java.lang.Object, java.lang.Object, java.lang.Object, java.lang.Object, java.lang.Object, java.lang.Object, java.lang.Object, java.lang.Object, java.lang.Object, java.lang.Object, java.lang.Object, java.lang.Object, java.lang.Object, java.lang.Object, java.lang.Object, java.lang.Object, java.lang.Object, java.lang.Object, java.lang.Obj
Event: 2.994 Thread 0x000002ed88a3dda0 Exception <a 'java/lang/NoSuchMethodError'{0x000000008e732160}: 'java.lang.Object java.lang.invoke.DirectMethodHandle$Holder.invokeStatic(java.lang.Object, java.lang.Object, java.lang.Object, java.lang.Object, java.lang.Object, java.lang.Object, java.lang.Object, java.lang.Object, java.lang.Object, java.lang.Object, java.lang.Object, java.lang.Object, java.lang.Object, java.lang.Object, java.lang.Object, java.lang.Object, java.lang.Object, java.lang.Object, java.lang.Object, java.lang.Object, java.lang.Obj
Event: 2.996 Thread 0x000002ed88a3dda0 Exception <a 'java/lang/NoSuchMethodError'{0x000000008e769c40}: 'java.lang.Object java.lang.invoke.DirectMethodHandle$Holder.invokeStatic(java.lang.Object, java.lang.Object, java.lang.Object, java.lang.Object, java.lang.Object, java.lang.Object, java.lang.Object, java.lang.Object, java.lang.Object, java.lang.Object, java.lang.Object, java.lang.Object, java.lang.Object, java.lang.Object, java.lang.Object, java.lang.Object, java.lang.Object, java.lang.Object, java.lang.Object, java.lang.Object, java.lang.Obj
Event: 2.998 Thread 0x000002ed88a3dda0 Exception <a 'java/lang/NoSuchMethodError'{0x000000008e7a3170}: 'java.lang.Object java.lang.invoke.DirectMethodHandle$Holder.invokeStatic(java.lang.Object, java.lang.Object, java.lang.Object, java.lang.Object, java.lang.Object, java.lang.Object, java.lang.Object, java.lang.Object, java.lang.Object, java.lang.Object, java.lang.Object, java.lang.Object, java.lang.Object, java.lang.Object, java.lang.Object, java.lang.Object, java.lang.Object, java.lang.Object, java.lang.Object, java.lang.Object, java.lang.Obj
Event: 3.000 Thread 0x000002ed88a3dda0 Exception <a 'java/lang/NoSuchMethodError'{0x000000008e7dd310}: 'java.lang.Object java.lang.invoke.DirectMethodHandle$Holder.invokeStatic(java.lang.Object, java.lang.Object, java.lang.Object, java.lang.Object, java.lang.Object, java.lang.Object, java.lang.Object, java.lang.Object, java.lang.Object, java.lang.Object, java.lang.Object, java.lang.Object, java.lang.Object, java.lang.Object, java.lang.Object, java.lang.Object, java.lang.Object, java.lang.Object, java.lang.Object, java.lang.Object, java.lang.Obj

VM Operations (20 events):
Event: 1.895 Executing non-safepoint VM operation: HandshakeAllThreads (Deoptimize)
Event: 1.895 Executing non-safepoint VM operation: HandshakeAllThreads (Deoptimize) done
Event: 1.964 Executing non-safepoint VM operation: HandshakeAllThreads (Deoptimize)
Event: 1.964 Executing non-safepoint VM operation: HandshakeAllThreads (Deoptimize) done
Event: 2.032 Executing non-safepoint VM operation: HandshakeAllThreads (Deoptimize)
Event: 2.033 Executing non-safepoint VM operation: HandshakeAllThreads (Deoptimize) done
Event: 2.070 Executing non-safepoint VM operation: HandshakeAllThreads (Deoptimize)
Event: 2.070 Executing non-safepoint VM operation: HandshakeAllThreads (Deoptimize) done
Event: 2.094 Executing non-safepoint VM operation: HandshakeAllThreads (Deoptimize)
Event: 2.094 Executing non-safepoint VM operation: HandshakeAllThreads (Deoptimize) done
Event: 2.214 Executing non-safepoint VM operation: HandshakeAllThreads (Deoptimize)
Event: 2.214 Executing non-safepoint VM operation: HandshakeAllThreads (Deoptimize) done
Event: 2.588 Executing non-safepoint VM operation: HandshakeAllThreads (Deoptimize)
Event: 2.588 Executing non-safepoint VM operation: HandshakeAllThreads (Deoptimize) done
Event: 2.771 Executing safepoint VM operation: G1CollectForAllocation (G1 Evacuation Pause)
Event: 2.781 Executing safepoint VM operation: G1CollectForAllocation (G1 Evacuation Pause) done
Event: 3.006 Executing non-safepoint VM operation: HandshakeAllThreads (Deoptimize)
Event: 3.006 Executing non-safepoint VM operation: HandshakeAllThreads (Deoptimize) done
Event: 3.007 Executing non-safepoint VM operation: HandshakeAllThreads (Deoptimize)
Event: 3.007 Executing non-safepoint VM operation: HandshakeAllThreads (Deoptimize) done

Memory protections (0 events):
No events

Nmethod flushes (0 events):
No events

Events (20 events):
Event: 0.045 Thread 0x000002ede5380620 Thread added: 0x000002ed826f0e80
Event: 0.045 Thread 0x000002ede5380620 Thread added: 0x000002ed826f4040
Event: 0.081 Thread 0x000002ed826f4040 Thread added: 0x000002ed828e26c0
Event: 0.093 Thread 0x000002ede5380620 Thread added: 0x000002ed8297e9f0
Event: 0.120 Thread 0x000002ede5380620 Thread added: 0x000002ed829d5730
Event: 0.369 Thread 0x000002ed826f4040 Thread added: 0x000002ed8701ba40
Event: 1.117 Thread 0x000002ed8701ba40 Thread exited: 0x000002ed8701ba40
Event: 1.898 Thread 0x000002ede5380620 Thread added: 0x000002ed88931630
Event: 2.123 Thread 0x000002ede5380620 Thread added: 0x000002ed88bb5410
Event: 2.200 Thread 0x000002ede5380620 Thread added: 0x000002ed88a12160
Event: 2.265 Thread 0x000002ed88bb5410 Thread added: 0x000002ed88cb5f70
Event: 2.268 Thread 0x000002ed88cb5f70 Thread added: 0x000002ed88a3c630
Event: 2.294 Thread 0x000002ed88cb5f70 Thread added: 0x000002ed88a3ce00
Event: 2.301 Thread 0x000002ed88cb5f70 Thread added: 0x000002ed88a3dda0
Event: 2.311 Thread 0x000002ed88a3dda0 Thread added: 0x000002ed88a3aec0
Event: 2.330 Thread 0x000002ed88a3dda0 Thread added: 0x000002ed88a41450
Event: 2.338 Thread 0x000002ed88a3dda0 Thread added: 0x000002ed88a3f510
Event: 2.769 Thread 0x000002ed88a3dda0 Thread added: 0x000002ed88a404b0
Event: 2.790 Thread 0x000002ed88a3dda0 Thread added: 0x000002ed8906c6f0
Event: 2.848 Thread 0x000002ed88a3dda0 Thread added: 0x000002ed8906cec0


Dynamic libraries:
0x00007ff67cd40000 - 0x00007ff67cd50000 	C:\Program Files\Java\jdk-25\bin\java.exe
0x00007ffe77320000 - 0x00007ffe77587000 	C:\WINDOWS\SYSTEM32\ntdll.dll
0x00007ffe76e60000 - 0x00007ffe76f29000 	C:\WINDOWS\System32\KERNEL32.DLL
0x00007ffe74b70000 - 0x00007ffe74f67000 	C:\WINDOWS\System32\KERNELBASE.dll
0x00007ffe74800000 - 0x00007ffe7494b000 	C:\WINDOWS\System32\ucrtbase.dll
0x00007ffe57d00000 - 0x00007ffe57d17000 	C:\Program Files\Java\jdk-25\bin\jli.dll
0x00007ffe57db0000 - 0x00007ffe57dce000 	C:\Program Files\Java\jdk-25\bin\VCRUNTIME140.dll
0x00007ffe75ee0000 - 0x00007ffe760a6000 	C:\WINDOWS\System32\USER32.dll
0x00007ffe57260000 - 0x00007ffe574f2000 	C:\WINDOWS\WinSxS\amd64_microsoft.windows.common-controls_6595b64144ccf1df_6.0.26100.8457_none_3e0b2faee331e92d\COMCTL32.dll
0x00007ffe749e0000 - 0x00007ffe74a07000 	C:\WINDOWS\System32\win32u.dll
0x00007ffe75c80000 - 0x00007ffe75d29000 	C:\WINDOWS\System32\msvcrt.dll
0x00007ffe75de0000 - 0x00007ffe75e0b000 	C:\WINDOWS\System32\GDI32.dll
0x00007ffe74f70000 - 0x00007ffe7509c000 	C:\WINDOWS\System32\gdi32full.dll
0x00007ffe74ac0000 - 0x00007ffe74b63000 	C:\WINDOWS\System32\msvcp_win.dll
0x00007ffe76910000 - 0x00007ffe76942000 	C:\WINDOWS\System32\IMM32.DLL
0x00007ffe6e730000 - 0x00007ffe6e73c000 	C:\Program Files\Java\jdk-25\bin\vcruntime140_1.dll
0x00007ffe36ee0000 - 0x00007ffe36f6d000 	C:\Program Files\Java\jdk-25\bin\msvcp140.dll
0x00007ffe088a0000 - 0x00007ffe096ff000 	C:\Program Files\Java\jdk-25\bin\server\jvm.dll
0x00007ffe75640000 - 0x00007ffe756f6000 	C:\WINDOWS\System32\ADVAPI32.dll
0x00007ffe75d30000 - 0x00007ffe75dd7000 	C:\WINDOWS\System32\sechost.dll
0x00007ffe75700000 - 0x00007ffe75818000 	C:\WINDOWS\System32\RPCRT4.dll
0x00007ffe76fa0000 - 0x00007ffe77020000 	C:\WINDOWS\System32\WS2_32.dll
0x00007ffe73bb0000 - 0x00007ffe73c0e000 	C:\WINDOWS\SYSTEM32\POWRPROF.dll
0x00007ffe6d1d0000 - 0x00007ffe6d206000 	C:\WINDOWS\SYSTEM32\WINMM.dll
0x00007ffe6d210000 - 0x00007ffe6d21b000 	C:\WINDOWS\SYSTEM32\VERSION.dll
0x00007ffe73b90000 - 0x00007ffe73ba4000 	C:\WINDOWS\SYSTEM32\UMPDC.dll
0x00007ffe72ae0000 - 0x00007ffe72afb000 	C:\WINDOWS\SYSTEM32\kernel.appcore.dll
0x00007ffe699d0000 - 0x00007ffe699da000 	C:\Program Files\Java\jdk-25\bin\jimage.dll
0x00007ffe65f50000 - 0x00007ffe66192000 	C:\WINDOWS\SYSTEM32\DBGHELP.DLL
0x00007ffe75110000 - 0x00007ffe75493000 	C:\WINDOWS\System32\combase.dll
0x00007ffe760b0000 - 0x00007ffe76189000 	C:\WINDOWS\System32\OLEAUT32.dll
0x00007ffe6e9c0000 - 0x00007ffe6e9fb000 	C:\WINDOWS\SYSTEM32\dbgcore.DLL
0x00007ffe74a10000 - 0x00007ffe74ab8000 	C:\WINDOWS\System32\bcryptPrimitives.dll
0x00007ffe3f070000 - 0x00007ffe3f080000 	C:\Program Files\Java\jdk-25\bin\instrument.dll
0x00007ffe547c0000 - 0x00007ffe547df000 	C:\Program Files\Java\jdk-25\bin\java.dll
0x00007ffe770b0000 - 0x00007ffe77247000 	C:\WINDOWS\System32\ole32.dll
0x00007ffe76190000 - 0x00007ffe768fe000 	C:\WINDOWS\System32\SHELL32.dll
0x00007ffe73f90000 - 0x00007ffe747fc000 	C:\WINDOWS\System32\windows.storage.dll
0x00007ffe75890000 - 0x00007ffe75986000 	C:\WINDOWS\System32\SHCORE.dll
0x00007ffe750a0000 - 0x00007ffe75106000 	C:\WINDOWS\System32\shlwapi.dll
0x00007ffe73c70000 - 0x00007ffe73c99000 	C:\WINDOWS\SYSTEM32\profapi.dll
0x00007ffe4b740000 - 0x00007ffe4b757000 	C:\Program Files\Java\jdk-25\bin\zip.dll
0x00007ffe54750000 - 0x00007ffe54762000 	C:\Program Files\Java\jdk-25\bin\net.dll
0x00007ffe73050000 - 0x00007ffe730bc000 	C:\WINDOWS\system32\mswsock.dll
0x00007ffe4c1b0000 - 0x00007ffe4c1c6000 	C:\Program Files\Java\jdk-25\bin\nio.dll
0x00007ffe4c1a0000 - 0x00007ffe4c1b0000 	C:\Program Files\Java\jdk-25\bin\verify.dll
0x00007ffe3aa70000 - 0x00007ffe3aa97000 	C:\Users\IT\.gradle\native\1def1411415f61bf3af743bc5b6707747c0891f09f0c88961ee8f79bc544acac\windows-amd64\native-platform.dll
0x00007ffe547e0000 - 0x00007ffe54857000 	C:\Users\IT\.gradle\native\0.2.8\x86_64-windows-gnu\gradle-fileevents.dll
0x00007ffe564f0000 - 0x00007ffe564fa000 	C:\Program Files\Java\jdk-25\bin\management.dll
0x00007ffe54390000 - 0x00007ffe5439c000 	C:\Program Files\Java\jdk-25\bin\management_ext.dll
0x00007ffe75880000 - 0x00007ffe75888000 	C:\WINDOWS\System32\PSAPI.DLL
0x00007ffe72540000 - 0x00007ffe72572000 	C:\WINDOWS\SYSTEM32\IPHLPAPI.DLL
0x00007ffe754a0000 - 0x00007ffe754aa000 	C:\WINDOWS\System32\NSI.dll
0x00007ffe3f080000 - 0x00007ffe3f089000 	C:\Program Files\Java\jdk-25\bin\extnet.dll
0x00007ffe73330000 - 0x00007ffe7334b000 	C:\WINDOWS\SYSTEM32\CRYPTSP.dll
0x00007ffe72a40000 - 0x00007ffe72a79000 	C:\WINDOWS\system32\rsaenh.dll
0x00007ffe73100000 - 0x00007ffe73133000 	C:\WINDOWS\SYSTEM32\USERENV.dll
0x00007ffe73c40000 - 0x00007ffe73c6a000 	C:\WINDOWS\SYSTEM32\bcrypt.dll
0x00007ffe73350000 - 0x00007ffe7335c000 	C:\WINDOWS\SYSTEM32\CRYPTBASE.dll
0x00007ffe3eea0000 - 0x00007ffe3eeae000 	C:\Program Files\Java\jdk-25\bin\sunmscapi.dll
0x00007ffe73e10000 - 0x00007ffe73f88000 	C:\WINDOWS\System32\CRYPT32.dll
0x00007ffe73550000 - 0x00007ffe73580000 	C:\WINDOWS\SYSTEM32\ncrypt.dll
0x00007ffe73500000 - 0x00007ffe7353f000 	C:\WINDOWS\SYSTEM32\NTASN1.dll
0x00007ffe571e0000 - 0x00007ffe571e8000 	C:\WINDOWS\system32\wshunix.dll

JVMTI agents:
C:\Users\IT\.gradle\wrapper\dists\gradle-9.1.0-bin\9agqghryom9wkf8r80qlhnts3\gradle-9.1.0\lib\agents\gradle-instrumentation-agent-9.1.0.jar path:C:\Program Files\Java\jdk-25\bin\instrument.dll, loaded, initialized, instrumentlib options:none

dbghelp: loaded successfully - version: 4.0.5 - missing functions: none
symbol engine: initialized successfully - sym options: 0x614 - pdb path: .;C:\Program Files\Java\jdk-25\bin;C:\WINDOWS\SYSTEM32;C:\WINDOWS\WinSxS\amd64_microsoft.windows.common-controls_6595b64144ccf1df_6.0.26100.8457_none_3e0b2faee331e92d;C:\Program Files\Java\jdk-25\bin\server;C:\Users\IT\.gradle\native\1def1411415f61bf3af743bc5b6707747c0891f09f0c88961ee8f79bc544acac\windows-amd64;C:\Users\IT\.gradle\native\0.2.8\x86_64-windows-gnu

VM Arguments:
jvm_args: --add-opens=java.base/java.lang=ALL-UNNAMED --add-opens=java.base/java.lang.invoke=ALL-UNNAMED --add-opens=java.base/java.util=ALL-UNNAMED --add-opens=java.prefs/java.util.prefs=ALL-UNNAMED --add-exports=jdk.compiler/com.sun.tools.javac.api=ALL-UNNAMED --add-exports=jdk.compiler/com.sun.tools.javac.util=ALL-UNNAMED --add-opens=java.base/java.util=ALL-UNNAMED --add-opens=java.prefs/java.util.prefs=ALL-UNNAMED --add-opens=java.base/java.nio.charset=ALL-UNNAMED --add-opens=java.base/java.net=ALL-UNNAMED --add-opens=java.base/java.util.concurrent=ALL-UNNAMED --add-opens=java.base/java.util.concurrent.atomic=ALL-UNNAMED --add-opens=java.xml/javax.xml.namespace=ALL-UNNAMED --add-opens=java.base/java.time=ALL-UNNAMED --enable-native-access=ALL-UNNAMED -Xmx2048m -Dfile.encoding=UTF-8 -Duser.country=US -Duser.language=en -Duser.variant -javaagent:C:\Users\IT\.gradle\wrapper\dists\gradle-9.1.0-bin\9agqghryom9wkf8r80qlhnts3\gradle-9.1.0\lib\agents\gradle-instrumentation-agent-9.1.0.jar 
java_command: org.gradle.launcher.daemon.bootstrap.GradleDaemon 9.1.0
java_class_path (initial): C:\Users\IT\.gradle\wrapper\dists\gradle-9.1.0-bin\9agqghryom9wkf8r80qlhnts3\gradle-9.1.0\lib\gradle-daemon-main-9.1.0.jar
Launcher Type: SUN_STANDARD

[Global flags]
     intx CICompilerCount                          = 4                                         {product} {ergonomic}
     uint ConcGCThreads                            = 3                                         {product} {ergonomic}
     uint G1ConcRefinementThreads                  = 10                                        {product} {ergonomic}
   size_t G1HeapRegionSize                         = 1048576                                   {product} {ergonomic}
   size_t InitialHeapSize                          = 257949696                                 {product} {ergonomic}
   size_t MarkStackSize                            = 4194304                                   {product} {ergonomic}
   size_t MarkStackSizeMax                         = 536870912                                 {product} {ergonomic}
   size_t MaxHeapSize                              = 2147483648                                {product} {command line}
   size_t MaxNewSize                               = 1287651328                                {product} {ergonomic}
   size_t MinHeapDeltaBytes                        = 1048576                                   {product} {ergonomic}
   size_t MinHeapSize                              = 8388608                                   {product} {ergonomic}
    uintx NonNMethodCodeHeapSize                   = 5832704                                {pd product} {ergonomic}
    uintx NonProfiledCodeHeapSize                  = 122945536                              {pd product} {ergonomic}
    uintx ProfiledCodeHeapSize                     = 122880000                              {pd product} {ergonomic}
    uintx ReservedCodeCacheSize                    = 251658240                              {pd product} {ergonomic}
     bool SegmentedCodeCache                       = true                                      {product} {ergonomic}
   size_t SoftMaxHeapSize                          = 2147483648                             {manageable} {ergonomic}
     bool UseCompressedOops                        = true                           {product lp64_product} {ergonomic}
     bool UseG1GC                                  = true                                      {product} {ergonomic}
     bool UseLargePagesIndividualAllocation        = false                                  {pd product} {ergonomic}

Logging:
Log output configuration:
 #0: stdout all=warning uptime,level,tags foldmultilines=false
 #1: stderr all=off uptime,level,tags foldmultilines=false

Release file:
IMPLEMENTOR="Oracle Corporation" 
JAVA_RUNTIME_VERSION="25.0.1+8-LTS-27" 
JAVA_VERSION="25.0.1" 
JAVA_VERSION_DATE="2025-10-21" 
LIBC="default" 
MODULES="java.base java.compiler java.datatransfer java.xml java.prefs java.desktop java.instrument java.logging java.management java.security.sasl java.naming java.rmi java.management.rmi java.net.http java.scripting java.security.jgss java.transaction.xa java.sql java.sql.rowset java.xml.crypto java.se java.smartcardio jdk.accessibility jdk.internal.jvmstat jdk.attach jdk.charsets jdk.internal.opt jdk.zipfs jdk.compiler jdk.crypto.cryptoki jdk.crypto.ec jdk.crypto.mscapi jdk.dynalink jdk.internal.ed jdk.editpad jdk.internal.vm.ci jdk.graal.compiler jdk.graal.compiler.management jdk.hotspot.agent jdk.httpserver jdk.incubator.vector jdk.internal.le jdk.internal.md jdk.jartool jdk.javadoc jdk.jcmd jdk.management jdk.management.agent jdk.jconsole jdk.jdeps jdk.jdwp.agent jdk.jdi jdk.jfr jdk.jlink jdk.jpackage jdk.jshell jdk.jsobject jdk.jstatd jdk.localedata jdk.management.jfr jdk.naming.dns jdk.naming.rmi jdk.net jdk.nio.mapmode jdk.sctp jdk.security.auth jdk.security.jgss jdk.unsupported jdk.unsupported.desktop jdk.xml.dom" 
OS_ARCH="x86_64" 
OS_NAME="Windows" 
SOURCE=".:git:862c85bc42b7 open:git:78770bfaefd2" 

Environment Variables:
JAVA_HOME=C:\Program Files\Java\jdk-25
PATH=C:\Program Files\Common Files\Oracle\Java\javapath;C:\WINDOWS\system32;C:\WINDOWS;C:\WINDOWS\System32\Wbem;C:\WINDOWS\System32\WindowsPowerShell\v1.0\;C:\WINDOWS\System32\OpenSSH\;C:\Program Files\Cloudflare\Cloudflare WARP\;C:\Program Files (x86)\GnuWin32\bin;C:\Program Files\CodeBlocks\MinGW\bin;C:\MinGW\bin;C:\Program Files\dotnet\;C:\Program Files (x86)\Windows Kits\10\Windows Performance Toolkit\;C:\Program Files\Git\cmd;C:\Program Files\Java\jdk-25\bin;C:\Program Files\MySQL\MySQL Server 8.0\bin;C:\Users\IT\AppData\Local\Microsoft\WindowsApps;C:\Users\IT\.dotnet\tools;C:\Users\IT\AppData\Local\Programs\Microsoft VS Code\bin;C:\Users\IT\AppData\Local\Programs\cursor\resources\app\bin;C:\Users\IT\AppData\Local\Programs\Antigravity\bin
USERNAME=IT
OS=Windows_NT
PROCESSOR_IDENTIFIER=AMD64 Family 25 Model 80 Stepping 0, AuthenticAMD
TMP=C:\Users\IT\AppData\Local\Temp
TEMP=C:\Users\IT\AppData\Local\Temp




Compilation memory statistics disabled.

Periodic native trim disabled

---------------  S Y S T E M  ---------------

OS:
 Windows 11 , 64 bit Build 26100 (10.0.26100.8328)
OS uptime: 1 days 21:18 hours

CPU: total 12 (initial active 12) (12 cores per cpu, 2 threads per core) family 25 model 80 stepping 0 microcode 0xa500014, cx8, cmov, fxsr, ht, mmx, 3dnowpref, sse, sse2, sse3, ssse3, sse4a, sse4.1, sse4.2, popcnt, lzcnt, tsc, tscinvbit, avx, avx2, aes, erms, clmul, bmi1, bmi2, adx, sha, fma, vzeroupper, clflush, clflushopt, clwb, rdtscp, rdpid, fsrm, f16c, pku, cet_ss
Processor Information for processor 0
  Max Mhz: 2301, Current Mhz: 2301, Mhz Limit: 2301
Processor Information for processor 1
  Max Mhz: 2301, Current Mhz: 1783, Mhz Limit: 2301
Processor Information for processor 2
  Max Mhz: 2301, Current Mhz: 1783, Mhz Limit: 2301
Processor Information for processor 3
  Max Mhz: 2301, Current Mhz: 1783, Mhz Limit: 2301
Processor Information for processor 4
  Max Mhz: 2301, Current Mhz: 1783, Mhz Limit: 2301
Processor Information for processor 5
  Max Mhz: 2301, Current Mhz: 1783, Mhz Limit: 2301
Processor Information for processor 6
  Max Mhz: 2301, Current Mhz: 1783, Mhz Limit: 2301
Processor Information for processor 7
  Max Mhz: 2301, Current Mhz: 2301, Mhz Limit: 2301
Processor Information for processor 8
  Max Mhz: 2301, Current Mhz: 2301, Mhz Limit: 2301
Processor Information for processor 9
  Max Mhz: 2301, Current Mhz: 1783, Mhz Limit: 2301
Processor Information for processor 10
  Max Mhz: 2301, Current Mhz: 1783, Mhz Limit: 2301
Processor Information for processor 11
  Max Mhz: 2301, Current Mhz: 1783, Mhz Limit: 2301

Memory: 4k page, system-wide physical 15681M (2265M free)
TotalPageFile size 19777M (AvailPageFile size 20M)
current process WorkingSet (physical memory assigned to process): 253M, peak: 256M
current process commit charge ("private bytes"): 428M, peak: 441M

vm_info: Java HotSpot(TM) 64-Bit Server VM (25.0.1+8-LTS-27) for windows-amd64 JRE (25.0.1+8-LTS-27), built on 2025-09-25T16:41:16Z with unknown MS VC++:1943

END.
