#
# There is insufficient memory for the Java Runtime Environment to continue.
# Native memory allocation (malloc) failed to allocate 12341080 bytes. Error detail: Chunk::new
# Possible reasons:
#   The system is out of physical RAM or swap space
#   This process is running with CompressedOops enabled, and the Java Heap may be blocking the growth of the native heap
# Possible solutions:
#   Reduce memory load on the system
#   Increase physical memory or swap space
#   Check if swap backing store is full
#   Decrease Java heap size (-Xmx/-Xms)
#   Decrease number of Java threads
#   Decrease Java thread stack sizes (-Xss)
#   Set larger code cache with -XX:ReservedCodeCacheSize=
#   JVM is running with Unscaled Compressed Oops mode in which the Java heap is
#     placed in the first 4GB address space. The Java Heap base address is the
#     maximum limit for the native heap growth. Please use -XX:HeapBaseMinAddress
#     to set the Java Heap base and to place the Java Heap above 4GB virtual address.
# This output file may be truncated or incomplete.
#
#  Out of Memory Error (arena.cpp:186), pid=21448, tid=7736
#
# JRE version: Java(TM) SE Runtime Environment (25.0.1+8) (build 25.0.1+8-LTS-27)
# Java VM: Java HotSpot(TM) 64-Bit Server VM (25.0.1+8-LTS-27, mixed mode, sharing, tiered, compressed oops, compressed class ptrs, g1 gc, windows-amd64)
# No core dump will be written. Minidumps are not enabled by default on client versions of Windows
#

---------------  S U M M A R Y ------------

Command Line: --add-opens=java.base/java.lang=ALL-UNNAMED --add-opens=java.base/java.lang.invoke=ALL-UNNAMED --add-opens=java.base/java.util=ALL-UNNAMED --add-opens=java.prefs/java.util.prefs=ALL-UNNAMED --add-exports=jdk.compiler/com.sun.tools.javac.api=ALL-UNNAMED --add-exports=jdk.compiler/com.sun.tools.javac.util=ALL-UNNAMED --add-opens=java.base/java.util=ALL-UNNAMED --add-opens=java.prefs/java.util.prefs=ALL-UNNAMED --add-opens=java.base/java.nio.charset=ALL-UNNAMED --add-opens=java.base/java.net=ALL-UNNAMED --add-opens=java.base/java.util.concurrent=ALL-UNNAMED --add-opens=java.base/java.util.concurrent.atomic=ALL-UNNAMED --add-opens=java.xml/javax.xml.namespace=ALL-UNNAMED --add-opens=java.base/java.time=ALL-UNNAMED --enable-native-access=ALL-UNNAMED -Xmx2048m -Dfile.encoding=UTF-8 -Duser.country=US -Duser.language=en -Duser.variant -javaagent:C:\Users\IT\.gradle\wrapper\dists\gradle-9.1.0-bin\9agqghryom9wkf8r80qlhnts3\gradle-9.1.0\lib\agents\gradle-instrumentation-agent-9.1.0.jar org.gradle.launcher.daemon.bootstrap.GradleDaemon 9.1.0

Host: AMD Ryzen 5 PRO 5650U with Radeon Graphics     , 12 cores, 15G,  Windows 11 , 64 bit Build 26100 (10.0.26100.8328)
Time: Mon May 18 13:49:57 2026 Bangladesh Standard Time elapsed time: 1.916663 seconds (0d 0h 0m 1s)

---------------  T H R E A D  ---------------

Current thread (0x000001ab04a2a100):  JavaThread "C2 CompilerThread0" daemon [_thread_in_native, id=7736, stack(0x0000000886100000,0x0000000886200000) (1024K)]


Current CompileTask:
C2:1916 3081       4       jdk.internal.classfile.impl.StackMapGenerator::processBlock (2767 bytes)

Stack: [0x0000000886100000,0x0000000886200000]
Native frames: (J=compiled Java code, j=interpreted, Vv=VM code, C=native code)
V  [jvm.dll+0x7a6b59]  (no source info available)
V  [jvm.dll+0x77290d]  (no source info available)
V  [jvm.dll+0x966153]  (no source info available)
V  [jvm.dll+0x968751]  (no source info available)
V  [jvm.dll+0x968e53]  (no source info available)
V  [jvm.dll+0x2fc756]  (no source info available)
V  [jvm.dll+0x111b26]  (no source info available)
V  [jvm.dll+0x111e4e]  (no source info available)
V  [jvm.dll+0x1a0a22]  (no source info available)
V  [jvm.dll+0x3b53c2]  (no source info available)
V  [jvm.dll+0x7ac4ef]  (no source info available)
V  [jvm.dll+0x2c0ac7]  (no source info available)
V  [jvm.dll+0x2bfa8f]  (no source info available)
V  [jvm.dll+0x237b60]  (no source info available)
V  [jvm.dll+0x2cfb56]  (no source info available)
V  [jvm.dll+0x2cddd5]  (no source info available)
V  [jvm.dll+0x48e6d1]  (no source info available)
V  [jvm.dll+0x906a0d]  (no source info available)
V  [jvm.dll+0x7a5135]  (no source info available)
C  [ucrtbase.dll+0x37b0]  (no source info available)
C  [KERNEL32.DLL+0x2e957]  (no source info available)
C  [ntdll.dll+0x427c]  (no source info available)

Lock stack of current Java thread (top to bottom):


---------------  P R O C E S S  ---------------

Threads class SMR info:
_java_thread_list=0x000001ab0ac3b7b0, length=25, elements={
0x000001ab67572110, 0x000001ab04a15eb0, 0x000001ab04a167c0, 0x000001ab04a179b0,
0x000001ab04a19d50, 0x000001ab04a1afa0, 0x000001ab04a1c0a0, 0x000001ab04a2a100,
0x000001ab04a38b40, 0x000001ab04bdc4e0, 0x000001ab04cb6e10, 0x000001ab04a36b00,
0x000001ab0a9daba0, 0x000001ab0a9afaa0, 0x000001ab0a7cabd0, 0x000001ab0aa2cb90,
0x000001ab0a8fdb60, 0x000001ab0a8ff2d0, 0x000001ab0a8ffaa0, 0x000001ab0a901210,
0x000001ab0a8fe330, 0x000001ab0a9021b0, 0x000001ab0a903920, 0x000001ab0a9048c0,
0x000001ab0adb46f0
}

Java Threads: ( => current thread )
  0x000001ab67572110 JavaThread "main"                              [_thread_blocked, id=13344, stack(0x0000000885300000,0x0000000885400000) (1024K)]
  0x000001ab04a15eb0 JavaThread "Reference Handler"          daemon [_thread_blocked, id=13416, stack(0x0000000885b00000,0x0000000885c00000) (1024K)]
  0x000001ab04a167c0 JavaThread "Finalizer"                  daemon [_thread_blocked, id=2460, stack(0x0000000885c00000,0x0000000885d00000) (1024K)]
  0x000001ab04a179b0 JavaThread "Signal Dispatcher"          daemon [_thread_blocked, id=2936, stack(0x0000000885d00000,0x0000000885e00000) (1024K)]
  0x000001ab04a19d50 JavaThread "Attach Listener"            daemon [_thread_blocked, id=2256, stack(0x0000000885e00000,0x0000000885f00000) (1024K)]
  0x000001ab04a1afa0 JavaThread "Service Thread"             daemon [_thread_blocked, id=9356, stack(0x0000000885f00000,0x0000000886000000) (1024K)]
  0x000001ab04a1c0a0 JavaThread "Monitor Deflation Thread"   daemon [_thread_blocked, id=15624, stack(0x0000000886000000,0x0000000886100000) (1024K)]
=>0x000001ab04a2a100 JavaThread "C2 CompilerThread0"         daemon [_thread_in_native, id=7736, stack(0x0000000886100000,0x0000000886200000) (1024K)]
  0x000001ab04a38b40 JavaThread "C1 CompilerThread0"         daemon [_thread_blocked, id=20504, stack(0x0000000886200000,0x0000000886300000) (1024K)]
  0x000001ab04bdc4e0 JavaThread "Common-Cleaner"             daemon [_thread_blocked, id=8576, stack(0x0000000886300000,0x0000000886400000) (1024K)]
  0x000001ab04cb6e10 JavaThread "Notification Thread"        daemon [_thread_blocked, id=20316, stack(0x0000000886400000,0x0000000886500000) (1024K)]
  0x000001ab04a36b00 JavaThread "C2 CompilerThread1"         daemon [_thread_in_native, id=5732, stack(0x0000000886500000,0x0000000886600000) (1024K)]
  0x000001ab0a9daba0 JavaThread "Daemon health stats"               [_thread_blocked, id=16296, stack(0x0000000886600000,0x0000000886700000) (1024K)]
  0x000001ab0a9afaa0 JavaThread "Incoming local TCP Connector on port 62001"        [_thread_in_native, id=8524, stack(0x0000000886b00000,0x0000000886c00000) (1024K)]
  0x000001ab0a7cabd0 JavaThread "Daemon periodic checks"            [_thread_blocked, id=15284, stack(0x0000000886c00000,0x0000000886d00000) (1024K)]
  0x000001ab0aa2cb90 JavaThread "Daemon"                            [_thread_blocked, id=21488, stack(0x0000000886d00000,0x0000000886e00000) (1024K)]
  0x000001ab0a8fdb60 JavaThread "Handler for socket connection from /127.0.0.1:62001 to /127.0.0.1:62002"        [_thread_in_native, id=6216, stack(0x0000000886e00000,0x0000000886f00000) (1024K)]
  0x000001ab0a8ff2d0 JavaThread "Cancel handler"                    [_thread_blocked, id=19676, stack(0x0000000886f00000,0x0000000887000000) (1024K)]
  0x000001ab0a8ffaa0 JavaThread "Daemon worker"                     [_thread_in_vm, id=8636, stack(0x0000000887000000,0x0000000887100000) (1024K)]
  0x000001ab0a901210 JavaThread "Asynchronous log dispatcher for DefaultDaemonConnection: socket connection from /127.0.0.1:62001 to /127.0.0.1:62002"        [_thread_blocked, id=15776, stack(0x0000000887100000,0x0000000887200000) (1024K)]
  0x000001ab0a8fe330 JavaThread "Stdin handler"                     [_thread_blocked, id=16812, stack(0x0000000887200000,0x0000000887300000) (1024K)]
  0x000001ab0a9021b0 JavaThread "Daemon client event forwarder"        [_thread_blocked, id=1948, stack(0x0000000887300000,0x0000000887400000) (1024K)]
  0x000001ab0a903920 JavaThread "Cache worker for journal cache (C:\Users\IT\.gradle\caches\journal-1)"        [_thread_blocked, id=2572, stack(0x0000000887400000,0x0000000887500000) (1024K)]
  0x000001ab0a9048c0 JavaThread "File lock request listener"        [_thread_in_native, id=15064, stack(0x0000000887500000,0x0000000887600000) (1024K)]
  0x000001ab0adb46f0 JavaThread "Cache worker for file hash cache (C:\Users\IT\.gradle\caches\9.1.0\fileHashes)"        [_thread_blocked, id=4604, stack(0x0000000887b00000,0x0000000887c00000) (1024K)]
Total: 25

Other Threads:
  0x000001ab04a03c70 VMThread "VM Thread"                           [id=14696, stack(0x0000000885a00000,0x0000000885b00000) (1024K)]
  0x000001ab049f2eb0 WatcherThread "VM Periodic Task Thread"        [id=21044, stack(0x0000000885900000,0x0000000885a00000) (1024K)]
  0x000001ab675cbf60 WorkerThread "GC Thread#0"                     [id=5996, stack(0x0000000885400000,0x0000000885500000) (1024K)]
  0x000001ab09ee64f0 WorkerThread "GC Thread#1"                     [id=14408, stack(0x0000000886700000,0x0000000886800000) (1024K)]
  0x000001ab09ef0f80 WorkerThread "GC Thread#2"                     [id=16868, stack(0x0000000886800000,0x0000000886900000) (1024K)]
  0x000001ab09ef13b0 WorkerThread "GC Thread#3"                     [id=9172, stack(0x0000000886900000,0x0000000886a00000) (1024K)]
  0x000001ab09ef7c00 WorkerThread "GC Thread#4"                     [id=2116, stack(0x0000000886a00000,0x0000000886b00000) (1024K)]
  0x000001ab0ad08ec0 WorkerThread "GC Thread#5"                     [id=17536, stack(0x0000000887600000,0x0000000887700000) (1024K)]
  0x000001ab0ad0a450 WorkerThread "GC Thread#6"                     [id=20828, stack(0x0000000887700000,0x0000000887800000) (1024K)]
  0x000001ab0ad0be30 WorkerThread "GC Thread#7"                     [id=16388, stack(0x0000000887800000,0x0000000887900000) (1024K)]
  0x000001ab0ad0acf0 WorkerThread "GC Thread#8"                     [id=19300, stack(0x0000000887900000,0x0000000887a00000) (1024K)]
  0x000001ab0ad0c280 WorkerThread "GC Thread#9"                     [id=17136, stack(0x0000000887a00000,0x0000000887b00000) (1024K)]
  0x000001ab675e5e80 ConcurrentGCThread "G1 Main Marker"            [id=16636, stack(0x0000000885500000,0x0000000885600000) (1024K)]
  0x000001ab675e6a20 WorkerThread "G1 Conc#0"                       [id=21200, stack(0x0000000885600000,0x0000000885700000) (1024K)]
  0x000001ab048b41e0 ConcurrentGCThread "G1 Refine#0"               [id=21276, stack(0x0000000885700000,0x0000000885800000) (1024K)]
  0x000001ab048b4cf0 ConcurrentGCThread "G1 Service"                [id=4296, stack(0x0000000885800000,0x0000000885900000) (1024K)]
Total: 16

Threads with active compile tasks:
C2 CompilerThread0  5977 3081       4       jdk.internal.classfile.impl.StackMapGenerator::processBlock (2767 bytes)
C1 CompilerThread0  5977 3268       3       jdk.internal.event.ThreadSleepEvent::<init> (5 bytes)
C2 CompilerThread1  5977 3091   !   4       java.lang.ClassLoader::loadClass (121 bytes)
Total: 3

VM state: not at safepoint (normal execution)

VM Mutex/Monitor currently owned by a thread: None

Heap address: 0x0000000080000000, size: 2048 MB, Compressed Oops mode: 32-bit

CDS archive(s) mapped at: [0x0000000026000000-0x0000000026dd0000-0x0000000026dd0000), size 14483456, SharedBaseAddress: 0x0000000026000000, ArchiveRelocationMode: 1.
Compressed class space mapped at: 0x0000000027000000-0x0000000067000000, reserved size: 1073741824
UseCompressedClassPointers 1, UseCompactObjectHeaders 0
Narrow klass pointer bits 32, Max shift 3
Narrow klass base: 0x0000000026000000, Narrow klass shift: 0
Encoding Range: [0x0000000026000000 - 0x0000000126000000), (4294967296 bytes)
Klass Range:    [0x0000000026010000 - 0x0000000067000000), (1090453504 bytes)
Klass ID Range:  [65536 - 1090519033) (1090453497)
Protection zone: [0x0000000026000000 - 0x0000000026010000), (65536 bytes)

GC Precious Log:
 CardTable entry size: 512
 Card Set container configuration: InlinePtr #cards 5 size 8 Array Of Cards #cards 10 size 36 Howl #buckets 4 coarsen threshold 1843 Howl Bitmap #cards 512 size 80 coarsen threshold 460 Card regions per heap region 1 cards per card region 2048
 CPUs: 12 total, 12 available
 Memory: 15681M
 Large Page Support: Disabled
 NUMA Support: Disabled
 Compressed Oops: Enabled (32-bit)
 Heap Region Size: 1M
 Heap Min Capacity: 8M
 Heap Initial Capacity: 246M
 Heap Max Capacity: 2G
 Pre-touch: Disabled
 Parallel Workers: 10
 Concurrent Workers: 3
 Concurrent Refinement Workers: 10
 Periodic GC: Disabled

Heap:
 garbage-first heap   total reserved 2097152K, committed 253952K, used 29224K [0x0000000080000000, 0x0000000100000000)
  region size 1024K, 23 young (23552K), 14 survivors (14336K)

Heap Regions: E=young(eden), S=young(survivor), O=old, HS=humongous(starts), HC=humongous(continues), CS=collection set, F=free, TAMS=top-at-mark-start, PB=parsable bottom
|   0|0x0000000080000000, 0x0000000080100000, 0x0000000080100000|100%|HS|  |TAMS 0x0000000080000000| PB 0x0000000080000000| Complete |  0
|   1|0x0000000080100000, 0x0000000080200000, 0x0000000080200000|100%|HC|  |TAMS 0x0000000080100000| PB 0x0000000080100000| Complete |  0
|   2|0x0000000080200000, 0x0000000080300000, 0x0000000080300000|100%|HC|  |TAMS 0x0000000080200000| PB 0x0000000080200000| Complete |  0
|   3|0x0000000080300000, 0x0000000080400000, 0x0000000080400000|100%| O|  |TAMS 0x0000000080300000| PB 0x0000000080300000| Untracked |  0
|   4|0x0000000080400000, 0x0000000080464c78, 0x0000000080500000| 39%| O|  |TAMS 0x0000000080400000| PB 0x0000000080400000| Untracked |  0
|   5|0x0000000080500000, 0x0000000080600000, 0x0000000080600000|100%|HS|  |TAMS 0x0000000080500000| PB 0x0000000080500000| Complete |  0
|   6|0x0000000080600000, 0x0000000080600000, 0x0000000080700000|  0%| F|  |TAMS 0x0000000080600000| PB 0x0000000080600000| Untracked |  0
|   7|0x0000000080700000, 0x0000000080700000, 0x0000000080800000|  0%| F|  |TAMS 0x0000000080700000| PB 0x0000000080700000| Untracked |  0
|   8|0x0000000080800000, 0x0000000080800000, 0x0000000080900000|  0%| F|  |TAMS 0x0000000080800000| PB 0x0000000080800000| Untracked |  0
|   9|0x0000000080900000, 0x0000000080900000, 0x0000000080a00000|  0%| F|  |TAMS 0x0000000080900000| PB 0x0000000080900000| Untracked |  0
|  10|0x0000000080a00000, 0x0000000080a00000, 0x0000000080b00000|  0%| F|  |TAMS 0x0000000080a00000| PB 0x0000000080a00000| Untracked |  0
|  11|0x0000000080b00000, 0x0000000080b00000, 0x0000000080c00000|  0%| F|  |TAMS 0x0000000080b00000| PB 0x0000000080b00000| Untracked |  0
|  12|0x0000000080c00000, 0x0000000080c00000, 0x0000000080d00000|  0%| F|  |TAMS 0x0000000080c00000| PB 0x0000000080c00000| Untracked |  0
|  13|0x0000000080d00000, 0x0000000080d00000, 0x0000000080e00000|  0%| F|  |TAMS 0x0000000080d00000| PB 0x0000000080d00000| Untracked |  0
|  14|0x0000000080e00000, 0x0000000080e00000, 0x0000000080f00000|  0%| F|  |TAMS 0x0000000080e00000| PB 0x0000000080e00000| Untracked |  0
|  15|0x0000000080f00000, 0x0000000080f00000, 0x0000000081000000|  0%| F|  |TAMS 0x0000000080f00000| PB 0x0000000080f00000| Untracked |  0
|  16|0x0000000081000000, 0x0000000081000000, 0x0000000081100000|  0%| F|  |TAMS 0x0000000081000000| PB 0x0000000081000000| Untracked |  0
|  17|0x0000000081100000, 0x0000000081100000, 0x0000000081200000|  0%| F|  |TAMS 0x0000000081100000| PB 0x0000000081100000| Untracked |  0
|  18|0x0000000081200000, 0x0000000081200000, 0x0000000081300000|  0%| F|  |TAMS 0x0000000081200000| PB 0x0000000081200000| Untracked |  0
|  19|0x0000000081300000, 0x0000000081300000, 0x0000000081400000|  0%| F|  |TAMS 0x0000000081300000| PB 0x0000000081300000| Untracked |  0
|  20|0x0000000081400000, 0x0000000081400000, 0x0000000081500000|  0%| F|  |TAMS 0x0000000081400000| PB 0x0000000081400000| Untracked |  0
|  21|0x0000000081500000, 0x0000000081500000, 0x0000000081600000|  0%| F|  |TAMS 0x0000000081500000| PB 0x0000000081500000| Untracked |  0
|  22|0x0000000081600000, 0x0000000081600000, 0x0000000081700000|  0%| F|  |TAMS 0x0000000081600000| PB 0x0000000081600000| Untracked |  0
|  23|0x0000000081700000, 0x0000000081700000, 0x0000000081800000|  0%| F|  |TAMS 0x0000000081700000| PB 0x0000000081700000| Untracked |  0
|  24|0x0000000081800000, 0x0000000081800000, 0x0000000081900000|  0%| F|  |TAMS 0x0000000081800000| PB 0x0000000081800000| Untracked |  0
|  25|0x0000000081900000, 0x0000000081900000, 0x0000000081a00000|  0%| F|  |TAMS 0x0000000081900000| PB 0x0000000081900000| Untracked |  0
|  26|0x0000000081a00000, 0x0000000081a00000, 0x0000000081b00000|  0%| F|  |TAMS 0x0000000081a00000| PB 0x0000000081a00000| Untracked |  0
|  27|0x0000000081b00000, 0x0000000081b00000, 0x0000000081c00000|  0%| F|  |TAMS 0x0000000081b00000| PB 0x0000000081b00000| Untracked |  0
|  28|0x0000000081c00000, 0x0000000081c00000, 0x0000000081d00000|  0%| F|  |TAMS 0x0000000081c00000| PB 0x0000000081c00000| Untracked |  0
|  29|0x0000000081d00000, 0x0000000081d00000, 0x0000000081e00000|  0%| F|  |TAMS 0x0000000081d00000| PB 0x0000000081d00000| Untracked |  0
|  30|0x0000000081e00000, 0x0000000081e00000, 0x0000000081f00000|  0%| F|  |TAMS 0x0000000081e00000| PB 0x0000000081e00000| Untracked |  0
|  31|0x0000000081f00000, 0x0000000081f00000, 0x0000000082000000|  0%| F|  |TAMS 0x0000000081f00000| PB 0x0000000081f00000| Untracked |  0
|  32|0x0000000082000000, 0x0000000082000000, 0x0000000082100000|  0%| F|  |TAMS 0x0000000082000000| PB 0x0000000082000000| Untracked |  0
|  33|0x0000000082100000, 0x0000000082100000, 0x0000000082200000|  0%| F|  |TAMS 0x0000000082100000| PB 0x0000000082100000| Untracked |  0
|  34|0x0000000082200000, 0x0000000082200000, 0x0000000082300000|  0%| F|  |TAMS 0x0000000082200000| PB 0x0000000082200000| Untracked |  0
|  35|0x0000000082300000, 0x0000000082300000, 0x0000000082400000|  0%| F|  |TAMS 0x0000000082300000| PB 0x0000000082300000| Untracked |  0
|  36|0x0000000082400000, 0x0000000082400000, 0x0000000082500000|  0%| F|  |TAMS 0x0000000082400000| PB 0x0000000082400000| Untracked |  0
|  37|0x0000000082500000, 0x0000000082500000, 0x0000000082600000|  0%| F|  |TAMS 0x0000000082500000| PB 0x0000000082500000| Untracked |  0
|  38|0x0000000082600000, 0x0000000082600000, 0x0000000082700000|  0%| F|  |TAMS 0x0000000082600000| PB 0x0000000082600000| Untracked |  0
|  39|0x0000000082700000, 0x0000000082700000, 0x0000000082800000|  0%| F|  |TAMS 0x0000000082700000| PB 0x0000000082700000| Untracked |  0
|  40|0x0000000082800000, 0x0000000082800000, 0x0000000082900000|  0%| F|  |TAMS 0x0000000082800000| PB 0x0000000082800000| Untracked |  0
|  41|0x0000000082900000, 0x0000000082900000, 0x0000000082a00000|  0%| F|  |TAMS 0x0000000082900000| PB 0x0000000082900000| Untracked |  0
|  42|0x0000000082a00000, 0x0000000082a00000, 0x0000000082b00000|  0%| F|  |TAMS 0x0000000082a00000| PB 0x0000000082a00000| Untracked |  0
|  43|0x0000000082b00000, 0x0000000082b00000, 0x0000000082c00000|  0%| F|  |TAMS 0x0000000082b00000| PB 0x0000000082b00000| Untracked |  0
|  44|0x0000000082c00000, 0x0000000082c00000, 0x0000000082d00000|  0%| F|  |TAMS 0x0000000082c00000| PB 0x0000000082c00000| Untracked |  0
|  45|0x0000000082d00000, 0x0000000082d00000, 0x0000000082e00000|  0%| F|  |TAMS 0x0000000082d00000| PB 0x0000000082d00000| Untracked |  0
|  46|0x0000000082e00000, 0x0000000082e00000, 0x0000000082f00000|  0%| F|  |TAMS 0x0000000082e00000| PB 0x0000000082e00000| Untracked |  0
|  47|0x0000000082f00000, 0x0000000082f00000, 0x0000000083000000|  0%| F|  |TAMS 0x0000000082f00000| PB 0x0000000082f00000| Untracked |  0
|  48|0x0000000083000000, 0x0000000083000000, 0x0000000083100000|  0%| F|  |TAMS 0x0000000083000000| PB 0x0000000083000000| Untracked |  0
|  49|0x0000000083100000, 0x0000000083100000, 0x0000000083200000|  0%| F|  |TAMS 0x0000000083100000| PB 0x0000000083100000| Untracked |  0
|  50|0x0000000083200000, 0x0000000083200000, 0x0000000083300000|  0%| F|  |TAMS 0x0000000083200000| PB 0x0000000083200000| Untracked |  0
|  51|0x0000000083300000, 0x0000000083300000, 0x0000000083400000|  0%| F|  |TAMS 0x0000000083300000| PB 0x0000000083300000| Untracked |  0
|  52|0x0000000083400000, 0x0000000083400000, 0x0000000083500000|  0%| F|  |TAMS 0x0000000083400000| PB 0x0000000083400000| Untracked |  0
|  53|0x0000000083500000, 0x0000000083500000, 0x0000000083600000|  0%| F|  |TAMS 0x0000000083500000| PB 0x0000000083500000| Untracked |  0
|  54|0x0000000083600000, 0x0000000083600000, 0x0000000083700000|  0%| F|  |TAMS 0x0000000083600000| PB 0x0000000083600000| Untracked |  0
|  55|0x0000000083700000, 0x0000000083700000, 0x0000000083800000|  0%| F|  |TAMS 0x0000000083700000| PB 0x0000000083700000| Untracked |  0
|  56|0x0000000083800000, 0x0000000083800000, 0x0000000083900000|  0%| F|  |TAMS 0x0000000083800000| PB 0x0000000083800000| Untracked |  0
|  57|0x0000000083900000, 0x0000000083900000, 0x0000000083a00000|  0%| F|  |TAMS 0x0000000083900000| PB 0x0000000083900000| Untracked |  0
|  58|0x0000000083a00000, 0x0000000083a00000, 0x0000000083b00000|  0%| F|  |TAMS 0x0000000083a00000| PB 0x0000000083a00000| Untracked |  0
|  59|0x0000000083b00000, 0x0000000083b00000, 0x0000000083c00000|  0%| F|  |TAMS 0x0000000083b00000| PB 0x0000000083b00000| Untracked |  0
|  60|0x0000000083c00000, 0x0000000083c00000, 0x0000000083d00000|  0%| F|  |TAMS 0x0000000083c00000| PB 0x0000000083c00000| Untracked |  0
|  61|0x0000000083d00000, 0x0000000083d00000, 0x0000000083e00000|  0%| F|  |TAMS 0x0000000083d00000| PB 0x0000000083d00000| Untracked |  0
|  62|0x0000000083e00000, 0x0000000083e00000, 0x0000000083f00000|  0%| F|  |TAMS 0x0000000083e00000| PB 0x0000000083e00000| Untracked |  0
|  63|0x0000000083f00000, 0x0000000083f00000, 0x0000000084000000|  0%| F|  |TAMS 0x0000000083f00000| PB 0x0000000083f00000| Untracked |  0
|  64|0x0000000084000000, 0x0000000084000000, 0x0000000084100000|  0%| F|  |TAMS 0x0000000084000000| PB 0x0000000084000000| Untracked |  0
|  65|0x0000000084100000, 0x0000000084100000, 0x0000000084200000|  0%| F|  |TAMS 0x0000000084100000| PB 0x0000000084100000| Untracked |  0
|  66|0x0000000084200000, 0x0000000084200000, 0x0000000084300000|  0%| F|  |TAMS 0x0000000084200000| PB 0x0000000084200000| Untracked |  0
|  67|0x0000000084300000, 0x0000000084300000, 0x0000000084400000|  0%| F|  |TAMS 0x0000000084300000| PB 0x0000000084300000| Untracked |  0
|  68|0x0000000084400000, 0x0000000084400000, 0x0000000084500000|  0%| F|  |TAMS 0x0000000084400000| PB 0x0000000084400000| Untracked |  0
|  69|0x0000000084500000, 0x0000000084500000, 0x0000000084600000|  0%| F|  |TAMS 0x0000000084500000| PB 0x0000000084500000| Untracked |  0
|  70|0x0000000084600000, 0x0000000084600000, 0x0000000084700000|  0%| F|  |TAMS 0x0000000084600000| PB 0x0000000084600000| Untracked |  0
|  71|0x0000000084700000, 0x0000000084700000, 0x0000000084800000|  0%| F|  |TAMS 0x0000000084700000| PB 0x0000000084700000| Untracked |  0
|  72|0x0000000084800000, 0x0000000084800000, 0x0000000084900000|  0%| F|  |TAMS 0x0000000084800000| PB 0x0000000084800000| Untracked |  0
|  73|0x0000000084900000, 0x0000000084900000, 0x0000000084a00000|  0%| F|  |TAMS 0x0000000084900000| PB 0x0000000084900000| Untracked |  0
|  74|0x0000000084a00000, 0x0000000084a00000, 0x0000000084b00000|  0%| F|  |TAMS 0x0000000084a00000| PB 0x0000000084a00000| Untracked |  0
|  75|0x0000000084b00000, 0x0000000084b00000, 0x0000000084c00000|  0%| F|  |TAMS 0x0000000084b00000| PB 0x0000000084b00000| Untracked |  0
|  76|0x0000000084c00000, 0x0000000084c00000, 0x0000000084d00000|  0%| F|  |TAMS 0x0000000084c00000| PB 0x0000000084c00000| Untracked |  0
|  77|0x0000000084d00000, 0x0000000084d00000, 0x0000000084e00000|  0%| F|  |TAMS 0x0000000084d00000| PB 0x0000000084d00000| Untracked |  0
|  78|0x0000000084e00000, 0x0000000084e00000, 0x0000000084f00000|  0%| F|  |TAMS 0x0000000084e00000| PB 0x0000000084e00000| Untracked |  0
|  79|0x0000000084f00000, 0x0000000084f00000, 0x0000000085000000|  0%| F|  |TAMS 0x0000000084f00000| PB 0x0000000084f00000| Untracked |  0
|  80|0x0000000085000000, 0x0000000085000000, 0x0000000085100000|  0%| F|  |TAMS 0x0000000085000000| PB 0x0000000085000000| Untracked |  0
|  81|0x0000000085100000, 0x0000000085100000, 0x0000000085200000|  0%| F|  |TAMS 0x0000000085100000| PB 0x0000000085100000| Untracked |  0
|  82|0x0000000085200000, 0x0000000085200000, 0x0000000085300000|  0%| F|  |TAMS 0x0000000085200000| PB 0x0000000085200000| Untracked |  0
|  83|0x0000000085300000, 0x0000000085300000, 0x0000000085400000|  0%| F|  |TAMS 0x0000000085300000| PB 0x0000000085300000| Untracked |  0
|  84|0x0000000085400000, 0x0000000085400000, 0x0000000085500000|  0%| F|  |TAMS 0x0000000085400000| PB 0x0000000085400000| Untracked |  0
|  85|0x0000000085500000, 0x0000000085500000, 0x0000000085600000|  0%| F|  |TAMS 0x0000000085500000| PB 0x0000000085500000| Untracked |  0
|  86|0x0000000085600000, 0x0000000085600000, 0x0000000085700000|  0%| F|  |TAMS 0x0000000085600000| PB 0x0000000085600000| Untracked |  0
|  87|0x0000000085700000, 0x0000000085700000, 0x0000000085800000|  0%| F|  |TAMS 0x0000000085700000| PB 0x0000000085700000| Untracked |  0
|  88|0x0000000085800000, 0x0000000085800000, 0x0000000085900000|  0%| F|  |TAMS 0x0000000085800000| PB 0x0000000085800000| Untracked |  0
|  89|0x0000000085900000, 0x0000000085900000, 0x0000000085a00000|  0%| F|  |TAMS 0x0000000085900000| PB 0x0000000085900000| Untracked |  0
|  90|0x0000000085a00000, 0x0000000085a00000, 0x0000000085b00000|  0%| F|  |TAMS 0x0000000085a00000| PB 0x0000000085a00000| Untracked |  0
|  91|0x0000000085b00000, 0x0000000085b00000, 0x0000000085c00000|  0%| F|  |TAMS 0x0000000085b00000| PB 0x0000000085b00000| Untracked |  0
|  92|0x0000000085c00000, 0x0000000085c00000, 0x0000000085d00000|  0%| F|  |TAMS 0x0000000085c00000| PB 0x0000000085c00000| Untracked |  0
|  93|0x0000000085d00000, 0x0000000085d00000, 0x0000000085e00000|  0%| F|  |TAMS 0x0000000085d00000| PB 0x0000000085d00000| Untracked |  0
|  94|0x0000000085e00000, 0x0000000085e00000, 0x0000000085f00000|  0%| F|  |TAMS 0x0000000085e00000| PB 0x0000000085e00000| Untracked |  0
|  95|0x0000000085f00000, 0x0000000085f00000, 0x0000000086000000|  0%| F|  |TAMS 0x0000000085f00000| PB 0x0000000085f00000| Untracked |  0
|  96|0x0000000086000000, 0x0000000086000000, 0x0000000086100000|  0%| F|  |TAMS 0x0000000086000000| PB 0x0000000086000000| Untracked |  0
|  97|0x0000000086100000, 0x0000000086100000, 0x0000000086200000|  0%| F|  |TAMS 0x0000000086100000| PB 0x0000000086100000| Untracked |  0
|  98|0x0000000086200000, 0x0000000086200000, 0x0000000086300000|  0%| F|  |TAMS 0x0000000086200000| PB 0x0000000086200000| Untracked |  0
|  99|0x0000000086300000, 0x0000000086300000, 0x0000000086400000|  0%| F|  |TAMS 0x0000000086300000| PB 0x0000000086300000| Untracked |  0
| 100|0x0000000086400000, 0x0000000086400000, 0x0000000086500000|  0%| F|  |TAMS 0x0000000086400000| PB 0x0000000086400000| Untracked |  0
| 101|0x0000000086500000, 0x0000000086500000, 0x0000000086600000|  0%| F|  |TAMS 0x0000000086500000| PB 0x0000000086500000| Untracked |  0
| 102|0x0000000086600000, 0x0000000086600000, 0x0000000086700000|  0%| F|  |TAMS 0x0000000086600000| PB 0x0000000086600000| Untracked |  0
| 103|0x0000000086700000, 0x0000000086700000, 0x0000000086800000|  0%| F|  |TAMS 0x0000000086700000| PB 0x0000000086700000| Untracked |  0
| 104|0x0000000086800000, 0x0000000086800000, 0x0000000086900000|  0%| F|  |TAMS 0x0000000086800000| PB 0x0000000086800000| Untracked |  0
| 105|0x0000000086900000, 0x0000000086900000, 0x0000000086a00000|  0%| F|  |TAMS 0x0000000086900000| PB 0x0000000086900000| Untracked |  0
| 106|0x0000000086a00000, 0x0000000086a00000, 0x0000000086b00000|  0%| F|  |TAMS 0x0000000086a00000| PB 0x0000000086a00000| Untracked |  0
| 107|0x0000000086b00000, 0x0000000086b00000, 0x0000000086c00000|  0%| F|  |TAMS 0x0000000086b00000| PB 0x0000000086b00000| Untracked |  0
| 108|0x0000000086c00000, 0x0000000086c00000, 0x0000000086d00000|  0%| F|  |TAMS 0x0000000086c00000| PB 0x0000000086c00000| Untracked |  0
| 109|0x0000000086d00000, 0x0000000086d00000, 0x0000000086e00000|  0%| F|  |TAMS 0x0000000086d00000| PB 0x0000000086d00000| Untracked |  0
| 110|0x0000000086e00000, 0x0000000086e00000, 0x0000000086f00000|  0%| F|  |TAMS 0x0000000086e00000| PB 0x0000000086e00000| Untracked |  0
| 111|0x0000000086f00000, 0x0000000086f00000, 0x0000000087000000|  0%| F|  |TAMS 0x0000000086f00000| PB 0x0000000086f00000| Untracked |  0
| 112|0x0000000087000000, 0x0000000087000000, 0x0000000087100000|  0%| F|  |TAMS 0x0000000087000000| PB 0x0000000087000000| Untracked |  0
| 113|0x0000000087100000, 0x0000000087100000, 0x0000000087200000|  0%| F|  |TAMS 0x0000000087100000| PB 0x0000000087100000| Untracked |  0
| 114|0x0000000087200000, 0x0000000087200000, 0x0000000087300000|  0%| F|  |TAMS 0x0000000087200000| PB 0x0000000087200000| Untracked |  0
| 115|0x0000000087300000, 0x0000000087300000, 0x0000000087400000|  0%| F|  |TAMS 0x0000000087300000| PB 0x0000000087300000| Untracked |  0
| 116|0x0000000087400000, 0x0000000087400000, 0x0000000087500000|  0%| F|  |TAMS 0x0000000087400000| PB 0x0000000087400000| Untracked |  0
| 117|0x0000000087500000, 0x0000000087500000, 0x0000000087600000|  0%| F|  |TAMS 0x0000000087500000| PB 0x0000000087500000| Untracked |  0
| 118|0x0000000087600000, 0x0000000087600000, 0x0000000087700000|  0%| F|  |TAMS 0x0000000087600000| PB 0x0000000087600000| Untracked |  0
| 119|0x0000000087700000, 0x0000000087700000, 0x0000000087800000|  0%| F|  |TAMS 0x0000000087700000| PB 0x0000000087700000| Untracked |  0
| 120|0x0000000087800000, 0x0000000087800000, 0x0000000087900000|  0%| F|  |TAMS 0x0000000087800000| PB 0x0000000087800000| Untracked |  0
| 121|0x0000000087900000, 0x0000000087900000, 0x0000000087a00000|  0%| F|  |TAMS 0x0000000087900000| PB 0x0000000087900000| Untracked |  0
| 122|0x0000000087a00000, 0x0000000087a00000, 0x0000000087b00000|  0%| F|  |TAMS 0x0000000087a00000| PB 0x0000000087a00000| Untracked |  0
| 123|0x0000000087b00000, 0x0000000087b00000, 0x0000000087c00000|  0%| F|  |TAMS 0x0000000087b00000| PB 0x0000000087b00000| Untracked |  0
| 124|0x0000000087c00000, 0x0000000087d00000, 0x0000000087d00000|100%| S|CS|TAMS 0x0000000087c00000| PB 0x0000000087c00000| Complete |  0
| 125|0x0000000087d00000, 0x0000000087e00000, 0x0000000087e00000|100%| S|CS|TAMS 0x0000000087d00000| PB 0x0000000087d00000| Complete |  0
| 126|0x0000000087e00000, 0x0000000087f00000, 0x0000000087f00000|100%| S|CS|TAMS 0x0000000087e00000| PB 0x0000000087e00000| Complete |  0
| 127|0x0000000087f00000, 0x0000000088000000, 0x0000000088000000|100%| S|CS|TAMS 0x0000000087f00000| PB 0x0000000087f00000| Complete |  0
| 128|0x0000000088000000, 0x0000000088100000, 0x0000000088100000|100%| S|CS|TAMS 0x0000000088000000| PB 0x0000000088000000| Complete |  0
| 129|0x0000000088100000, 0x0000000088200000, 0x0000000088200000|100%| S|CS|TAMS 0x0000000088100000| PB 0x0000000088100000| Complete |  0
| 130|0x0000000088200000, 0x0000000088300000, 0x0000000088300000|100%| S|CS|TAMS 0x0000000088200000| PB 0x0000000088200000| Complete |  0
| 131|0x0000000088300000, 0x0000000088400000, 0x0000000088400000|100%| S|CS|TAMS 0x0000000088300000| PB 0x0000000088300000| Complete |  0
| 132|0x0000000088400000, 0x0000000088500000, 0x0000000088500000|100%| S|CS|TAMS 0x0000000088400000| PB 0x0000000088400000| Complete |  0
| 133|0x0000000088500000, 0x0000000088600000, 0x0000000088600000|100%| S|CS|TAMS 0x0000000088500000| PB 0x0000000088500000| Complete |  0
| 134|0x0000000088600000, 0x0000000088700000, 0x0000000088700000|100%| S|CS|TAMS 0x0000000088600000| PB 0x0000000088600000| Complete |  0
| 135|0x0000000088700000, 0x0000000088800000, 0x0000000088800000|100%| S|CS|TAMS 0x0000000088700000| PB 0x0000000088700000| Complete |  0
| 136|0x0000000088800000, 0x0000000088900000, 0x0000000088900000|100%| S|CS|TAMS 0x0000000088800000| PB 0x0000000088800000| Complete |  0
| 137|0x0000000088900000, 0x0000000088a00000, 0x0000000088a00000|100%| S|CS|TAMS 0x0000000088900000| PB 0x0000000088900000| Complete |  0
| 138|0x0000000088a00000, 0x0000000088a00000, 0x0000000088b00000|  0%| F|  |TAMS 0x0000000088a00000| PB 0x0000000088a00000| Untracked |  0
| 139|0x0000000088b00000, 0x0000000088b00000, 0x0000000088c00000|  0%| F|  |TAMS 0x0000000088b00000| PB 0x0000000088b00000| Untracked |  0
| 140|0x0000000088c00000, 0x0000000088c00000, 0x0000000088d00000|  0%| F|  |TAMS 0x0000000088c00000| PB 0x0000000088c00000| Untracked |  0
| 141|0x0000000088d00000, 0x0000000088d00000, 0x0000000088e00000|  0%| F|  |TAMS 0x0000000088d00000| PB 0x0000000088d00000| Untracked |  0
| 142|0x0000000088e00000, 0x0000000088e00000, 0x0000000088f00000|  0%| F|  |TAMS 0x0000000088e00000| PB 0x0000000088e00000| Untracked |  0
| 143|0x0000000088f00000, 0x0000000088f00000, 0x0000000089000000|  0%| F|  |TAMS 0x0000000088f00000| PB 0x0000000088f00000| Untracked |  0
| 144|0x0000000089000000, 0x0000000089000000, 0x0000000089100000|  0%| F|  |TAMS 0x0000000089000000| PB 0x0000000089000000| Untracked |  0
| 145|0x0000000089100000, 0x0000000089100000, 0x0000000089200000|  0%| F|  |TAMS 0x0000000089100000| PB 0x0000000089100000| Untracked |  0
| 146|0x0000000089200000, 0x0000000089200000, 0x0000000089300000|  0%| F|  |TAMS 0x0000000089200000| PB 0x0000000089200000| Untracked |  0
| 147|0x0000000089300000, 0x0000000089300000, 0x0000000089400000|  0%| F|  |TAMS 0x0000000089300000| PB 0x0000000089300000| Untracked |  0
| 148|0x0000000089400000, 0x0000000089400000, 0x0000000089500000|  0%| F|  |TAMS 0x0000000089400000| PB 0x0000000089400000| Untracked |  0
| 149|0x0000000089500000, 0x0000000089500000, 0x0000000089600000|  0%| F|  |TAMS 0x0000000089500000| PB 0x0000000089500000| Untracked |  0
| 150|0x0000000089600000, 0x0000000089600000, 0x0000000089700000|  0%| F|  |TAMS 0x0000000089600000| PB 0x0000000089600000| Untracked |  0
| 151|0x0000000089700000, 0x0000000089700000, 0x0000000089800000|  0%| F|  |TAMS 0x0000000089700000| PB 0x0000000089700000| Untracked |  0
| 152|0x0000000089800000, 0x0000000089800000, 0x0000000089900000|  0%| F|  |TAMS 0x0000000089800000| PB 0x0000000089800000| Untracked |  0
| 153|0x0000000089900000, 0x0000000089900000, 0x0000000089a00000|  0%| F|  |TAMS 0x0000000089900000| PB 0x0000000089900000| Untracked |  0
| 154|0x0000000089a00000, 0x0000000089a00000, 0x0000000089b00000|  0%| F|  |TAMS 0x0000000089a00000| PB 0x0000000089a00000| Untracked |  0
| 155|0x0000000089b00000, 0x0000000089b00000, 0x0000000089c00000|  0%| F|  |TAMS 0x0000000089b00000| PB 0x0000000089b00000| Untracked |  0
| 156|0x0000000089c00000, 0x0000000089c00000, 0x0000000089d00000|  0%| F|  |TAMS 0x0000000089c00000| PB 0x0000000089c00000| Untracked |  0
| 157|0x0000000089d00000, 0x0000000089d00000, 0x0000000089e00000|  0%| F|  |TAMS 0x0000000089d00000| PB 0x0000000089d00000| Untracked |  0
| 158|0x0000000089e00000, 0x0000000089e00000, 0x0000000089f00000|  0%| F|  |TAMS 0x0000000089e00000| PB 0x0000000089e00000| Untracked |  0
| 159|0x0000000089f00000, 0x0000000089f00000, 0x000000008a000000|  0%| F|  |TAMS 0x0000000089f00000| PB 0x0000000089f00000| Untracked |  0
| 160|0x000000008a000000, 0x000000008a000000, 0x000000008a100000|  0%| F|  |TAMS 0x000000008a000000| PB 0x000000008a000000| Untracked |  0
| 161|0x000000008a100000, 0x000000008a100000, 0x000000008a200000|  0%| F|  |TAMS 0x000000008a100000| PB 0x000000008a100000| Untracked |  0
| 162|0x000000008a200000, 0x000000008a200000, 0x000000008a300000|  0%| F|  |TAMS 0x000000008a200000| PB 0x000000008a200000| Untracked |  0
| 163|0x000000008a300000, 0x000000008a300000, 0x000000008a400000|  0%| F|  |TAMS 0x000000008a300000| PB 0x000000008a300000| Untracked |  0
| 164|0x000000008a400000, 0x000000008a400000, 0x000000008a500000|  0%| F|  |TAMS 0x000000008a400000| PB 0x000000008a400000| Untracked |  0
| 165|0x000000008a500000, 0x000000008a500000, 0x000000008a600000|  0%| F|  |TAMS 0x000000008a500000| PB 0x000000008a500000| Untracked |  0
| 166|0x000000008a600000, 0x000000008a600000, 0x000000008a700000|  0%| F|  |TAMS 0x000000008a600000| PB 0x000000008a600000| Untracked |  0
| 167|0x000000008a700000, 0x000000008a700000, 0x000000008a800000|  0%| F|  |TAMS 0x000000008a700000| PB 0x000000008a700000| Untracked |  0
| 168|0x000000008a800000, 0x000000008a800000, 0x000000008a900000|  0%| F|  |TAMS 0x000000008a800000| PB 0x000000008a800000| Untracked |  0
| 169|0x000000008a900000, 0x000000008a900000, 0x000000008aa00000|  0%| F|  |TAMS 0x000000008a900000| PB 0x000000008a900000| Untracked |  0
| 170|0x000000008aa00000, 0x000000008aa00000, 0x000000008ab00000|  0%| F|  |TAMS 0x000000008aa00000| PB 0x000000008aa00000| Untracked |  0
| 171|0x000000008ab00000, 0x000000008ab00000, 0x000000008ac00000|  0%| F|  |TAMS 0x000000008ab00000| PB 0x000000008ab00000| Untracked |  0
| 172|0x000000008ac00000, 0x000000008ac00000, 0x000000008ad00000|  0%| F|  |TAMS 0x000000008ac00000| PB 0x000000008ac00000| Untracked |  0
| 173|0x000000008ad00000, 0x000000008ad00000, 0x000000008ae00000|  0%| F|  |TAMS 0x000000008ad00000| PB 0x000000008ad00000| Untracked |  0
| 174|0x000000008ae00000, 0x000000008ae00000, 0x000000008af00000|  0%| F|  |TAMS 0x000000008ae00000| PB 0x000000008ae00000| Untracked |  0
| 175|0x000000008af00000, 0x000000008af00000, 0x000000008b000000|  0%| F|  |TAMS 0x000000008af00000| PB 0x000000008af00000| Untracked |  0
| 176|0x000000008b000000, 0x000000008b000000, 0x000000008b100000|  0%| F|  |TAMS 0x000000008b000000| PB 0x000000008b000000| Untracked |  0
| 177|0x000000008b100000, 0x000000008b100000, 0x000000008b200000|  0%| F|  |TAMS 0x000000008b100000| PB 0x000000008b100000| Untracked |  0
| 178|0x000000008b200000, 0x000000008b200000, 0x000000008b300000|  0%| F|  |TAMS 0x000000008b200000| PB 0x000000008b200000| Untracked |  0
| 179|0x000000008b300000, 0x000000008b300000, 0x000000008b400000|  0%| F|  |TAMS 0x000000008b300000| PB 0x000000008b300000| Untracked |  0
| 180|0x000000008b400000, 0x000000008b400000, 0x000000008b500000|  0%| F|  |TAMS 0x000000008b400000| PB 0x000000008b400000| Untracked |  0
| 181|0x000000008b500000, 0x000000008b500000, 0x000000008b600000|  0%| F|  |TAMS 0x000000008b500000| PB 0x000000008b500000| Untracked |  0
| 182|0x000000008b600000, 0x000000008b600000, 0x000000008b700000|  0%| F|  |TAMS 0x000000008b600000| PB 0x000000008b600000| Untracked |  0
| 183|0x000000008b700000, 0x000000008b700000, 0x000000008b800000|  0%| F|  |TAMS 0x000000008b700000| PB 0x000000008b700000| Untracked |  0
| 184|0x000000008b800000, 0x000000008b800000, 0x000000008b900000|  0%| F|  |TAMS 0x000000008b800000| PB 0x000000008b800000| Untracked |  0
| 185|0x000000008b900000, 0x000000008b900000, 0x000000008ba00000|  0%| F|  |TAMS 0x000000008b900000| PB 0x000000008b900000| Untracked |  0
| 186|0x000000008ba00000, 0x000000008ba00000, 0x000000008bb00000|  0%| F|  |TAMS 0x000000008ba00000| PB 0x000000008ba00000| Untracked |  0
| 187|0x000000008bb00000, 0x000000008bb00000, 0x000000008bc00000|  0%| F|  |TAMS 0x000000008bb00000| PB 0x000000008bb00000| Untracked |  0
| 188|0x000000008bc00000, 0x000000008bc00000, 0x000000008bd00000|  0%| F|  |TAMS 0x000000008bc00000| PB 0x000000008bc00000| Untracked |  0
| 189|0x000000008bd00000, 0x000000008bd00000, 0x000000008be00000|  0%| F|  |TAMS 0x000000008bd00000| PB 0x000000008bd00000| Untracked |  0
| 190|0x000000008be00000, 0x000000008be00000, 0x000000008bf00000|  0%| F|  |TAMS 0x000000008be00000| PB 0x000000008be00000| Untracked |  0
| 191|0x000000008bf00000, 0x000000008bf00000, 0x000000008c000000|  0%| F|  |TAMS 0x000000008bf00000| PB 0x000000008bf00000| Untracked |  0
| 192|0x000000008c000000, 0x000000008c000000, 0x000000008c100000|  0%| F|  |TAMS 0x000000008c000000| PB 0x000000008c000000| Untracked |  0
| 193|0x000000008c100000, 0x000000008c100000, 0x000000008c200000|  0%| F|  |TAMS 0x000000008c100000| PB 0x000000008c100000| Untracked |  0
| 194|0x000000008c200000, 0x000000008c200000, 0x000000008c300000|  0%| F|  |TAMS 0x000000008c200000| PB 0x000000008c200000| Untracked |  0
| 195|0x000000008c300000, 0x000000008c300000, 0x000000008c400000|  0%| F|  |TAMS 0x000000008c300000| PB 0x000000008c300000| Untracked |  0
| 196|0x000000008c400000, 0x000000008c400000, 0x000000008c500000|  0%| F|  |TAMS 0x000000008c400000| PB 0x000000008c400000| Untracked |  0
| 197|0x000000008c500000, 0x000000008c500000, 0x000000008c600000|  0%| F|  |TAMS 0x000000008c500000| PB 0x000000008c500000| Untracked |  0
| 198|0x000000008c600000, 0x000000008c600000, 0x000000008c700000|  0%| F|  |TAMS 0x000000008c600000| PB 0x000000008c600000| Untracked |  0
| 199|0x000000008c700000, 0x000000008c700000, 0x000000008c800000|  0%| F|  |TAMS 0x000000008c700000| PB 0x000000008c700000| Untracked |  0
| 200|0x000000008c800000, 0x000000008c800000, 0x000000008c900000|  0%| F|  |TAMS 0x000000008c800000| PB 0x000000008c800000| Untracked |  0
| 201|0x000000008c900000, 0x000000008c900000, 0x000000008ca00000|  0%| F|  |TAMS 0x000000008c900000| PB 0x000000008c900000| Untracked |  0
| 202|0x000000008ca00000, 0x000000008ca00000, 0x000000008cb00000|  0%| F|  |TAMS 0x000000008ca00000| PB 0x000000008ca00000| Untracked |  0
| 203|0x000000008cb00000, 0x000000008cb00000, 0x000000008cc00000|  0%| F|  |TAMS 0x000000008cb00000| PB 0x000000008cb00000| Untracked |  0
| 204|0x000000008cc00000, 0x000000008cc00000, 0x000000008cd00000|  0%| F|  |TAMS 0x000000008cc00000| PB 0x000000008cc00000| Untracked |  0
| 205|0x000000008cd00000, 0x000000008cd00000, 0x000000008ce00000|  0%| F|  |TAMS 0x000000008cd00000| PB 0x000000008cd00000| Untracked |  0
| 206|0x000000008ce00000, 0x000000008ce00000, 0x000000008cf00000|  0%| F|  |TAMS 0x000000008ce00000| PB 0x000000008ce00000| Untracked |  0
| 207|0x000000008cf00000, 0x000000008cf00000, 0x000000008d000000|  0%| F|  |TAMS 0x000000008cf00000| PB 0x000000008cf00000| Untracked |  0
| 208|0x000000008d000000, 0x000000008d000000, 0x000000008d100000|  0%| F|  |TAMS 0x000000008d000000| PB 0x000000008d000000| Untracked |  0
| 209|0x000000008d100000, 0x000000008d100000, 0x000000008d200000|  0%| F|  |TAMS 0x000000008d100000| PB 0x000000008d100000| Untracked |  0
| 210|0x000000008d200000, 0x000000008d200000, 0x000000008d300000|  0%| F|  |TAMS 0x000000008d200000| PB 0x000000008d200000| Untracked |  0
| 211|0x000000008d300000, 0x000000008d300000, 0x000000008d400000|  0%| F|  |TAMS 0x000000008d300000| PB 0x000000008d300000| Untracked |  0
| 212|0x000000008d400000, 0x000000008d400000, 0x000000008d500000|  0%| F|  |TAMS 0x000000008d400000| PB 0x000000008d400000| Untracked |  0
| 213|0x000000008d500000, 0x000000008d500000, 0x000000008d600000|  0%| F|  |TAMS 0x000000008d500000| PB 0x000000008d500000| Untracked |  0
| 214|0x000000008d600000, 0x000000008d600000, 0x000000008d700000|  0%| F|  |TAMS 0x000000008d600000| PB 0x000000008d600000| Untracked |  0
| 215|0x000000008d700000, 0x000000008d700000, 0x000000008d800000|  0%| F|  |TAMS 0x000000008d700000| PB 0x000000008d700000| Untracked |  0
| 216|0x000000008d800000, 0x000000008d800000, 0x000000008d900000|  0%| F|  |TAMS 0x000000008d800000| PB 0x000000008d800000| Untracked |  0
| 217|0x000000008d900000, 0x000000008d900000, 0x000000008da00000|  0%| F|  |TAMS 0x000000008d900000| PB 0x000000008d900000| Untracked |  0
| 218|0x000000008da00000, 0x000000008da00000, 0x000000008db00000|  0%| F|  |TAMS 0x000000008da00000| PB 0x000000008da00000| Untracked |  0
| 219|0x000000008db00000, 0x000000008db00000, 0x000000008dc00000|  0%| F|  |TAMS 0x000000008db00000| PB 0x000000008db00000| Untracked |  0
| 220|0x000000008dc00000, 0x000000008dc00000, 0x000000008dd00000|  0%| F|  |TAMS 0x000000008dc00000| PB 0x000000008dc00000| Untracked |  0
| 221|0x000000008dd00000, 0x000000008dd00000, 0x000000008de00000|  0%| F|  |TAMS 0x000000008dd00000| PB 0x000000008dd00000| Untracked |  0
| 222|0x000000008de00000, 0x000000008de00000, 0x000000008df00000|  0%| F|  |TAMS 0x000000008de00000| PB 0x000000008de00000| Untracked |  0
| 223|0x000000008df00000, 0x000000008df00000, 0x000000008e000000|  0%| F|  |TAMS 0x000000008df00000| PB 0x000000008df00000| Untracked |  0
| 224|0x000000008e000000, 0x000000008e000000, 0x000000008e100000|  0%| F|  |TAMS 0x000000008e000000| PB 0x000000008e000000| Untracked |  0
| 225|0x000000008e100000, 0x000000008e100000, 0x000000008e200000|  0%| F|  |TAMS 0x000000008e100000| PB 0x000000008e100000| Untracked |  0
| 226|0x000000008e200000, 0x000000008e200000, 0x000000008e300000|  0%| F|  |TAMS 0x000000008e200000| PB 0x000000008e200000| Untracked |  0
| 227|0x000000008e300000, 0x000000008e300000, 0x000000008e400000|  0%| F|  |TAMS 0x000000008e300000| PB 0x000000008e300000| Untracked |  0
| 228|0x000000008e400000, 0x000000008e400000, 0x000000008e500000|  0%| F|  |TAMS 0x000000008e400000| PB 0x000000008e400000| Untracked |  0
| 229|0x000000008e500000, 0x000000008e500000, 0x000000008e600000|  0%| F|  |TAMS 0x000000008e500000| PB 0x000000008e500000| Untracked |  0
| 230|0x000000008e600000, 0x000000008e600000, 0x000000008e700000|  0%| F|  |TAMS 0x000000008e600000| PB 0x000000008e600000| Untracked |  0
| 231|0x000000008e700000, 0x000000008e700000, 0x000000008e800000|  0%| F|  |TAMS 0x000000008e700000| PB 0x000000008e700000| Untracked |  0
| 232|0x000000008e800000, 0x000000008e800000, 0x000000008e900000|  0%| F|  |TAMS 0x000000008e800000| PB 0x000000008e800000| Untracked |  0
| 233|0x000000008e900000, 0x000000008e900000, 0x000000008ea00000|  0%| F|  |TAMS 0x000000008e900000| PB 0x000000008e900000| Untracked |  0
| 234|0x000000008ea00000, 0x000000008ea00000, 0x000000008eb00000|  0%| F|  |TAMS 0x000000008ea00000| PB 0x000000008ea00000| Untracked |  0
| 235|0x000000008eb00000, 0x000000008eb00000, 0x000000008ec00000|  0%| F|  |TAMS 0x000000008eb00000| PB 0x000000008eb00000| Untracked |  0
| 236|0x000000008ec00000, 0x000000008ec776d8, 0x000000008ed00000| 46%| E|  |TAMS 0x000000008ec00000| PB 0x000000008ec00000| Complete |  0
| 237|0x000000008ed00000, 0x000000008ee00000, 0x000000008ee00000|100%| E|CS|TAMS 0x000000008ed00000| PB 0x000000008ed00000| Complete |  0
| 238|0x000000008ee00000, 0x000000008ef00000, 0x000000008ef00000|100%| E|CS|TAMS 0x000000008ee00000| PB 0x000000008ee00000| Complete |  0
| 239|0x000000008ef00000, 0x000000008f000000, 0x000000008f000000|100%| E|CS|TAMS 0x000000008ef00000| PB 0x000000008ef00000| Complete |  0
| 240|0x000000008f000000, 0x000000008f100000, 0x000000008f100000|100%| E|CS|TAMS 0x000000008f000000| PB 0x000000008f000000| Complete |  0
| 241|0x000000008f100000, 0x000000008f200000, 0x000000008f200000|100%| E|CS|TAMS 0x000000008f100000| PB 0x000000008f100000| Complete |  0
| 242|0x000000008f200000, 0x000000008f300000, 0x000000008f300000|100%| E|CS|TAMS 0x000000008f200000| PB 0x000000008f200000| Complete |  0
| 243|0x000000008f300000, 0x000000008f400000, 0x000000008f400000|100%| E|CS|TAMS 0x000000008f300000| PB 0x000000008f300000| Complete |  0
| 244|0x000000008f400000, 0x000000008f500000, 0x000000008f500000|100%| E|CS|TAMS 0x000000008f400000| PB 0x000000008f400000| Complete |  0
| 245|0x000000008f500000, 0x000000008f600000, 0x000000008f600000|100%| E|CS|TAMS 0x000000008f500000| PB 0x000000008f500000| Complete |  0
|2046|0x00000000ffe00000, 0x00000000fff00000, 0x00000000fff00000|100%| O|  |TAMS 0x00000000ffe00000| PB 0x00000000ffe00000| Untracked |  0
|2047|0x00000000fff00000, 0x00000000fff256a0, 0x0000000100000000| 14%| O|  |TAMS 0x00000000fff00000| PB 0x00000000fff00000| Untracked |  0

Card table byte_map: [0x000001ab7f860000,0x000001ab7fc60000] _byte_map_base: 0x000001ab7f460000

Marking Bits: (CMBitMap*) 0x000001ab675cc6f0
 Bits: [0x000001ab00000000, 0x000001ab02000000)

Polling page: 0x000001ab653a0000

Metaspace:
Metaspace        used 16412K, committed 16896K, reserved 1114112K
 class space     used 1696K, committed 1920K, reserved 1048576K

Usage:
  Non-class:     14.37 MB used.
      Class:      1.66 MB used.
       Both:     16.03 MB used.

Virtual space:
  Non-class space:       64.00 MB reserved,      14.62 MB ( 23%) committed,  1 nodes.
      Class space:        1.00 GB reserved,       1.88 MB ( <1%) committed,  1 nodes.
             Both:        1.06 GB reserved,      16.50 MB (  2%) committed. 

Chunk freelists:
   Non-Class:  1.16 MB
       Class:  14.00 MB
        Both:  15.16 MB

MaxMetaspaceSize: unlimited
CompressedClassSpaceSize: 1.00 GB
Initial GC threshold: 21.00 MB
Current GC threshold: 21.00 MB
CDS: on
 - commit_granule_bytes: 65536.
 - commit_granule_words: 8192.
 - virtual_space_node_default_size: 8388608.
 - enlarge_chunks_in_place: 1.
UseCompressedClassPointers 1, UseCompactObjectHeaders 0
Narrow klass pointer bits 32, Max shift 3
Narrow klass base: 0x0000000026000000, Narrow klass shift: 0
Encoding Range: [0x0000000026000000 - 0x0000000126000000), (4294967296 bytes)
Klass Range:    [0x0000000026010000 - 0x0000000067000000), (1090453504 bytes)
Klass ID Range:  [65536 - 1090519033) (1090453497)
Protection zone: [0x0000000026000000 - 0x0000000026010000), (65536 bytes)


Internal statistics:

num_allocs_failed_limit: 0.
num_arena_births: 582.
num_arena_deaths: 0.
num_vsnodes_births: 2.
num_vsnodes_deaths: 0.
num_space_committed: 264.
num_space_uncommitted: 0.
num_chunks_returned_to_freelist: 0.
num_chunks_taken_from_freelist: 1146.
num_chunk_merges: 0.
num_chunk_splits: 756.
num_chunks_enlarged: 526.
num_inconsistent_stats: 0.

CodeHeap 'non-profiled nmethods': size=120064Kb used=1026Kb max_used=1026Kb free=119037Kb
 bounds [0x000001ab778b0000, 0x000001ab77b20000, 0x000001ab7edf0000]
CodeHeap 'profiled nmethods': size=120000Kb used=5265Kb max_used=5265Kb free=114735Kb
 bounds [0x000001ab6fdf0000, 0x000001ab70320000, 0x000001ab77320000]
CodeHeap 'non-nmethods': size=5696Kb used=1449Kb max_used=1475Kb free=4246Kb
 bounds [0x000001ab77320000, 0x000001ab77590000, 0x000001ab778b0000]
CodeCache: size=245760Kb, used=7740Kb, max_used=7766Kb, free=238018Kb
 total_blobs=3842, nmethods=3262, adapters=482, full_count=0
Compilation: enabled, stopped_count=0, restarted_count=0

Compilation events (20 events):
Event: 1.820 Thread 0x000001ab04a38b40 3195       3       java.lang.invoke.InvokerBytecodeGenerator$2::<init> (20 bytes)
Event: 1.820 Thread 0x000001ab04a38b40 nmethod 3195 0x000001ab702f8788 code [0x000001ab702f8880, 0x000001ab702f8af8]
Event: 1.820 Thread 0x000001ab04a38b40 3196       3       java.lang.invoke.InvokerBytecodeGenerator$2::accept (9 bytes)
Event: 1.820 Thread 0x000001ab04a38b40 nmethod 3196 0x000001ab702f8b08 code [0x000001ab702f8c00, 0x000001ab702f8e38]
Event: 1.820 Thread 0x000001ab04a38b40 3198       3       java.lang.invoke.InvokerBytecodeGenerator::bogusMethod (34 bytes)
Event: 1.820 Thread 0x000001ab04a38b40 nmethod 3198 0x000001ab702f8e88 code [0x000001ab702f8f80, 0x000001ab702f9340]
Event: 1.820 Thread 0x000001ab04a38b40 3199       3       java.lang.invoke.InvokerBytecodeGenerator::classDataValues (252 bytes)
Event: 1.821 Thread 0x000001ab04a38b40 nmethod 3199 0x000001ab702f9388 code [0x000001ab702f9480, 0x000001ab702fbf50]
Event: 1.822 Thread 0x000001ab04a38b40 3203       3       java.util.ArrayList::getFirst (21 bytes)
Event: 1.823 Thread 0x000001ab04a38b40 nmethod 3203 0x000001ab702fbf88 code [0x000001ab702fc080, 0x000001ab702fc328]
Event: 1.823 Thread 0x000001ab04a38b40 3204       3       java.lang.classfile.constantpool.ConstantPoolBuilder::classEntry (92 bytes)
Event: 1.823 Thread 0x000001ab04a38b40 nmethod 3204 0x000001ab702fc388 code [0x000001ab702fc480, 0x000001ab702fdd80]
Event: 1.823 Thread 0x000001ab04a38b40 3205       3       jdk.internal.classfile.impl.TemporaryConstantPool::classEntry (15 bytes)
Event: 1.824 Thread 0x000001ab04a38b40 nmethod 3205 0x000001ab702fde08 code [0x000001ab702fdf00, 0x000001ab702fe180]
Event: 1.837 Thread 0x000001ab04a38b40 3206       1       java.util.concurrent.atomic.AtomicInteger::get (5 bytes)
Event: 1.837 Thread 0x000001ab04a38b40 nmethod 3206 0x000001ab779aeb88 code [0x000001ab779aec80, 0x000001ab779aed48]
Event: 1.902 Thread 0x000001ab04a38b40 3207       3       java.lang.Thread::interrupted (7 bytes)
Event: 1.902 Thread 0x000001ab04a38b40 nmethod 3207 0x000001ab702fe188 code [0x000001ab702fe280, 0x000001ab702fe4e0]
Event: 1.902 Thread 0x000001ab04a38b40 3208       3       java.lang.Thread::getAndClearInterrupt (19 bytes)
Event: 1.902 Thread 0x000001ab04a38b40 nmethod 3208 0x000001ab702fe508 code [0x000001ab702fe600, 0x000001ab702fe780]

GC Heap Usage History (4 events):
Event: 0.600 {heap Before GC invocations=0 (full 0):
 garbage-first heap   total reserved 2097152K, committed 253952K, used 52373K [0x0000000080000000, 0x0000000100000000)
  region size 1024K, 47 young (48128K), 0 survivors (0K)
}
Event: 0.604 {heap After GC invocations=1 (full 0):
 garbage-first heap   total reserved 2097152K, committed 253952K, used 11557K [0x0000000080000000, 0x0000000100000000)
  region size 1024K, 6 young (6144K), 6 survivors (6144K)
}
Event: 1.766 {heap Before GC invocations=1 (full 0):
 garbage-first heap   total reserved 2097152K, committed 253952K, used 118053K [0x0000000080000000, 0x0000000100000000)
  region size 1024K, 108 young (110592K), 6 survivors (6144K)
}
Event: 1.773 {heap After GC invocations=2 (full 0):
 garbage-first heap   total reserved 2097152K, committed 253952K, used 21032K [0x0000000080000000, 0x0000000100000000)
  region size 1024K, 14 young (14336K), 14 survivors (14336K)
}

Metaspace Usage History (4 events):
Event: 0.600 {metaspace Before GC invocations=0 (full 0):
 Metaspace       used 4564K, committed 4736K, reserved 1114112K
  class space    used 392K, committed 448K, reserved 1048576K
}
Event: 0.604 {metaspace After GC invocations=1 (full 0):
 Metaspace       used 4564K, committed 4736K, reserved 1114112K
  class space    used 392K, committed 448K, reserved 1048576K
}
Event: 1.766 {metaspace Before GC invocations=1 (full 0):
 Metaspace       used 14981K, committed 15488K, reserved 1114112K
  class space    used 1537K, committed 1792K, reserved 1048576K
}
Event: 1.773 {metaspace After GC invocations=2 (full 0):
 Metaspace       used 14981K, committed 15488K, reserved 1114112K
  class space    used 1537K, committed 1792K, reserved 1048576K
}

Dll operation events (14 events):
Event: 0.009 Loaded shared library C:\Program Files\Java\jdk-25\bin\java.dll
Event: 0.060 Loaded shared library C:\Program Files\Java\jdk-25\bin\zip.dll
Event: 0.063 Loaded shared library C:\Program Files\Java\jdk-25\bin\instrument.dll
Event: 0.066 Loaded shared library C:\Program Files\Java\jdk-25\bin\net.dll
Event: 0.067 Loaded shared library C:\Program Files\Java\jdk-25\bin\nio.dll
Event: 0.070 Loaded shared library C:\Program Files\Java\jdk-25\bin\zip.dll
Event: 0.237 Loaded shared library C:\Program Files\Java\jdk-25\bin\jimage.dll
Event: 0.357 Loaded shared library C:\Program Files\Java\jdk-25\bin\verify.dll
Event: 0.376 Loaded shared library C:\Users\IT\.gradle\native\1def1411415f61bf3af743bc5b6707747c0891f09f0c88961ee8f79bc544acac\windows-amd64\native-platform.dll
Event: 0.383 Loaded shared library C:\Users\IT\.gradle\native\0.2.8\x86_64-windows-gnu\gradle-fileevents.dll
Event: 1.162 Loaded shared library C:\Program Files\Java\jdk-25\bin\management.dll
Event: 1.163 Loaded shared library C:\Program Files\Java\jdk-25\bin\management_ext.dll
Event: 1.244 Loaded shared library C:\Program Files\Java\jdk-25\bin\extnet.dll
Event: 1.388 Loaded shared library C:\Program Files\Java\jdk-25\bin\sunmscapi.dll

Deoptimization events (20 events):
Event: 1.760 Thread 0x000001ab0a8ffaa0 DEOPT PACKING pc=0x000001ab7792a1dc sp=0x00000008870fb140
Event: 1.760 Thread 0x000001ab0a8ffaa0 DEOPT UNPACKING pc=0x000001ab7743f902 sp=0x00000008870fb078 mode 2
Event: 1.760 Thread 0x000001ab0a8ffaa0 Uncommon trap: trap_request=0xffffff45 fr.pc=0x000001ab7792800c relative=0x000000000000040c
Event: 1.760 Thread 0x000001ab0a8ffaa0 Uncommon trap: reason=unstable_if action=reinterpret pc=0x000001ab7792800c method=java.util.regex.Matcher.match(II)Z @ 76 c2
Event: 1.760 Thread 0x000001ab0a8ffaa0 DEOPT PACKING pc=0x000001ab7792800c sp=0x00000008870fb160
Event: 1.760 Thread 0x000001ab0a8ffaa0 DEOPT UNPACKING pc=0x000001ab7743f902 sp=0x00000008870fb118 mode 2
Event: 1.760 Thread 0x000001ab0a8ffaa0 Uncommon trap: trap_request=0xffffff45 fr.pc=0x000001ab77927048 relative=0x0000000000000148
Event: 1.760 Thread 0x000001ab0a8ffaa0 Uncommon trap: reason=unstable_if action=reinterpret pc=0x000001ab77927048 method=java.util.regex.Matcher.reset()Ljava/util/regex/Matcher; @ 47 c2
Event: 1.760 Thread 0x000001ab0a8ffaa0 DEOPT PACKING pc=0x000001ab77927048 sp=0x00000008870fb000
Event: 1.760 Thread 0x000001ab0a8ffaa0 DEOPT UNPACKING pc=0x000001ab7743f902 sp=0x00000008870faf90 mode 2
Event: 1.765 Thread 0x000001ab0a8ffaa0 DEOPT PACKING pc=0x000001ab6fec7d8f sp=0x00000008870fadc0
Event: 1.765 Thread 0x000001ab0a8ffaa0 DEOPT UNPACKING pc=0x000001ab77371702 sp=0x00000008870fa258 mode 0
Event: 1.813 Thread 0x000001ab0a8ffaa0 Uncommon trap: trap_request=0xffffff45 fr.pc=0x000001ab778d5318 relative=0x0000000000000b18
Event: 1.813 Thread 0x000001ab0a8ffaa0 Uncommon trap: reason=unstable_if action=reinterpret pc=0x000001ab778d5318 method=java.io.WinNTFileSystem.resolve(Ljava/lang/String;Ljava/lang/String;)Ljava/lang/String; @ 42 c2
Event: 1.813 Thread 0x000001ab0a8ffaa0 DEOPT PACKING pc=0x000001ab778d5318 sp=0x00000008870fb7b0
Event: 1.813 Thread 0x000001ab0a8ffaa0 DEOPT UNPACKING pc=0x000001ab7743f902 sp=0x00000008870fb728 mode 2
Event: 1.814 Thread 0x000001ab0a8ffaa0 Uncommon trap: trap_request=0xffffff45 fr.pc=0x000001ab778dd040 relative=0x0000000000000540
Event: 1.814 Thread 0x000001ab0a8ffaa0 Uncommon trap: reason=unstable_if action=reinterpret pc=0x000001ab778dd040 method=java.io.File.getName()Ljava/lang/String; @ 16 c2
Event: 1.814 Thread 0x000001ab0a8ffaa0 DEOPT PACKING pc=0x000001ab778dd040 sp=0x00000008870fb780
Event: 1.814 Thread 0x000001ab0a8ffaa0 DEOPT UNPACKING pc=0x000001ab7743f902 sp=0x00000008870fb750 mode 2

Classes loaded (20 events):
Event: 1.753 Loading class java/net/DatagramPacket
Event: 1.753 Loading class java/net/DatagramPacket done
Event: 1.753 Loading class sun/nio/ch/DatagramChannelImpl$DatagramPackets
Event: 1.753 Loading class sun/nio/ch/DatagramChannelImpl$DatagramPackets done
Event: 1.760 Loading class java/util/TreeMap$KeySet
Event: 1.760 Loading class java/util/TreeMap$KeySet done
Event: 1.780 Loading class java/lang/Character$UnicodeBlock
Event: 1.781 Loading class java/lang/Character$Subset
Event: 1.781 Loading class java/lang/Character$Subset done
Event: 1.781 Loading class java/lang/Character$UnicodeBlock done
Event: 1.789 Loading class sun/security/provider/MD5
Event: 1.789 Loading class sun/security/provider/MD5 done
Event: 1.789 Loading class sun/security/provider/SHA5$SHA512
Event: 1.789 Loading class sun/security/provider/SHA5
Event: 1.789 Loading class sun/security/provider/SHA5 done
Event: 1.789 Loading class sun/security/provider/SHA5$SHA512 done
Event: 1.790 Loading class sun/security/provider/ByteArrayAccess$LE
Event: 1.790 Loading class sun/security/provider/ByteArrayAccess$LE done
Event: 1.814 Loading class java/io/File$TempDirectory
Event: 1.814 Loading class java/io/File$TempDirectory done

Classes unloaded (0 events):
No events

Classes redefined (0 events):
No events

Internal exceptions (20 events):
Event: 1.323 Thread 0x000001ab67572110 Exception <a 'java/lang/NoSuchMethodError'{0x000000008aa7f0e8}: 'long java.lang.invoke.DirectMethodHandle$Holder.invokeSpecial(java.lang.Object, java.lang.Object)'> (0x000000008aa7f0e8) 
thrown [s\open\src\hotspot\share\interpreter\linkResolver.cpp, line 804]
Event: 1.340 Thread 0x000001ab67572110 Exception <a 'java/lang/NoSuchMethodError'{0x000000008a974bf8}: 'int java.lang.invoke.DirectMethodHandle$Holder.invokeStatic(java.lang.Object, int, java.lang.Object)'> (0x000000008a974bf8) 
thrown [s\open\src\hotspot\share\interpreter\linkResolver.cpp, line 804]
Event: 1.344 Thread 0x000001ab67572110 Exception <a 'java/io/IOException'{0x000000008a9b5780}> (0x000000008a9b5780) 
thrown [s\open\src\hotspot\share\prims\jni.cpp, line 516]
Event: 1.348 Thread 0x000001ab67572110 Implicit null exception at 0x000001ab77904638 to 0x000001ab77904cf4
Event: 1.351 Thread 0x000001ab67572110 Exception <a 'java/lang/NoSuchMethodError'{0x000000008a83cee8}: 'java.lang.Object java.lang.invoke.DirectMethodHandle$Holder.newInvokeSpecial(java.lang.Object, java.lang.Object, java.lang.Object, java.lang.Object, java.lang.Object)'> (0x000000008a83cee8) 
thrown [s\open\src\hotspot\share\interpreter\linkResolver.cpp, line 804]
Event: 1.476 Thread 0x000001ab0a8ffaa0 Exception <a 'java/lang/NoSuchMethodError'{0x0000000089f69848}: 'long java.lang.invoke.DirectMethodHandle$Holder.invokeInterface(java.lang.Object, java.lang.Object)'> (0x0000000089f69848) 
thrown [s\open\src\hotspot\share\interpreter\linkResolver.cpp, line 804]
Event: 1.518 Thread 0x000001ab0a8ffaa0 Exception <a 'java/lang/NoSuchMethodError'{0x0000000089b11568}: 'void java.lang.invoke.DirectMethodHandle$Holder.invokeStatic(java.lang.Object, java.lang.Object)'> (0x0000000089b11568) 
thrown [s\open\src\hotspot\share\interpreter\linkResolver.cpp, line 804]
Event: 1.523 Thread 0x000001ab0a8ffaa0 Exception <a 'java/lang/NoSuchMethodError'{0x0000000089b75328}: 'java.lang.Object java.lang.invoke.DirectMethodHandle$Holder.invokeVirtual(java.lang.Object, java.lang.Object, java.lang.Object, java.lang.Object, java.lang.Object, java.lang.Object, java.lang.Object, java.lang.Object, java.lang.Object, java.lang.Object, java.lang.Object, java.lang.Object)'> (0x0000000089b75328) 
thrown [s\open\src\hotspot\share\interpreter\linkResolver.cpp, line 804]
Event: 1.551 Thread 0x000001ab0a8ffaa0 Exception <a 'java/lang/NoSuchMethodError'{0x00000000899e62f0}: 'int java.lang.invoke.DirectMethodHandle$Holder.invokeVirtual(java.lang.Object, java.lang.Object, java.lang.Object)'> (0x00000000899e62f0) 
thrown [s\open\src\hotspot\share\interpreter\linkResolver.cpp, line 804]
Event: 1.583 Thread 0x000001ab0a8ffaa0 Exception <a 'java/lang/NoSuchMethodError'{0x000000008966ca10}: 'java.lang.Object java.lang.invoke.DirectMethodHandle$Holder.newInvokeSpecial(java.lang.Object, java.lang.Object, java.lang.Object, java.lang.Object, java.lang.Object, java.lang.Object)'> (0x000000008966ca10) 
thrown [s\open\src\hotspot\share\interpreter\linkResolver.cpp, line 804]
Event: 1.626 Thread 0x000001ab0a8ffaa0 Exception <a 'java/lang/NoSuchMethodError'{0x0000000089378ff8}: 'void java.lang.invoke.DelegatingMethodHandle$Holder.reinvoke_L(java.lang.Object, java.lang.Object, java.lang.Object, java.lang.Object, java.lang.Object, java.lang.Object, java.lang.Object, java.lang.Object, java.lang.Object, java.lang.Object)'> (0x0000000089378ff8) 
thrown [s\open\src\hotspot\share\interpreter\linkResolver.cpp, line 804]
Event: 1.627 Thread 0x000001ab0a8ffaa0 Exception <a 'java/lang/NoSuchMethodError'{0x000000008938a198}: 'java.lang.Object java.lang.invoke.Invokers$Holder.invoker(java.lang.Object, java.lang.Object, java.lang.Object, java.lang.Object, java.lang.Object, java.lang.Object, java.lang.Object, java.lang.Object, java.lang.Object, java.lang.Object)'> (0x000000008938a198) 
thrown [s\open\src\hotspot\share\interpreter\linkResolver.cpp, line 804]
Event: 1.733 Thread 0x000001ab0a8ffaa0 Exception <a 'java/lang/NoSuchMethodError'{0x0000000088d3dbd8}: 'void java.lang.invoke.DirectMethodHandle$Holder.invokeInterface(java.lang.Object, java.lang.Object)'> (0x0000000088d3dbd8) 
thrown [s\open\src\hotspot\share\interpreter\linkResolver.cpp, line 804]
Event: 1.733 Thread 0x000001ab0a8ffaa0 Exception <a 'java/lang/IncompatibleClassChangeError'{0x0000000088d45df0}: Found class java.lang.Object, but interface was expected> (0x0000000088d45df0) 
thrown [s\open\src\hotspot\share\interpreter\linkResolver.cpp, line 871]
Event: 1.748 Thread 0x000001ab0a8ffaa0 Exception <a 'java/lang/NoSuchMethodError'{0x0000000088b0ae58}: 'java.lang.Object java.lang.invoke.DirectMethodHandle$Holder.newInvokeSpecial(java.lang.Object, java.lang.Object, int)'> (0x0000000088b0ae58) 
thrown [s\open\src\hotspot\share\interpreter\linkResolver.cpp, line 804]
Event: 1.796 Thread 0x000001ab0a8ffaa0 Exception <a 'java/lang/NoSuchMethodError'{0x000000008f331708}: 'java.lang.Object java.lang.invoke.DirectMethodHandle$Holder.invokeVirtual(java.lang.Object, java.lang.Object, java.lang.Object, java.lang.Object, java.lang.Object, java.lang.Object, java.lang.Object, java.lang.Object)'> (0x000000008f331708) 
thrown [s\open\src\hotspot\share\interpreter\linkResolver.cpp, line 804]
Event: 1.807 Thread 0x000001ab0a8ffaa0 Exception <a 'java/lang/NoSuchMethodError'{0x000000008f3e4538}: 'java.lang.Object java.lang.invoke.Invokers$Holder.invoker(java.lang.Object, java.lang.Object)'> (0x000000008f3e4538) 
thrown [s\open\src\hotspot\share\interpreter\linkResolver.cpp, line 804]
Event: 1.809 Thread 0x000001ab0a8ffaa0 Exception <a 'java/lang/NoSuchMethodError'{0x000000008f2286b8}: 'java.lang.Object java.lang.invoke.DirectMethodHandle$Holder.invokeVirtual(java.lang.Object, java.lang.Object, java.lang.Object, java.lang.Object, java.lang.Object, java.lang.Object, java.lang.Object, java.lang.Object, java.lang.Object, java.lang.Object)'> (0x000000008f2286b8) 
thrown [s\open\src\hotspot\share\interpreter\linkResolver.cpp, line 804]
Event: 1.822 Thread 0x000001ab0a8ffaa0 Exception <a 'java/lang/NoSuchMethodError'{0x000000008f2e6808}: 'void java.lang.invoke.DirectMethodHandle$Holder.invokeStatic(java.lang.Object, java.lang.Object, java.lang.Object, java.lang.Object)'> (0x000000008f2e6808) 
thrown [s\open\src\hotspot\share\interpreter\linkResolver.cpp, line 804]
Event: 1.822 Thread 0x000001ab0a8ffaa0 Exception <a 'java/lang/NoSuchMethodError'{0x000000008f2ef820}: 'void java.lang.invoke.DirectMethodHandle$Holder.invokeStaticInit(java.lang.Object, java.lang.Object, java.lang.Object, java.lang.Object)'> (0x000000008f2ef820) 
thrown [s\open\src\hotspot\share\interpreter\linkResolver.cpp, line 804]

VM Operations (20 events):
Event: 1.136 Executing non-safepoint VM operation: HandshakeAllThreads (Deoptimize)
Event: 1.136 Executing non-safepoint VM operation: HandshakeAllThreads (Deoptimize) done
Event: 1.171 Executing non-safepoint VM operation: HandshakeAllThreads (Deoptimize)
Event: 1.171 Executing non-safepoint VM operation: HandshakeAllThreads (Deoptimize) done
Event: 1.178 Executing non-safepoint VM operation: HandshakeAllThreads (Deoptimize)
Event: 1.178 Executing non-safepoint VM operation: HandshakeAllThreads (Deoptimize) done
Event: 1.215 Executing non-safepoint VM operation: HandshakeAllThreads (Deoptimize)
Event: 1.215 Executing non-safepoint VM operation: HandshakeAllThreads (Deoptimize) done
Event: 1.254 Executing non-safepoint VM operation: HandshakeAllThreads (Deoptimize)
Event: 1.254 Executing non-safepoint VM operation: HandshakeAllThreads (Deoptimize) done
Event: 1.278 Executing non-safepoint VM operation: HandshakeAllThreads (Deoptimize)
Event: 1.278 Executing non-safepoint VM operation: HandshakeAllThreads (Deoptimize) done
Event: 1.294 Executing non-safepoint VM operation: HandshakeAllThreads (Deoptimize)
Event: 1.294 Executing non-safepoint VM operation: HandshakeAllThreads (Deoptimize) done
Event: 1.373 Executing non-safepoint VM operation: HandshakeAllThreads (Deoptimize)
Event: 1.373 Executing non-safepoint VM operation: HandshakeAllThreads (Deoptimize) done
Event: 1.601 Executing non-safepoint VM operation: HandshakeAllThreads (Deoptimize)
Event: 1.601 Executing non-safepoint VM operation: HandshakeAllThreads (Deoptimize) done
Event: 1.766 Executing safepoint VM operation: G1CollectForAllocation (G1 Evacuation Pause)
Event: 1.773 Executing safepoint VM operation: G1CollectForAllocation (G1 Evacuation Pause) done

Memory protections (0 events):
No events

Nmethod flushes (0 events):
No events

Events (20 events):
Event: 0.032 Thread 0x000001ab67572110 Thread added: 0x000001ab04a2a100
Event: 0.032 Thread 0x000001ab67572110 Thread added: 0x000001ab04a38b40
Event: 0.064 Thread 0x000001ab67572110 Thread added: 0x000001ab04bdc4e0
Event: 0.081 Thread 0x000001ab67572110 Thread added: 0x000001ab04cb6e10
Event: 0.130 Thread 0x000001ab04a38b40 Thread added: 0x000001ab04a36b00
Event: 0.236 Thread 0x000001ab04a38b40 Thread added: 0x000001ab04a3a370
Event: 0.813 Thread 0x000001ab04a3a370 Thread exited: 0x000001ab04a3a370
Event: 1.180 Thread 0x000001ab67572110 Thread added: 0x000001ab0a9daba0
Event: 1.310 Thread 0x000001ab67572110 Thread added: 0x000001ab0a9afaa0
Event: 1.354 Thread 0x000001ab67572110 Thread added: 0x000001ab0a7cabd0
Event: 1.404 Thread 0x000001ab0a9afaa0 Thread added: 0x000001ab0aa2cb90
Event: 1.405 Thread 0x000001ab0aa2cb90 Thread added: 0x000001ab0a8fdb60
Event: 1.424 Thread 0x000001ab0aa2cb90 Thread added: 0x000001ab0a8ff2d0
Event: 1.429 Thread 0x000001ab0aa2cb90 Thread added: 0x000001ab0a8ffaa0
Event: 1.435 Thread 0x000001ab0a8ffaa0 Thread added: 0x000001ab0a901210
Event: 1.436 Thread 0x000001ab0a8ffaa0 Thread added: 0x000001ab0a8fe330
Event: 1.441 Thread 0x000001ab0a8ffaa0 Thread added: 0x000001ab0a9021b0
Event: 1.747 Thread 0x000001ab0a8ffaa0 Thread added: 0x000001ab0a903920
Event: 1.752 Thread 0x000001ab0a8ffaa0 Thread added: 0x000001ab0a9048c0
Event: 1.799 Thread 0x000001ab0a8ffaa0 Thread added: 0x000001ab0adb46f0


Dynamic libraries:
0x00007ff6a7dc0000 - 0x00007ff6a7dd0000 	C:\Program Files\Java\jdk-25\bin\java.exe
0x00007ffdf80c0000 - 0x00007ffdf8327000 	C:\WINDOWS\SYSTEM32\ntdll.dll
0x00007ffdf6f40000 - 0x00007ffdf7009000 	C:\WINDOWS\System32\KERNEL32.DLL
0x00007ffdf57d0000 - 0x00007ffdf5bc7000 	C:\WINDOWS\System32\KERNELBASE.dll
0x00007ffdf5680000 - 0x00007ffdf57cb000 	C:\WINDOWS\System32\ucrtbase.dll
0x00007ffddb250000 - 0x00007ffddb26e000 	C:\Program Files\Java\jdk-25\bin\VCRUNTIME140.dll
0x00007ffde8e70000 - 0x00007ffde8e87000 	C:\Program Files\Java\jdk-25\bin\jli.dll
0x00007ffdf5fc0000 - 0x00007ffdf6186000 	C:\WINDOWS\System32\USER32.dll
0x00007ffdd5220000 - 0x00007ffdd54b2000 	C:\WINDOWS\WinSxS\amd64_microsoft.windows.common-controls_6595b64144ccf1df_6.0.26100.8457_none_3e0b2faee331e92d\COMCTL32.dll
0x00007ffdf4c60000 - 0x00007ffdf4c87000 	C:\WINDOWS\System32\win32u.dll
0x00007ffdf61c0000 - 0x00007ffdf6269000 	C:\WINDOWS\System32\msvcrt.dll
0x00007ffdf6520000 - 0x00007ffdf654b000 	C:\WINDOWS\System32\GDI32.dll
0x00007ffdf5d10000 - 0x00007ffdf5e3c000 	C:\WINDOWS\System32\gdi32full.dll
0x00007ffdf4af0000 - 0x00007ffdf4b93000 	C:\WINDOWS\System32\msvcp_win.dll
0x00007ffdf6560000 - 0x00007ffdf6592000 	C:\WINDOWS\System32\IMM32.DLL
0x00007ffdefd80000 - 0x00007ffdefd8c000 	C:\Program Files\Java\jdk-25\bin\vcruntime140_1.dll
0x00007ffd59d00000 - 0x00007ffd59d8d000 	C:\Program Files\Java\jdk-25\bin\msvcp140.dll
0x00007ffd36770000 - 0x00007ffd375cf000 	C:\Program Files\Java\jdk-25\bin\server\jvm.dll
0x00007ffdf6930000 - 0x00007ffdf69e6000 	C:\WINDOWS\System32\ADVAPI32.dll
0x00007ffdf7010000 - 0x00007ffdf70b7000 	C:\WINDOWS\System32\sechost.dll
0x00007ffdf5e40000 - 0x00007ffdf5f58000 	C:\WINDOWS\System32\RPCRT4.dll
0x00007ffdf70e0000 - 0x00007ffdf7160000 	C:\WINDOWS\System32\WS2_32.dll
0x00007ffdf4950000 - 0x00007ffdf49ae000 	C:\WINDOWS\SYSTEM32\POWRPROF.dll
0x00007ffded660000 - 0x00007ffded696000 	C:\WINDOWS\SYSTEM32\WINMM.dll
0x00007ffded6a0000 - 0x00007ffded6ab000 	C:\WINDOWS\SYSTEM32\VERSION.dll
0x00007ffdf4930000 - 0x00007ffdf4944000 	C:\WINDOWS\SYSTEM32\UMPDC.dll
0x00007ffdf3880000 - 0x00007ffdf389b000 	C:\WINDOWS\SYSTEM32\kernel.appcore.dll
0x00007ffded870000 - 0x00007ffded87a000 	C:\Program Files\Java\jdk-25\bin\jimage.dll
0x00007ffde6590000 - 0x00007ffde67d2000 	C:\WINDOWS\SYSTEM32\DBGHELP.DLL
0x00007ffdf65a0000 - 0x00007ffdf6923000 	C:\WINDOWS\System32\combase.dll
0x00007ffdf6bd0000 - 0x00007ffdf6ca9000 	C:\WINDOWS\System32\OLEAUT32.dll
0x00007ffdef760000 - 0x00007ffdef79b000 	C:\WINDOWS\SYSTEM32\dbgcore.DLL
0x00007ffdf5bd0000 - 0x00007ffdf5c78000 	C:\WINDOWS\System32\bcryptPrimitives.dll
0x00007ffde8520000 - 0x00007ffde8530000 	C:\Program Files\Java\jdk-25\bin\instrument.dll
0x00007ffdefae0000 - 0x00007ffdefaff000 	C:\Program Files\Java\jdk-25\bin\java.dll
0x00007ffdf6d30000 - 0x00007ffdf6ec7000 	C:\WINDOWS\System32\ole32.dll
0x00007ffdf7600000 - 0x00007ffdf7d6e000 	C:\WINDOWS\System32\SHELL32.dll
0x00007ffdf4c90000 - 0x00007ffdf54fc000 	C:\WINDOWS\System32\windows.storage.dll
0x00007ffdf7f10000 - 0x00007ffdf8006000 	C:\WINDOWS\System32\SHCORE.dll
0x00007ffdf6ed0000 - 0x00007ffdf6f36000 	C:\WINDOWS\System32\shlwapi.dll
0x00007ffdf4a10000 - 0x00007ffdf4a39000 	C:\WINDOWS\SYSTEM32\profapi.dll
0x00007ffddb070000 - 0x00007ffddb087000 	C:\Program Files\Java\jdk-25\bin\zip.dll
0x00007ffdefac0000 - 0x00007ffdefad2000 	C:\Program Files\Java\jdk-25\bin\net.dll
0x00007ffdf3df0000 - 0x00007ffdf3e5c000 	C:\WINDOWS\system32\mswsock.dll
0x00007ffdeabf0000 - 0x00007ffdeac06000 	C:\Program Files\Java\jdk-25\bin\nio.dll
0x00007ffdd8630000 - 0x00007ffdd8640000 	C:\Program Files\Java\jdk-25\bin\verify.dll
0x00007ffdbbd10000 - 0x00007ffdbbd37000 	C:\Users\IT\.gradle\native\1def1411415f61bf3af743bc5b6707747c0891f09f0c88961ee8f79bc544acac\windows-amd64\native-platform.dll
0x00007ffd57ff0000 - 0x00007ffd58067000 	C:\Users\IT\.gradle\native\0.2.8\x86_64-windows-gnu\gradle-fileevents.dll
0x00007ffdd7770000 - 0x00007ffdd777a000 	C:\Program Files\Java\jdk-25\bin\management.dll
0x00007ffdd6e80000 - 0x00007ffdd6e8c000 	C:\Program Files\Java\jdk-25\bin\management_ext.dll
0x00007ffdf6550000 - 0x00007ffdf6558000 	C:\WINDOWS\System32\PSAPI.DLL
0x00007ffdf3340000 - 0x00007ffdf3372000 	C:\WINDOWS\SYSTEM32\IPHLPAPI.DLL
0x00007ffdf6330000 - 0x00007ffdf633a000 	C:\WINDOWS\System32\NSI.dll
0x00007ffde8560000 - 0x00007ffde8569000 	C:\Program Files\Java\jdk-25\bin\extnet.dll
0x00007ffdf40d0000 - 0x00007ffdf40eb000 	C:\WINDOWS\SYSTEM32\CRYPTSP.dll
0x00007ffdf37e0000 - 0x00007ffdf3819000 	C:\WINDOWS\system32\rsaenh.dll
0x00007ffdf3ea0000 - 0x00007ffdf3ed3000 	C:\WINDOWS\SYSTEM32\USERENV.dll
0x00007ffdf49e0000 - 0x00007ffdf4a0a000 	C:\WINDOWS\SYSTEM32\bcrypt.dll
0x00007ffdf40f0000 - 0x00007ffdf40fc000 	C:\WINDOWS\SYSTEM32\CRYPTBASE.dll
0x00007ffde8fd0000 - 0x00007ffde8fde000 	C:\Program Files\Java\jdk-25\bin\sunmscapi.dll
0x00007ffdf5500000 - 0x00007ffdf5678000 	C:\WINDOWS\System32\CRYPT32.dll
0x00007ffdf42f0000 - 0x00007ffdf4320000 	C:\WINDOWS\SYSTEM32\ncrypt.dll
0x00007ffdf42a0000 - 0x00007ffdf42df000 	C:\WINDOWS\SYSTEM32\NTASN1.dll
0x00007ffdcbcf0000 - 0x00007ffdcbcf8000 	C:\WINDOWS\system32\wshunix.dll

JVMTI agents:
C:\Users\IT\.gradle\wrapper\dists\gradle-9.1.0-bin\9agqghryom9wkf8r80qlhnts3\gradle-9.1.0\lib\agents\gradle-instrumentation-agent-9.1.0.jar path:C:\Program Files\Java\jdk-25\bin\instrument.dll, loaded, initialized, instrumentlib options:none

dbghelp: loaded successfully - version: 4.0.5 - missing functions: none
symbol engine: initialized successfully - sym options: 0x614 - pdb path: .;C:\Program Files\Java\jdk-25\bin;C:\WINDOWS\SYSTEM32;C:\WINDOWS\WinSxS\amd64_microsoft.windows.common-controls_6595b64144ccf1df_6.0.26100.8457_none_3e0b2faee331e92d;C:\Program Files\Java\jdk-25\bin\server;C:\Users\IT\.gradle\native\1def1411415f61bf3af743bc5b6707747c0891f09f0c88961ee8f79bc544acac\windows-amd64;C:\Users\IT\.gradle\native\0.2.8\x86_64-windows-gnu

VM Arguments:
jvm_args: --add-opens=java.base/java.lang=ALL-UNNAMED --add-opens=java.base/java.lang.invoke=ALL-UNNAMED --add-opens=java.base/java.util=ALL-UNNAMED --add-opens=java.prefs/java.util.prefs=ALL-UNNAMED --add-exports=jdk.compiler/com.sun.tools.javac.api=ALL-UNNAMED --add-exports=jdk.compiler/com.sun.tools.javac.util=ALL-UNNAMED --add-opens=java.base/java.util=ALL-UNNAMED --add-opens=java.prefs/java.util.prefs=ALL-UNNAMED --add-opens=java.base/java.nio.charset=ALL-UNNAMED --add-opens=java.base/java.net=ALL-UNNAMED --add-opens=java.base/java.util.concurrent=ALL-UNNAMED --add-opens=java.base/java.util.concurrent.atomic=ALL-UNNAMED --add-opens=java.xml/javax.xml.namespace=ALL-UNNAMED --add-opens=java.base/java.time=ALL-UNNAMED --enable-native-access=ALL-UNNAMED -Xmx2048m -Dfile.encoding=UTF-8 -Duser.country=US -Duser.language=en -Duser.variant -javaagent:C:\Users\IT\.gradle\wrapper\dists\gradle-9.1.0-bin\9agqghryom9wkf8r80qlhnts3\gradle-9.1.0\lib\agents\gradle-instrumentation-agent-9.1.0.jar 
java_command: org.gradle.launcher.daemon.bootstrap.GradleDaemon 9.1.0
java_class_path (initial): C:\Users\IT\.gradle\wrapper\dists\gradle-9.1.0-bin\9agqghryom9wkf8r80qlhnts3\gradle-9.1.0\lib\gradle-daemon-main-9.1.0.jar
Launcher Type: SUN_STANDARD

[Global flags]
     intx CICompilerCount                          = 4                                         {product} {ergonomic}
     uint ConcGCThreads                            = 3                                         {product} {ergonomic}
     uint G1ConcRefinementThreads                  = 10                                        {product} {ergonomic}
   size_t G1HeapRegionSize                         = 1048576                                   {product} {ergonomic}
   size_t InitialHeapSize                          = 257949696                                 {product} {ergonomic}
   size_t MarkStackSize                            = 4194304                                   {product} {ergonomic}
   size_t MarkStackSizeMax                         = 536870912                                 {product} {ergonomic}
   size_t MaxHeapSize                              = 2147483648                                {product} {command line}
   size_t MaxNewSize                               = 1287651328                                {product} {ergonomic}
   size_t MinHeapDeltaBytes                        = 1048576                                   {product} {ergonomic}
   size_t MinHeapSize                              = 8388608                                   {product} {ergonomic}
    uintx NonNMethodCodeHeapSize                   = 5832704                                {pd product} {ergonomic}
    uintx NonProfiledCodeHeapSize                  = 122945536                              {pd product} {ergonomic}
    uintx ProfiledCodeHeapSize                     = 122880000                              {pd product} {ergonomic}
    uintx ReservedCodeCacheSize                    = 251658240                              {pd product} {ergonomic}
     bool SegmentedCodeCache                       = true                                      {product} {ergonomic}
   size_t SoftMaxHeapSize                          = 2147483648                             {manageable} {ergonomic}
     bool UseCompressedOops                        = true                           {product lp64_product} {ergonomic}
     bool UseG1GC                                  = true                                      {product} {ergonomic}
     bool UseLargePagesIndividualAllocation        = false                                  {pd product} {ergonomic}

Logging:
Log output configuration:
 #0: stdout all=warning uptime,level,tags foldmultilines=false
 #1: stderr all=off uptime,level,tags foldmultilines=false

Release file:
IMPLEMENTOR="Oracle Corporation" 
JAVA_RUNTIME_VERSION="25.0.1+8-LTS-27" 
JAVA_VERSION="25.0.1" 
JAVA_VERSION_DATE="2025-10-21" 
LIBC="default" 
MODULES="java.base java.compiler java.datatransfer java.xml java.prefs java.desktop java.instrument java.logging java.management java.security.sasl java.naming java.rmi java.management.rmi java.net.http java.scripting java.security.jgss java.transaction.xa java.sql java.sql.rowset java.xml.crypto java.se java.smartcardio jdk.accessibility jdk.internal.jvmstat jdk.attach jdk.charsets jdk.internal.opt jdk.zipfs jdk.compiler jdk.crypto.cryptoki jdk.crypto.ec jdk.crypto.mscapi jdk.dynalink jdk.internal.ed jdk.editpad jdk.internal.vm.ci jdk.graal.compiler jdk.graal.compiler.management jdk.hotspot.agent jdk.httpserver jdk.incubator.vector jdk.internal.le jdk.internal.md jdk.jartool jdk.javadoc jdk.jcmd jdk.management jdk.management.agent jdk.jconsole jdk.jdeps jdk.jdwp.agent jdk.jdi jdk.jfr jdk.jlink jdk.jpackage jdk.jshell jdk.jsobject jdk.jstatd jdk.localedata jdk.management.jfr jdk.naming.dns jdk.naming.rmi jdk.net jdk.nio.mapmode jdk.sctp jdk.security.auth jdk.security.jgss jdk.unsupported jdk.unsupported.desktop jdk.xml.dom" 
OS_ARCH="x86_64" 
OS_NAME="Windows" 
SOURCE=".:git:862c85bc42b7 open:git:78770bfaefd2" 

Environment Variables:
JAVA_HOME=C:\Program Files\Java\jdk-25
PATH=C:\Program Files\Common Files\Oracle\Java\javapath;C:\WINDOWS\system32;C:\WINDOWS;C:\WINDOWS\System32\Wbem;C:\WINDOWS\System32\WindowsPowerShell\v1.0\;C:\WINDOWS\System32\OpenSSH\;C:\Program Files\Cloudflare\Cloudflare WARP\;C:\Program Files (x86)\GnuWin32\bin;C:\Program Files\CodeBlocks\MinGW\bin;C:\MinGW\bin;C:\Program Files\dotnet\;C:\Program Files (x86)\Windows Kits\10\Windows Performance Toolkit\;C:\Program Files\Git\cmd;C:\Program Files\Java\jdk-25\bin;C:\Program Files\MySQL\MySQL Server 8.0\bin;C:\Users\IT\AppData\Local\Microsoft\WindowsApps;C:\Users\IT\.dotnet\tools;C:\Users\IT\AppData\Local\Programs\Microsoft VS Code\bin;C:\Users\IT\AppData\Local\Programs\cursor\resources\app\bin;C:\Users\IT\AppData\Local\Programs\Antigravity\bin
USERNAME=IT
OS=Windows_NT
PROCESSOR_IDENTIFIER=AMD64 Family 25 Model 80 Stepping 0, AuthenticAMD
TMP=C:\Users\IT\AppData\Local\Temp
TEMP=C:\Users\IT\AppData\Local\Temp




Compilation memory statistics disabled.

Periodic native trim disabled

---------------  S Y S T E M  ---------------

OS:
 Windows 11 , 64 bit Build 26100 (10.0.26100.8328)
OS uptime: 0 days 11:52 hours

CPU: total 12 (initial active 12) (12 cores per cpu, 2 threads per core) family 25 model 80 stepping 0 microcode 0xa500014, cx8, cmov, fxsr, ht, mmx, 3dnowpref, sse, sse2, sse3, ssse3, sse4a, sse4.1, sse4.2, popcnt, lzcnt, tsc, tscinvbit, avx, avx2, aes, erms, clmul, bmi1, bmi2, adx, sha, fma, vzeroupper, clflush, clflushopt, clwb, rdtscp, rdpid, fsrm, f16c, pku, cet_ss
Processor Information for processor 0
  Max Mhz: 2301, Current Mhz: 1990, Mhz Limit: 2301
Processor Information for processor 1
  Max Mhz: 2301, Current Mhz: 2301, Mhz Limit: 2301
Processor Information for processor 2
  Max Mhz: 2301, Current Mhz: 2301, Mhz Limit: 2301
Processor Information for processor 3
  Max Mhz: 2301, Current Mhz: 1990, Mhz Limit: 2301
Processor Information for processor 4
  Max Mhz: 2301, Current Mhz: 1990, Mhz Limit: 2301
Processor Information for processor 5
  Max Mhz: 2301, Current Mhz: 1990, Mhz Limit: 2301
Processor Information for processor 6
  Max Mhz: 2301, Current Mhz: 1990, Mhz Limit: 2301
Processor Information for processor 7
  Max Mhz: 2301, Current Mhz: 1990, Mhz Limit: 2301
Processor Information for processor 8
  Max Mhz: 2301, Current Mhz: 2301, Mhz Limit: 2301
Processor Information for processor 9
  Max Mhz: 2301, Current Mhz: 1990, Mhz Limit: 2301
Processor Information for processor 10
  Max Mhz: 2301, Current Mhz: 1990, Mhz Limit: 2301
Processor Information for processor 11
  Max Mhz: 2301, Current Mhz: 1990, Mhz Limit: 2301

Memory: 4k page, system-wide physical 15681M (1675M free)
TotalPageFile size 19777M (AvailPageFile size 0M)
current process WorkingSet (physical memory assigned to process): 235M, peak: 235M
current process commit charge ("private bytes"): 408M, peak: 418M

vm_info: Java HotSpot(TM) 64-Bit Server VM (25.0.1+8-LTS-27) for windows-amd64 JRE (25.0.1+8-LTS-27), built on 2025-09-25T16:41:16Z with unknown MS VC++:1943

END.
