#
# There is insufficient memory for the Java Runtime Environment to continue.
# Native memory allocation (malloc) failed to allocate 657696 bytes. Error detail: Chunk::new
# Possible reasons:
#   The system is out of physical RAM or swap space
#   This process is running with CompressedOops enabled, and the Java Heap may be blocking the growth of the native heap
# Possible solutions:
#   Reduce memory load on the system
#   Increase physical memory or swap space
#   Check if swap backing store is full
#   Decrease Java heap size (-Xmx/-Xms)
#   Decrease number of Java threads
#   Decrease Java thread stack sizes (-Xss)
#   Set larger code cache with -XX:ReservedCodeCacheSize=
#   JVM is running with Unscaled Compressed Oops mode in which the Java heap is
#     placed in the first 4GB address space. The Java Heap base address is the
#     maximum limit for the native heap growth. Please use -XX:HeapBaseMinAddress
#     to set the Java Heap base and to place the Java Heap above 4GB virtual address.
# This output file may be truncated or incomplete.
#
#  Out of Memory Error (arena.cpp:168), pid=4880, tid=6348
#
# JRE version: OpenJDK Runtime Environment (21.0.8) (build 21.0.8+-14196175-b1038.72)
# Java VM: OpenJDK 64-Bit Server VM (21.0.8+-14196175-b1038.72, mixed mode, tiered, compressed oops, compressed class ptrs, g1 gc, windows-amd64)
# No core dump will be written. Minidumps are not enabled by default on client versions of Windows
#

---------------  S U M M A R Y ------------

Command Line: --add-opens=java.base/java.lang=ALL-UNNAMED --add-opens=java.base/java.lang.invoke=ALL-UNNAMED --add-opens=java.base/java.util=ALL-UNNAMED --add-opens=java.prefs/java.util.prefs=ALL-UNNAMED --add-exports=jdk.compiler/com.sun.tools.javac.api=ALL-UNNAMED --add-exports=jdk.compiler/com.sun.tools.javac.util=ALL-UNNAMED --add-opens=java.base/java.util=ALL-UNNAMED --add-opens=java.prefs/java.util.prefs=ALL-UNNAMED --add-opens=java.base/java.nio.charset=ALL-UNNAMED --add-opens=java.base/java.net=ALL-UNNAMED --add-opens=java.base/java.util.concurrent=ALL-UNNAMED --add-opens=java.base/java.util.concurrent.atomic=ALL-UNNAMED --add-opens=java.xml/javax.xml.namespace=ALL-UNNAMED --add-opens=java.base/java.time=ALL-UNNAMED -Xmx2048m -Dfile.encoding=UTF-8 -Duser.country=US -Duser.language=en -Duser.variant -javaagent:C:\Users\IT\.gradle\wrapper\dists\gradle-9.1.0-bin\9agqghryom9wkf8r80qlhnts3\gradle-9.1.0\lib\agents\gradle-instrumentation-agent-9.1.0.jar org.gradle.launcher.daemon.bootstrap.GradleDaemon 9.1.0

Host: AMD Ryzen 5 PRO 5650U with Radeon Graphics     , 12 cores, 15G,  Windows 11 , 64 bit Build 26100 (10.0.26100.8328)
Time: Sat May 16 03:24:29 2026 Bangladesh Standard Time elapsed time: 7.211963 seconds (0d 0h 0m 7s)

---------------  T H R E A D  ---------------

Current thread (0x0000018a6029a360):  JavaThread "C2 CompilerThread1" daemon [_thread_in_native, id=6348, stack(0x00000013d7b00000,0x00000013d7c00000) (1024K)]


Current CompileTask:
C2:7212 3828       4       java.net.URLClassLoader$1::run (5 bytes)

Stack: [0x00000013d7b00000,0x00000013d7c00000]
Native frames: (J=compiled Java code, j=interpreted, Vv=VM code, C=native code)
V  [jvm.dll+0x6d68d9]
V  [jvm.dll+0x866693]
V  [jvm.dll+0x868c4e]
V  [jvm.dll+0x869333]
V  [jvm.dll+0x280566]
V  [jvm.dll+0xc07cd]
V  [jvm.dll+0xc0d03]
V  [jvm.dll+0x2f5970]
V  [jvm.dll+0x5ff719]
V  [jvm.dll+0x252362]
V  [jvm.dll+0x24a824]
V  [jvm.dll+0x24871e]
V  [jvm.dll+0x1c73a4]
V  [jvm.dll+0x257f9e]
V  [jvm.dll+0x2564e6]
V  [jvm.dll+0x3f4696]
V  [jvm.dll+0x80eac8]
V  [jvm.dll+0x6d512d]
C  [ucrtbase.dll+0x37b0]
C  [KERNEL32.DLL+0x2e957]
C  [ntdll.dll+0x427c]


---------------  P R O C E S S  ---------------

Threads class SMR info:
_java_thread_list=0x0000018a62e753d0, length=36, elements={
0x0000018a40355e80, 0x0000018a5a475290, 0x0000018a5a478330, 0x0000018a5a478d90,
0x0000018a5a4a09e0, 0x0000018a5a4aae00, 0x0000018a5a4ab860, 0x0000018a5a4b42d0,
0x0000018a5a4b8800, 0x0000018a5a4b92a0, 0x0000018a5f023930, 0x0000018a6029a360,
0x0000018a60df5510, 0x0000018a60ded680, 0x0000018a60ce9660, 0x0000018a60e773d0,
0x0000018a60e84f40, 0x0000018a60ea8a90, 0x0000018a60dce050, 0x0000018a60dce6e0,
0x0000018a60dcf400, 0x0000018a60dcfa90, 0x0000018a60dcd9c0, 0x0000018a60dd0120,
0x0000018a60dd07b0, 0x0000018a61e5ef40, 0x0000018a6461b900, 0x0000018a6461d9d0,
0x0000018a6461d340, 0x0000018a6461e060, 0x0000018a6461abe0, 0x0000018a6461e6f0,
0x0000018a6461ed80, 0x0000018a6461f410, 0x0000018a6461bf90, 0x0000018a6461faa0
}

Java Threads: ( => current thread )
  0x0000018a40355e80 JavaThread "main"                              [_thread_blocked, id=6756, stack(0x00000013d6900000,0x00000013d6a00000) (1024K)]
  0x0000018a5a475290 JavaThread "Common-Cleaner"             daemon [_thread_blocked, id=5064, stack(0x00000013d7100000,0x00000013d7200000) (1024K)]
  0x0000018a5a478330 JavaThread "Reference Handler"          daemon [_thread_blocked, id=17368, stack(0x00000013d7200000,0x00000013d7300000) (1024K)]
  0x0000018a5a478d90 JavaThread "Finalizer"                  daemon [_thread_blocked, id=14720, stack(0x00000013d7300000,0x00000013d7400000) (1024K)]
  0x0000018a5a4a09e0 JavaThread "Signal Dispatcher"          daemon [_thread_blocked, id=2024, stack(0x00000013d7400000,0x00000013d7500000) (1024K)]
  0x0000018a5a4aae00 JavaThread "Attach Listener"            daemon [_thread_blocked, id=1544, stack(0x00000013d7500000,0x00000013d7600000) (1024K)]
  0x0000018a5a4ab860 JavaThread "Service Thread"             daemon [_thread_blocked, id=6664, stack(0x00000013d7600000,0x00000013d7700000) (1024K)]
  0x0000018a5a4b42d0 JavaThread "Monitor Deflation Thread"   daemon [_thread_blocked, id=15704, stack(0x00000013d7700000,0x00000013d7800000) (1024K)]
  0x0000018a5a4b8800 JavaThread "C2 CompilerThread0"         daemon [_thread_in_native, id=20844, stack(0x00000013d7800000,0x00000013d7900000) (1024K)]
  0x0000018a5a4b92a0 JavaThread "C1 CompilerThread0"         daemon [_thread_blocked, id=10252, stack(0x00000013d7900000,0x00000013d7a00000) (1024K)]
  0x0000018a5f023930 JavaThread "Notification Thread"        daemon [_thread_blocked, id=5396, stack(0x00000013d7a00000,0x00000013d7b00000) (1024K)]
=>0x0000018a6029a360 JavaThread "C2 CompilerThread1"         daemon [_thread_in_native, id=6348, stack(0x00000013d7b00000,0x00000013d7c00000) (1024K)]
  0x0000018a60df5510 JavaThread "Daemon health stats"               [_thread_blocked, id=22500, stack(0x00000013d7c00000,0x00000013d7d00000) (1024K)]
  0x0000018a60ded680 JavaThread "Incoming local TCP Connector on port 57445"        [_thread_in_native, id=4184, stack(0x00000013d8500000,0x00000013d8600000) (1024K)]
  0x0000018a60ce9660 JavaThread "Daemon periodic checks"            [_thread_blocked, id=15724, stack(0x00000013d8600000,0x00000013d8700000) (1024K)]
  0x0000018a60e773d0 JavaThread "Daemon"                            [_thread_blocked, id=18448, stack(0x00000013d8700000,0x00000013d8800000) (1024K)]
  0x0000018a60e84f40 JavaThread "Handler for socket connection from /127.0.0.1:57445 to /127.0.0.1:57447"        [_thread_in_native, id=2140, stack(0x00000013d8800000,0x00000013d8900000) (1024K)]
  0x0000018a60ea8a90 JavaThread "Cancel handler"                    [_thread_blocked, id=13712, stack(0x00000013d8900000,0x00000013d8a00000) (1024K)]
  0x0000018a60dce050 JavaThread "Daemon worker"                     [_thread_in_native, id=20300, stack(0x00000013d8a00000,0x00000013d8b00000) (1024K)]
  0x0000018a60dce6e0 JavaThread "Asynchronous log dispatcher for DefaultDaemonConnection: socket connection from /127.0.0.1:57445 to /127.0.0.1:57447"        [_thread_blocked, id=8876, stack(0x00000013d8b00000,0x00000013d8c00000) (1024K)]
  0x0000018a60dcf400 JavaThread "Stdin handler"                     [_thread_blocked, id=12836, stack(0x00000013d8c00000,0x00000013d8d00000) (1024K)]
  0x0000018a60dcfa90 JavaThread "Daemon client event forwarder"        [_thread_blocked, id=8572, stack(0x00000013d8d00000,0x00000013d8e00000) (1024K)]
  0x0000018a60dcd9c0 JavaThread "Cache worker for journal cache (C:\Users\IT\.gradle\caches\journal-1)"        [_thread_blocked, id=15400, stack(0x00000013d9100000,0x00000013d9200000) (1024K)]
  0x0000018a60dd0120 JavaThread "File lock request listener"        [_thread_in_native, id=5608, stack(0x00000013d9200000,0x00000013d9300000) (1024K)]
  0x0000018a60dd07b0 JavaThread "Cache worker for file hash cache (C:\Users\IT\.gradle\caches\9.1.0\fileHashes)"        [_thread_blocked, id=14260, stack(0x00000013d9300000,0x00000013d9400000) (1024K)]
  0x0000018a61e5ef40 JavaThread "C2 CompilerThread2"         daemon [_thread_in_native, id=5868, stack(0x00000013d9400000,0x00000013d9500000) (1024K)]
  0x0000018a6461b900 JavaThread "Cache worker for file hash cache (E:\ShoeMartShop\.gradle\9.1.0\fileHashes)"        [_thread_blocked, id=6076, stack(0x00000013d9500000,0x00000013d9600000) (1024K)]
  0x0000018a6461d9d0 JavaThread "Cache worker for Build Output Cleanup Cache (E:\ShoeMartShop\.gradle\buildOutputCleanup)"        [_thread_blocked, id=9812, stack(0x00000013d9600000,0x00000013d9700000) (1024K)]
  0x0000018a6461d340 JavaThread "File watcher server"        daemon [_thread_in_native, id=11364, stack(0x00000013d9700000,0x00000013d9800000) (1024K)]
  0x0000018a6461e060 JavaThread "File watcher consumer"      daemon [_thread_blocked, id=1244, stack(0x00000013d9800000,0x00000013d9900000) (1024K)]
  0x0000018a6461abe0 JavaThread "Cache worker for checksums cache (E:\ShoeMartShop\.gradle\9.1.0\checksums)"        [_thread_blocked, id=16504, stack(0x00000013d9900000,0x00000013d9a00000) (1024K)]
  0x0000018a6461e6f0 JavaThread "Cache worker for file content cache (C:\Users\IT\.gradle\caches\9.1.0\fileContent)"        [_thread_blocked, id=2136, stack(0x00000013d9a00000,0x00000013d9b00000) (1024K)]
  0x0000018a6461ed80 JavaThread "Cache worker for cache directory md-supplier (C:\Users\IT\.gradle\caches\9.1.0\md-supplier)"        [_thread_blocked, id=13572, stack(0x00000013d9b00000,0x00000013d9c00000) (1024K)]
  0x0000018a6461f410 JavaThread "Cache worker for cache directory md-rule (C:\Users\IT\.gradle\caches\9.1.0\md-rule)"        [_thread_blocked, id=1868, stack(0x00000013d9c00000,0x00000013d9d00000) (1024K)]
  0x0000018a6461bf90 JavaThread "jar transforms"                    [_thread_blocked, id=20248, stack(0x00000013d9d00000,0x00000013d9e00000) (1024K)]
  0x0000018a6461faa0 JavaThread "jar transforms Thread 2"           [_thread_blocked, id=13524, stack(0x00000013d9e00000,0x00000013d9f00000) (1024K)]
Total: 36

Other Threads:
  0x0000018a5a36c4c0 VMThread "VM Thread"                           [id=2944, stack(0x00000013d7000000,0x00000013d7100000) (1024K)]
  0x0000018a5a4109d0 WatcherThread "VM Periodic Task Thread"        [id=22076, stack(0x00000013d6f00000,0x00000013d7000000) (1024K)]
  0x0000018a4041e000 WorkerThread "GC Thread#0"                     [id=6200, stack(0x00000013d6a00000,0x00000013d6b00000) (1024K)]
  0x0000018a5f18ce20 WorkerThread "GC Thread#1"                     [id=21140, stack(0x00000013d7d00000,0x00000013d7e00000) (1024K)]
  0x0000018a5f3bd550 WorkerThread "GC Thread#2"                     [id=5496, stack(0x00000013d7e00000,0x00000013d7f00000) (1024K)]
  0x0000018a5f3bd8f0 WorkerThread "GC Thread#3"                     [id=13512, stack(0x00000013d7f00000,0x00000013d8000000) (1024K)]
  0x0000018a5f367220 WorkerThread "GC Thread#4"                     [id=16356, stack(0x00000013d8000000,0x00000013d8100000) (1024K)]
  0x0000018a60df49d0 WorkerThread "GC Thread#5"                     [id=17100, stack(0x00000013d8100000,0x00000013d8200000) (1024K)]
  0x0000018a6101abf0 WorkerThread "GC Thread#6"                     [id=4288, stack(0x00000013d8200000,0x00000013d8300000) (1024K)]
  0x0000018a60fe66e0 WorkerThread "GC Thread#7"                     [id=16004, stack(0x00000013d8300000,0x00000013d8400000) (1024K)]
  0x0000018a60fe6a80 WorkerThread "GC Thread#8"                     [id=12812, stack(0x00000013d8400000,0x00000013d8500000) (1024K)]
  0x0000018a60d687f0 WorkerThread "GC Thread#9"                     [id=5180, stack(0x00000013d8e00000,0x00000013d8f00000) (1024K)]
  0x0000018a428b6970 ConcurrentGCThread "G1 Main Marker"            [id=21904, stack(0x00000013d6b00000,0x00000013d6c00000) (1024K)]
  0x0000018a428b7b20 WorkerThread "G1 Conc#0"                       [id=20560, stack(0x00000013d6c00000,0x00000013d6d00000) (1024K)]
  0x0000018a60d69670 WorkerThread "G1 Conc#1"                       [id=11212, stack(0x00000013d8f00000,0x00000013d9000000) (1024K)]
  0x0000018a60d692d0 WorkerThread "G1 Conc#2"                       [id=20904, stack(0x00000013d9000000,0x00000013d9100000) (1024K)]
  0x0000018a4290e940 ConcurrentGCThread "G1 Refine#0"               [id=3468, stack(0x00000013d6d00000,0x00000013d6e00000) (1024K)]
  0x0000018a5a265ed0 ConcurrentGCThread "G1 Service"                [id=16412, stack(0x00000013d6e00000,0x00000013d6f00000) (1024K)]
Total: 18

Threads with active compile tasks:
C2 CompilerThread0  7252 3829   !   4       java.net.URLClassLoader$1::run (81 bytes)
C2 CompilerThread1  7252 3828       4       java.net.URLClassLoader$1::run (5 bytes)
C2 CompilerThread2  7252 3826   !   4       java.net.URLClassLoader::findClass (47 bytes)
Total: 3

VM state: not at safepoint (normal execution)

VM Mutex/Monitor currently owned by a thread: None

Heap address: 0x0000000080000000, size: 2048 MB, Compressed Oops mode: 32-bit

CDS archive(s) not mapped
Compressed class space mapped at: 0x0000000100000000-0x0000000140000000, reserved size: 1073741824
Narrow klass base: 0x0000000000000000, Narrow klass shift: 3, Narrow klass range: 0x140000000

GC Precious Log:
 CardTable entry size: 512
 Card Set container configuration: InlinePtr #cards 5 size 8 Array Of Cards #cards 12 size 40 Howl #buckets 4 coarsen threshold 1843 Howl Bitmap #cards 512 size 80 coarsen threshold 460 Card regions per heap region 1 cards per card region 2048
 CPUs: 12 total, 12 available
 Memory: 15681M
 Large Page Support: Disabled
 NUMA Support: Disabled
 Compressed Oops: Enabled (32-bit)
 Heap Region Size: 1M
 Heap Min Capacity: 8M
 Heap Initial Capacity: 246M
 Heap Max Capacity: 2G
 Pre-touch: Disabled
 Parallel Workers: 10
 Concurrent Workers: 3
 Concurrent Refinement Workers: 10
 Periodic GC: Disabled

Heap:
 garbage-first heap   total 68608K, used 33213K [0x0000000080000000, 0x0000000100000000)
  region size 1024K, 10 young (10240K), 4 survivors (4096K)
 Metaspace       used 45495K, committed 46784K, reserved 1114112K
  class space    used 6358K, committed 6976K, reserved 1048576K

Heap Regions: E=young(eden), S=young(survivor), O=old, HS=humongous(starts), HC=humongous(continues), CS=collection set, F=free, TAMS=top-at-mark-start, PB=parsable bottom
|   0|0x0000000080000000, 0x0000000080100000, 0x0000000080100000|100%|HS|  |TAMS 0x0000000080000000| PB 0x0000000080000000| Complete 
|   1|0x0000000080100000, 0x0000000080200000, 0x0000000080200000|100%|HC|  |TAMS 0x0000000080100000| PB 0x0000000080100000| Complete 
|   2|0x0000000080200000, 0x0000000080300000, 0x0000000080300000|100%|HC|  |TAMS 0x0000000080200000| PB 0x0000000080200000| Complete 
|   3|0x0000000080300000, 0x0000000080400000, 0x0000000080400000|100%| O|  |TAMS 0x0000000080300000| PB 0x0000000080300000| Untracked 
|   4|0x0000000080400000, 0x0000000080500000, 0x0000000080500000|100%| O|  |TAMS 0x0000000080400000| PB 0x0000000080400000| Untracked 
|   5|0x0000000080500000, 0x0000000080600000, 0x0000000080600000|100%| O|  |TAMS 0x0000000080500000| PB 0x0000000080500000| Untracked 
|   6|0x0000000080600000, 0x0000000080700000, 0x0000000080700000|100%|HS|  |TAMS 0x0000000080600000| PB 0x0000000080600000| Complete 
|   7|0x0000000080700000, 0x0000000080800000, 0x0000000080800000|100%| O|  |TAMS 0x0000000080700000| PB 0x0000000080700000| Untracked 
|   8|0x0000000080800000, 0x0000000080900000, 0x0000000080900000|100%| O|  |TAMS 0x0000000080800000| PB 0x0000000080800000| Untracked 
|   9|0x0000000080900000, 0x0000000080a00000, 0x0000000080a00000|100%| O|  |TAMS 0x0000000080900000| PB 0x0000000080900000| Untracked 
|  10|0x0000000080a00000, 0x0000000080b00000, 0x0000000080b00000|100%| O|  |TAMS 0x0000000080a00000| PB 0x0000000080a00000| Untracked 
|  11|0x0000000080b00000, 0x0000000080c00000, 0x0000000080c00000|100%| O|  |TAMS 0x0000000080b00000| PB 0x0000000080b00000| Untracked 
|  12|0x0000000080c00000, 0x0000000080d00000, 0x0000000080d00000|100%| O|  |TAMS 0x0000000080c00000| PB 0x0000000080c00000| Untracked 
|  13|0x0000000080d00000, 0x0000000080e00000, 0x0000000080e00000|100%| O|  |TAMS 0x0000000080d00000| PB 0x0000000080d00000| Untracked 
|  14|0x0000000080e00000, 0x0000000080f00000, 0x0000000080f00000|100%| O|  |TAMS 0x0000000080e00000| PB 0x0000000080e00000| Untracked 
|  15|0x0000000080f00000, 0x0000000081000000, 0x0000000081000000|100%| O|  |TAMS 0x0000000080f00000| PB 0x0000000080f00000| Untracked 
|  16|0x0000000081000000, 0x0000000081100000, 0x0000000081100000|100%| O|  |TAMS 0x0000000081000000| PB 0x0000000081000000| Untracked 
|  17|0x0000000081100000, 0x0000000081200000, 0x0000000081200000|100%| O|  |TAMS 0x0000000081100000| PB 0x0000000081100000| Untracked 
|  18|0x0000000081200000, 0x0000000081300000, 0x0000000081300000|100%| O|  |TAMS 0x0000000081200000| PB 0x0000000081200000| Untracked 
|  19|0x0000000081300000, 0x0000000081400000, 0x0000000081400000|100%| O|  |TAMS 0x0000000081300000| PB 0x0000000081300000| Untracked 
|  20|0x0000000081400000, 0x0000000081500000, 0x0000000081500000|100%| O|  |TAMS 0x0000000081400000| PB 0x0000000081400000| Untracked 
|  21|0x0000000081500000, 0x0000000081600000, 0x0000000081600000|100%| O|  |TAMS 0x0000000081500000| PB 0x0000000081500000| Untracked 
|  22|0x0000000081600000, 0x0000000081600000, 0x0000000081700000|  0%| F|  |TAMS 0x0000000081600000| PB 0x0000000081600000| Untracked 
|  23|0x0000000081700000, 0x0000000081800000, 0x0000000081800000|100%| O|  |TAMS 0x0000000081700000| PB 0x0000000081700000| Untracked 
|  24|0x0000000081800000, 0x0000000081900000, 0x0000000081900000|100%| O|  |TAMS 0x0000000081800000| PB 0x0000000081800000| Untracked 
|  25|0x0000000081900000, 0x000000008198d430, 0x0000000081a00000| 55%| O|  |TAMS 0x0000000081900000| PB 0x0000000081900000| Untracked 
|  26|0x0000000081a00000, 0x0000000081a00000, 0x0000000081b00000|  0%| F|  |TAMS 0x0000000081a00000| PB 0x0000000081a00000| Untracked 
|  27|0x0000000081b00000, 0x0000000081b00000, 0x0000000081c00000|  0%| F|  |TAMS 0x0000000081b00000| PB 0x0000000081b00000| Untracked 
|  28|0x0000000081c00000, 0x0000000081c00000, 0x0000000081d00000|  0%| F|  |TAMS 0x0000000081c00000| PB 0x0000000081c00000| Untracked 
|  29|0x0000000081d00000, 0x0000000081d00000, 0x0000000081e00000|  0%| F|  |TAMS 0x0000000081d00000| PB 0x0000000081d00000| Untracked 
|  30|0x0000000081e00000, 0x0000000081e00000, 0x0000000081f00000|  0%| F|  |TAMS 0x0000000081e00000| PB 0x0000000081e00000| Untracked 
|  31|0x0000000081f00000, 0x0000000081f00000, 0x0000000082000000|  0%| F|  |TAMS 0x0000000081f00000| PB 0x0000000081f00000| Untracked 
|  32|0x0000000082000000, 0x00000000820e1fe8, 0x0000000082100000| 88%| S|CS|TAMS 0x0000000082000000| PB 0x0000000082000000| Complete 
|  33|0x0000000082100000, 0x0000000082200000, 0x0000000082200000|100%| S|CS|TAMS 0x0000000082100000| PB 0x0000000082100000| Complete 
|  34|0x0000000082200000, 0x0000000082300000, 0x0000000082300000|100%| S|CS|TAMS 0x0000000082200000| PB 0x0000000082200000| Complete 
|  35|0x0000000082300000, 0x0000000082400000, 0x0000000082400000|100%| S|CS|TAMS 0x0000000082300000| PB 0x0000000082300000| Complete 
|  36|0x0000000082400000, 0x0000000082400000, 0x0000000082500000|  0%| F|  |TAMS 0x0000000082400000| PB 0x0000000082400000| Untracked 
|  37|0x0000000082500000, 0x0000000082500000, 0x0000000082600000|  0%| F|  |TAMS 0x0000000082500000| PB 0x0000000082500000| Untracked 
|  38|0x0000000082600000, 0x0000000082600000, 0x0000000082700000|  0%| F|  |TAMS 0x0000000082600000| PB 0x0000000082600000| Untracked 
|  39|0x0000000082700000, 0x0000000082700000, 0x0000000082800000|  0%| F|  |TAMS 0x0000000082700000| PB 0x0000000082700000| Untracked 
|  40|0x0000000082800000, 0x0000000082800000, 0x0000000082900000|  0%| F|  |TAMS 0x0000000082800000| PB 0x0000000082800000| Untracked 
|  41|0x0000000082900000, 0x0000000082900000, 0x0000000082a00000|  0%| F|  |TAMS 0x0000000082900000| PB 0x0000000082900000| Untracked 
|  42|0x0000000082a00000, 0x0000000082a00000, 0x0000000082b00000|  0%| F|  |TAMS 0x0000000082a00000| PB 0x0000000082a00000| Untracked 
|  43|0x0000000082b00000, 0x0000000082b00000, 0x0000000082c00000|  0%| F|  |TAMS 0x0000000082b00000| PB 0x0000000082b00000| Untracked 
|  44|0x0000000082c00000, 0x0000000082c00000, 0x0000000082d00000|  0%| F|  |TAMS 0x0000000082c00000| PB 0x0000000082c00000| Untracked 
|  45|0x0000000082d00000, 0x0000000082d00000, 0x0000000082e00000|  0%| F|  |TAMS 0x0000000082d00000| PB 0x0000000082d00000| Untracked 
|  46|0x0000000082e00000, 0x0000000082e00000, 0x0000000082f00000|  0%| F|  |TAMS 0x0000000082e00000| PB 0x0000000082e00000| Untracked 
|  47|0x0000000082f00000, 0x0000000082f00000, 0x0000000083000000|  0%| F|  |TAMS 0x0000000082f00000| PB 0x0000000082f00000| Untracked 
|  48|0x0000000083000000, 0x0000000083000000, 0x0000000083100000|  0%| F|  |TAMS 0x0000000083000000| PB 0x0000000083000000| Untracked 
|  49|0x0000000083100000, 0x0000000083100000, 0x0000000083200000|  0%| F|  |TAMS 0x0000000083100000| PB 0x0000000083100000| Untracked 
|  50|0x0000000083200000, 0x0000000083200000, 0x0000000083300000|  0%| F|  |TAMS 0x0000000083200000| PB 0x0000000083200000| Untracked 
|  51|0x0000000083300000, 0x0000000083300000, 0x0000000083400000|  0%| F|  |TAMS 0x0000000083300000| PB 0x0000000083300000| Untracked 
|  52|0x0000000083400000, 0x0000000083400000, 0x0000000083500000|  0%| F|  |TAMS 0x0000000083400000| PB 0x0000000083400000| Untracked 
|  53|0x0000000083500000, 0x0000000083500000, 0x0000000083600000|  0%| F|  |TAMS 0x0000000083500000| PB 0x0000000083500000| Untracked 
|  54|0x0000000083600000, 0x0000000083600000, 0x0000000083700000|  0%| F|  |TAMS 0x0000000083600000| PB 0x0000000083600000| Untracked 
|  55|0x0000000083700000, 0x0000000083700000, 0x0000000083800000|  0%| F|  |TAMS 0x0000000083700000| PB 0x0000000083700000| Untracked 
|  56|0x0000000083800000, 0x0000000083800000, 0x0000000083900000|  0%| F|  |TAMS 0x0000000083800000| PB 0x0000000083800000| Untracked 
|  57|0x0000000083900000, 0x0000000083900000, 0x0000000083a00000|  0%| F|  |TAMS 0x0000000083900000| PB 0x0000000083900000| Untracked 
| 217|0x000000008d900000, 0x000000008d900000, 0x000000008da00000|  0%| F|  |TAMS 0x000000008d900000| PB 0x000000008d900000| Untracked 
| 218|0x000000008da00000, 0x000000008da00000, 0x000000008db00000|  0%| F|  |TAMS 0x000000008da00000| PB 0x000000008da00000| Untracked 
| 219|0x000000008db00000, 0x000000008db00000, 0x000000008dc00000|  0%| F|  |TAMS 0x000000008db00000| PB 0x000000008db00000| Untracked 
| 220|0x000000008dc00000, 0x000000008dcf7e50, 0x000000008dd00000| 96%| E|  |TAMS 0x000000008dc00000| PB 0x000000008dc00000| Complete 
| 221|0x000000008dd00000, 0x000000008de00000, 0x000000008de00000|100%| E|CS|TAMS 0x000000008dd00000| PB 0x000000008dd00000| Complete 
| 222|0x000000008de00000, 0x000000008df00000, 0x000000008df00000|100%| E|  |TAMS 0x000000008de00000| PB 0x000000008de00000| Complete 
| 223|0x000000008df00000, 0x000000008e000000, 0x000000008e000000|100%| E|CS|TAMS 0x000000008df00000| PB 0x000000008df00000| Complete 
| 224|0x000000008e000000, 0x000000008e100000, 0x000000008e100000|100%| E|CS|TAMS 0x000000008e000000| PB 0x000000008e000000| Complete 
| 245|0x000000008f500000, 0x000000008f600000, 0x000000008f600000|100%| E|CS|TAMS 0x000000008f500000| PB 0x000000008f500000| Complete 

Card table byte_map: [0x0000018a552f0000,0x0000018a556f0000] _byte_map_base: 0x0000018a54ef0000

Marking Bits: (CMBitMap*) 0x0000018a4041e610
 Bits: [0x0000018a556f0000, 0x0000018a576f0000)

Polling page: 0x0000018a40650000

Metaspace:

Usage:
  Non-class:     38.24 MB used.
      Class:      6.21 MB used.
       Both:     44.46 MB used.

Virtual space:
  Non-class space:       64.00 MB reserved,      38.88 MB ( 61%) committed,  1 nodes.
      Class space:        1.00 GB reserved,       6.81 MB ( <1%) committed,  1 nodes.
             Both:        1.06 GB reserved,      45.69 MB (  4%) committed. 

Chunk freelists:
   Non-Class:  8.89 MB
       Class:  9.05 MB
        Both:  17.94 MB

MaxMetaspaceSize: unlimited
CompressedClassSpaceSize: 1.00 GB
Initial GC threshold: 21.00 MB
Current GC threshold: 58.88 MB
CDS: off
 - commit_granule_bytes: 65536.
 - commit_granule_words: 8192.
 - virtual_space_node_default_size: 8388608.
 - enlarge_chunks_in_place: 1.
 - use_allocation_guard: 0.


Internal statistics:

num_allocs_failed_limit: 6.
num_arena_births: 2338.
num_arena_deaths: 0.
num_vsnodes_births: 2.
num_vsnodes_deaths: 0.
num_space_committed: 731.
num_space_uncommitted: 0.
num_chunks_returned_to_freelist: 6.
num_chunks_taken_from_freelist: 4078.
num_chunk_merges: 6.
num_chunk_splits: 2658.
num_chunks_enlarged: 1622.
num_inconsistent_stats: 0.

CodeHeap 'non-profiled nmethods': size=120000Kb used=2186Kb max_used=2186Kb free=117813Kb
 bounds [0x0000018a4d470000, 0x0000018a4d6e0000, 0x0000018a549a0000]
CodeHeap 'profiled nmethods': size=120000Kb used=6742Kb max_used=6742Kb free=113257Kb
 bounds [0x0000018a459a0000, 0x0000018a46040000, 0x0000018a4ced0000]
CodeHeap 'non-nmethods': size=5760Kb used=1892Kb max_used=1912Kb free=3867Kb
 bounds [0x0000018a4ced0000, 0x0000018a4d140000, 0x0000018a4d470000]
CodeCache: size=245760Kb, used=10820Kb, max_used=10840Kb, free=234937Kb
 total_blobs=4140, nmethods=3456, adapters=588, full_count=0
Compilation: enabled, stopped_count=0, restarted_count=0

Compilation events (20 events):
Event: 5.180 Thread 0x0000018a5a4b92a0 nmethod 3846 0x0000018a4602cd10 code [0x0000018a4602cec0, 0x0000018a4602d098]
Event: 5.187 Thread 0x0000018a5a4b92a0 3847       3       java.lang.Class::getPackageName (81 bytes)
Event: 5.188 Thread 0x0000018a5a4b92a0 nmethod 3847 0x0000018a4602d190 code [0x0000018a4602d440, 0x0000018a4602de88]
Event: 5.190 Thread 0x0000018a5a4b92a0 3848       3       java.lang.PublicMethods$MethodList::length (24 bytes)
Event: 5.190 Thread 0x0000018a5a4b92a0 nmethod 3848 0x0000018a4602e290 code [0x0000018a4602e440, 0x0000018a4602e5f8]
Event: 5.191 Thread 0x0000018a5a4b92a0 3850       3       java.util.concurrent.locks.AbstractQueuedSynchronizer::<init> (5 bytes)
Event: 5.191 Thread 0x0000018a5a4b92a0 nmethod 3850 0x0000018a4602e710 code [0x0000018a4602e8c0, 0x0000018a4602ea88]
Event: 5.191 Thread 0x0000018a5a4b92a0 3851       3       java.util.concurrent.locks.AbstractOwnableSynchronizer::<init> (5 bytes)
Event: 5.191 Thread 0x0000018a5a4b92a0 nmethod 3851 0x0000018a4602eb90 code [0x0000018a4602ed40, 0x0000018a4602eea8]
Event: 5.191 Thread 0x0000018a5a4b92a0 3854       3       java.lang.PublicMethods$MethodList::merge (192 bytes)
Event: 5.192 Thread 0x0000018a5a4b92a0 nmethod 3854 0x0000018a4602ef90 code [0x0000018a4602f200, 0x0000018a4602fc60]
Event: 5.192 Thread 0x0000018a5a4b92a0 3852       3       java.lang.PublicMethods::merge (81 bytes)
Event: 5.192 Thread 0x0000018a5a4b92a0 nmethod 3852 0x0000018a46030090 code [0x0000018a460302e0, 0x0000018a46030c68]
Event: 5.192 Thread 0x0000018a5a4b92a0 3853       3       java.lang.PublicMethods$Key::<init> (24 bytes)
Event: 5.192 Thread 0x0000018a5a4b92a0 nmethod 3853 0x0000018a46031090 code [0x0000018a46031260, 0x0000018a46031580]
Event: 5.192 Thread 0x0000018a5a4b92a0 3855       3       org.codehaus.groovy.util.LazyReference::<init> (17 bytes)
Event: 5.192 Thread 0x0000018a5a4b92a0 nmethod 3855 0x0000018a46031710 code [0x0000018a460318e0, 0x0000018a46031c28]
Event: 5.197 Thread 0x0000018a5a4b8800 nmethod 3840 0x0000018a4d68df90 code [0x0000018a4d68e260, 0x0000018a4d68f6f0]
Event: 5.197 Thread 0x0000018a5a4b8800 3849  s!   4       jdk.internal.loader.URLClassPath::getLoader (194 bytes)
Event: 5.250 Thread 0x0000018a5a4b92a0 3856       3       jdk.internal.misc.Unsafe::getAndBitwiseAndInt (27 bytes)

GC Heap History (18 events):
Event: 0.453 GC heap before
{Heap before GC invocations=0 (full 0):
 garbage-first heap   total 251904K, used 22528K [0x0000000080000000, 0x0000000100000000)
  region size 1024K, 23 young (23552K), 0 survivors (0K)
 Metaspace       used 8064K, committed 8256K, reserved 1114112K
  class space    used 746K, committed 832K, reserved 1048576K
}
Event: 0.456 GC heap after
{Heap after GC invocations=1 (full 0):
 garbage-first heap   total 251904K, used 1920K [0x0000000080000000, 0x0000000100000000)
  region size 1024K, 2 young (2048K), 2 survivors (2048K)
 Metaspace       used 8064K, committed 8256K, reserved 1114112K
  class space    used 746K, committed 832K, reserved 1048576K
}
Event: 0.937 GC heap before
{Heap before GC invocations=1 (full 0):
 garbage-first heap   total 251904K, used 40832K [0x0000000080000000, 0x0000000100000000)
  region size 1024K, 38 young (38912K), 2 survivors (2048K)
 Metaspace       used 12460K, committed 12672K, reserved 1114112K
  class space    used 1373K, committed 1472K, reserved 1048576K
}
Event: 0.941 GC heap after
{Heap after GC invocations=2 (full 0):
 garbage-first heap   total 251904K, used 10369K [0x0000000080000000, 0x0000000100000000)
  region size 1024K, 5 young (5120K), 5 survivors (5120K)
 Metaspace       used 12460K, committed 12672K, reserved 1114112K
  class space    used 1373K, committed 1472K, reserved 1048576K
}
Event: 1.644 GC heap before
{Heap before GC invocations=2 (full 0):
 garbage-first heap   total 251904K, used 66689K [0x0000000080000000, 0x0000000100000000)
  region size 1024K, 59 young (60416K), 5 survivors (5120K)
 Metaspace       used 16273K, committed 16512K, reserved 1114112K
  class space    used 1884K, committed 1984K, reserved 1048576K
}
Event: 1.653 GC heap after
{Heap after GC invocations=3 (full 0):
 garbage-first heap   total 251904K, used 17782K [0x0000000080000000, 0x0000000100000000)
  region size 1024K, 6 young (6144K), 6 survivors (6144K)
 Metaspace       used 16273K, committed 16512K, reserved 1114112K
  class space    used 1884K, committed 1984K, reserved 1048576K
}
Event: 2.122 GC heap before
{Heap before GC invocations=3 (full 0):
 garbage-first heap   total 251904K, used 38262K [0x0000000080000000, 0x0000000100000000)
  region size 1024K, 27 young (27648K), 6 survivors (6144K)
 Metaspace       used 21240K, committed 21504K, reserved 1114112K
  class space    used 2533K, committed 2624K, reserved 1048576K
}
Event: 2.126 GC heap after
{Heap after GC invocations=4 (full 0):
 garbage-first heap   total 251904K, used 19830K [0x0000000080000000, 0x0000000100000000)
  region size 1024K, 8 young (8192K), 8 survivors (8192K)
 Metaspace       used 21240K, committed 21504K, reserved 1114112K
  class space    used 2533K, committed 2624K, reserved 1048576K
}
Event: 2.686 GC heap before
{Heap before GC invocations=5 (full 0):
 garbage-first heap   total 68608K, used 51574K [0x0000000080000000, 0x0000000100000000)
  region size 1024K, 40 young (40960K), 8 survivors (8192K)
 Metaspace       used 26982K, committed 27520K, reserved 1114112K
  class space    used 3415K, committed 3648K, reserved 1048576K
}
Event: 2.693 GC heap after
{Heap after GC invocations=6 (full 0):
 garbage-first heap   total 68608K, used 22092K [0x0000000080000000, 0x0000000100000000)
  region size 1024K, 4 young (4096K), 4 survivors (4096K)
 Metaspace       used 26982K, committed 27520K, reserved 1114112K
  class space    used 3415K, committed 3648K, reserved 1048576K
}
Event: 3.311 GC heap before
{Heap before GC invocations=6 (full 0):
 garbage-first heap   total 68608K, used 55884K [0x0000000080000000, 0x0000000100000000)
  region size 1024K, 36 young (36864K), 4 survivors (4096K)
 Metaspace       used 32119K, committed 32704K, reserved 1114112K
  class space    used 4173K, committed 4416K, reserved 1048576K
}
Event: 3.315 GC heap after
{Heap after GC invocations=7 (full 0):
 garbage-first heap   total 68608K, used 23824K [0x0000000080000000, 0x0000000100000000)
  region size 1024K, 4 young (4096K), 4 survivors (4096K)
 Metaspace       used 32119K, committed 32704K, reserved 1114112K
  class space    used 4173K, committed 4416K, reserved 1048576K
}
Event: 3.910 GC heap before
{Heap before GC invocations=7 (full 0):
 garbage-first heap   total 68608K, used 47376K [0x0000000080000000, 0x0000000100000000)
  region size 1024K, 29 young (29696K), 4 survivors (4096K)
 Metaspace       used 35397K, committed 36096K, reserved 1114112K
  class space    used 4717K, committed 5056K, reserved 1048576K
}
Event: 3.916 GC heap after
{Heap after GC invocations=8 (full 0):
 garbage-first heap   total 68608K, used 25407K [0x0000000080000000, 0x0000000100000000)
  region size 1024K, 4 young (4096K), 4 survivors (4096K)
 Metaspace       used 35397K, committed 36096K, reserved 1114112K
  class space    used 4717K, committed 5056K, reserved 1048576K
}
Event: 4.583 GC heap before
{Heap before GC invocations=9 (full 0):
 garbage-first heap   total 68608K, used 58175K [0x0000000080000000, 0x0000000100000000)
  region size 1024K, 36 young (36864K), 4 survivors (4096K)
 Metaspace       used 39943K, committed 41024K, reserved 1114112K
  class space    used 5504K, committed 6016K, reserved 1048576K
}
Event: 4.588 GC heap after
{Heap after GC invocations=10 (full 0):
 garbage-first heap   total 68608K, used 27446K [0x0000000080000000, 0x0000000100000000)
  region size 1024K, 4 young (4096K), 4 survivors (4096K)
 Metaspace       used 39943K, committed 41024K, reserved 1114112K
  class space    used 5504K, committed 6016K, reserved 1048576K
}
Event: 5.146 GC heap before
{Heap before GC invocations=10 (full 0):
 garbage-first heap   total 68608K, used 59190K [0x0000000080000000, 0x0000000100000000)
  region size 1024K, 35 young (35840K), 4 survivors (4096K)
 Metaspace       used 44310K, committed 45504K, reserved 1114112K
  class space    used 6257K, committed 6848K, reserved 1048576K
}
Event: 5.151 GC heap after
{Heap after GC invocations=11 (full 0):
 garbage-first heap   total 68608K, used 29117K [0x0000000080000000, 0x0000000100000000)
  region size 1024K, 4 young (4096K), 4 survivors (4096K)
 Metaspace       used 44310K, committed 45504K, reserved 1114112K
  class space    used 6257K, committed 6848K, reserved 1048576K
}

Dll operation events (3 events):
Event: 0.012 Loaded shared library C:\Program Files\Android\Android Studio\jbr\bin\java.dll
Event: 0.019 Loaded shared library C:\Program Files\Android\Android Studio\jbr\bin\zip.dll
Event: 0.579 Loaded shared library C:\Program Files\Android\Android Studio\jbr\bin\verify.dll

Deoptimization events (20 events):
Event: 5.174 Thread 0x0000018a60dce050 Uncommon trap: trap_request=0xffffffde fr.pc=0x0000018a4d67c224 relative=0x0000000000000ec4
Event: 5.174 Thread 0x0000018a60dce050 Uncommon trap: reason=class_check action=maybe_recompile pc=0x0000018a4d67c224 method=java.io.BufferedInputStream.implRead([BII)I @ 100 c2
Event: 5.174 Thread 0x0000018a60dce050 DEOPT PACKING pc=0x0000018a4d67c224 sp=0x00000013d8af82b0
Event: 5.174 Thread 0x0000018a60dce050 DEOPT UNPACKING pc=0x0000018a4cf246a2 sp=0x00000013d8af8218 mode 2
Event: 5.174 Thread 0x0000018a60dce050 Uncommon trap: trap_request=0xffffffc6 fr.pc=0x0000018a4d68643c relative=0x00000000000004dc
Event: 5.174 Thread 0x0000018a60dce050 Uncommon trap: reason=bimorphic_or_optimized_type_check action=maybe_recompile pc=0x0000018a4d68643c method=java.io.BufferedInputStream.implRead([BII)I @ 100 c2
Event: 5.174 Thread 0x0000018a60dce050 DEOPT PACKING pc=0x0000018a4d68643c sp=0x00000013d8af8200
Event: 5.174 Thread 0x0000018a60dce050 DEOPT UNPACKING pc=0x0000018a4cf246a2 sp=0x00000013d8af81e8 mode 2
Event: 5.174 Thread 0x0000018a60dce050 Uncommon trap: trap_request=0xffffffc6 fr.pc=0x0000018a4d68643c relative=0x00000000000004dc
Event: 5.174 Thread 0x0000018a60dce050 Uncommon trap: reason=bimorphic_or_optimized_type_check action=maybe_recompile pc=0x0000018a4d68643c method=java.io.BufferedInputStream.implRead([BII)I @ 100 c2
Event: 5.174 Thread 0x0000018a60dce050 DEOPT PACKING pc=0x0000018a4d68643c sp=0x00000013d8af8200
Event: 5.174 Thread 0x0000018a60dce050 DEOPT UNPACKING pc=0x0000018a4cf246a2 sp=0x00000013d8af81e8 mode 2
Event: 5.175 Thread 0x0000018a60dce050 Uncommon trap: trap_request=0xffffffc6 fr.pc=0x0000018a4d68643c relative=0x00000000000004dc
Event: 5.175 Thread 0x0000018a60dce050 Uncommon trap: reason=bimorphic_or_optimized_type_check action=maybe_recompile pc=0x0000018a4d68643c method=java.io.BufferedInputStream.implRead([BII)I @ 100 c2
Event: 5.175 Thread 0x0000018a60dce050 DEOPT PACKING pc=0x0000018a4d68643c sp=0x00000013d8af8190
Event: 5.175 Thread 0x0000018a60dce050 DEOPT UNPACKING pc=0x0000018a4cf246a2 sp=0x00000013d8af8158 mode 2
Event: 5.175 Thread 0x0000018a60dce050 Uncommon trap: trap_request=0xffffffc6 fr.pc=0x0000018a4d68643c relative=0x00000000000004dc
Event: 5.175 Thread 0x0000018a60dce050 Uncommon trap: reason=bimorphic_or_optimized_type_check action=maybe_recompile pc=0x0000018a4d68643c method=java.io.BufferedInputStream.implRead([BII)I @ 100 c2
Event: 5.175 Thread 0x0000018a60dce050 DEOPT PACKING pc=0x0000018a4d68643c sp=0x00000013d8af81e0
Event: 5.175 Thread 0x0000018a60dce050 DEOPT UNPACKING pc=0x0000018a4cf246a2 sp=0x00000013d8af81a8 mode 2

Classes loaded (20 events):
Event: 5.169 Loading class java/io/PrintWriter
Event: 5.170 Loading class java/io/PrintWriter done
Event: 5.170 Loading class java/util/TimerTask
Event: 5.170 Loading class java/util/TimerTask done
Event: 5.170 Loading class java/util/Timer
Event: 5.170 Loading class java/util/Timer done
Event: 5.170 Loading class java/lang/Process
Event: 5.171 Loading class java/lang/Process done
Event: 5.171 Loading class java/util/stream/DoubleStream
Event: 5.171 Loading class java/util/stream/DoubleStream done
Event: 5.171 Loading class java/util/stream/LongStream
Event: 5.172 Loading class java/util/stream/LongStream done
Event: 5.172 Loading class java/util/OptionalDouble
Event: 5.172 Loading class java/util/OptionalDouble done
Event: 5.172 Loading class java/util/OptionalInt
Event: 5.172 Loading class java/util/OptionalInt done
Event: 5.172 Loading class java/util/OptionalLong
Event: 5.172 Loading class java/util/OptionalLong done
Event: 5.189 Loading class java/security/AccessControlException
Event: 5.189 Loading class java/security/AccessControlException done

Classes unloaded (0 events):
No events

Classes redefined (0 events):
No events

Internal exceptions (20 events):
Event: 4.776 Thread 0x0000018a60dce050 Exception <a 'java/lang/NoSuchMethodError'{0x000000008d9ac9c8}: 'java.lang.Object java.lang.invoke.DelegatingMethodHandle$Holder.reinvoke_L(java.lang.Object, java.lang.Object, java.lang.Object, java.lang.Object, java.lang.Object, java.lang.Object, java.lang.Object, java.lang.Object, java.lang.Object, java.lang.Object, java.lang.Object, java.lang.Object, java.lang.Object, java.lang.Object, java.lang.Object)'> (0x000000008d9ac9c8) 
thrown [s\src\hotspot\share\interpreter\linkResolver.cpp, line 784]
Event: 4.923 Thread 0x0000018a60dce050 Exception <a 'java/lang/NoSuchMethodError'{0x000000008320a6a8}: 'java.lang.Object java.lang.invoke.DelegatingMethodHandle$Holder.reinvoke_L(java.lang.Object, java.lang.Object, java.lang.Object, java.lang.Object, java.lang.Object, java.lang.Object, java.lang.Object, java.lang.Object, java.lang.Object, java.lang.Object, java.lang.Object, java.lang.Object, java.lang.Object, java.lang.Object, java.lang.Object, java.lang.Object, java.lang.Object, java.lang.Object, java.lang.Object, java.lang.Object, java.lang.O
Event: 4.927 Thread 0x0000018a60dce050 Exception <a 'java/lang/NoSuchMethodError'{0x00000000832eee40}: 'java.lang.Object java.lang.invoke.DirectMethodHandle$Holder.invokeStatic(java.lang.Object, java.lang.Object, java.lang.Object, java.lang.Object, java.lang.Object, java.lang.Object, java.lang.Object, java.lang.Object, java.lang.Object, java.lang.Object, java.lang.Object, java.lang.Object, java.lang.Object, java.lang.Object, java.lang.Object, java.lang.Object, java.lang.Object, java.lang.Object, java.lang.Object, java.lang.Object, java.lang.Obj
Event: 4.928 Thread 0x0000018a60dce050 Exception <a 'java/lang/NoSuchMethodError'{0x0000000083124bb8}: 'java.lang.Object java.lang.invoke.DirectMethodHandle$Holder.invokeStatic(java.lang.Object, java.lang.Object, java.lang.Object, java.lang.Object, java.lang.Object, java.lang.Object, java.lang.Object, java.lang.Object, java.lang.Object, java.lang.Object, java.lang.Object, java.lang.Object, java.lang.Object, java.lang.Object, java.lang.Object, java.lang.Object, java.lang.Object, java.lang.Object, java.lang.Object, java.lang.Object, java.lang.Obj
Event: 4.929 Thread 0x0000018a60dce050 Exception <a 'java/lang/NoSuchMethodError'{0x000000008315bbe8}: 'java.lang.Object java.lang.invoke.DirectMethodHandle$Holder.invokeStatic(java.lang.Object, java.lang.Object, java.lang.Object, java.lang.Object, java.lang.Object, java.lang.Object, java.lang.Object, java.lang.Object, java.lang.Object, java.lang.Object, java.lang.Object, java.lang.Object, java.lang.Object, java.lang.Object, java.lang.Object, java.lang.Object, java.lang.Object, java.lang.Object, java.lang.Object, java.lang.Object, java.lang.Obj
Event: 4.930 Thread 0x0000018a60dce050 Exception <a 'java/lang/NoSuchMethodError'{0x0000000083194630}: 'java.lang.Object java.lang.invoke.DirectMethodHandle$Holder.invokeStatic(java.lang.Object, java.lang.Object, java.lang.Object, java.lang.Object, java.lang.Object, java.lang.Object, java.lang.Object, java.lang.Object, java.lang.Object, java.lang.Object, java.lang.Object, java.lang.Object, java.lang.Object, java.lang.Object, java.lang.Object, java.lang.Object, java.lang.Object, java.lang.Object, java.lang.Object, java.lang.Object, java.lang.Obj
Event: 4.931 Thread 0x0000018a60dce050 Exception <a 'java/lang/NoSuchMethodError'{0x00000000831cff30}: 'java.lang.Object java.lang.invoke.DirectMethodHandle$Holder.invokeStatic(java.lang.Object, java.lang.Object, java.lang.Object, java.lang.Object, java.lang.Object, java.lang.Object, java.lang.Object, java.lang.Object, java.lang.Object, java.lang.Object, java.lang.Object, java.lang.Object, java.lang.Object, java.lang.Object, java.lang.Object, java.lang.Object, java.lang.Object, java.lang.Object, java.lang.Object, java.lang.Object, java.lang.Obj
Event: 4.932 Thread 0x0000018a60dce050 Exception <a 'java/lang/NoSuchMethodError'{0x000000008300db88}: 'java.lang.Object java.lang.invoke.DirectMethodHandle$Holder.invokeStatic(java.lang.Object, java.lang.Object, java.lang.Object, java.lang.Object, java.lang.Object, java.lang.Object, java.lang.Object, java.lang.Object, java.lang.Object, java.lang.Object, java.lang.Object, java.lang.Object, java.lang.Object, java.lang.Object, java.lang.Object, java.lang.Object, java.lang.Object, java.lang.Object, java.lang.Object, java.lang.Object, java.lang.Obj
Event: 4.960 Thread 0x0000018a60dce050 Exception <a 'java/lang/NoSuchMethodError'{0x0000000082e92160}: 'java.lang.Object java.lang.invoke.DirectMethodHandle$Holder.newInvokeSpecial(java.lang.Object, java.lang.Object, java.lang.Object, java.lang.Object, java.lang.Object, java.lang.Object, java.lang.Object, java.lang.Object, java.lang.Object)'> (0x0000000082e92160) 
thrown [s\src\hotspot\share\interpreter\linkResolver.cpp, line 784]
Event: 5.006 Thread 0x0000018a60dce050 Exception <a 'java/lang/IncompatibleClassChangeError'{0x0000000082b40c90}: Found class java.lang.Object, but interface was expected> (0x0000000082b40c90) 
thrown [s\src\hotspot\share\interpreter\linkResolver.cpp, line 851]
Event: 5.022 Thread 0x0000018a60dce050 Exception <a 'java/lang/NoSuchMethodError'{0x0000000082a78b78}: 'java.lang.Object java.lang.invoke.DirectMethodHandle$Holder.newInvokeSpecial(java.lang.Object, java.lang.Object, long)'> (0x0000000082a78b78) 
thrown [s\src\hotspot\share\interpreter\linkResolver.cpp, line 784]
Event: 5.022 Thread 0x0000018a60dce050 Exception <a 'java/lang/NoSuchMethodError'{0x0000000082a7d1a0}: 'java.lang.Object java.lang.invoke.Invokers$Holder.linkToTargetMethod(java.lang.Object, long, java.lang.Object)'> (0x0000000082a7d1a0) 
thrown [s\src\hotspot\share\interpreter\linkResolver.cpp, line 784]
Event: 5.054 Thread 0x0000018a60dce050 Exception <a 'java/lang/NoSuchMethodError'{0x0000000082874da8}: 'int java.lang.invoke.DirectMethodHandle$Holder.invokeInterface(java.lang.Object, java.lang.Object)'> (0x0000000082874da8) 
thrown [s\src\hotspot\share\interpreter\linkResolver.cpp, line 784]
Event: 5.062 Thread 0x0000018a60dce050 Exception <a 'java/lang/NoSuchMethodError'{0x00000000828f6360}: 'java.lang.Object java.lang.invoke.DirectMethodHandle$Holder.invokeVirtual(java.lang.Object, java.lang.Object, int)'> (0x00000000828f6360) 
thrown [s\src\hotspot\share\interpreter\linkResolver.cpp, line 784]
Event: 5.067 Thread 0x0000018a60dce050 Exception <a 'java/lang/NoSuchMethodError'{0x0000000082729590}: 'void java.lang.invoke.DirectMethodHandle$Holder.invokeStatic(java.lang.Object, java.lang.Object, java.lang.Object, int)'> (0x0000000082729590) 
thrown [s\src\hotspot\share\interpreter\linkResolver.cpp, line 784]
Event: 5.077 Thread 0x0000018a60dce050 Exception <a 'java/lang/NoSuchMethodError'{0x00000000827a4398}: 'java.lang.Object java.lang.invoke.DirectMethodHandle$Holder.invokeStatic(java.lang.Object, java.lang.Object, int, java.lang.Object)'> (0x00000000827a4398) 
thrown [s\src\hotspot\share\interpreter\linkResolver.cpp, line 784]
Event: 5.078 Thread 0x0000018a60dce050 Exception <a 'java/lang/NoSuchMethodError'{0x00000000827ab780}: 'java.lang.Object java.lang.invoke.DirectMethodHandle$Holder.newInvokeSpecial(java.lang.Object, java.lang.Object, int, java.lang.Object)'> (0x00000000827ab780) 
thrown [s\src\hotspot\share\interpreter\linkResolver.cpp, line 784]
Event: 5.078 Thread 0x0000018a60dce050 Exception <a 'java/lang/NoSuchMethodError'{0x00000000827b01a8}: 'java.lang.Object java.lang.invoke.DirectMethodHandle$Holder.invokeSpecial(java.lang.Object, java.lang.Object, java.lang.Object, int, java.lang.Object)'> (0x00000000827b01a8) 
thrown [s\src\hotspot\share\interpreter\linkResolver.cpp, line 784]
Event: 5.129 Thread 0x0000018a60dce050 Exception <a 'java/lang/NoSuchMethodError'{0x000000008242e910}: 'void java.lang.invoke.DirectMethodHandle$Holder.invokeInterface(java.lang.Object, java.lang.Object, java.lang.Object, java.lang.Object, java.lang.Object, java.lang.Object, java.lang.Object)'> (0x000000008242e910) 
thrown [s\src\hotspot\share\interpreter\linkResolver.cpp, line 784]
Event: 5.129 Thread 0x0000018a60dce050 Exception <a 'java/lang/NoSuchMethodError'{0x0000000082433228}: 'void java.lang.invoke.DelegatingMethodHandle$Holder.reinvoke_L(java.lang.Object, java.lang.Object, java.lang.Object, java.lang.Object, java.lang.Object, java.lang.Object, java.lang.Object)'> (0x0000000082433228) 
thrown [s\src\hotspot\share\interpreter\linkResolver.cpp, line 784]

ZGC Phase Switch (0 events):
No events

VM Operations (20 events):
Event: 4.498 Executing VM operation: HandshakeAllThreads (Deoptimize)
Event: 4.498 Executing VM operation: HandshakeAllThreads (Deoptimize) done
Event: 4.583 Executing VM operation: G1CollectForAllocation (G1 Evacuation Pause)
Event: 4.588 Executing VM operation: G1CollectForAllocation (G1 Evacuation Pause) done
Event: 4.813 Executing VM operation: HandshakeAllThreads (Deoptimize)
Event: 4.813 Executing VM operation: HandshakeAllThreads (Deoptimize) done
Event: 5.009 Executing VM operation: HandshakeAllThreads (Deoptimize)
Event: 5.009 Executing VM operation: HandshakeAllThreads (Deoptimize) done
Event: 5.023 Executing VM operation: HandshakeAllThreads (Deoptimize)
Event: 5.023 Executing VM operation: HandshakeAllThreads (Deoptimize) done
Event: 5.132 Executing VM operation: HandshakeAllThreads (Deoptimize)
Event: 5.132 Executing VM operation: HandshakeAllThreads (Deoptimize) done
Event: 5.132 Executing VM operation: HandshakeAllThreads (Deoptimize)
Event: 5.132 Executing VM operation: HandshakeAllThreads (Deoptimize) done
Event: 5.146 Executing VM operation: G1CollectForAllocation (G1 Evacuation Pause)
Event: 5.151 Executing VM operation: G1CollectForAllocation (G1 Evacuation Pause) done
Event: 5.189 Executing VM operation: HandshakeAllThreads (Deoptimize)
Event: 5.189 Executing VM operation: HandshakeAllThreads (Deoptimize) done
Event: 6.190 Executing VM operation: Cleanup
Event: 6.190 Executing VM operation: Cleanup done

Memory protections (0 events):
No events

Nmethod flushes (20 events):
Event: 3.930 Thread 0x0000018a5a36c4c0 flushing  nmethod 0x0000018a45a6f290
Event: 3.930 Thread 0x0000018a5a36c4c0 flushing  nmethod 0x0000018a45a6f790
Event: 3.930 Thread 0x0000018a5a36c4c0 flushing  nmethod 0x0000018a45a70590
Event: 3.930 Thread 0x0000018a5a36c4c0 flushing  nmethod 0x0000018a45a71490
Event: 3.930 Thread 0x0000018a5a36c4c0 flushing  nmethod 0x0000018a45a73210
Event: 3.930 Thread 0x0000018a5a36c4c0 flushing  nmethod 0x0000018a45a73f10
Event: 3.930 Thread 0x0000018a5a36c4c0 flushing  nmethod 0x0000018a45a7ce90
Event: 3.930 Thread 0x0000018a5a36c4c0 flushing  nmethod 0x0000018a45ac6690
Event: 3.930 Thread 0x0000018a5a36c4c0 flushing  nmethod 0x0000018a45ac7410
Event: 3.930 Thread 0x0000018a5a36c4c0 flushing  nmethod 0x0000018a45ac9310
Event: 3.930 Thread 0x0000018a5a36c4c0 flushing  nmethod 0x0000018a45af8f90
Event: 3.930 Thread 0x0000018a5a36c4c0 flushing  nmethod 0x0000018a45b62a90
Event: 3.930 Thread 0x0000018a5a36c4c0 flushing  nmethod 0x0000018a45b63490
Event: 3.930 Thread 0x0000018a5a36c4c0 flushing  nmethod 0x0000018a45b63790
Event: 3.930 Thread 0x0000018a5a36c4c0 flushing  nmethod 0x0000018a45b68490
Event: 3.930 Thread 0x0000018a5a36c4c0 flushing  nmethod 0x0000018a45be1c10
Event: 3.930 Thread 0x0000018a5a36c4c0 flushing  nmethod 0x0000018a45d54f90
Event: 3.930 Thread 0x0000018a5a36c4c0 flushing  nmethod 0x0000018a45d55410
Event: 3.930 Thread 0x0000018a5a36c4c0 flushing  nmethod 0x0000018a45da4c10
Event: 3.930 Thread 0x0000018a5a36c4c0 flushing  nmethod 0x0000018a45da5710

Events (20 events):
Event: 1.997 Thread 0x0000018a60e773d0 Thread added: 0x0000018a60e84f40
Event: 2.027 Thread 0x0000018a60e773d0 Thread added: 0x0000018a60ea8a90
Event: 2.040 Thread 0x0000018a60e773d0 Thread added: 0x0000018a60dce050
Event: 2.056 Thread 0x0000018a60dce050 Thread added: 0x0000018a60dce6e0
Event: 2.063 Thread 0x0000018a60dce050 Thread added: 0x0000018a60dcf400
Event: 2.072 Thread 0x0000018a60dce050 Thread added: 0x0000018a60dcfa90
Event: 2.481 Thread 0x0000018a60dce050 Thread added: 0x0000018a60dcd9c0
Event: 2.487 Thread 0x0000018a60dce050 Thread added: 0x0000018a60dd0120
Event: 2.547 Thread 0x0000018a60dce050 Thread added: 0x0000018a60dd07b0
Event: 2.700 Thread 0x0000018a5a4b92a0 Thread added: 0x0000018a61e5ef40
Event: 3.765 Thread 0x0000018a60dce050 Thread added: 0x0000018a6461b900
Event: 3.787 Thread 0x0000018a60dce050 Thread added: 0x0000018a6461d9d0
Event: 4.107 Thread 0x0000018a60dce050 Thread added: 0x0000018a6461d340
Event: 4.114 Thread 0x0000018a60dce050 Thread added: 0x0000018a6461e060
Event: 4.364 Thread 0x0000018a60dce050 Thread added: 0x0000018a6461abe0
Event: 4.420 Thread 0x0000018a60dce050 Thread added: 0x0000018a6461e6f0
Event: 4.765 Thread 0x0000018a60dce050 Thread added: 0x0000018a6461ed80
Event: 4.893 Thread 0x0000018a60dce050 Thread added: 0x0000018a6461f410
Event: 5.078 Thread 0x0000018a60dce050 Thread added: 0x0000018a6461bf90
Event: 5.118 Thread 0x0000018a60dce050 Thread added: 0x0000018a6461faa0


Dynamic libraries:
0x00007ff604b10000 - 0x00007ff604b1a000 	C:\Program Files\Android\Android Studio\jbr\bin\java.exe
0x00007ff9753a0000 - 0x00007ff975607000 	C:\WINDOWS\SYSTEM32\ntdll.dll
0x00007ff973840000 - 0x00007ff973909000 	C:\WINDOWS\System32\KERNEL32.DLL
0x00007ff972d20000 - 0x00007ff973117000 	C:\WINDOWS\System32\KERNELBASE.dll
0x00007ff971dd0000 - 0x00007ff971f1b000 	C:\WINDOWS\System32\ucrtbase.dll
0x00007ff95a2a0000 - 0x00007ff95a2b8000 	C:\Program Files\Android\Android Studio\jbr\bin\jli.dll
0x00007ff966a00000 - 0x00007ff966a1b000 	C:\Program Files\Android\Android Studio\jbr\bin\VCRUNTIME140.dll
0x00007ff974030000 - 0x00007ff9741f6000 	C:\WINDOWS\System32\USER32.dll
0x00007ff94e920000 - 0x00007ff94ebb2000 	C:\WINDOWS\WinSxS\amd64_microsoft.windows.common-controls_6595b64144ccf1df_6.0.26100.8457_none_3e0b2faee331e92d\COMCTL32.dll
0x00007ff972060000 - 0x00007ff972087000 	C:\WINDOWS\System32\win32u.dll
0x00007ff975270000 - 0x00007ff975319000 	C:\WINDOWS\System32\msvcrt.dll
0x00007ff973b60000 - 0x00007ff973b8b000 	C:\WINDOWS\System32\GDI32.dll
0x00007ff9729c0000 - 0x00007ff972aec000 	C:\WINDOWS\System32\gdi32full.dll
0x00007ff971f20000 - 0x00007ff971fc3000 	C:\WINDOWS\System32\msvcp_win.dll
0x00007ff974930000 - 0x00007ff974962000 	C:\WINDOWS\System32\IMM32.DLL
0x00007ff96cfd0000 - 0x00007ff96cfdc000 	C:\Program Files\Android\Android Studio\jbr\bin\vcruntime140_1.dll
0x00007ff909210000 - 0x00007ff90929d000 	C:\Program Files\Android\Android Studio\jbr\bin\msvcp140.dll
0x00007ff8bd320000 - 0x00007ff8bdfb6000 	C:\Program Files\Android\Android Studio\jbr\bin\server\jvm.dll
0x00007ff974870000 - 0x00007ff974926000 	C:\WINDOWS\System32\ADVAPI32.dll
0x00007ff973ab0000 - 0x00007ff973b57000 	C:\WINDOWS\System32\sechost.dll
0x00007ff973f10000 - 0x00007ff974028000 	C:\WINDOWS\System32\RPCRT4.dll
0x00007ff9751e0000 - 0x00007ff975260000 	C:\WINDOWS\System32\WS2_32.dll
0x00007ff971c30000 - 0x00007ff971c8e000 	C:\WINDOWS\SYSTEM32\POWRPROF.dll
0x00007ff96a820000 - 0x00007ff96a856000 	C:\WINDOWS\SYSTEM32\WINMM.dll
0x00007ff96a860000 - 0x00007ff96a86b000 	C:\WINDOWS\SYSTEM32\VERSION.dll
0x00007ff971c10000 - 0x00007ff971c24000 	C:\WINDOWS\SYSTEM32\UMPDC.dll
0x00007ff970b00000 - 0x00007ff970b1b000 	C:\WINDOWS\SYSTEM32\kernel.appcore.dll
0x00007ff96cbc0000 - 0x00007ff96cbca000 	C:\Program Files\Android\Android Studio\jbr\bin\jimage.dll
0x00007ff963ec0000 - 0x00007ff964102000 	C:\WINDOWS\SYSTEM32\DBGHELP.DLL
0x00007ff973450000 - 0x00007ff9737d3000 	C:\WINDOWS\System32\combase.dll
0x00007ff974970000 - 0x00007ff974a49000 	C:\WINDOWS\System32\OLEAUT32.dll
0x00007ff96ca20000 - 0x00007ff96ca5b000 	C:\WINDOWS\SYSTEM32\dbgcore.DLL
0x00007ff972c70000 - 0x00007ff972d18000 	C:\WINDOWS\System32\bcryptPrimitives.dll
0x00007ff957910000 - 0x00007ff95791e000 	C:\Program Files\Android\Android Studio\jbr\bin\instrument.dll
0x00007ff9669e0000 - 0x00007ff966a00000 	C:\Program Files\Android\Android Studio\jbr\bin\java.dll
0x00007ff95beb0000 - 0x00007ff95bec8000 	C:\Program Files\Android\Android Studio\jbr\bin\zip.dll
0x00007ff974a60000 - 0x00007ff9751ce000 	C:\WINDOWS\System32\SHELL32.dll
0x00007ff972150000 - 0x00007ff9729bc000 	C:\WINDOWS\System32\windows.storage.dll
0x00007ff973d50000 - 0x00007ff973e46000 	C:\WINDOWS\System32\SHCORE.dll
0x00007ff973b90000 - 0x00007ff973bf6000 	C:\WINDOWS\System32\shlwapi.dll
0x00007ff971cf0000 - 0x00007ff971d19000 	C:\WINDOWS\SYSTEM32\profapi.dll
0x00007ff96c830000 - 0x00007ff96c840000 	C:\Program Files\Android\Android Studio\jbr\bin\net.dll
0x00007ff9684e0000 - 0x00007ff968609000 	C:\WINDOWS\SYSTEM32\WINHTTP.dll
0x00007ff9710d0000 - 0x00007ff97113c000 	C:\WINDOWS\system32\mswsock.dll
0x00007ff952740000 - 0x00007ff952756000 	C:\Program Files\Android\Android Studio\jbr\bin\nio.dll
0x00007ff95a6c0000 - 0x00007ff95a6d0000 	C:\Program Files\Android\Android Studio\jbr\bin\verify.dll
0x00007ff9472a0000 - 0x00007ff9472c7000 	C:\Users\IT\.gradle\native\1def1411415f61bf3af743bc5b6707747c0891f09f0c88961ee8f79bc544acac\windows-amd64\native-platform.dll
0x00007ff9092d0000 - 0x00007ff909347000 	C:\Users\IT\.gradle\native\0.2.8\x86_64-windows-gnu\gradle-fileevents.dll
0x00007ff95bea0000 - 0x00007ff95bea9000 	C:\Program Files\Android\Android Studio\jbr\bin\management.dll
0x00007ff95bd80000 - 0x00007ff95bd8b000 	C:\Program Files\Android\Android Studio\jbr\bin\management_ext.dll
0x00007ff975330000 - 0x00007ff975338000 	C:\WINDOWS\System32\PSAPI.DLL
0x00007ff970620000 - 0x00007ff970652000 	C:\WINDOWS\SYSTEM32\IPHLPAPI.DLL
0x00007ff975320000 - 0x00007ff97532a000 	C:\WINDOWS\System32\NSI.dll
0x00007ff964c60000 - 0x00007ff964c69000 	C:\Program Files\Android\Android Studio\jbr\bin\extnet.dll
0x00007ff9713b0000 - 0x00007ff9713cb000 	C:\WINDOWS\SYSTEM32\CRYPTSP.dll
0x00007ff970ac0000 - 0x00007ff970af9000 	C:\WINDOWS\system32\rsaenh.dll
0x00007ff971180000 - 0x00007ff9711b3000 	C:\WINDOWS\SYSTEM32\USERENV.dll
0x00007ff971cc0000 - 0x00007ff971cea000 	C:\WINDOWS\SYSTEM32\bcrypt.dll
0x00007ff9713d0000 - 0x00007ff9713dc000 	C:\WINDOWS\SYSTEM32\CRYPTBASE.dll
0x00007ff94fde0000 - 0x00007ff94fde8000 	C:\WINDOWS\system32\wshunix.dll

JVMTI agents:
C:\Users\IT\.gradle\wrapper\dists\gradle-9.1.0-bin\9agqghryom9wkf8r80qlhnts3\gradle-9.1.0\lib\agents\gradle-instrumentation-agent-9.1.0.jar path:C:\Program Files\Android\Android Studio\jbr\bin\instrument.dll, loaded, initialized, instrumentlib options:none

dbghelp: loaded successfully - version: 4.0.5 - missing functions: none
symbol engine: initialized successfully - sym options: 0x614 - pdb path: .;C:\Program Files\Android\Android Studio\jbr\bin;C:\WINDOWS\SYSTEM32;C:\WINDOWS\WinSxS\amd64_microsoft.windows.common-controls_6595b64144ccf1df_6.0.26100.8457_none_3e0b2faee331e92d;C:\Program Files\Android\Android Studio\jbr\bin\server;C:\Users\IT\.gradle\native\1def1411415f61bf3af743bc5b6707747c0891f09f0c88961ee8f79bc544acac\windows-amd64;C:\Users\IT\.gradle\native\0.2.8\x86_64-windows-gnu

VM Arguments:
jvm_args: --add-opens=java.base/java.lang=ALL-UNNAMED --add-opens=java.base/java.lang.invoke=ALL-UNNAMED --add-opens=java.base/java.util=ALL-UNNAMED --add-opens=java.prefs/java.util.prefs=ALL-UNNAMED --add-exports=jdk.compiler/com.sun.tools.javac.api=ALL-UNNAMED --add-exports=jdk.compiler/com.sun.tools.javac.util=ALL-UNNAMED --add-opens=java.base/java.util=ALL-UNNAMED --add-opens=java.prefs/java.util.prefs=ALL-UNNAMED --add-opens=java.base/java.nio.charset=ALL-UNNAMED --add-opens=java.base/java.net=ALL-UNNAMED --add-opens=java.base/java.util.concurrent=ALL-UNNAMED --add-opens=java.base/java.util.concurrent.atomic=ALL-UNNAMED --add-opens=java.xml/javax.xml.namespace=ALL-UNNAMED --add-opens=java.base/java.time=ALL-UNNAMED -Xmx2048m -Dfile.encoding=UTF-8 -Duser.country=US -Duser.language=en -Duser.variant -javaagent:C:\Users\IT\.gradle\wrapper\dists\gradle-9.1.0-bin\9agqghryom9wkf8r80qlhnts3\gradle-9.1.0\lib\agents\gradle-instrumentation-agent-9.1.0.jar 
java_command: org.gradle.launcher.daemon.bootstrap.GradleDaemon 9.1.0
java_class_path (initial): C:\Users\IT\.gradle\wrapper\dists\gradle-9.1.0-bin\9agqghryom9wkf8r80qlhnts3\gradle-9.1.0\lib\gradle-daemon-main-9.1.0.jar
Launcher Type: SUN_STANDARD

[Global flags]
     intx CICompilerCount                          = 4                                         {product} {ergonomic}
     uint ConcGCThreads                            = 3                                         {product} {ergonomic}
     uint G1ConcRefinementThreads                  = 10                                        {product} {ergonomic}
   size_t G1HeapRegionSize                         = 1048576                                   {product} {ergonomic}
    uintx GCDrainStackTargetSize                   = 64                                        {product} {ergonomic}
   size_t InitialHeapSize                          = 257949696                                 {product} {ergonomic}
   size_t MarkStackSize                            = 4194304                                   {product} {ergonomic}
   size_t MaxHeapSize                              = 2147483648                                {product} {command line}
   size_t MaxNewSize                               = 1287651328                                {product} {ergonomic}
   size_t MinHeapDeltaBytes                        = 1048576                                   {product} {ergonomic}
   size_t MinHeapSize                              = 8388608                                   {product} {ergonomic}
    uintx NonNMethodCodeHeapSize                   = 5839372                                {pd product} {ergonomic}
    uintx NonProfiledCodeHeapSize                  = 122909434                              {pd product} {ergonomic}
    uintx ProfiledCodeHeapSize                     = 122909434                              {pd product} {ergonomic}
    uintx ReservedCodeCacheSize                    = 251658240                              {pd product} {ergonomic}
     bool SegmentedCodeCache                       = true                                      {product} {ergonomic}
   size_t SoftMaxHeapSize                          = 2147483648                             {manageable} {ergonomic}
     bool UseCompressedOops                        = true                           {product lp64_product} {ergonomic}
     bool UseG1GC                                  = true                                      {product} {ergonomic}
     bool UseLargePagesIndividualAllocation        = false                                  {pd product} {ergonomic}

Logging:
Log output configuration:
 #0: stdout all=warning uptime,level,tags foldmultilines=false
 #1: stderr all=off uptime,level,tags foldmultilines=false

Environment Variables:
JAVA_HOME=C:\Program Files\Java\jdk-25
PATH=C:\Program Files\Common Files\Oracle\Java\javapath;C:\WINDOWS\system32;C:\WINDOWS;C:\WINDOWS\System32\Wbem;C:\WINDOWS\System32\WindowsPowerShell\v1.0\;C:\WINDOWS\System32\OpenSSH\;C:\Program Files\Cloudflare\Cloudflare WARP\;C:\Program Files (x86)\GnuWin32\bin;C:\Program Files\CodeBlocks\MinGW\bin;C:\MinGW\bin;C:\Program Files\dotnet\;C:\Program Files (x86)\Windows Kits\10\Windows Performance Toolkit\;C:\Program Files\Git\cmd;C:\Program Files\Java\jdk-25\bin;C:\Program Files\MySQL\MySQL Server 8.0\bin;C:\Users\IT\AppData\Local\Microsoft\WindowsApps;C:\Users\IT\.dotnet\tools;C:\Users\IT\AppData\Local\Programs\Microsoft VS Code\bin;C:\Users\IT\AppData\Local\Programs\cursor\resources\app\bin;C:\Users\IT\AppData\Local\Programs\Antigravity\bin
USERNAME=IT
OS=Windows_NT
PROCESSOR_IDENTIFIER=AMD64 Family 25 Model 80 Stepping 0, AuthenticAMD
TMP=C:\Users\IT\AppData\Local\Temp
TEMP=C:\Users\IT\AppData\Local\Temp




Periodic native trim disabled

JNI global refs:
JNI global refs: 25, weak refs: 0

JNI global refs memory usage: 835, weak refs: 201

Process memory usage:
Resident Set Size: 230904K (1% of 16057412K total physical memory with 2260176K free physical memory)

OOME stack traces (most recent first):
Classloader memory used:
Loader org.gradle.internal.classloader.VisitableURLClassLoader                         : 22089K
Loader bootstrap                                                                       : 18955K
Loader org.gradle.initialization.MixInLegacyTypesClassLoader                           : 4361K
Loader jdk.internal.loader.ClassLoaders$AppClassLoader                                 : 230K
Loader jdk.internal.loader.ClassLoaders$PlatformClassLoader                            : 115K
Loader org.gradle.groovy.scripts.internal.DefaultScriptCompilationHandler$ScriptClassLoader: 4824B

Classes loaded by more than one classloader:
Class org.gradle.internal.classloader.FilteringClassLoader                            : loaded 2 times (x 105B)
Class org.gradle.internal.classloader.ClassLoaderHierarchy                            : loaded 2 times (x 70B)
Class org.gradle.api.internal.classpath.ManifestUtil                                  : loaded 2 times (x 71B)
Class org.gradle.internal.classloader.DefaultClassLoaderFactory                       : loaded 2 times (x 82B)
Class org.gradle.internal.classloader.ClassLoaderVisitor                              : loaded 2 times (x 76B)
Class org.gradle.api.internal.classpath.EffectiveClassPath                            : loaded 2 times (x 90B)
Class org.gradle.api.internal.DefaultClassPathProvider                                : loaded 2 times (x 76B)
Class [Lorg.gradle.api.internal.ClassPathProvider;                                    : loaded 2 times (x 69B)
Class org.gradle.api.internal.ClassPathProvider                                       : loaded 2 times (x 70B)
Class org.gradle.internal.service.UnknownServiceException                             : loaded 2 times (x 83B)
Class org.gradle.internal.classpath.TransformedClassPath                              : loaded 2 times (x 96B)
Class org.gradle.internal.classloader.InstrumentingClassLoader                        : loaded 2 times (x 70B)
Class org.gradle.internal.service.ServiceLocator                                      : loaded 2 times (x 70B)
Class org.gradle.internal.InternalTransformer                                         : loaded 2 times (x 70B)
Class org.gradle.internal.classloader.ClasspathUtil$1                                 : loaded 2 times (x 76B)
Class org.gradle.api.internal.classpath.DefaultModuleRegistry$DefaultModule           : loaded 2 times (x 86B)
Class org.gradle.api.internal.classpath.Module                                        : loaded 2 times (x 70B)
Class org.gradle.api.internal.classpath.UnknownModuleException                        : loaded 2 times (x 82B)
Class org.gradle.api.internal.DefaultClassPathRegistry                                : loaded 2 times (x 76B)
Class org.gradle.api.internal.ClassPathRegistry                                       : loaded 2 times (x 70B)
Class org.gradle.internal.classpath.DefaultClassPath$ImmutableUniqueList              : loaded 2 times (x 199B)
Class org.gradle.internal.classpath.ClassPath                                         : loaded 2 times (x 70B)
Class org.gradle.internal.installation.GradleInstallation$1                           : loaded 2 times (x 75B)
Class org.gradle.api.internal.classpath.ModuleRegistry                                : loaded 2 times (x 70B)
Class org.gradle.api.internal.classpath.DefaultModuleRegistry                         : loaded 2 times (x 86B)
Class org.gradle.internal.service.ServiceLookupException                              : loaded 2 times (x 82B)
Class org.gradle.internal.classloader.ClassLoaderFactory                              : loaded 2 times (x 70B)
Class org.gradle.internal.service.CachingServiceLocator                               : loaded 2 times (x 82B)
Class org.gradle.internal.classloader.ClasspathUtil                                   : loaded 2 times (x 71B)
Class org.gradle.api.specs.Spec                                                       : loaded 2 times (x 70B)
Class org.gradle.internal.classloader.VisitableURLClassLoader$InstrumentingVisitableURLClassLoader: loaded 2 times (x 123B)
Class org.gradle.internal.classloader.VisitableURLClassLoader$Spec                    : loaded 2 times (x 74B)
Class org.gradle.internal.classpath.DefaultClassPath                                  : loaded 2 times (x 90B)
Class org.gradle.internal.classloader.ClassLoaderSpec                                 : loaded 2 times (x 71B)
Class org.gradle.internal.classloader.VisitableURLClassLoader                         : loaded 2 times (x 117B)
Class org.gradle.internal.Cast                                                        : loaded 2 times (x 71B)
Class org.gradle.api.Action                                                           : loaded 2 times (x 70B)
Class org.gradle.internal.classpath.DefaultClassPath$ImmutableUniqueList$Builder      : loaded 2 times (x 75B)
Class org.gradle.api.GradleException                                                  : loaded 2 times (x 82B)
Class org.gradle.internal.IoActions                                                   : loaded 2 times (x 71B)
Class org.gradle.internal.classloader.SystemClassLoaderSpec                           : loaded 2 times (x 71B)
Class org.gradle.api.internal.classpath.GlobalCacheRootsProvider                      : loaded 2 times (x 70B)
Class org.gradle.internal.installation.CurrentGradleInstallationLocator               : loaded 2 times (x 71B)
Class org.gradle.internal.service.DefaultServiceLocator                               : loaded 2 times (x 83B)
Class org.gradle.internal.installation.CurrentGradleInstallation                      : loaded 2 times (x 73B)
Class org.gradle.util.internal.GUtil                                                  : loaded 2 times (x 71B)
Class org.gradle.internal.installation.GradleInstallation                             : loaded 2 times (x 75B)

---------------  S Y S T E M  ---------------

OS:
 Windows 11 , 64 bit Build 26100 (10.0.26100.8328)
OS uptime: 0 days 4:58 hours

CPU: total 12 (initial active 12) (12 cores per cpu, 2 threads per core) family 25 model 80 stepping 0 microcode 0xa500014, cx8, cmov, fxsr, ht, mmx, 3dnowpref, sse, sse2, sse3, ssse3, sse4a, sse4.1, sse4.2, popcnt, lzcnt, tsc, tscinvbit, avx, avx2, aes, erms, clmul, bmi1, bmi2, adx, sha, fma, vzeroupper, clflush, clflushopt, rdtscp, rdpid, fsrm, f16c, pku, cet_ss
Processor Information for processor 0
  Max Mhz: 2301, Current Mhz: 2301, Mhz Limit: 2301
Processor Information for processor 1
  Max Mhz: 2301, Current Mhz: 2301, Mhz Limit: 2301
Processor Information for processor 2
  Max Mhz: 2301, Current Mhz: 2301, Mhz Limit: 2301
Processor Information for processor 3
  Max Mhz: 2301, Current Mhz: 2301, Mhz Limit: 2301
Processor Information for processor 4
  Max Mhz: 2301, Current Mhz: 1783, Mhz Limit: 2301
Processor Information for processor 5
  Max Mhz: 2301, Current Mhz: 1783, Mhz Limit: 2301
Processor Information for processor 6
  Max Mhz: 2301, Current Mhz: 2301, Mhz Limit: 2301
Processor Information for processor 7
  Max Mhz: 2301, Current Mhz: 2301, Mhz Limit: 2301
Processor Information for processor 8
  Max Mhz: 2301, Current Mhz: 2301, Mhz Limit: 2301
Processor Information for processor 9
  Max Mhz: 2301, Current Mhz: 2301, Mhz Limit: 2301
Processor Information for processor 10
  Max Mhz: 2301, Current Mhz: 2301, Mhz Limit: 2301
Processor Information for processor 11
  Max Mhz: 2301, Current Mhz: 2301, Mhz Limit: 2301

Memory: 4k page, system-wide physical 15681M (2202M free)
TotalPageFile size 19777M (AvailPageFile size 31M)
current process WorkingSet (physical memory assigned to process): 230M, peak: 246M
current process commit charge ("private bytes"): 270M, peak: 381M

vm_info: OpenJDK 64-Bit Server VM (21.0.8+-14196175-b1038.72) for windows-amd64 JRE (21.0.8+-14196175-b1038.72), built on 2025-10-01T10:24:33Z by "builder" with MS VC++ 16.10 / 16.11 (VS2019)

END.
