#
# There is insufficient memory for the Java Runtime Environment to continue.
# Native memory allocation (malloc) failed to allocate 7744280 bytes. Error detail: Chunk::new
# Possible reasons:
#   The system is out of physical RAM or swap space
#   This process is running with CompressedOops enabled, and the Java Heap may be blocking the growth of the native heap
# Possible solutions:
#   Reduce memory load on the system
#   Increase physical memory or swap space
#   Check if swap backing store is full
#   Decrease Java heap size (-Xmx/-Xms)
#   Decrease number of Java threads
#   Decrease Java thread stack sizes (-Xss)
#   Set larger code cache with -XX:ReservedCodeCacheSize=
#   JVM is running with Unscaled Compressed Oops mode in which the Java heap is
#     placed in the first 4GB address space. The Java Heap base address is the
#     maximum limit for the native heap growth. Please use -XX:HeapBaseMinAddress
#     to set the Java Heap base and to place the Java Heap above 4GB virtual address.
# This output file may be truncated or incomplete.
#
#  Out of Memory Error (arena.cpp:186), pid=9348, tid=13204
#
# JRE version: Java(TM) SE Runtime Environment (25.0.1+8) (build 25.0.1+8-LTS-27)
# Java VM: Java HotSpot(TM) 64-Bit Server VM (25.0.1+8-LTS-27, mixed mode, sharing, tiered, compressed oops, compressed class ptrs, g1 gc, windows-amd64)
# No core dump will be written. Minidumps are not enabled by default on client versions of Windows
#

---------------  S U M M A R Y ------------

Command Line: --add-opens=java.base/java.lang=ALL-UNNAMED --add-opens=java.base/java.lang.invoke=ALL-UNNAMED --add-opens=java.base/java.util=ALL-UNNAMED --add-opens=java.prefs/java.util.prefs=ALL-UNNAMED --add-exports=jdk.compiler/com.sun.tools.javac.api=ALL-UNNAMED --add-exports=jdk.compiler/com.sun.tools.javac.util=ALL-UNNAMED --add-opens=java.base/java.util=ALL-UNNAMED --add-opens=java.prefs/java.util.prefs=ALL-UNNAMED --add-opens=java.base/java.nio.charset=ALL-UNNAMED --add-opens=java.base/java.net=ALL-UNNAMED --add-opens=java.base/java.util.concurrent=ALL-UNNAMED --add-opens=java.base/java.util.concurrent.atomic=ALL-UNNAMED --add-opens=java.xml/javax.xml.namespace=ALL-UNNAMED --add-opens=java.base/java.time=ALL-UNNAMED --enable-native-access=ALL-UNNAMED -Xmx2048m -Dfile.encoding=UTF-8 -Duser.country=US -Duser.language=en -Duser.variant -javaagent:C:\Users\IT\.gradle\wrapper\dists\gradle-9.1.0-bin\9agqghryom9wkf8r80qlhnts3\gradle-9.1.0\lib\agents\gradle-instrumentation-agent-9.1.0.jar org.gradle.launcher.daemon.bootstrap.GradleDaemon 9.1.0

Host: AMD Ryzen 5 PRO 5650U with Radeon Graphics     , 12 cores, 15G,  Windows 11 , 64 bit Build 26100 (10.0.26100.8328)
Time: Sat May 16 02:47:32 2026 Bangladesh Standard Time elapsed time: 12.337441 seconds (0d 0h 0m 12s)

---------------  T H R E A D  ---------------

Current thread (0x000002afb2e87df0):  JavaThread "C2 CompilerThread2" daemon [_thread_in_native, id=13204, stack(0x000000c126b00000,0x000000c126c00000) (1024K)]


Current CompileTask:
C2:12337 9647       4       org.jetbrains.kotlin.load.java.structure.impl.classFiles.BinaryClassSignatureParser::parseParameterizedClassRefSignature (257 bytes)

Stack: [0x000000c126b00000,0x000000c126c00000]
Native frames: (J=compiled Java code, j=interpreted, Vv=VM code, C=native code)
V  [jvm.dll+0x7a6b59]  (no source info available)
V  [jvm.dll+0x77290d]  (no source info available)
V  [jvm.dll+0x966153]  (no source info available)
V  [jvm.dll+0x968751]  (no source info available)
V  [jvm.dll+0x968e53]  (no source info available)
V  [jvm.dll+0x2fc756]  (no source info available)
V  [jvm.dll+0x111b26]  (no source info available)
V  [jvm.dll+0x111e4e]  (no source info available)
V  [jvm.dll+0x1a0a22]  (no source info available)
V  [jvm.dll+0x3b53c2]  (no source info available)
V  [jvm.dll+0x7ac4ef]  (no source info available)
V  [jvm.dll+0x2c0ac7]  (no source info available)
V  [jvm.dll+0x2bfa8f]  (no source info available)
V  [jvm.dll+0x237b60]  (no source info available)
V  [jvm.dll+0x2cfb56]  (no source info available)
V  [jvm.dll+0x2cddd5]  (no source info available)
V  [jvm.dll+0x48e6d1]  (no source info available)
V  [jvm.dll+0x906a0d]  (no source info available)
V  [jvm.dll+0x7a5135]  (no source info available)
C  [ucrtbase.dll+0x37b0]  (no source info available)
C  [KERNEL32.DLL+0x2e957]  (no source info available)
C  [ntdll.dll+0x427c]  (no source info available)

Lock stack of current Java thread (top to bottom):


---------------  P R O C E S S  ---------------

Threads class SMR info:
_java_thread_list=0x000002afb309fb40, length=34, elements={
0x000002af8dfaf2c0, 0x000002afab34c7c0, 0x000002afab34d0d0, 0x000002afab34f120,
0x000002afab351ae0, 0x000002afab353470, 0x000002afab35f5c0, 0x000002afab36d0b0,
0x000002afab374d40, 0x000002afab534f70, 0x000002afab596470, 0x000002afb106b8d0,
0x000002afb1152cf0, 0x000002afb1381050, 0x000002afb12cdc60, 0x000002afb12ffee0,
0x000002afb12fd000, 0x000002afb12ff710, 0x000002afb12fd7d0, 0x000002afb1302dc0,
0x000002afb1303d60, 0x000002afb13025f0, 0x000002afb14343b0, 0x000002afb1435b20,
0x000002afb143a940, 0x000002afb143b110, 0x000002afb259f090, 0x000002afb25a17a0,
0x000002afb259e8c0, 0x000002afb259f860, 0x000002afb25a4e50, 0x000002afb25a3eb0,
0x000002afb2e875e0, 0x000002afb2e87df0
}

Java Threads: ( => current thread )
  0x000002af8dfaf2c0 JavaThread "main"                              [_thread_blocked, id=19668, stack(0x000000c124200000,0x000000c124300000) (1024K)]
  0x000002afab34c7c0 JavaThread "Reference Handler"          daemon [_thread_blocked, id=20348, stack(0x000000c124a00000,0x000000c124b00000) (1024K)]
  0x000002afab34d0d0 JavaThread "Finalizer"                  daemon [_thread_blocked, id=3604, stack(0x000000c124b00000,0x000000c124c00000) (1024K)]
  0x000002afab34f120 JavaThread "Signal Dispatcher"          daemon [_thread_blocked, id=18124, stack(0x000000c124c00000,0x000000c124d00000) (1024K)]
  0x000002afab351ae0 JavaThread "Attach Listener"            daemon [_thread_blocked, id=9428, stack(0x000000c124d00000,0x000000c124e00000) (1024K)]
  0x000002afab353470 JavaThread "Service Thread"             daemon [_thread_blocked, id=11072, stack(0x000000c124e00000,0x000000c124f00000) (1024K)]
  0x000002afab35f5c0 JavaThread "Monitor Deflation Thread"   daemon [_thread_blocked, id=7732, stack(0x000000c124f00000,0x000000c125000000) (1024K)]
  0x000002afab36d0b0 JavaThread "C2 CompilerThread0"         daemon [_thread_in_native, id=10780, stack(0x000000c125000000,0x000000c125100000) (1024K)]
  0x000002afab374d40 JavaThread "C1 CompilerThread0"         daemon [_thread_in_native, id=20312, stack(0x000000c125100000,0x000000c125200000) (1024K)]
  0x000002afab534f70 JavaThread "Common-Cleaner"             daemon [_thread_blocked, id=3572, stack(0x000000c125200000,0x000000c125300000) (1024K)]
  0x000002afab596470 JavaThread "Notification Thread"        daemon [_thread_blocked, id=1676, stack(0x000000c125300000,0x000000c125400000) (1024K)]
  0x000002afb106b8d0 JavaThread "Daemon health stats"               [_thread_blocked, id=16208, stack(0x000000c125500000,0x000000c125600000) (1024K)]
  0x000002afb1152cf0 JavaThread "Incoming local TCP Connector on port 54946"        [_thread_in_native, id=21724, stack(0x000000c125a00000,0x000000c125b00000) (1024K)]
  0x000002afb1381050 JavaThread "Daemon periodic checks"            [_thread_blocked, id=7152, stack(0x000000c125b00000,0x000000c125c00000) (1024K)]
  0x000002afb12cdc60 JavaThread "Daemon"                            [_thread_blocked, id=9332, stack(0x000000c125c00000,0x000000c125d00000) (1024K)]
  0x000002afb12ffee0 JavaThread "Handler for socket connection from /127.0.0.1:54946 to /127.0.0.1:54947"        [_thread_in_native, id=3704, stack(0x000000c125d00000,0x000000c125e00000) (1024K)]
  0x000002afb12fd000 JavaThread "Cancel handler"                    [_thread_blocked, id=21820, stack(0x000000c125e00000,0x000000c125f00000) (1024K)]
  0x000002afb12ff710 JavaThread "Daemon worker"                     [_thread_in_native, id=12540, stack(0x000000c125f00000,0x000000c126000000) (1024K)]
  0x000002afb12fd7d0 JavaThread "Asynchronous log dispatcher for DefaultDaemonConnection: socket connection from /127.0.0.1:54946 to /127.0.0.1:54947"        [_thread_blocked, id=10764, stack(0x000000c126000000,0x000000c126100000) (1024K)]
  0x000002afb1302dc0 JavaThread "Stdin handler"                     [_thread_blocked, id=976, stack(0x000000c126100000,0x000000c126200000) (1024K)]
  0x000002afb1303d60 JavaThread "Daemon client event forwarder"        [_thread_blocked, id=8656, stack(0x000000c126200000,0x000000c126300000) (1024K)]
  0x000002afb13025f0 JavaThread "Cache worker for journal cache (C:\Users\IT\.gradle\caches\journal-1)"        [_thread_blocked, id=16172, stack(0x000000c126300000,0x000000c126400000) (1024K)]
  0x000002afb14343b0 JavaThread "File lock request listener"        [_thread_in_native, id=12812, stack(0x000000c126900000,0x000000c126a00000) (1024K)]
  0x000002afb1435b20 JavaThread "Cache worker for file hash cache (C:\Users\IT\.gradle\caches\9.1.0\fileHashes)"        [_thread_in_Java, id=3124, stack(0x000000c126a00000,0x000000c126b00000) (1024K)]
  0x000002afb143a940 JavaThread "Cache worker for file hash cache (E:\ShoeMartShop\.gradle\9.1.0\fileHashes)"        [_thread_blocked, id=18340, stack(0x000000c126e00000,0x000000c126f00000) (1024K)]
  0x000002afb143b110 JavaThread "Cache worker for Build Output Cleanup Cache (E:\ShoeMartShop\.gradle\buildOutputCleanup)"        [_thread_blocked, id=1656, stack(0x000000c126f00000,0x000000c127000000) (1024K)]
  0x000002afb259f090 JavaThread "File watcher server"        daemon [_thread_in_native, id=21656, stack(0x000000c127000000,0x000000c127100000) (1024K)]
  0x000002afb25a17a0 JavaThread "File watcher consumer"      daemon [_thread_blocked, id=19880, stack(0x000000c127100000,0x000000c127200000) (1024K)]
  0x000002afb259e8c0 JavaThread "Cache worker for checksums cache (E:\ShoeMartShop\.gradle\9.1.0\checksums)"        [_thread_blocked, id=18244, stack(0x000000c127200000,0x000000c127300000) (1024K)]
  0x000002afb259f860 JavaThread "Cache worker for file content cache (C:\Users\IT\.gradle\caches\9.1.0\fileContent)"        [_thread_blocked, id=4264, stack(0x000000c127300000,0x000000c127400000) (1024K)]
  0x000002afb25a4e50 JavaThread "Cache worker for cache directory md-supplier (C:\Users\IT\.gradle\caches\9.1.0\md-supplier)"        [_thread_blocked, id=11524, stack(0x000000c127400000,0x000000c127500000) (1024K)]
  0x000002afb25a3eb0 JavaThread "Cache worker for cache directory md-rule (C:\Users\IT\.gradle\caches\9.1.0\md-rule)"        [_thread_blocked, id=15928, stack(0x000000c127500000,0x000000c127600000) (1024K)]
  0x000002afb2e875e0 JavaThread "C2 CompilerThread1"         daemon [_thread_blocked, id=18356, stack(0x000000c125400000,0x000000c125500000) (1024K)]
=>0x000002afb2e87df0 JavaThread "C2 CompilerThread2"         daemon [_thread_in_native, id=13204, stack(0x000000c126b00000,0x000000c126c00000) (1024K)]
Total: 34

Other Threads:
  0x000002afab339fc0 VMThread "VM Thread"                           [id=15976, stack(0x000000c124900000,0x000000c124a00000) (1024K)]
  0x000002afab203360 WatcherThread "VM Periodic Task Thread"        [id=4304, stack(0x000000c124800000,0x000000c124900000) (1024K)]
  0x000002af8e00b930 WorkerThread "GC Thread#0"                     [id=16684, stack(0x000000c124300000,0x000000c124400000) (1024K)]
  0x000002afb08da810 WorkerThread "GC Thread#1"                     [id=17288, stack(0x000000c125600000,0x000000c125700000) (1024K)]
  0x000002afb08a3dc0 WorkerThread "GC Thread#2"                     [id=20796, stack(0x000000c125700000,0x000000c125800000) (1024K)]
  0x000002afb08a4600 WorkerThread "GC Thread#3"                     [id=20600, stack(0x000000c125800000,0x000000c125900000) (1024K)]
  0x000002afb08a4a30 WorkerThread "GC Thread#4"                     [id=13972, stack(0x000000c125900000,0x000000c125a00000) (1024K)]
  0x000002afb10a7820 WorkerThread "GC Thread#5"                     [id=1436, stack(0x000000c126400000,0x000000c126500000) (1024K)]
  0x000002afb10a8db0 WorkerThread "GC Thread#6"                     [id=2152, stack(0x000000c126500000,0x000000c126600000) (1024K)]
  0x000002afb10a9200 WorkerThread "GC Thread#7"                     [id=16364, stack(0x000000c126600000,0x000000c126700000) (1024K)]
  0x000002afb10a9650 WorkerThread "GC Thread#8"                     [id=10604, stack(0x000000c126700000,0x000000c126800000) (1024K)]
  0x000002afb10a7c70 WorkerThread "GC Thread#9"                     [id=4636, stack(0x000000c126800000,0x000000c126900000) (1024K)]
  0x000002af8e024a00 ConcurrentGCThread "G1 Main Marker"            [id=21588, stack(0x000000c124400000,0x000000c124500000) (1024K)]
  0x000002af8e026490 WorkerThread "G1 Conc#0"                       [id=12968, stack(0x000000c124500000,0x000000c124600000) (1024K)]
  0x000002afb10a73d0 WorkerThread "G1 Conc#1"                       [id=3176, stack(0x000000c126c00000,0x000000c126d00000) (1024K)]
  0x000002afb10a80c0 WorkerThread "G1 Conc#2"                       [id=10800, stack(0x000000c126d00000,0x000000c126e00000) (1024K)]
  0x000002af8e06eae0 ConcurrentGCThread "G1 Refine#0"               [id=16004, stack(0x000000c124600000,0x000000c124700000) (1024K)]
  0x000002afab1f9300 ConcurrentGCThread "G1 Service"                [id=9560, stack(0x000000c124700000,0x000000c124800000) (1024K)]
Total: 18

Threads with active compile tasks:
C2 CompilerThread0  12413 9419   !   4       org.jetbrains.kotlin.cli.jvm.index.JvmDependenciesIndexImpl::traverseDirectoriesInPackage (396 bytes)
C1 CompilerThread0  12413 10473       3       org.jetbrains.org.objectweb.asm.Frame::execute (2322 bytes)
C2 CompilerThread2  12413 9647       4       org.jetbrains.kotlin.load.java.structure.impl.classFiles.BinaryClassSignatureParser::parseParameterizedClassRefSignature (257 bytes)
Total: 3

VM state: not at safepoint (normal execution)

VM Mutex/Monitor currently owned by a thread: None

Heap address: 0x0000000080000000, size: 2048 MB, Compressed Oops mode: 32-bit

CDS archive(s) mapped at: [0x0000000002000000-0x0000000002dd0000-0x0000000002dd0000), size 14483456, SharedBaseAddress: 0x0000000002000000, ArchiveRelocationMode: 1.
Compressed class space mapped at: 0x0000000003000000-0x0000000043000000, reserved size: 1073741824
UseCompressedClassPointers 1, UseCompactObjectHeaders 0
Narrow klass pointer bits 32, Max shift 3
Narrow klass base: 0x0000000002000000, Narrow klass shift: 0
Encoding Range: [0x0000000002000000 - 0x0000000102000000), (4294967296 bytes)
Klass Range:    [0x0000000002010000 - 0x0000000043000000), (1090453504 bytes)
Klass ID Range:  [65536 - 1090519033) (1090453497)
Protection zone: [0x0000000002000000 - 0x0000000002010000), (65536 bytes)

GC Precious Log:
 CardTable entry size: 512
 Card Set container configuration: InlinePtr #cards 5 size 8 Array Of Cards #cards 10 size 36 Howl #buckets 4 coarsen threshold 1843 Howl Bitmap #cards 512 size 80 coarsen threshold 460 Card regions per heap region 1 cards per card region 2048
 CPUs: 12 total, 12 available
 Memory: 15681M
 Large Page Support: Disabled
 NUMA Support: Disabled
 Compressed Oops: Enabled (32-bit)
 Heap Region Size: 1M
 Heap Min Capacity: 8M
 Heap Initial Capacity: 246M
 Heap Max Capacity: 2G
 Pre-touch: Disabled
 Parallel Workers: 10
 Concurrent Workers: 3
 Concurrent Refinement Workers: 10
 Periodic GC: Disabled

Heap:
 garbage-first heap   total reserved 2097152K, committed 194560K, used 123765K [0x0000000080000000, 0x0000000100000000)
  region size 1024K, 12 young (12288K), 4 survivors (4096K)

Heap Regions: E=young(eden), S=young(survivor), O=old, HS=humongous(starts), HC=humongous(continues), CS=collection set, F=free, TAMS=top-at-mark-start, PB=parsable bottom
|   0|0x0000000080000000, 0x0000000080100000, 0x0000000080100000|100%|HS|  |TAMS 0x0000000080000000| PB 0x0000000080000000| Complete |  0
|   1|0x0000000080100000, 0x0000000080200000, 0x0000000080200000|100%|HC|  |TAMS 0x0000000080100000| PB 0x0000000080100000| Complete |  0
|   2|0x0000000080200000, 0x0000000080300000, 0x0000000080300000|100%|HC|  |TAMS 0x0000000080200000| PB 0x0000000080200000| Complete |  0
|   3|0x0000000080300000, 0x0000000080400000, 0x0000000080400000|100%| O|  |TAMS 0x0000000080300000| PB 0x0000000080300000| Untracked |  0
|   4|0x0000000080400000, 0x0000000080500000, 0x0000000080500000|100%| O|  |TAMS 0x0000000080400000| PB 0x0000000080400000| Untracked |  0
|   5|0x0000000080500000, 0x0000000080600000, 0x0000000080600000|100%|HS|  |TAMS 0x0000000080500000| PB 0x0000000080500000| Complete |  0
|   6|0x0000000080600000, 0x0000000080700000, 0x0000000080700000|100%| O|  |TAMS 0x0000000080600000| PB 0x0000000080600000| Untracked |  0
|   7|0x0000000080700000, 0x0000000080800000, 0x0000000080800000|100%| O|  |TAMS 0x0000000080700000| PB 0x0000000080700000| Untracked |  0
|   8|0x0000000080800000, 0x0000000080900000, 0x0000000080900000|100%| O|  |TAMS 0x0000000080800000| PB 0x0000000080800000| Untracked |  0
|   9|0x0000000080900000, 0x0000000080a00000, 0x0000000080a00000|100%| O|  |TAMS 0x0000000080900000| PB 0x0000000080900000| Untracked |  0
|  10|0x0000000080a00000, 0x0000000080b00000, 0x0000000080b00000|100%| O|  |TAMS 0x0000000080a00000| PB 0x0000000080a00000| Untracked |  0
|  11|0x0000000080b00000, 0x0000000080c00000, 0x0000000080c00000|100%| O|  |TAMS 0x0000000080b00000| PB 0x0000000080b00000| Untracked |  0
|  12|0x0000000080c00000, 0x0000000080cdd4a8, 0x0000000080d00000| 86%| O|  |TAMS 0x0000000080c00000| PB 0x0000000080c00000| Untracked |  0
|  13|0x0000000080d00000, 0x0000000080e00000, 0x0000000080e00000|100%| O|  |TAMS 0x0000000080d00000| PB 0x0000000080d00000| Untracked |  0
|  14|0x0000000080e00000, 0x0000000080f00000, 0x0000000080f00000|100%| O|  |TAMS 0x0000000080e00000| PB 0x0000000080e00000| Untracked |  0
|  15|0x0000000080f00000, 0x0000000081000000, 0x0000000081000000|100%| O|  |TAMS 0x0000000080f00000| PB 0x0000000080f00000| Untracked |  0
|  16|0x0000000081000000, 0x0000000081100000, 0x0000000081100000|100%| O|  |TAMS 0x0000000081000000| PB 0x0000000081000000| Untracked |  0
|  17|0x0000000081100000, 0x0000000081200000, 0x0000000081200000|100%| O|  |TAMS 0x0000000081100000| PB 0x0000000081100000| Untracked |  0
|  18|0x0000000081200000, 0x0000000081300000, 0x0000000081300000|100%| O|  |TAMS 0x0000000081200000| PB 0x0000000081200000| Untracked |  0
|  19|0x0000000081300000, 0x0000000081400000, 0x0000000081400000|100%| O|  |TAMS 0x0000000081300000| PB 0x0000000081300000| Untracked |  0
|  20|0x0000000081400000, 0x0000000081500000, 0x0000000081500000|100%| O|  |TAMS 0x0000000081400000| PB 0x0000000081400000| Untracked |  0
|  21|0x0000000081500000, 0x0000000081600000, 0x0000000081600000|100%| O|  |TAMS 0x0000000081500000| PB 0x0000000081500000| Untracked |  0
|  22|0x0000000081600000, 0x0000000081700000, 0x0000000081700000|100%| O|  |TAMS 0x0000000081600000| PB 0x0000000081600000| Untracked |  0
|  23|0x0000000081700000, 0x0000000081800000, 0x0000000081800000|100%| O|Cm|TAMS 0x0000000081700000| PB 0x0000000081700000| Complete |  0
|  24|0x0000000081800000, 0x0000000081800000, 0x0000000081900000|  0%| F|  |TAMS 0x0000000081800000| PB 0x0000000081800000| Untracked |  0
|  25|0x0000000081900000, 0x0000000081900000, 0x0000000081a00000|  0%| F|  |TAMS 0x0000000081900000| PB 0x0000000081900000| Untracked |  0
|  26|0x0000000081a00000, 0x0000000081a00000, 0x0000000081b00000|  0%| F|  |TAMS 0x0000000081a00000| PB 0x0000000081a00000| Untracked |  0
|  27|0x0000000081b00000, 0x0000000081b00000, 0x0000000081c00000|  0%| F|  |TAMS 0x0000000081b00000| PB 0x0000000081b00000| Untracked |  0
|  28|0x0000000081c00000, 0x0000000081c00000, 0x0000000081d00000|  0%| F|  |TAMS 0x0000000081c00000| PB 0x0000000081c00000| Untracked |  0
|  29|0x0000000081d00000, 0x0000000081d00000, 0x0000000081e00000|  0%| F|  |TAMS 0x0000000081d00000| PB 0x0000000081d00000| Untracked |  0
|  30|0x0000000081e00000, 0x0000000081e00000, 0x0000000081f00000|  0%| F|  |TAMS 0x0000000081e00000| PB 0x0000000081e00000| Untracked |  0
|  31|0x0000000081f00000, 0x0000000082000000, 0x0000000082000000|100%| O|  |TAMS 0x0000000081f00000| PB 0x0000000081f00000| Untracked |  0
|  32|0x0000000082000000, 0x0000000082100000, 0x0000000082100000|100%| O|Cm|TAMS 0x0000000082000000| PB 0x0000000082000000| Complete |  0
|  33|0x0000000082100000, 0x0000000082200000, 0x0000000082200000|100%| O|  |TAMS 0x0000000082100000| PB 0x0000000082100000| Untracked |  0
|  34|0x0000000082200000, 0x0000000082300000, 0x0000000082300000|100%| O|  |TAMS 0x0000000082200000| PB 0x0000000082200000| Untracked |  0
|  35|0x0000000082300000, 0x0000000082300000, 0x0000000082400000|  0%| F|  |TAMS 0x0000000082300000| PB 0x0000000082300000| Untracked |  0
|  36|0x0000000082400000, 0x0000000082500000, 0x0000000082500000|100%| O|  |TAMS 0x0000000082400000| PB 0x0000000082400000| Untracked |  0
|  37|0x0000000082500000, 0x0000000082600000, 0x0000000082600000|100%| O|Cm|TAMS 0x0000000082500000| PB 0x0000000082500000| Complete |  0
|  38|0x0000000082600000, 0x0000000082700000, 0x0000000082700000|100%| O|Cm|TAMS 0x0000000082600000| PB 0x0000000082600000| Complete |  0
|  39|0x0000000082700000, 0x0000000082800000, 0x0000000082800000|100%| O|Cm|TAMS 0x0000000082700000| PB 0x0000000082700000| Complete |  0
|  40|0x0000000082800000, 0x0000000082900000, 0x0000000082900000|100%| O|  |TAMS 0x0000000082800000| PB 0x0000000082800000| Untracked |  0
|  41|0x0000000082900000, 0x0000000082900000, 0x0000000082a00000|  0%| F|  |TAMS 0x0000000082900000| PB 0x0000000082900000| Untracked |  0
|  42|0x0000000082a00000, 0x0000000082b00000, 0x0000000082b00000|100%| O|  |TAMS 0x0000000082a00000| PB 0x0000000082a00000| Untracked |  0
|  43|0x0000000082b00000, 0x0000000082c00000, 0x0000000082c00000|100%| O|  |TAMS 0x0000000082b00000| PB 0x0000000082b00000| Untracked |  0
|  44|0x0000000082c00000, 0x0000000082d00000, 0x0000000082d00000|100%| O|  |TAMS 0x0000000082c00000| PB 0x0000000082c00000| Untracked |  0
|  45|0x0000000082d00000, 0x0000000082d00000, 0x0000000082e00000|  0%| F|  |TAMS 0x0000000082d00000| PB 0x0000000082d00000| Untracked |  0
|  46|0x0000000082e00000, 0x0000000082f00000, 0x0000000082f00000|100%| O|  |TAMS 0x0000000082e00000| PB 0x0000000082e00000| Untracked |  0
|  47|0x0000000082f00000, 0x0000000083000000, 0x0000000083000000|100%| O|Cm|TAMS 0x0000000082f00000| PB 0x0000000082f00000| Complete |  0
|  48|0x0000000083000000, 0x0000000083100000, 0x0000000083100000|100%| O|Cm|TAMS 0x0000000083000000| PB 0x0000000083000000| Complete |  0
|  49|0x0000000083100000, 0x0000000083200000, 0x0000000083200000|100%| O|Cm|TAMS 0x0000000083100000| PB 0x0000000083100000| Complete |  0
|  50|0x0000000083200000, 0x0000000083300000, 0x0000000083300000|100%| O|Cm|TAMS 0x0000000083200000| PB 0x0000000083200000| Complete |  0
|  51|0x0000000083300000, 0x0000000083300000, 0x0000000083400000|  0%| F|  |TAMS 0x0000000083300000| PB 0x0000000083300000| Untracked |  0
|  52|0x0000000083400000, 0x0000000083500000, 0x0000000083500000|100%| O|Cm|TAMS 0x0000000083400000| PB 0x0000000083400000| Complete |  0
|  53|0x0000000083500000, 0x0000000083600000, 0x0000000083600000|100%| O|Cm|TAMS 0x0000000083500000| PB 0x0000000083500000| Complete |  0
|  54|0x0000000083600000, 0x0000000083600000, 0x0000000083700000|  0%| F|  |TAMS 0x0000000083600000| PB 0x0000000083600000| Untracked |  0
|  55|0x0000000083700000, 0x0000000083800000, 0x0000000083800000|100%| O|Cm|TAMS 0x0000000083700000| PB 0x0000000083700000| Complete |  0
|  56|0x0000000083800000, 0x0000000083900000, 0x0000000083900000|100%| O|  |TAMS 0x0000000083800000| PB 0x0000000083800000| Untracked |  0
|  57|0x0000000083900000, 0x0000000083a00000, 0x0000000083a00000|100%| O|  |TAMS 0x0000000083900000| PB 0x0000000083900000| Untracked |  0
|  58|0x0000000083a00000, 0x0000000083b00000, 0x0000000083b00000|100%| O|Cm|TAMS 0x0000000083a00000| PB 0x0000000083a00000| Complete |  0
|  59|0x0000000083b00000, 0x0000000083c00000, 0x0000000083c00000|100%| O|Cm|TAMS 0x0000000083b00000| PB 0x0000000083b00000| Complete |  0
|  60|0x0000000083c00000, 0x0000000083d00000, 0x0000000083d00000|100%| O|Cm|TAMS 0x0000000083c00000| PB 0x0000000083c00000| Complete |  0
|  61|0x0000000083d00000, 0x0000000083e00000, 0x0000000083e00000|100%| O|Cm|TAMS 0x0000000083d00000| PB 0x0000000083d00000| Complete |  0
|  62|0x0000000083e00000, 0x0000000083f00000, 0x0000000083f00000|100%| O|Cm|TAMS 0x0000000083e00000| PB 0x0000000083e00000| Complete |  0
|  63|0x0000000083f00000, 0x0000000084000000, 0x0000000084000000|100%| O|Cm|TAMS 0x0000000083f00000| PB 0x0000000083f00000| Complete |  0
|  64|0x0000000084000000, 0x0000000084100000, 0x0000000084100000|100%| O|Cm|TAMS 0x0000000084000000| PB 0x0000000084000000| Complete |  0
|  65|0x0000000084100000, 0x0000000084200000, 0x0000000084200000|100%| O|Cm|TAMS 0x0000000084100000| PB 0x0000000084100000| Complete |  0
|  66|0x0000000084200000, 0x0000000084300000, 0x0000000084300000|100%| O|Cm|TAMS 0x0000000084200000| PB 0x0000000084200000| Complete |  0
|  67|0x0000000084300000, 0x0000000084300000, 0x0000000084400000|  0%| F|  |TAMS 0x0000000084300000| PB 0x0000000084300000| Untracked |  0
|  68|0x0000000084400000, 0x0000000084400000, 0x0000000084500000|  0%| F|  |TAMS 0x0000000084400000| PB 0x0000000084400000| Untracked |  0
|  69|0x0000000084500000, 0x0000000084500000, 0x0000000084600000|  0%| F|  |TAMS 0x0000000084500000| PB 0x0000000084500000| Untracked |  0
|  70|0x0000000084600000, 0x0000000084700000, 0x0000000084700000|100%| O|  |TAMS 0x0000000084600000| PB 0x0000000084600000| Untracked |  0
|  71|0x0000000084700000, 0x0000000084800000, 0x0000000084800000|100%| O|  |TAMS 0x0000000084700000| PB 0x0000000084700000| Untracked |  0
|  72|0x0000000084800000, 0x0000000084900000, 0x0000000084900000|100%| O|  |TAMS 0x0000000084800000| PB 0x0000000084800000| Untracked |  0
|  73|0x0000000084900000, 0x0000000084a00000, 0x0000000084a00000|100%| O|  |TAMS 0x0000000084900000| PB 0x0000000084900000| Untracked |  0
|  74|0x0000000084a00000, 0x0000000084b00000, 0x0000000084b00000|100%| O|  |TAMS 0x0000000084a00000| PB 0x0000000084a00000| Untracked |  0
|  75|0x0000000084b00000, 0x0000000084c00000, 0x0000000084c00000|100%| O|  |TAMS 0x0000000084b00000| PB 0x0000000084b00000| Untracked |  0
|  76|0x0000000084c00000, 0x0000000084d00000, 0x0000000084d00000|100%| O|  |TAMS 0x0000000084c00000| PB 0x0000000084c00000| Untracked |  0
|  77|0x0000000084d00000, 0x0000000084e00000, 0x0000000084e00000|100%| O|  |TAMS 0x0000000084d00000| PB 0x0000000084d00000| Untracked |  0
|  78|0x0000000084e00000, 0x0000000084f00000, 0x0000000084f00000|100%| O|  |TAMS 0x0000000084e00000| PB 0x0000000084e00000| Untracked |  0
|  79|0x0000000084f00000, 0x0000000085000000, 0x0000000085000000|100%| O|  |TAMS 0x0000000084f00000| PB 0x0000000084f00000| Untracked |  0
|  80|0x0000000085000000, 0x0000000085100000, 0x0000000085100000|100%| O|  |TAMS 0x0000000085000000| PB 0x0000000085000000| Untracked |  0
|  81|0x0000000085100000, 0x0000000085200000, 0x0000000085200000|100%| O|  |TAMS 0x0000000085100000| PB 0x0000000085100000| Untracked |  0
|  82|0x0000000085200000, 0x0000000085300000, 0x0000000085300000|100%| O|  |TAMS 0x0000000085200000| PB 0x0000000085200000| Untracked |  0
|  83|0x0000000085300000, 0x0000000085400000, 0x0000000085400000|100%| O|  |TAMS 0x0000000085300000| PB 0x0000000085300000| Untracked |  0
|  84|0x0000000085400000, 0x0000000085500000, 0x0000000085500000|100%|HS|  |TAMS 0x0000000085400000| PB 0x0000000085400000| Complete |  0
|  85|0x0000000085500000, 0x0000000085600000, 0x0000000085600000|100%| O|  |TAMS 0x0000000085500000| PB 0x0000000085500000| Untracked |  0
|  86|0x0000000085600000, 0x0000000085700000, 0x0000000085700000|100%| O|  |TAMS 0x0000000085600000| PB 0x0000000085600000| Untracked |  0
|  87|0x0000000085700000, 0x0000000085800000, 0x0000000085800000|100%| O|  |TAMS 0x0000000085700000| PB 0x0000000085700000| Untracked |  0
|  88|0x0000000085800000, 0x0000000085900000, 0x0000000085900000|100%| O|  |TAMS 0x0000000085800000| PB 0x0000000085800000| Untracked |  0
|  89|0x0000000085900000, 0x0000000085a00000, 0x0000000085a00000|100%| O|  |TAMS 0x0000000085900000| PB 0x0000000085900000| Untracked |  0
|  90|0x0000000085a00000, 0x0000000085b00000, 0x0000000085b00000|100%| O|  |TAMS 0x0000000085a00000| PB 0x0000000085a00000| Untracked |  0
|  91|0x0000000085b00000, 0x0000000085c00000, 0x0000000085c00000|100%| O|  |TAMS 0x0000000085b00000| PB 0x0000000085b00000| Untracked |  0
|  92|0x0000000085c00000, 0x0000000085d00000, 0x0000000085d00000|100%| O|  |TAMS 0x0000000085c00000| PB 0x0000000085c00000| Untracked |  0
|  93|0x0000000085d00000, 0x0000000085e00000, 0x0000000085e00000|100%| O|  |TAMS 0x0000000085d00000| PB 0x0000000085d00000| Untracked |  0
|  94|0x0000000085e00000, 0x0000000085f00000, 0x0000000085f00000|100%| O|  |TAMS 0x0000000085e00000| PB 0x0000000085e00000| Untracked |  0
|  95|0x0000000085f00000, 0x0000000086000000, 0x0000000086000000|100%| O|  |TAMS 0x0000000085f00000| PB 0x0000000085f00000| Untracked |  0
|  96|0x0000000086000000, 0x0000000086100000, 0x0000000086100000|100%| O|  |TAMS 0x0000000086000000| PB 0x0000000086000000| Untracked |  0
|  97|0x0000000086100000, 0x0000000086200000, 0x0000000086200000|100%| O|  |TAMS 0x0000000086100000| PB 0x0000000086100000| Untracked |  0
|  98|0x0000000086200000, 0x0000000086200000, 0x0000000086300000|  0%| F|  |TAMS 0x0000000086200000| PB 0x0000000086200000| Untracked |  0
|  99|0x0000000086300000, 0x0000000086300000, 0x0000000086400000|  0%| F|  |TAMS 0x0000000086300000| PB 0x0000000086300000| Untracked |  0
| 100|0x0000000086400000, 0x0000000086500000, 0x0000000086500000|100%| O|  |TAMS 0x0000000086400000| PB 0x0000000086400000| Untracked |  0
| 101|0x0000000086500000, 0x0000000086600000, 0x0000000086600000|100%| O|  |TAMS 0x0000000086500000| PB 0x0000000086500000| Untracked |  0
| 102|0x0000000086600000, 0x0000000086700000, 0x0000000086700000|100%| O|  |TAMS 0x0000000086600000| PB 0x0000000086600000| Untracked |  0
| 103|0x0000000086700000, 0x0000000086800000, 0x0000000086800000|100%| O|  |TAMS 0x0000000086700000| PB 0x0000000086700000| Untracked |  0
| 104|0x0000000086800000, 0x0000000086900000, 0x0000000086900000|100%| O|  |TAMS 0x0000000086800000| PB 0x0000000086800000| Untracked |  0
| 105|0x0000000086900000, 0x0000000086a00000, 0x0000000086a00000|100%| O|  |TAMS 0x0000000086900000| PB 0x0000000086900000| Untracked |  0
| 106|0x0000000086a00000, 0x0000000086b00000, 0x0000000086b00000|100%| O|  |TAMS 0x0000000086a00000| PB 0x0000000086a00000| Untracked |  0
| 107|0x0000000086b00000, 0x0000000086b00000, 0x0000000086c00000|  0%| F|  |TAMS 0x0000000086b00000| PB 0x0000000086b00000| Untracked |  0
| 108|0x0000000086c00000, 0x0000000086c00000, 0x0000000086d00000|  0%| F|  |TAMS 0x0000000086c00000| PB 0x0000000086c00000| Untracked |  0
| 109|0x0000000086d00000, 0x0000000086d00000, 0x0000000086e00000|  0%| F|  |TAMS 0x0000000086d00000| PB 0x0000000086d00000| Untracked |  0
| 110|0x0000000086e00000, 0x0000000086e00000, 0x0000000086f00000|  0%| F|  |TAMS 0x0000000086e00000| PB 0x0000000086e00000| Untracked |  0
| 111|0x0000000086f00000, 0x0000000086f00000, 0x0000000087000000|  0%| F|  |TAMS 0x0000000086f00000| PB 0x0000000086f00000| Untracked |  0
| 112|0x0000000087000000, 0x0000000087000000, 0x0000000087100000|  0%| F|  |TAMS 0x0000000087000000| PB 0x0000000087000000| Untracked |  0
| 113|0x0000000087100000, 0x0000000087100000, 0x0000000087200000|  0%| F|  |TAMS 0x0000000087100000| PB 0x0000000087100000| Untracked |  0
| 114|0x0000000087200000, 0x0000000087200000, 0x0000000087300000|  0%| F|  |TAMS 0x0000000087200000| PB 0x0000000087200000| Untracked |  0
| 115|0x0000000087300000, 0x0000000087300000, 0x0000000087400000|  0%| F|  |TAMS 0x0000000087300000| PB 0x0000000087300000| Untracked |  0
| 116|0x0000000087400000, 0x0000000087400000, 0x0000000087500000|  0%| F|  |TAMS 0x0000000087400000| PB 0x0000000087400000| Untracked |  0
| 117|0x0000000087500000, 0x0000000087600000, 0x0000000087600000|100%| S|CS|TAMS 0x0000000087500000| PB 0x0000000087500000| Complete |  0
| 118|0x0000000087600000, 0x0000000087700000, 0x0000000087700000|100%| S|CS|TAMS 0x0000000087600000| PB 0x0000000087600000| Complete |  0
| 119|0x0000000087700000, 0x0000000087800000, 0x0000000087800000|100%| S|CS|TAMS 0x0000000087700000| PB 0x0000000087700000| Complete |  0
| 120|0x0000000087800000, 0x0000000087900000, 0x0000000087900000|100%| S|CS|TAMS 0x0000000087800000| PB 0x0000000087800000| Complete |  0
| 121|0x0000000087900000, 0x0000000087900000, 0x0000000087a00000|  0%| F|  |TAMS 0x0000000087900000| PB 0x0000000087900000| Untracked |  0
| 122|0x0000000087a00000, 0x0000000087a00000, 0x0000000087b00000|  0%| F|  |TAMS 0x0000000087a00000| PB 0x0000000087a00000| Untracked |  0
| 123|0x0000000087b00000, 0x0000000087b00000, 0x0000000087c00000|  0%| F|  |TAMS 0x0000000087b00000| PB 0x0000000087b00000| Untracked |  0
| 124|0x0000000087c00000, 0x0000000087c00000, 0x0000000087d00000|  0%| F|  |TAMS 0x0000000087c00000| PB 0x0000000087c00000| Untracked |  0
| 125|0x0000000087d00000, 0x0000000087d00000, 0x0000000087e00000|  0%| F|  |TAMS 0x0000000087d00000| PB 0x0000000087d00000| Untracked |  0
| 126|0x0000000087e00000, 0x0000000087e00000, 0x0000000087f00000|  0%| F|  |TAMS 0x0000000087e00000| PB 0x0000000087e00000| Untracked |  0
| 127|0x0000000087f00000, 0x0000000087f00000, 0x0000000088000000|  0%| F|  |TAMS 0x0000000087f00000| PB 0x0000000087f00000| Untracked |  0
| 128|0x0000000088000000, 0x0000000088000000, 0x0000000088100000|  0%| F|  |TAMS 0x0000000088000000| PB 0x0000000088000000| Untracked |  0
| 129|0x0000000088100000, 0x0000000088100000, 0x0000000088200000|  0%| F|  |TAMS 0x0000000088100000| PB 0x0000000088100000| Untracked |  0
| 130|0x0000000088200000, 0x0000000088200000, 0x0000000088300000|  0%| F|  |TAMS 0x0000000088200000| PB 0x0000000088200000| Untracked |  0
| 131|0x0000000088300000, 0x0000000088300000, 0x0000000088400000|  0%| F|  |TAMS 0x0000000088300000| PB 0x0000000088300000| Untracked |  0
| 132|0x0000000088400000, 0x0000000088400000, 0x0000000088500000|  0%| F|  |TAMS 0x0000000088400000| PB 0x0000000088400000| Untracked |  0
| 133|0x0000000088500000, 0x0000000088500000, 0x0000000088600000|  0%| F|  |TAMS 0x0000000088500000| PB 0x0000000088500000| Untracked |  0
| 134|0x0000000088600000, 0x0000000088600000, 0x0000000088700000|  0%| F|  |TAMS 0x0000000088600000| PB 0x0000000088600000| Untracked |  0
| 135|0x0000000088700000, 0x0000000088700000, 0x0000000088800000|  0%| F|  |TAMS 0x0000000088700000| PB 0x0000000088700000| Untracked |  0
| 136|0x0000000088800000, 0x0000000088800000, 0x0000000088900000|  0%| F|  |TAMS 0x0000000088800000| PB 0x0000000088800000| Untracked |  0
| 137|0x0000000088900000, 0x0000000088900000, 0x0000000088a00000|  0%| F|  |TAMS 0x0000000088900000| PB 0x0000000088900000| Untracked |  0
| 138|0x0000000088a00000, 0x0000000088a00000, 0x0000000088b00000|  0%| F|  |TAMS 0x0000000088a00000| PB 0x0000000088a00000| Untracked |  0
| 139|0x0000000088b00000, 0x0000000088b00000, 0x0000000088c00000|  0%| F|  |TAMS 0x0000000088b00000| PB 0x0000000088b00000| Untracked |  0
| 140|0x0000000088c00000, 0x0000000088c00000, 0x0000000088d00000|  0%| F|  |TAMS 0x0000000088c00000| PB 0x0000000088c00000| Untracked |  0
| 141|0x0000000088d00000, 0x0000000088d00000, 0x0000000088e00000|  0%| F|  |TAMS 0x0000000088d00000| PB 0x0000000088d00000| Untracked |  0
| 142|0x0000000088e00000, 0x0000000088e00000, 0x0000000088f00000|  0%| F|  |TAMS 0x0000000088e00000| PB 0x0000000088e00000| Untracked |  0
| 143|0x0000000088f00000, 0x0000000088f00000, 0x0000000089000000|  0%| F|  |TAMS 0x0000000088f00000| PB 0x0000000088f00000| Untracked |  0
| 144|0x0000000089000000, 0x0000000089000000, 0x0000000089100000|  0%| F|  |TAMS 0x0000000089000000| PB 0x0000000089000000| Untracked |  0
| 145|0x0000000089100000, 0x0000000089100000, 0x0000000089200000|  0%| F|  |TAMS 0x0000000089100000| PB 0x0000000089100000| Untracked |  0
| 146|0x0000000089200000, 0x0000000089200000, 0x0000000089300000|  0%| F|  |TAMS 0x0000000089200000| PB 0x0000000089200000| Untracked |  0
| 147|0x0000000089300000, 0x0000000089300000, 0x0000000089400000|  0%| F|  |TAMS 0x0000000089300000| PB 0x0000000089300000| Untracked |  0
| 148|0x0000000089400000, 0x0000000089400000, 0x0000000089500000|  0%| F|  |TAMS 0x0000000089400000| PB 0x0000000089400000| Untracked |  0
| 149|0x0000000089500000, 0x0000000089500000, 0x0000000089600000|  0%| F|  |TAMS 0x0000000089500000| PB 0x0000000089500000| Untracked |  0
| 192|0x000000008c000000, 0x000000008c000000, 0x000000008c100000|  0%| F|  |TAMS 0x000000008c000000| PB 0x000000008c000000| Untracked |  0
| 193|0x000000008c100000, 0x000000008c100000, 0x000000008c200000|  0%| F|  |TAMS 0x000000008c100000| PB 0x000000008c100000| Untracked |  0
| 194|0x000000008c200000, 0x000000008c200000, 0x000000008c300000|  0%| F|  |TAMS 0x000000008c200000| PB 0x000000008c200000| Untracked |  0
| 195|0x000000008c300000, 0x000000008c300000, 0x000000008c400000|  0%| F|  |TAMS 0x000000008c300000| PB 0x000000008c300000| Untracked |  0
| 196|0x000000008c400000, 0x000000008c400000, 0x000000008c500000|  0%| F|  |TAMS 0x000000008c400000| PB 0x000000008c400000| Untracked |  0
| 197|0x000000008c500000, 0x000000008c500000, 0x000000008c600000|  0%| F|  |TAMS 0x000000008c500000| PB 0x000000008c500000| Untracked |  0
| 198|0x000000008c600000, 0x000000008c600000, 0x000000008c700000|  0%| F|  |TAMS 0x000000008c600000| PB 0x000000008c600000| Untracked |  0
| 199|0x000000008c700000, 0x000000008c700000, 0x000000008c800000|  0%| F|  |TAMS 0x000000008c700000| PB 0x000000008c700000| Untracked |  0
| 200|0x000000008c800000, 0x000000008c800000, 0x000000008c900000|  0%| F|  |TAMS 0x000000008c800000| PB 0x000000008c800000| Untracked |  0
| 201|0x000000008c900000, 0x000000008c900000, 0x000000008ca00000|  0%| F|  |TAMS 0x000000008c900000| PB 0x000000008c900000| Untracked |  0
| 202|0x000000008ca00000, 0x000000008ca00000, 0x000000008cb00000|  0%| F|  |TAMS 0x000000008ca00000| PB 0x000000008ca00000| Untracked |  0
| 203|0x000000008cb00000, 0x000000008cb00000, 0x000000008cc00000|  0%| F|  |TAMS 0x000000008cb00000| PB 0x000000008cb00000| Untracked |  0
| 245|0x000000008f500000, 0x000000008f5abf60, 0x000000008f600000| 67%| E|  |TAMS 0x000000008f500000| PB 0x000000008f500000| Complete |  0
|2021|0x00000000fe500000, 0x00000000fe600000, 0x00000000fe600000|100%| O|  |TAMS 0x00000000fe500000| PB 0x00000000fe500000| Untracked |  0
|2022|0x00000000fe600000, 0x00000000fe700000, 0x00000000fe700000|100%| O|Cm|TAMS 0x00000000fe600000| PB 0x00000000fe600000| Complete |  0
|2023|0x00000000fe700000, 0x00000000fe800000, 0x00000000fe800000|100%| O|Cm|TAMS 0x00000000fe700000| PB 0x00000000fe700000| Complete |  0
|2024|0x00000000fe800000, 0x00000000fe900000, 0x00000000fe900000|100%| O|  |TAMS 0x00000000fe800000| PB 0x00000000fe800000| Untracked |  0
|2025|0x00000000fe900000, 0x00000000fea00000, 0x00000000fea00000|100%| O|Cm|TAMS 0x00000000fe900000| PB 0x00000000fe900000| Complete |  0
|2026|0x00000000fea00000, 0x00000000feb00000, 0x00000000feb00000|100%| O|Cm|TAMS 0x00000000fea00000| PB 0x00000000fea00000| Complete |  0
|2027|0x00000000feb00000, 0x00000000fec00000, 0x00000000fec00000|100%| O|  |TAMS 0x00000000feb00000| PB 0x00000000feb00000| Untracked |  0
|2028|0x00000000fec00000, 0x00000000fed00000, 0x00000000fed00000|100%| O|  |TAMS 0x00000000fec00000| PB 0x00000000fec00000| Untracked |  0
|2029|0x00000000fed00000, 0x00000000fee00000, 0x00000000fee00000|100%| O|  |TAMS 0x00000000fed00000| PB 0x00000000fed00000| Untracked |  0
|2030|0x00000000fee00000, 0x00000000fef00000, 0x00000000fef00000|100%| O|  |TAMS 0x00000000fee00000| PB 0x00000000fee00000| Untracked |  0
|2031|0x00000000fef00000, 0x00000000ff000000, 0x00000000ff000000|100%| E|CS|TAMS 0x00000000fef00000| PB 0x00000000fef00000| Complete |  0
|2032|0x00000000ff000000, 0x00000000ff100000, 0x00000000ff100000|100%| O|  |TAMS 0x00000000ff000000| PB 0x00000000ff000000| Untracked |  0
|2033|0x00000000ff100000, 0x00000000ff200000, 0x00000000ff200000|100%| E|CS|TAMS 0x00000000ff100000| PB 0x00000000ff100000| Complete |  0
|2034|0x00000000ff200000, 0x00000000ff300000, 0x00000000ff300000|100%| E|CS|TAMS 0x00000000ff200000| PB 0x00000000ff200000| Complete |  0
|2035|0x00000000ff300000, 0x00000000ff400000, 0x00000000ff400000|100%| E|CS|TAMS 0x00000000ff300000| PB 0x00000000ff300000| Complete |  0
|2036|0x00000000ff400000, 0x00000000ff500000, 0x00000000ff500000|100%| E|CS|TAMS 0x00000000ff400000| PB 0x00000000ff400000| Complete |  0
|2037|0x00000000ff500000, 0x00000000ff600000, 0x00000000ff600000|100%| E|CS|TAMS 0x00000000ff500000| PB 0x00000000ff500000| Complete |  0
|2038|0x00000000ff600000, 0x00000000ff700000, 0x00000000ff700000|100%| O|  |TAMS 0x00000000ff600000| PB 0x00000000ff600000| Untracked |  0
|2039|0x00000000ff700000, 0x00000000ff800000, 0x00000000ff800000|100%| O|  |TAMS 0x00000000ff700000| PB 0x00000000ff700000| Untracked |  0
|2040|0x00000000ff800000, 0x00000000ff900000, 0x00000000ff900000|100%| O|  |TAMS 0x00000000ff800000| PB 0x00000000ff800000| Untracked |  0
|2041|0x00000000ff900000, 0x00000000ffa00000, 0x00000000ffa00000|100%| O|  |TAMS 0x00000000ff900000| PB 0x00000000ff900000| Untracked |  0
|2042|0x00000000ffa00000, 0x00000000ffb00000, 0x00000000ffb00000|100%| O|  |TAMS 0x00000000ffa00000| PB 0x00000000ffa00000| Untracked |  0
|2043|0x00000000ffb00000, 0x00000000ffc00000, 0x00000000ffc00000|100%| O|  |TAMS 0x00000000ffb00000| PB 0x00000000ffb00000| Untracked |  0
|2044|0x00000000ffc00000, 0x00000000ffd00000, 0x00000000ffd00000|100%| O|  |TAMS 0x00000000ffc00000| PB 0x00000000ffc00000| Untracked |  0
|2045|0x00000000ffd00000, 0x00000000ffe00000, 0x00000000ffe00000|100%| O|  |TAMS 0x00000000ffd00000| PB 0x00000000ffd00000| Untracked |  0
|2046|0x00000000ffe00000, 0x00000000fff00000, 0x00000000fff00000|100%| O|  |TAMS 0x00000000ffe00000| PB 0x00000000ffe00000| Untracked |  0
|2047|0x00000000fff00000, 0x0000000100000000, 0x0000000100000000|100%| E|CS|TAMS 0x00000000fff00000| PB 0x00000000fff00000| Complete |  0

Card table byte_map: [0x000002afa62a0000,0x000002afa66a0000] _byte_map_base: 0x000002afa5ea0000

Marking Bits: (CMBitMap*) 0x000002af8e00c0c0
 Bits: [0x000002afa66a0000, 0x000002afa86a0000)

Polling page: 0x000002af8bdc0000

Metaspace:
Metaspace        used 105159K, committed 106944K, reserved 1179648K
 class space     used 10994K, committed 11840K, reserved 1048576K

Usage:
  Non-class:     91.96 MB used.
      Class:     10.74 MB used.
       Both:    102.70 MB used.

Virtual space:
  Non-class space:      128.00 MB reserved,      92.88 MB ( 73%) committed,  2 nodes.
      Class space:        1.00 GB reserved,      11.56 MB (  1%) committed,  1 nodes.
             Both:        1.12 GB reserved,     104.44 MB (  9%) committed. 

Chunk freelists:
   Non-Class:  3.13 MB
       Class:  4.40 MB
        Both:  7.54 MB

MaxMetaspaceSize: unlimited
CompressedClassSpaceSize: 1.00 GB
Initial GC threshold: 21.00 MB
Current GC threshold: 173.56 MB
CDS: on
 - commit_granule_bytes: 65536.
 - commit_granule_words: 8192.
 - virtual_space_node_default_size: 8388608.
 - enlarge_chunks_in_place: 1.
UseCompressedClassPointers 1, UseCompactObjectHeaders 0
Narrow klass pointer bits 32, Max shift 3
Narrow klass base: 0x0000000002000000, Narrow klass shift: 0
Encoding Range: [0x0000000002000000 - 0x0000000102000000), (4294967296 bytes)
Klass Range:    [0x0000000002010000 - 0x0000000043000000), (1090453504 bytes)
Klass ID Range:  [65536 - 1090519033) (1090453497)
Protection zone: [0x0000000002000000 - 0x0000000002010000), (65536 bytes)


Internal statistics:

num_allocs_failed_limit: 9.
num_arena_births: 3082.
num_arena_deaths: 0.
num_vsnodes_births: 3.
num_vsnodes_deaths: 0.
num_space_committed: 1670.
num_space_uncommitted: 0.
num_chunks_returned_to_freelist: 9.
num_chunks_taken_from_freelist: 7196.
num_chunk_merges: 9.
num_chunk_splits: 5257.
num_chunks_enlarged: 3917.
num_inconsistent_stats: 0.

CodeHeap 'non-profiled nmethods': size=120064Kb used=3518Kb max_used=3612Kb free=116546Kb
 bounds [0x000002af9e2f0000, 0x000002af9e680000, 0x000002afa5830000]
CodeHeap 'profiled nmethods': size=120000Kb used=15749Kb max_used=15749Kb free=104250Kb
 bounds [0x000002af96830000, 0x000002af977a0000, 0x000002af9dd60000]
CodeHeap 'non-nmethods': size=5696Kb used=2220Kb max_used=2383Kb free=3475Kb
 bounds [0x000002af9dd60000, 0x000002af9dfe0000, 0x000002af9e2f0000]
CodeCache: size=245760Kb, used=21487Kb, max_used=21744Kb, free=224271Kb
 total_blobs=9647, nmethods=8597, adapters=951, full_count=0
Compilation: enabled, stopped_count=0, restarted_count=0

Compilation events (20 events):
Event: 12.066 Thread 0x000002afab374d40 9960       3       org.jetbrains.kotlin.fir.types.TypeUtilsKt::withAttributes (623 bytes)
Event: 12.070 Thread 0x000002afab374d40 nmethod 9960 0x000002af97730508 code [0x000002af97730600, 0x000002af97739730]
Event: 12.070 Thread 0x000002afab374d40 10066       3       org.jetbrains.kotlin.fir.declarations.DeprecationUtilsKt::isHiddenToOvercomeSignatureClash (25 bytes)
Event: 12.071 Thread 0x000002afb2e875e0 nmethod 10010 0x000002af9e444508 code [0x000002af9e444600, 0x000002af9e445080]
Event: 12.071 Thread 0x000002afab374d40 nmethod 10066 0x000002af96b07288 code [0x000002af96b07380, 0x000002af96b095b8]
Event: 12.071 Thread 0x000002afb2e875e0 9385       4       java.lang.CharacterDataLatin1::getType (11 bytes)
Event: 12.071 Thread 0x000002afab374d40 10118       3       org.jetbrains.kotlin.fir.scopes.impl.FirClassUseSiteMemberScope$$Lambda/0x0000000003945ba8::<init> (15 bytes)
Event: 12.071 Thread 0x000002afab374d40 nmethod 10118 0x000002af9683b288 code [0x000002af9683b380, 0x000002af9683b5a0]
Event: 12.071 Thread 0x000002afab374d40 10276       3       kotlin.collections.CollectionsKt___CollectionsKt::last (36 bytes)
Event: 12.071 Thread 0x000002afb2e875e0 nmethod 9385 0x000002af9e613f88 code [0x000002af9e614080, 0x000002af9e614128]
Event: 12.071 Thread 0x000002afb2e875e0 10213       4       org.jetbrains.kotlin.cli.jvm.modules.CoreJrtVirtualFile::equals (47 bytes)
Event: 12.072 Thread 0x000002afab374d40 nmethod 10276 0x000002af96831608 code [0x000002af96831700, 0x000002af96832528]
Event: 12.072 Thread 0x000002afab374d40 10278       3       org.jetbrains.kotlin.fir.scopes.impl.FirClassDeclaredMemberScopeImpl::processPropertiesByName (93 bytes)
Event: 12.072 Thread 0x000002afab374d40 nmethod 10278 0x000002af96c55088 code [0x000002af96c55180, 0x000002af96c56658]
Event: 12.072 Thread 0x000002afab374d40 9948       3       org.jetbrains.kotlin.ir.expressions.IrExpression::<init> (5 bytes)
Event: 12.072 Thread 0x000002afab374d40 nmethod 9948 0x000002af96a0e788 code [0x000002af96a0e880, 0x000002af96a0ea40]
Event: 12.072 Thread 0x000002afab374d40 9949       3       org.jetbrains.kotlin.fir.backend.Fir2IrDeclarationStorage::getLocalStorage (19 bytes)
Event: 12.072 Thread 0x000002afab374d40 nmethod 9949 0x000002af968a1c88 code [0x000002af968a1d80, 0x000002af968a2038]
Event: 12.072 Thread 0x000002afab374d40 10028       3       org.jetbrains.kotlin.fir.backend.Fir2IrDeclarationStorageKt::access$isFakeOverrideOrDelegated (6 bytes)
Event: 12.334 Thread 0x000002afab374d40 nmethod 10028 0x000002af9735ff88 code [0x000002af97360080, 0x000002af97362b10]

GC Heap Usage History (20 events):
Event: 8.713 {heap Before GC invocations=17 (full 0):
 garbage-first heap   total reserved 2097152K, committed 131072K, used 105231K [0x0000000080000000, 0x0000000100000000)
  region size 1024K, 51 young (52224K), 7 survivors (7168K)
}
Event: 8.721 {heap After GC invocations=18 (full 0):
 garbage-first heap   total reserved 2097152K, committed 131072K, used 65673K [0x0000000080000000, 0x0000000100000000)
  region size 1024K, 7 young (7168K), 7 survivors (7168K)
}
Event: 9.040 {heap Before GC invocations=19 (full 0):
 garbage-first heap   total reserved 2097152K, committed 131072K, used 112777K [0x0000000080000000, 0x0000000100000000)
  region size 1024K, 52 young (53248K), 7 survivors (7168K)
}
Event: 9.051 {heap After GC invocations=20 (full 0):
 garbage-first heap   total reserved 2097152K, committed 133120K, used 78857K [0x0000000080000000, 0x0000000100000000)
  region size 1024K, 7 young (7168K), 7 survivors (7168K)
}
Event: 9.402 {heap Before GC invocations=20 (full 0):
 garbage-first heap   total reserved 2097152K, committed 133120K, used 115721K [0x0000000080000000, 0x0000000100000000)
  region size 1024K, 43 young (44032K), 7 survivors (7168K)
}
Event: 9.409 {heap After GC invocations=21 (full 0):
 garbage-first heap   total reserved 2097152K, committed 133120K, used 83173K [0x0000000080000000, 0x0000000100000000)
  region size 1024K, 4 young (4096K), 4 survivors (4096K)
}
Event: 9.760 {heap Before GC invocations=21 (full 0):
 garbage-first heap   total reserved 2097152K, committed 133120K, used 117989K [0x0000000080000000, 0x0000000100000000)
  region size 1024K, 38 young (38912K), 4 survivors (4096K)
}
Event: 9.765 {heap After GC invocations=22 (full 0):
 garbage-first heap   total reserved 2097152K, committed 159744K, used 86389K [0x0000000080000000, 0x0000000100000000)
  region size 1024K, 3 young (3072K), 3 survivors (3072K)
}
Event: 10.432 {heap Before GC invocations=23 (full 0):
 garbage-first heap   total reserved 2097152K, committed 159744K, used 136565K [0x0000000080000000, 0x0000000100000000)
  region size 1024K, 53 young (54272K), 3 survivors (3072K)
}
Event: 10.438 {heap After GC invocations=24 (full 0):
 garbage-first heap   total reserved 2097152K, committed 159744K, used 89522K [0x0000000080000000, 0x0000000100000000)
  region size 1024K, 7 young (7168K), 7 survivors (7168K)
}
Event: 11.033 {heap Before GC invocations=24 (full 0):
 garbage-first heap   total reserved 2097152K, committed 159744K, used 139698K [0x0000000080000000, 0x0000000100000000)
  region size 1024K, 56 young (57344K), 7 survivors (7168K)
}
Event: 11.039 {heap After GC invocations=25 (full 0):
 garbage-first heap   total reserved 2097152K, committed 159744K, used 90859K [0x0000000080000000, 0x0000000100000000)
  region size 1024K, 6 young (6144K), 6 survivors (6144K)
}
Event: 11.532 {heap Before GC invocations=25 (full 0):
 garbage-first heap   total reserved 2097152K, committed 159744K, used 142059K [0x0000000080000000, 0x0000000100000000)
  region size 1024K, 56 young (57344K), 6 survivors (6144K)
}
Event: 11.539 {heap After GC invocations=26 (full 0):
 garbage-first heap   total reserved 2097152K, committed 159744K, used 97108K [0x0000000080000000, 0x0000000100000000)
  region size 1024K, 7 young (7168K), 7 survivors (7168K)
}
Event: 11.655 {heap Before GC invocations=27 (full 0):
 garbage-first heap   total reserved 2097152K, committed 162816K, used 142164K [0x0000000080000000, 0x0000000100000000)
  region size 1024K, 52 young (53248K), 7 survivors (7168K)
}
Event: 11.667 {heap After GC invocations=28 (full 0):
 garbage-first heap   total reserved 2097152K, committed 167936K, used 114182K [0x0000000080000000, 0x0000000100000000)
  region size 1024K, 7 young (7168K), 7 survivors (7168K)
}
Event: 11.744 {heap Before GC invocations=28 (full 0):
 garbage-first heap   total reserved 2097152K, committed 167936K, used 148998K [0x0000000080000000, 0x0000000100000000)
  region size 1024K, 40 young (40960K), 7 survivors (7168K)
}
Event: 11.754 {heap After GC invocations=29 (full 0):
 garbage-first heap   total reserved 2097152K, committed 172032K, used 128118K [0x0000000080000000, 0x0000000100000000)
  region size 1024K, 5 young (5120K), 5 survivors (5120K)
}
Event: 11.974 {heap Before GC invocations=29 (full 0):
 garbage-first heap   total reserved 2097152K, committed 172032K, used 152694K [0x0000000080000000, 0x0000000100000000)
  region size 1024K, 29 young (29696K), 5 survivors (5120K)
}
Event: 11.980 {heap After GC invocations=30 (full 0):
 garbage-first heap   total reserved 2097152K, committed 172032K, used 135029K [0x0000000080000000, 0x0000000100000000)
  region size 1024K, 4 young (4096K), 4 survivors (4096K)
}

Metaspace Usage History (20 events):
Event: 8.713 {metaspace Before GC invocations=17 (full 0):
 Metaspace       used 75229K, committed 76736K, reserved 1179648K
  class space    used 7969K, committed 8640K, reserved 1048576K
}
Event: 8.721 {metaspace After GC invocations=18 (full 0):
 Metaspace       used 75229K, committed 76736K, reserved 1179648K
  class space    used 7969K, committed 8640K, reserved 1048576K
}
Event: 9.040 {metaspace Before GC invocations=19 (full 0):
 Metaspace       used 77192K, committed 78656K, reserved 1179648K
  class space    used 8166K, committed 8832K, reserved 1048576K
}
Event: 9.051 {metaspace After GC invocations=20 (full 0):
 Metaspace       used 77192K, committed 78656K, reserved 1179648K
  class space    used 8166K, committed 8832K, reserved 1048576K
}
Event: 9.402 {metaspace Before GC invocations=20 (full 0):
 Metaspace       used 81844K, committed 83392K, reserved 1179648K
  class space    used 8508K, committed 9280K, reserved 1048576K
}
Event: 9.409 {metaspace After GC invocations=21 (full 0):
 Metaspace       used 81844K, committed 83392K, reserved 1179648K
  class space    used 8508K, committed 9280K, reserved 1048576K
}
Event: 9.760 {metaspace Before GC invocations=21 (full 0):
 Metaspace       used 85869K, committed 87424K, reserved 1179648K
  class space    used 8811K, committed 9536K, reserved 1048576K
}
Event: 9.765 {metaspace After GC invocations=22 (full 0):
 Metaspace       used 85869K, committed 87424K, reserved 1179648K
  class space    used 8811K, committed 9536K, reserved 1048576K
}
Event: 10.432 {metaspace Before GC invocations=23 (full 0):
 Metaspace       used 92576K, committed 94144K, reserved 1179648K
  class space    used 9600K, committed 10368K, reserved 1048576K
}
Event: 10.438 {metaspace After GC invocations=24 (full 0):
 Metaspace       used 92576K, committed 94144K, reserved 1179648K
  class space    used 9600K, committed 10368K, reserved 1048576K
}
Event: 11.033 {metaspace Before GC invocations=24 (full 0):
 Metaspace       used 98928K, committed 100672K, reserved 1179648K
  class space    used 10313K, committed 11136K, reserved 1048576K
}
Event: 11.039 {metaspace After GC invocations=25 (full 0):
 Metaspace       used 98928K, committed 100672K, reserved 1179648K
  class space    used 10313K, committed 11136K, reserved 1048576K
}
Event: 11.532 {metaspace Before GC invocations=25 (full 0):
 Metaspace       used 103859K, committed 105728K, reserved 1179648K
  class space    used 10908K, committed 11776K, reserved 1048576K
}
Event: 11.539 {metaspace After GC invocations=26 (full 0):
 Metaspace       used 103859K, committed 105728K, reserved 1179648K
  class space    used 10908K, committed 11776K, reserved 1048576K
}
Event: 11.655 {metaspace Before GC invocations=27 (full 0):
 Metaspace       used 103949K, committed 105792K, reserved 1179648K
  class space    used 10916K, committed 11776K, reserved 1048576K
}
Event: 11.667 {metaspace After GC invocations=28 (full 0):
 Metaspace       used 103949K, committed 105792K, reserved 1179648K
  class space    used 10916K, committed 11776K, reserved 1048576K
}
Event: 11.744 {metaspace Before GC invocations=28 (full 0):
 Metaspace       used 104021K, committed 105856K, reserved 1179648K
  class space    used 10916K, committed 11776K, reserved 1048576K
}
Event: 11.754 {metaspace After GC invocations=29 (full 0):
 Metaspace       used 104021K, committed 105856K, reserved 1179648K
  class space    used 10916K, committed 11776K, reserved 1048576K
}
Event: 11.974 {metaspace Before GC invocations=29 (full 0):
 Metaspace       used 104734K, committed 106560K, reserved 1179648K
  class space    used 10970K, committed 11840K, reserved 1048576K
}
Event: 11.980 {metaspace After GC invocations=30 (full 0):
 Metaspace       used 104734K, committed 106560K, reserved 1179648K
  class space    used 10970K, committed 11840K, reserved 1048576K
}

Dll operation events (14 events):
Event: 0.016 Loaded shared library C:\Program Files\Java\jdk-25\bin\java.dll
Event: 0.089 Loaded shared library C:\Program Files\Java\jdk-25\bin\zip.dll
Event: 0.093 Loaded shared library C:\Program Files\Java\jdk-25\bin\instrument.dll
Event: 0.097 Loaded shared library C:\Program Files\Java\jdk-25\bin\net.dll
Event: 0.100 Loaded shared library C:\Program Files\Java\jdk-25\bin\nio.dll
Event: 0.103 Loaded shared library C:\Program Files\Java\jdk-25\bin\zip.dll
Event: 0.369 Loaded shared library C:\Program Files\Java\jdk-25\bin\jimage.dll
Event: 0.579 Loaded shared library C:\Program Files\Java\jdk-25\bin\verify.dll
Event: 0.607 Loaded shared library C:\Users\IT\.gradle\native\1def1411415f61bf3af743bc5b6707747c0891f09f0c88961ee8f79bc544acac\windows-amd64\native-platform.dll
Event: 0.618 Loaded shared library C:\Users\IT\.gradle\native\0.2.8\x86_64-windows-gnu\gradle-fileevents.dll
Event: 1.900 Loaded shared library C:\Program Files\Java\jdk-25\bin\management.dll
Event: 1.902 Loaded shared library C:\Program Files\Java\jdk-25\bin\management_ext.dll
Event: 2.054 Loaded shared library C:\Program Files\Java\jdk-25\bin\extnet.dll
Event: 2.292 Loaded shared library C:\Program Files\Java\jdk-25\bin\sunmscapi.dll

Deoptimization events (20 events):
Event: 11.854 Thread 0x000002afb12ff710 DEOPT PACKING pc=0x000002af9731b901 sp=0x000000c125fed820
Event: 11.854 Thread 0x000002afb12ff710 DEOPT UNPACKING pc=0x000002af9ddb1702 sp=0x000000c125fecdc0 mode 0
Event: 11.958 Thread 0x000002afb12ff710 Uncommon trap: trap_request=0xffffffde fr.pc=0x000002af9e5cc788 relative=0x0000000000005f08
Event: 11.958 Thread 0x000002afb12ff710 Uncommon trap: reason=class_check action=maybe_recompile pc=0x000002af9e5cc788 method=org.jetbrains.org.objectweb.asm.ClassReader.readMethod(Lorg/jetbrains/org/objectweb/asm/ClassVisitor;Lorg/jetbrains/org/objectweb/asm/Context;I)I @ 747 c2
Event: 11.958 Thread 0x000002afb12ff710 DEOPT PACKING pc=0x000002af9e5cc788 sp=0x000000c125ff48c0
Event: 11.958 Thread 0x000002afb12ff710 DEOPT UNPACKING pc=0x000002af9de7f582 sp=0x000000c125ff4880 mode 2
Event: 11.959 Thread 0x000002afb12ff710 Uncommon trap: trap_request=0xffffffde fr.pc=0x000002af9e5cc788 relative=0x0000000000005f08
Event: 11.959 Thread 0x000002afb12ff710 Uncommon trap: reason=class_check action=maybe_recompile pc=0x000002af9e5cc788 method=org.jetbrains.org.objectweb.asm.ClassReader.readMethod(Lorg/jetbrains/org/objectweb/asm/ClassVisitor;Lorg/jetbrains/org/objectweb/asm/Context;I)I @ 747 c2
Event: 11.959 Thread 0x000002afb12ff710 DEOPT PACKING pc=0x000002af9e5cc788 sp=0x000000c125ff48c0
Event: 11.959 Thread 0x000002afb12ff710 DEOPT UNPACKING pc=0x000002af9de7f582 sp=0x000000c125ff4880 mode 2
Event: 11.963 Thread 0x000002afb12ff710 Uncommon trap: trap_request=0xffffffde fr.pc=0x000002af9e5cc788 relative=0x0000000000005f08
Event: 11.963 Thread 0x000002afb12ff710 Uncommon trap: reason=class_check action=maybe_recompile pc=0x000002af9e5cc788 method=org.jetbrains.org.objectweb.asm.ClassReader.readMethod(Lorg/jetbrains/org/objectweb/asm/ClassVisitor;Lorg/jetbrains/org/objectweb/asm/Context;I)I @ 747 c2
Event: 11.963 Thread 0x000002afb12ff710 DEOPT PACKING pc=0x000002af9e5cc788 sp=0x000000c125ff4850
Event: 11.963 Thread 0x000002afb12ff710 DEOPT UNPACKING pc=0x000002af9de7f582 sp=0x000000c125ff4810 mode 2
Event: 11.964 Thread 0x000002afb12ff710 Uncommon trap: trap_request=0xffffffde fr.pc=0x000002af9e5cc788 relative=0x0000000000005f08
Event: 11.964 Thread 0x000002afb12ff710 Uncommon trap: reason=class_check action=maybe_recompile pc=0x000002af9e5cc788 method=org.jetbrains.org.objectweb.asm.ClassReader.readMethod(Lorg/jetbrains/org/objectweb/asm/ClassVisitor;Lorg/jetbrains/org/objectweb/asm/Context;I)I @ 747 c2
Event: 11.964 Thread 0x000002afb12ff710 DEOPT PACKING pc=0x000002af9e5cc788 sp=0x000000c125ff4850
Event: 11.964 Thread 0x000002afb12ff710 DEOPT UNPACKING pc=0x000002af9de7f582 sp=0x000000c125ff4810 mode 2
Event: 11.981 Thread 0x000002afb12ff710 DEOPT PACKING pc=0x000002af9731b901 sp=0x000000c125ff2ac0
Event: 11.981 Thread 0x000002afb12ff710 DEOPT UNPACKING pc=0x000002af9ddb1702 sp=0x000000c125ff2060 mode 0

Classes loaded (20 events):
Event: 10.856 Loading class java/util/stream/Streams$RangeIntSpliterator
Event: 10.857 Loading class java/util/stream/Streams$RangeIntSpliterator done
Event: 10.872 Loading class jdk/internal/loader/URLClassPath$FileLoader
Event: 10.872 Loading class jdk/internal/loader/URLClassPath$FileLoader done
Event: 10.873 Loading class jdk/internal/loader/URLClassPath$FileLoader$1
Event: 10.873 Loading class jdk/internal/loader/URLClassPath$FileLoader$1 done
Event: 11.028 Loading class sun/reflect/generics/tree/BooleanSignature
Event: 11.028 Loading class sun/reflect/generics/tree/BooleanSignature done
Event: 11.072 Loading class java/util/concurrent/RecursiveAction
Event: 11.072 Loading class java/util/concurrent/RecursiveAction done
Event: 11.233 Loading class java/util/stream/SortedOps
Event: 11.234 Loading class java/util/stream/SortedOps done
Event: 11.234 Loading class java/util/stream/SortedOps$OfRef
Event: 11.234 Loading class java/util/stream/SortedOps$OfRef done
Event: 11.235 Loading class java/util/stream/SortedOps$SizedRefSortingSink
Event: 11.235 Loading class java/util/stream/SortedOps$AbstractRefSortingSink
Event: 11.236 Loading class java/util/stream/SortedOps$AbstractRefSortingSink done
Event: 11.236 Loading class java/util/stream/SortedOps$SizedRefSortingSink done
Event: 12.246 Loading class java/util/concurrent/LinkedBlockingDeque$Itr
Event: 12.334 Loading class java/util/concurrent/LinkedBlockingDeque$AbstractItr

Classes unloaded (0 events):
No events

Classes redefined (0 events):
No events

Internal exceptions (20 events):
Event: 10.900 Thread 0x000002afb12ff710 Exception <a 'java/lang/NoSuchMethodError'{0x00000000868aa928}: 'java.lang.Object java.lang.invoke.Invokers$Holder.invoker(java.lang.Object, java.lang.Object, java.lang.Object, java.lang.Object, java.lang.Object, java.lang.Object, java.lang.Object, java.lang.Object)'> (0x00000000868aa928) 
thrown [s\open\src\hotspot\share\interpreter\linkResolver.cpp, line 804]
Event: 10.939 Thread 0x000002afb12ff710 Exception <a 'java/lang/NoSuchMethodError'{0x0000000086452e60}: 'void java.lang.invoke.DirectMethodHandle$Holder.invokeStatic(java.lang.Object, java.lang.Object, long, java.lang.Object)'> (0x0000000086452e60) 
thrown [s\open\src\hotspot\share\interpreter\linkResolver.cpp, line 804]
Event: 10.960 Thread 0x000002afb12ff710 Exception <a 'java/lang/NoSuchMethodError'{0x0000000086269a40}: 'int java.lang.invoke.DirectMethodHandle$Holder.invokeInterface(java.lang.Object, java.lang.Object, java.lang.Object, java.lang.Object)'> (0x0000000086269a40) 
thrown [s\open\src\hotspot\share\interpreter\linkResolver.cpp, line 804]
Event: 10.991 Thread 0x000002afb12ff710 Exception <a 'java/lang/NoSuchMethodError'{0x000000008609ec20}: 'java.lang.Object java.lang.invoke.DirectMethodHandle$Holder.invokeStatic(java.lang.Object, long, java.lang.Object)'> (0x000000008609ec20) 
thrown [s\open\src\hotspot\share\interpreter\linkResolver.cpp, line 804]
Event: 10.991 Thread 0x000002afb12ff710 Exception <a 'java/lang/NoSuchMethodError'{0x00000000860af718}: 'java.lang.Object java.lang.invoke.DirectMethodHandle$Holder.newInvokeSpecial(java.lang.Object, long)'> (0x00000000860af718) 
thrown [s\open\src\hotspot\share\interpreter\linkResolver.cpp, line 804]
Event: 10.997 Thread 0x000002afb12ff710 Exception <a 'java/lang/NoSuchMethodError'{0x0000000085f34998}: 'java.lang.Object java.lang.invoke.Invokers$Holder.linkToTargetMethod(java.lang.Object, java.lang.Object, java.lang.Object, java.lang.Object, long, java.lang.Object, java.lang.Object)'> (0x0000000085f34998) 
thrown [s\open\src\hotspot\share\interpreter\linkResolver.cpp, line 804]
Event: 11.001 Thread 0x000002afb12ff710 Exception <a 'java/lang/NoSuchMethodError'{0x0000000085f8fa18}: 'java.lang.Object java.lang.invoke.DirectMethodHandle$Holder.newInvokeSpecial(java.lang.Object, java.lang.Object, java.lang.Object, long, java.lang.Object)'> (0x0000000085f8fa18) 
thrown [s\open\src\hotspot\share\interpreter\linkResolver.cpp, line 804]
Event: 11.001 Thread 0x000002afb12ff710 Exception <a 'java/lang/NoSuchMethodError'{0x0000000085f99108}: 'java.lang.Object java.lang.invoke.DirectMethodHandle$Holder.invokeSpecial(java.lang.Object, java.lang.Object, java.lang.Object, java.lang.Object, long, java.lang.Object)'> (0x0000000085f99108) 
thrown [s\open\src\hotspot\share\interpreter\linkResolver.cpp, line 804]
Event: 11.001 Thread 0x000002afb12ff710 Exception <a 'java/lang/NoSuchMethodError'{0x0000000085fa1fd8}: 'java.lang.Object java.lang.invoke.Invokers$Holder.linkToTargetMethod(java.lang.Object, java.lang.Object, long, java.lang.Object, java.lang.Object)'> (0x0000000085fa1fd8) 
thrown [s\open\src\hotspot\share\interpreter\linkResolver.cpp, line 804]
Event: 11.030 Thread 0x000002afb12ff710 Exception <a 'java/lang/NoSuchMethodError'{0x0000000085df77a8}: 'java.lang.Object java.lang.invoke.DelegatingMethodHandle$Holder.reinvoke_L(java.lang.Object, java.lang.Object, java.lang.Object, int, java.lang.Object, java.lang.Object, java.lang.Object, java.lang.Object, java.lang.Object, java.lang.Object, java.lang.Object, java.lang.Object, java.lang.Object, java.lang.Object, java.lang.Object, java.lang.Object, java.lang.Object, java.lang.Object, java.lang.Object, java.lang.Object, java.lang.Object, java.l
Event: 11.123 Thread 0x000002afb12ff710 Exception <a 'java/lang/NoSuchMethodError'{0x000000008c936888}: 'java.lang.Object java.lang.invoke.DirectMethodHandle$Holder.newInvokeSpecial(java.lang.Object, java.lang.Object, java.lang.Object, java.lang.Object, java.lang.Object, java.lang.Object, java.lang.Object, java.lang.Object, java.lang.Object, java.lang.Object, java.lang.Object, java.lang.Object, java.lang.Object, java.lang.Object, java.lang.Object, java.lang.Object, java.lang.Object, java.lang.Object, java.lang.Object)'> (0x000000008c936888) 
thr
Event: 11.124 Thread 0x000002afb12ff710 Exception <a 'java/lang/NoSuchMethodError'{0x000000008c941940}: 'java.lang.Object java.lang.invoke.DirectMethodHandle$Holder.invokeSpecial(java.lang.Object, java.lang.Object, java.lang.Object, java.lang.Object, java.lang.Object, java.lang.Object, java.lang.Object, java.lang.Object, java.lang.Object, java.lang.Object, java.lang.Object, java.lang.Object, java.lang.Object, java.lang.Object, java.lang.Object, java.lang.Object, java.lang.Object, java.lang.Object, java.lang.Object, java.lang.Object)'> (0x0000000
Event: 11.124 Thread 0x000002afb12ff710 Exception <a 'java/lang/NoSuchMethodError'{0x000000008c94bda8}: 'java.lang.Object java.lang.invoke.DelegatingMethodHandle$Holder.reinvoke_L(java.lang.Object, java.lang.Object, java.lang.Object, java.lang.Object, java.lang.Object, java.lang.Object, java.lang.Object, java.lang.Object, java.lang.Object, java.lang.Object, java.lang.Object, java.lang.Object, java.lang.Object, java.lang.Object, java.lang.Object, java.lang.Object, java.lang.Object, java.lang.Object, java.lang.Object)'> (0x000000008c94bda8) 
throw
Event: 11.132 Thread 0x000002afb12ff710 Exception <a 'java/lang/IncompatibleClassChangeError'{0x000000008c89a318}: Found class java.lang.Object, but interface was expected> (0x000000008c89a318) 
thrown [s\open\src\hotspot\share\interpreter\linkResolver.cpp, line 871]
Event: 11.213 Thread 0x000002afb12ff710 Exception <a 'java/lang/NoSuchMethodError'{0x000000008c051b60}: 'java.lang.Object java.lang.invoke.DirectMethodHandle$Holder.invokeSpecial(java.lang.Object, java.lang.Object, long, java.lang.Object, java.lang.Object)'> (0x000000008c051b60) 
thrown [s\open\src\hotspot\share\interpreter\linkResolver.cpp, line 804]
Event: 11.242 Thread 0x000002afb12ff710 Exception <a 'java/lang/NoSuchMethodError'{0x0000000087bccc20}: 'long java.lang.invoke.DirectMethodHandle$Holder.invokeStatic(java.lang.Object, java.lang.Object)'> (0x0000000087bccc20) 
thrown [s\open\src\hotspot\share\interpreter\linkResolver.cpp, line 804]
Event: 11.504 Thread 0x000002afb12ff710 Exception <a 'sun/nio/fs/WindowsException'{0x00000000867a9a98}> (0x00000000867a9a98) 
thrown [s\open\src\hotspot\share\prims\jni.cpp, line 516]
Event: 11.504 Thread 0x000002afb12ff710 Exception <a 'sun/nio/fs/WindowsException'{0x00000000867ab588}> (0x00000000867ab588) 
thrown [s\open\src\hotspot\share\prims\jni.cpp, line 516]
Event: 11.598 Thread 0x000002afb12ff710 Implicit null exception at 0x000002af9e586404 to 0x000002af9e588d9c
Event: 11.788 Thread 0x000002afb12ff710 Exception <a 'java/lang/NoSuchMethodError'{0x000000008ca18a60}: 'java.lang.Object java.lang.invoke.DirectMethodHandle$Holder.invokeStatic(java.lang.Object, java.lang.Object, java.lang.Object, java.lang.Object, int, java.lang.Object, java.lang.Object)'> (0x000000008ca18a60) 
thrown [s\open\src\hotspot\share\interpreter\linkResolver.cpp, line 804]

VM Operations (20 events):
Event: 11.203 Executing non-safepoint VM operation: HandshakeAllThreads (Deoptimize)
Event: 11.203 Executing non-safepoint VM operation: HandshakeAllThreads (Deoptimize) done
Event: 11.532 Executing safepoint VM operation: G1CollectForAllocation (G1 Evacuation Pause)
Event: 11.539 Executing safepoint VM operation: G1CollectForAllocation (G1 Evacuation Pause) done
Event: 11.599 Executing safepoint VM operation: G1PauseRemark
Event: 11.603 Executing safepoint VM operation: G1PauseRemark done
Event: 11.623 Executing safepoint VM operation: G1PauseCleanup
Event: 11.623 Executing safepoint VM operation: G1PauseCleanup done
Event: 11.655 Executing safepoint VM operation: G1CollectForAllocation (G1 Evacuation Pause)
Event: 11.667 Executing safepoint VM operation: G1CollectForAllocation (G1 Evacuation Pause) done
Event: 11.744 Executing safepoint VM operation: G1CollectForAllocation (G1 Evacuation Pause)
Event: 11.754 Executing safepoint VM operation: G1CollectForAllocation (G1 Evacuation Pause) done
Event: 11.800 Executing non-safepoint VM operation: HandshakeAllThreads (Deoptimize)
Event: 11.800 Executing non-safepoint VM operation: HandshakeAllThreads (Deoptimize) done
Event: 11.974 Executing safepoint VM operation: G1CollectForAllocation (G1 Evacuation Pause)
Event: 11.980 Executing safepoint VM operation: G1CollectForAllocation (G1 Evacuation Pause) done
Event: 12.029 Executing safepoint VM operation: G1PauseRemark
Event: 12.033 Executing safepoint VM operation: G1PauseRemark done
Event: 12.049 Executing safepoint VM operation: G1PauseCleanup
Event: 12.049 Executing safepoint VM operation: G1PauseCleanup done

Memory protections (0 events):
No events

Nmethod flushes (20 events):
Event: 12.032 Thread 0x000002afab339fc0 flushing  nmethod 0x000002af97052988
Event: 12.032 Thread 0x000002afab339fc0 flushing  nmethod 0x000002af9735fb08
Event: 12.032 Thread 0x000002afab339fc0 flushing  nmethod 0x000002af96875308
Event: 12.032 Thread 0x000002afab339fc0 flushing  nmethod 0x000002af96956b08
Event: 12.032 Thread 0x000002afab339fc0 flushing  nmethod 0x000002af969caf08
Event: 12.032 Thread 0x000002afab339fc0 flushing  nmethod 0x000002af96ade688
Event: 12.032 Thread 0x000002afab339fc0 flushing  nmethod 0x000002af96b70788
Event: 12.032 Thread 0x000002afab339fc0 flushing  nmethod 0x000002af96bcd608
Event: 12.032 Thread 0x000002afab339fc0 flushing  nmethod 0x000002af96bd3108
Event: 12.032 Thread 0x000002afab339fc0 flushing  nmethod 0x000002af96c26e88
Event: 12.032 Thread 0x000002afab339fc0 flushing  nmethod 0x000002af96c29b08
Event: 12.032 Thread 0x000002afab339fc0 flushing  nmethod 0x000002af96fa4708
Event: 12.032 Thread 0x000002afab339fc0 flushing  nmethod 0x000002af97057308
Event: 12.032 Thread 0x000002afab339fc0 flushing  nmethod 0x000002af970fb488
Event: 12.032 Thread 0x000002afab339fc0 flushing  nmethod 0x000002af97386f08
Event: 12.032 Thread 0x000002afab339fc0 flushing  nmethod 0x000002af9738a988
Event: 12.032 Thread 0x000002afab339fc0 flushing  nmethod 0x000002af97451208
Event: 12.032 Thread 0x000002afab339fc0 flushing  nmethod 0x000002af97452a88
Event: 12.032 Thread 0x000002afab339fc0 flushing  nmethod 0x000002af97453e08
Event: 12.032 Thread 0x000002afab339fc0 flushing  nmethod 0x000002af97596e88

Events (20 events):
Event: 6.920 Thread 0x000002afb2e85db0 Thread exited: 0x000002afb2e85db0
Event: 6.946 Thread 0x000002afb2e855a0 Thread exited: 0x000002afb2e855a0
Event: 7.338 Thread 0x000002afab374d40 Thread added: 0x000002afb2e83560
Event: 7.731 Thread 0x000002afb2e83560 Thread exited: 0x000002afb2e83560
Event: 7.861 Thread 0x000002afab374d40 Thread added: 0x000002afb2e85db0
Event: 8.097 Thread 0x000002afb2e85db0 Thread exited: 0x000002afb2e85db0
Event: 8.144 Thread 0x000002afab374d40 Thread added: 0x000002afb2e85db0
Event: 8.144 Thread 0x000002afab374d40 Thread added: 0x000002afb2e86dd0
Event: 8.316 Thread 0x000002afb2e86dd0 Thread exited: 0x000002afb2e86dd0
Event: 8.317 Thread 0x000002afb2e85db0 Thread exited: 0x000002afb2e85db0
Event: 8.351 Thread 0x000002afab374d40 Thread added: 0x000002afb2e87df0
Event: 8.736 Thread 0x000002afab374d40 Thread added: 0x000002afb2e86dd0
Event: 9.469 Thread 0x000002afb2e86dd0 Thread exited: 0x000002afb2e86dd0
Event: 9.480 Thread 0x000002afb2e87df0 Thread exited: 0x000002afb2e87df0
Event: 9.505 Thread 0x000002afab374d40 Thread added: 0x000002afb2e87df0
Event: 9.601 Thread 0x000002afab374d40 Thread added: 0x000002afb2e875e0
Event: 10.209 Thread 0x000002afb2e875e0 Thread exited: 0x000002afb2e875e0
Event: 10.427 Thread 0x000002afb2e87df0 Thread exited: 0x000002afb2e87df0
Event: 10.849 Thread 0x000002afab374d40 Thread added: 0x000002afb2e875e0
Event: 10.850 Thread 0x000002afb2e875e0 Thread added: 0x000002afb2e87df0


Dynamic libraries:
0x00007ff6c8010000 - 0x00007ff6c8020000 	C:\Program Files\Java\jdk-25\bin\java.exe
0x00007ff9753a0000 - 0x00007ff975607000 	C:\WINDOWS\SYSTEM32\ntdll.dll
0x00007ff973840000 - 0x00007ff973909000 	C:\WINDOWS\System32\KERNEL32.DLL
0x00007ff972d20000 - 0x00007ff973117000 	C:\WINDOWS\System32\KERNELBASE.dll
0x00007ff971dd0000 - 0x00007ff971f1b000 	C:\WINDOWS\System32\ucrtbase.dll
0x00007ff952740000 - 0x00007ff952757000 	C:\Program Files\Java\jdk-25\bin\jli.dll
0x00007ff94fd30000 - 0x00007ff94fd4e000 	C:\Program Files\Java\jdk-25\bin\VCRUNTIME140.dll
0x00007ff974030000 - 0x00007ff9741f6000 	C:\WINDOWS\System32\USER32.dll
0x00007ff94e920000 - 0x00007ff94ebb2000 	C:\WINDOWS\WinSxS\amd64_microsoft.windows.common-controls_6595b64144ccf1df_6.0.26100.8457_none_3e0b2faee331e92d\COMCTL32.dll
0x00007ff972060000 - 0x00007ff972087000 	C:\WINDOWS\System32\win32u.dll
0x00007ff975270000 - 0x00007ff975319000 	C:\WINDOWS\System32\msvcrt.dll
0x00007ff973b60000 - 0x00007ff973b8b000 	C:\WINDOWS\System32\GDI32.dll
0x00007ff9729c0000 - 0x00007ff972aec000 	C:\WINDOWS\System32\gdi32full.dll
0x00007ff971f20000 - 0x00007ff971fc3000 	C:\WINDOWS\System32\msvcp_win.dll
0x00007ff974930000 - 0x00007ff974962000 	C:\WINDOWS\System32\IMM32.DLL
0x00007ff96cbb0000 - 0x00007ff96cbbc000 	C:\Program Files\Java\jdk-25\bin\vcruntime140_1.dll
0x00007ff90abc0000 - 0x00007ff90ac4d000 	C:\Program Files\Java\jdk-25\bin\msvcp140.dll
0x00007ff8de070000 - 0x00007ff8deecf000 	C:\Program Files\Java\jdk-25\bin\server\jvm.dll
0x00007ff974870000 - 0x00007ff974926000 	C:\WINDOWS\System32\ADVAPI32.dll
0x00007ff973ab0000 - 0x00007ff973b57000 	C:\WINDOWS\System32\sechost.dll
0x00007ff973f10000 - 0x00007ff974028000 	C:\WINDOWS\System32\RPCRT4.dll
0x00007ff9751e0000 - 0x00007ff975260000 	C:\WINDOWS\System32\WS2_32.dll
0x00007ff971c30000 - 0x00007ff971c8e000 	C:\WINDOWS\SYSTEM32\POWRPROF.dll
0x00007ff96a860000 - 0x00007ff96a86b000 	C:\WINDOWS\SYSTEM32\VERSION.dll
0x00007ff96a820000 - 0x00007ff96a856000 	C:\WINDOWS\SYSTEM32\WINMM.dll
0x00007ff971c10000 - 0x00007ff971c24000 	C:\WINDOWS\SYSTEM32\UMPDC.dll
0x00007ff970b00000 - 0x00007ff970b1b000 	C:\WINDOWS\SYSTEM32\kernel.appcore.dll
0x00007ff96cac0000 - 0x00007ff96caca000 	C:\Program Files\Java\jdk-25\bin\jimage.dll
0x00007ff963ec0000 - 0x00007ff964102000 	C:\WINDOWS\SYSTEM32\DBGHELP.DLL
0x00007ff973450000 - 0x00007ff9737d3000 	C:\WINDOWS\System32\combase.dll
0x00007ff974970000 - 0x00007ff974a49000 	C:\WINDOWS\System32\OLEAUT32.dll
0x00007ff96ca20000 - 0x00007ff96ca5b000 	C:\WINDOWS\SYSTEM32\dbgcore.DLL
0x00007ff972c70000 - 0x00007ff972d18000 	C:\WINDOWS\System32\bcryptPrimitives.dll
0x00007ff958ad0000 - 0x00007ff958ae0000 	C:\Program Files\Java\jdk-25\bin\instrument.dll
0x00007ff9472b0000 - 0x00007ff9472cf000 	C:\Program Files\Java\jdk-25\bin\java.dll
0x00007ff973910000 - 0x00007ff973aa7000 	C:\WINDOWS\System32\ole32.dll
0x00007ff974a60000 - 0x00007ff9751ce000 	C:\WINDOWS\System32\SHELL32.dll
0x00007ff972150000 - 0x00007ff9729bc000 	C:\WINDOWS\System32\windows.storage.dll
0x00007ff973d50000 - 0x00007ff973e46000 	C:\WINDOWS\System32\SHCORE.dll
0x00007ff973b90000 - 0x00007ff973bf6000 	C:\WINDOWS\System32\shlwapi.dll
0x00007ff971cf0000 - 0x00007ff971d19000 	C:\WINDOWS\SYSTEM32\profapi.dll
0x00007ff939700000 - 0x00007ff939717000 	C:\Program Files\Java\jdk-25\bin\zip.dll
0x00007ff93e8e0000 - 0x00007ff93e8f2000 	C:\Program Files\Java\jdk-25\bin\net.dll
0x00007ff9710d0000 - 0x00007ff97113c000 	C:\WINDOWS\system32\mswsock.dll
0x00007ff939720000 - 0x00007ff939736000 	C:\Program Files\Java\jdk-25\bin\nio.dll
0x00007ff95aab0000 - 0x00007ff95aac0000 	C:\Program Files\Java\jdk-25\bin\verify.dll
0x00007ff95aea0000 - 0x00007ff95aec7000 	C:\Users\IT\.gradle\native\1def1411415f61bf3af743bc5b6707747c0891f09f0c88961ee8f79bc544acac\windows-amd64\native-platform.dll
0x00007ff93e970000 - 0x00007ff93e9e7000 	C:\Users\IT\.gradle\native\0.2.8\x86_64-windows-gnu\gradle-fileevents.dll
0x00007ff96ca60000 - 0x00007ff96ca6a000 	C:\Program Files\Java\jdk-25\bin\management.dll
0x00007ff966380000 - 0x00007ff96638c000 	C:\Program Files\Java\jdk-25\bin\management_ext.dll
0x00007ff975330000 - 0x00007ff975338000 	C:\WINDOWS\System32\PSAPI.DLL
0x00007ff970620000 - 0x00007ff970652000 	C:\WINDOWS\SYSTEM32\IPHLPAPI.DLL
0x00007ff975320000 - 0x00007ff97532a000 	C:\WINDOWS\System32\NSI.dll
0x00007ff95a1b0000 - 0x00007ff95a1b9000 	C:\Program Files\Java\jdk-25\bin\extnet.dll
0x00007ff9713b0000 - 0x00007ff9713cb000 	C:\WINDOWS\SYSTEM32\CRYPTSP.dll
0x00007ff970ac0000 - 0x00007ff970af9000 	C:\WINDOWS\system32\rsaenh.dll
0x00007ff971180000 - 0x00007ff9711b3000 	C:\WINDOWS\SYSTEM32\USERENV.dll
0x00007ff971cc0000 - 0x00007ff971cea000 	C:\WINDOWS\SYSTEM32\bcrypt.dll
0x00007ff9713d0000 - 0x00007ff9713dc000 	C:\WINDOWS\SYSTEM32\CRYPTBASE.dll
0x00007ff957910000 - 0x00007ff95791e000 	C:\Program Files\Java\jdk-25\bin\sunmscapi.dll
0x00007ff972af0000 - 0x00007ff972c68000 	C:\WINDOWS\System32\CRYPT32.dll
0x00007ff9715d0000 - 0x00007ff971600000 	C:\WINDOWS\SYSTEM32\ncrypt.dll
0x00007ff971580000 - 0x00007ff9715bf000 	C:\WINDOWS\SYSTEM32\NTASN1.dll
0x00007ff94fde0000 - 0x00007ff94fde8000 	C:\WINDOWS\system32\wshunix.dll

JVMTI agents:
C:\Users\IT\.gradle\wrapper\dists\gradle-9.1.0-bin\9agqghryom9wkf8r80qlhnts3\gradle-9.1.0\lib\agents\gradle-instrumentation-agent-9.1.0.jar path:C:\Program Files\Java\jdk-25\bin\instrument.dll, loaded, initialized, instrumentlib options:none

dbghelp: loaded successfully - version: 4.0.5 - missing functions: none
symbol engine: initialized successfully - sym options: 0x614 - pdb path: .;C:\Program Files\Java\jdk-25\bin;C:\WINDOWS\SYSTEM32;C:\WINDOWS\WinSxS\amd64_microsoft.windows.common-controls_6595b64144ccf1df_6.0.26100.8457_none_3e0b2faee331e92d;C:\Program Files\Java\jdk-25\bin\server;C:\Users\IT\.gradle\native\1def1411415f61bf3af743bc5b6707747c0891f09f0c88961ee8f79bc544acac\windows-amd64;C:\Users\IT\.gradle\native\0.2.8\x86_64-windows-gnu

VM Arguments:
jvm_args: --add-opens=java.base/java.lang=ALL-UNNAMED --add-opens=java.base/java.lang.invoke=ALL-UNNAMED --add-opens=java.base/java.util=ALL-UNNAMED --add-opens=java.prefs/java.util.prefs=ALL-UNNAMED --add-exports=jdk.compiler/com.sun.tools.javac.api=ALL-UNNAMED --add-exports=jdk.compiler/com.sun.tools.javac.util=ALL-UNNAMED --add-opens=java.base/java.util=ALL-UNNAMED --add-opens=java.prefs/java.util.prefs=ALL-UNNAMED --add-opens=java.base/java.nio.charset=ALL-UNNAMED --add-opens=java.base/java.net=ALL-UNNAMED --add-opens=java.base/java.util.concurrent=ALL-UNNAMED --add-opens=java.base/java.util.concurrent.atomic=ALL-UNNAMED --add-opens=java.xml/javax.xml.namespace=ALL-UNNAMED --add-opens=java.base/java.time=ALL-UNNAMED --enable-native-access=ALL-UNNAMED -Xmx2048m -Dfile.encoding=UTF-8 -Duser.country=US -Duser.language=en -Duser.variant -javaagent:C:\Users\IT\.gradle\wrapper\dists\gradle-9.1.0-bin\9agqghryom9wkf8r80qlhnts3\gradle-9.1.0\lib\agents\gradle-instrumentation-agent-9.1.0.jar 
java_command: org.gradle.launcher.daemon.bootstrap.GradleDaemon 9.1.0
java_class_path (initial): C:\Users\IT\.gradle\wrapper\dists\gradle-9.1.0-bin\9agqghryom9wkf8r80qlhnts3\gradle-9.1.0\lib\gradle-daemon-main-9.1.0.jar
Launcher Type: SUN_STANDARD

[Global flags]
     intx CICompilerCount                          = 4                                         {product} {ergonomic}
     uint ConcGCThreads                            = 3                                         {product} {ergonomic}
     uint G1ConcRefinementThreads                  = 10                                        {product} {ergonomic}
   size_t G1HeapRegionSize                         = 1048576                                   {product} {ergonomic}
   size_t InitialHeapSize                          = 257949696                                 {product} {ergonomic}
   size_t MarkStackSize                            = 4194304                                   {product} {ergonomic}
   size_t MarkStackSizeMax                         = 536870912                                 {product} {ergonomic}
   size_t MaxHeapSize                              = 2147483648                                {product} {command line}
   size_t MaxNewSize                               = 1287651328                                {product} {ergonomic}
   size_t MinHeapDeltaBytes                        = 1048576                                   {product} {ergonomic}
   size_t MinHeapSize                              = 8388608                                   {product} {ergonomic}
    uintx NonNMethodCodeHeapSize                   = 5832704                                {pd product} {ergonomic}
    uintx NonProfiledCodeHeapSize                  = 122945536                              {pd product} {ergonomic}
    uintx ProfiledCodeHeapSize                     = 122880000                              {pd product} {ergonomic}
    uintx ReservedCodeCacheSize                    = 251658240                              {pd product} {ergonomic}
     bool SegmentedCodeCache                       = true                                      {product} {ergonomic}
   size_t SoftMaxHeapSize                          = 2147483648                             {manageable} {ergonomic}
     bool UseCompressedOops                        = true                           {product lp64_product} {ergonomic}
     bool UseG1GC                                  = true                                      {product} {ergonomic}
     bool UseLargePagesIndividualAllocation        = false                                  {pd product} {ergonomic}

Logging:
Log output configuration:
 #0: stdout all=warning uptime,level,tags foldmultilines=false
 #1: stderr all=off uptime,level,tags foldmultilines=false

Release file:
IMPLEMENTOR="Oracle Corporation" 
JAVA_RUNTIME_VERSION="25.0.1+8-LTS-27" 
JAVA_VERSION="25.0.1" 
JAVA_VERSION_DATE="2025-10-21" 
LIBC="default" 
MODULES="java.base java.compiler java.datatransfer java.xml java.prefs java.desktop java.instrument java.logging java.management java.security.sasl java.naming java.rmi java.management.rmi java.net.http java.scripting java.security.jgss java.transaction.xa java.sql java.sql.rowset java.xml.crypto java.se java.smartcardio jdk.accessibility jdk.internal.jvmstat jdk.attach jdk.charsets jdk.internal.opt jdk.zipfs jdk.compiler jdk.crypto.cryptoki jdk.crypto.ec jdk.crypto.mscapi jdk.dynalink jdk.internal.ed jdk.editpad jdk.internal.vm.ci jdk.graal.compiler jdk.graal.compiler.management jdk.hotspot.agent jdk.httpserver jdk.incubator.vector jdk.internal.le jdk.internal.md jdk.jartool jdk.javadoc jdk.jcmd jdk.management jdk.management.agent jdk.jconsole jdk.jdeps jdk.jdwp.agent jdk.jdi jdk.jfr jdk.jlink jdk.jpackage jdk.jshell jdk.jsobject jdk.jstatd jdk.localedata jdk.management.jfr jdk.naming.dns jdk.naming.rmi jdk.net jdk.nio.mapmode jdk.sctp jdk.security.auth jdk.security.jgss jdk.unsupported jdk.unsupported.desktop jdk.xml.dom" 
OS_ARCH="x86_64" 
OS_NAME="Windows" 
SOURCE=".:git:862c85bc42b7 open:git:78770bfaefd2" 

Environment Variables:
JAVA_HOME=C:\Program Files\Java\jdk-25
PATH=C:\Program Files\Common Files\Oracle\Java\javapath;C:\WINDOWS\system32;C:\WINDOWS;C:\WINDOWS\System32\Wbem;C:\WINDOWS\System32\WindowsPowerShell\v1.0\;C:\WINDOWS\System32\OpenSSH\;C:\Program Files\Cloudflare\Cloudflare WARP\;C:\Program Files (x86)\GnuWin32\bin;C:\Program Files\CodeBlocks\MinGW\bin;C:\MinGW\bin;C:\Program Files\dotnet\;C:\Program Files (x86)\Windows Kits\10\Windows Performance Toolkit\;C:\Program Files\Git\cmd;C:\Program Files\Java\jdk-25\bin;C:\Program Files\MySQL\MySQL Server 8.0\bin;C:\Users\IT\AppData\Local\Microsoft\WindowsApps;C:\Users\IT\.dotnet\tools;C:\Users\IT\AppData\Local\Programs\Microsoft VS Code\bin;C:\Users\IT\AppData\Local\Programs\cursor\resources\app\bin;C:\Users\IT\AppData\Local\Programs\Antigravity\bin
USERNAME=IT
OS=Windows_NT
PROCESSOR_IDENTIFIER=AMD64 Family 25 Model 80 Stepping 0, AuthenticAMD
TMP=C:\Users\IT\AppData\Local\Temp
TEMP=C:\Users\IT\AppData\Local\Temp




Compilation memory statistics disabled.

Periodic native trim disabled

---------------  S Y S T E M  ---------------

OS:
 Windows 11 , 64 bit Build 26100 (10.0.26100.8328)
OS uptime: 0 days 4:21 hours

CPU: total 12 (initial active 12) (12 cores per cpu, 2 threads per core) family 25 model 80 stepping 0 microcode 0xa500014, cx8, cmov, fxsr, ht, mmx, 3dnowpref, sse, sse2, sse3, ssse3, sse4a, sse4.1, sse4.2, popcnt, lzcnt, tsc, tscinvbit, avx, avx2, aes, erms, clmul, bmi1, bmi2, adx, sha, fma, vzeroupper, clflush, clflushopt, clwb, rdtscp, rdpid, fsrm, f16c, pku, cet_ss
Processor Information for processor 0
  Max Mhz: 2301, Current Mhz: 1783, Mhz Limit: 2301
Processor Information for processor 1
  Max Mhz: 2301, Current Mhz: 1783, Mhz Limit: 2301
Processor Information for processor 2
  Max Mhz: 2301, Current Mhz: 2301, Mhz Limit: 2301
Processor Information for processor 3
  Max Mhz: 2301, Current Mhz: 1783, Mhz Limit: 2301
Processor Information for processor 4
  Max Mhz: 2301, Current Mhz: 1783, Mhz Limit: 2301
Processor Information for processor 5
  Max Mhz: 2301, Current Mhz: 1783, Mhz Limit: 2301
Processor Information for processor 6
  Max Mhz: 2301, Current Mhz: 2301, Mhz Limit: 2301
Processor Information for processor 7
  Max Mhz: 2301, Current Mhz: 1783, Mhz Limit: 2301
Processor Information for processor 8
  Max Mhz: 2301, Current Mhz: 1783, Mhz Limit: 2301
Processor Information for processor 9
  Max Mhz: 2301, Current Mhz: 1783, Mhz Limit: 2301
Processor Information for processor 10
  Max Mhz: 2301, Current Mhz: 1783, Mhz Limit: 2301
Processor Information for processor 11
  Max Mhz: 2301, Current Mhz: 1783, Mhz Limit: 2301

Memory: 4k page, system-wide physical 15681M (1604M free)
TotalPageFile size 19777M (AvailPageFile size 19M)
current process WorkingSet (physical memory assigned to process): 470M, peak: 476M
current process commit charge ("private bytes"): 536M, peak: 548M

vm_info: Java HotSpot(TM) 64-Bit Server VM (25.0.1+8-LTS-27) for windows-amd64 JRE (25.0.1+8-LTS-27), built on 2025-09-25T16:41:16Z with unknown MS VC++:1943

END.
