#
# There is insufficient memory for the Java Runtime Environment to continue.
# Native memory allocation (malloc) failed to allocate 2109144 bytes. Error detail: Chunk::new
# Possible reasons:
#   The system is out of physical RAM or swap space
#   This process is running with CompressedOops enabled, and the Java Heap may be blocking the growth of the native heap
# Possible solutions:
#   Reduce memory load on the system
#   Increase physical memory or swap space
#   Check if swap backing store is full
#   Decrease Java heap size (-Xmx/-Xms)
#   Decrease number of Java threads
#   Decrease Java thread stack sizes (-Xss)
#   Set larger code cache with -XX:ReservedCodeCacheSize=
#   JVM is running with Unscaled Compressed Oops mode in which the Java heap is
#     placed in the first 4GB address space. The Java Heap base address is the
#     maximum limit for the native heap growth. Please use -XX:HeapBaseMinAddress
#     to set the Java Heap base and to place the Java Heap above 4GB virtual address.
# This output file may be truncated or incomplete.
#
#  Out of Memory Error (arena.cpp:186), pid=10632, tid=5208
#
# JRE version: Java(TM) SE Runtime Environment (25.0.1+8) (build 25.0.1+8-LTS-27)
# Java VM: Java HotSpot(TM) 64-Bit Server VM (25.0.1+8-LTS-27, mixed mode, sharing, tiered, compressed oops, compressed class ptrs, g1 gc, windows-amd64)
# No core dump will be written. Minidumps are not enabled by default on client versions of Windows
#

---------------  S U M M A R Y ------------

Command Line: --add-opens=java.base/java.lang=ALL-UNNAMED --add-opens=java.base/java.lang.invoke=ALL-UNNAMED --add-opens=java.base/java.util=ALL-UNNAMED --add-opens=java.prefs/java.util.prefs=ALL-UNNAMED --add-exports=jdk.compiler/com.sun.tools.javac.api=ALL-UNNAMED --add-exports=jdk.compiler/com.sun.tools.javac.util=ALL-UNNAMED --add-opens=java.base/java.util=ALL-UNNAMED --add-opens=java.prefs/java.util.prefs=ALL-UNNAMED --add-opens=java.base/java.nio.charset=ALL-UNNAMED --add-opens=java.base/java.net=ALL-UNNAMED --add-opens=java.base/java.util.concurrent=ALL-UNNAMED --add-opens=java.base/java.util.concurrent.atomic=ALL-UNNAMED --add-opens=java.xml/javax.xml.namespace=ALL-UNNAMED --add-opens=java.base/java.time=ALL-UNNAMED --enable-native-access=ALL-UNNAMED -Xmx2048m -Dfile.encoding=UTF-8 -Duser.country=US -Duser.language=en -Duser.variant -javaagent:C:\Users\IT\.gradle\wrapper\dists\gradle-9.1.0-bin\9agqghryom9wkf8r80qlhnts3\gradle-9.1.0\lib\agents\gradle-instrumentation-agent-9.1.0.jar org.gradle.launcher.daemon.bootstrap.GradleDaemon 9.1.0

Host: AMD Ryzen 5 PRO 5650U with Radeon Graphics     , 12 cores, 15G,  Windows 11 , 64 bit Build 26100 (10.0.26100.8328)
Time: Sat May 16 02:48:12 2026 Bangladesh Standard Time elapsed time: 13.558661 seconds (0d 0h 0m 13s)

---------------  T H R E A D  ---------------

Current thread (0x0000025678885c30):  JavaThread "C2 CompilerThread0" daemon [_thread_in_native, id=5208, stack(0x000000e169700000,0x000000e169800000) (1024K)]


Current CompileTask:
C2:13558 5954   !   4       java.net.URL::<init> (523 bytes)

Stack: [0x000000e169700000,0x000000e169800000]
Native frames: (J=compiled Java code, j=interpreted, Vv=VM code, C=native code)
V  [jvm.dll+0x7a6b59]  (no source info available)
V  [jvm.dll+0x77290d]  (no source info available)
V  [jvm.dll+0x966153]  (no source info available)
V  [jvm.dll+0x968751]  (no source info available)
V  [jvm.dll+0x968e53]  (no source info available)
V  [jvm.dll+0x2fc756]  (no source info available)
V  [jvm.dll+0x111b26]  (no source info available)
V  [jvm.dll+0x111e4e]  (no source info available)
V  [jvm.dll+0x1a0a22]  (no source info available)
V  [jvm.dll+0x3b53c2]  (no source info available)
V  [jvm.dll+0x7ac4ef]  (no source info available)
V  [jvm.dll+0x2c0ac7]  (no source info available)
V  [jvm.dll+0x2bfa8f]  (no source info available)
V  [jvm.dll+0x237b60]  (no source info available)
V  [jvm.dll+0x2cfb56]  (no source info available)
V  [jvm.dll+0x2cddd5]  (no source info available)
V  [jvm.dll+0x48e6d1]  (no source info available)
V  [jvm.dll+0x906a0d]  (no source info available)
V  [jvm.dll+0x7a5135]  (no source info available)
C  [ucrtbase.dll+0x37b0]  (no source info available)
C  [KERNEL32.DLL+0x2e957]  (no source info available)
C  [ntdll.dll+0x427c]  (no source info available)

Lock stack of current Java thread (top to bottom):


---------------  P R O C E S S  ---------------

Threads class SMR info:
_java_thread_list=0x000002560fc36100, length=33, elements={
0x000002566a5e5fd0, 0x00000256788715a0, 0x0000025678871d60, 0x0000025678873200,
0x0000025678876180, 0x0000025678876d40, 0x000002567887f910, 0x0000025678885c30,
0x00000256788af930, 0x0000025678b46cc0, 0x0000025678c34870, 0x000002567ea65d20,
0x000002567ea63610, 0x000002567ea67490, 0x000002567ea65550, 0x000002567ea68430,
0x000002567ea67c60, 0x000002567ea693d0, 0x000002567ea69ba0, 0x000002567ec63980,
0x000002567ec64150, 0x000002567ec658c0, 0x000002567ec631b0, 0x000002567ec67800,
0x000002567f4c5200, 0x000002567f4c32c0, 0x000002567f4c9080, 0x000002567f4c88b0,
0x000002560fab1a90, 0x000002560fab39d0, 0x000002560fab2a30, 0x000002560fab3200,
0x000002560fab7850
}

Java Threads: ( => current thread )
  0x000002566a5e5fd0 JavaThread "main"                              [_thread_blocked, id=16016, stack(0x000000e168900000,0x000000e168a00000) (1024K)]
  0x00000256788715a0 JavaThread "Reference Handler"          daemon [_thread_blocked, id=9932, stack(0x000000e169100000,0x000000e169200000) (1024K)]
  0x0000025678871d60 JavaThread "Finalizer"                  daemon [_thread_blocked, id=5548, stack(0x000000e169200000,0x000000e169300000) (1024K)]
  0x0000025678873200 JavaThread "Signal Dispatcher"          daemon [_thread_blocked, id=20416, stack(0x000000e169300000,0x000000e169400000) (1024K)]
  0x0000025678876180 JavaThread "Attach Listener"            daemon [_thread_blocked, id=5504, stack(0x000000e169400000,0x000000e169500000) (1024K)]
  0x0000025678876d40 JavaThread "Service Thread"             daemon [_thread_blocked, id=9860, stack(0x000000e169500000,0x000000e169600000) (1024K)]
  0x000002567887f910 JavaThread "Monitor Deflation Thread"   daemon [_thread_blocked, id=21688, stack(0x000000e169600000,0x000000e169700000) (1024K)]
=>0x0000025678885c30 JavaThread "C2 CompilerThread0"         daemon [_thread_in_native, id=5208, stack(0x000000e169700000,0x000000e169800000) (1024K)]
  0x00000256788af930 JavaThread "C1 CompilerThread0"         daemon [_thread_blocked, id=4280, stack(0x000000e169800000,0x000000e169900000) (1024K)]
  0x0000025678b46cc0 JavaThread "Common-Cleaner"             daemon [_thread_blocked, id=18604, stack(0x000000e169900000,0x000000e169a00000) (1024K)]
  0x0000025678c34870 JavaThread "Notification Thread"        daemon [_thread_blocked, id=9656, stack(0x000000e169a00000,0x000000e169b00000) (1024K)]
  0x000002567ea65d20 JavaThread "Daemon health stats"               [_thread_blocked, id=21584, stack(0x000000e169c00000,0x000000e169d00000) (1024K)]
  0x000002567ea63610 JavaThread "Incoming local TCP Connector on port 61297"        [_thread_in_native, id=9628, stack(0x000000e16a100000,0x000000e16a200000) (1024K)]
  0x000002567ea67490 JavaThread "Daemon periodic checks"            [_thread_blocked, id=10596, stack(0x000000e16a200000,0x000000e16a300000) (1024K)]
  0x000002567ea65550 JavaThread "Daemon"                            [_thread_blocked, id=2136, stack(0x000000e16a300000,0x000000e16a400000) (1024K)]
  0x000002567ea68430 JavaThread "Handler for socket connection from /127.0.0.1:61297 to /127.0.0.1:61298"        [_thread_in_native, id=1484, stack(0x000000e16a400000,0x000000e16a500000) (1024K)]
  0x000002567ea67c60 JavaThread "Cancel handler"                    [_thread_blocked, id=18248, stack(0x000000e16a500000,0x000000e16a600000) (1024K)]
  0x000002567ea693d0 JavaThread "Daemon worker"                     [_thread_in_vm, id=13452, stack(0x000000e16a600000,0x000000e16a700000) (1024K)]
  0x000002567ea69ba0 JavaThread "Asynchronous log dispatcher for DefaultDaemonConnection: socket connection from /127.0.0.1:61297 to /127.0.0.1:61298"        [_thread_blocked, id=11908, stack(0x000000e16a700000,0x000000e16a800000) (1024K)]
  0x000002567ec63980 JavaThread "Stdin handler"                     [_thread_blocked, id=2340, stack(0x000000e16a800000,0x000000e16a900000) (1024K)]
  0x000002567ec64150 JavaThread "Daemon client event forwarder"        [_thread_blocked, id=17372, stack(0x000000e16a900000,0x000000e16aa00000) (1024K)]
  0x000002567ec658c0 JavaThread "Cache worker for journal cache (C:\Users\IT\.gradle\caches\journal-1)"        [_thread_blocked, id=12168, stack(0x000000e16aa00000,0x000000e16ab00000) (1024K)]
  0x000002567ec631b0 JavaThread "File lock request listener"        [_thread_in_native, id=6984, stack(0x000000e16ab00000,0x000000e16ac00000) (1024K)]
  0x000002567ec67800 JavaThread "Cache worker for file hash cache (C:\Users\IT\.gradle\caches\9.1.0\fileHashes)"        [_thread_blocked, id=16416, stack(0x000000e16b100000,0x000000e16b200000) (1024K)]
  0x000002567f4c5200 JavaThread "Cache worker for file hash cache (E:\ShoeMartShop\.gradle\9.1.0\fileHashes)"        [_thread_blocked, id=9748, stack(0x000000e16b500000,0x000000e16b600000) (1024K)]
  0x000002567f4c32c0 JavaThread "Cache worker for Build Output Cleanup Cache (E:\ShoeMartShop\.gradle\buildOutputCleanup)"        [_thread_blocked, id=20216, stack(0x000000e16b600000,0x000000e16b700000) (1024K)]
  0x000002567f4c9080 JavaThread "File watcher server"        daemon [_thread_in_native, id=11228, stack(0x000000e16b700000,0x000000e16b800000) (1024K)]
  0x000002567f4c88b0 JavaThread "File watcher consumer"      daemon [_thread_blocked, id=8336, stack(0x000000e16b800000,0x000000e16b900000) (1024K)]
  0x000002560fab1a90 JavaThread "Cache worker for checksums cache (E:\ShoeMartShop\.gradle\9.1.0\checksums)"        [_thread_blocked, id=1868, stack(0x000000e16b900000,0x000000e16ba00000) (1024K)]
  0x000002560fab39d0 JavaThread "Cache worker for file content cache (C:\Users\IT\.gradle\caches\9.1.0\fileContent)"        [_thread_blocked, id=1728, stack(0x000000e16ba00000,0x000000e16bb00000) (1024K)]
  0x000002560fab2a30 JavaThread "Cache worker for cache directory md-supplier (C:\Users\IT\.gradle\caches\9.1.0\md-supplier)"        [_thread_blocked, id=13512, stack(0x000000e16bb00000,0x000000e16bc00000) (1024K)]
  0x000002560fab3200 JavaThread "Cache worker for cache directory md-rule (C:\Users\IT\.gradle\caches\9.1.0\md-rule)"        [_thread_blocked, id=9252, stack(0x000000e16bc00000,0x000000e16bd00000) (1024K)]
  0x000002560fab7850 JavaThread "File lock release action executor"        [_thread_blocked, id=10196, stack(0x000000e16bd00000,0x000000e16be00000) (1024K)]
Total: 33

Other Threads:
  0x000002567885db50 VMThread "VM Thread"                           [id=13784, stack(0x000000e169000000,0x000000e169100000) (1024K)]
  0x000002567884ed60 WatcherThread "VM Periodic Task Thread"        [id=12252, stack(0x000000e168f00000,0x000000e169000000) (1024K)]
  0x000002566a63c1b0 WorkerThread "GC Thread#0"                     [id=7580, stack(0x000000e168a00000,0x000000e168b00000) (1024K)]
  0x000002567df3bea0 WorkerThread "GC Thread#1"                     [id=9504, stack(0x000000e169d00000,0x000000e169e00000) (1024K)]
  0x000002567df3c6e0 WorkerThread "GC Thread#2"                     [id=8552, stack(0x000000e169e00000,0x000000e169f00000) (1024K)]
  0x000002567df3cf20 WorkerThread "GC Thread#3"                     [id=11160, stack(0x000000e169f00000,0x000000e16a000000) (1024K)]
  0x000002567df0f280 WorkerThread "GC Thread#4"                     [id=12176, stack(0x000000e16a000000,0x000000e16a100000) (1024K)]
  0x000002567ec41ea0 WorkerThread "GC Thread#5"                     [id=13552, stack(0x000000e16ac00000,0x000000e16ad00000) (1024K)]
  0x000002567ec422f0 WorkerThread "GC Thread#6"                     [id=4848, stack(0x000000e16ad00000,0x000000e16ae00000) (1024K)]
  0x000002567ec40070 WorkerThread "GC Thread#7"                     [id=9532, stack(0x000000e16ae00000,0x000000e16af00000) (1024K)]
  0x000002567ec404c0 WorkerThread "GC Thread#8"                     [id=5112, stack(0x000000e16af00000,0x000000e16b000000) (1024K)]
  0x000002567ec42740 WorkerThread "GC Thread#9"                     [id=8116, stack(0x000000e16b000000,0x000000e16b100000) (1024K)]
  0x00000256682ce970 ConcurrentGCThread "G1 Main Marker"            [id=5520, stack(0x000000e168b00000,0x000000e168c00000) (1024K)]
  0x000002566a655e10 WorkerThread "G1 Conc#0"                       [id=4940, stack(0x000000e168c00000,0x000000e168d00000) (1024K)]
  0x000002567ec41a50 WorkerThread "G1 Conc#1"                       [id=8236, stack(0x000000e16b300000,0x000000e16b400000) (1024K)]
  0x000002567ec42b90 WorkerThread "G1 Conc#2"                       [id=13880, stack(0x000000e16b400000,0x000000e16b500000) (1024K)]
  0x000002566a69e7c0 ConcurrentGCThread "G1 Refine#0"               [id=18940, stack(0x000000e168d00000,0x000000e168e00000) (1024K)]
  0x0000025678724610 ConcurrentGCThread "G1 Service"                [id=388, stack(0x000000e168e00000,0x000000e168f00000) (1024K)]
Total: 18

Threads with active compile tasks:
C2 CompilerThread0  14691 5954   !   4       java.net.URL::<init> (523 bytes)
Total: 1

VM state: not at safepoint (normal execution)

VM Mutex/Monitor currently owned by a thread: None

Heap address: 0x0000000080000000, size: 2048 MB, Compressed Oops mode: 32-bit

CDS archive(s) mapped at: [0x0000000011000000-0x0000000011dd0000-0x0000000011dd0000), size 14483456, SharedBaseAddress: 0x0000000011000000, ArchiveRelocationMode: 1.
Compressed class space mapped at: 0x0000000012000000-0x0000000052000000, reserved size: 1073741824
UseCompressedClassPointers 1, UseCompactObjectHeaders 0
Narrow klass pointer bits 32, Max shift 3
Narrow klass base: 0x0000000011000000, Narrow klass shift: 0
Encoding Range: [0x0000000011000000 - 0x0000000111000000), (4294967296 bytes)
Klass Range:    [0x0000000011010000 - 0x0000000052000000), (1090453504 bytes)
Klass ID Range:  [65536 - 1090519033) (1090453497)
Protection zone: [0x0000000011000000 - 0x0000000011010000), (65536 bytes)

GC Precious Log:
 CardTable entry size: 512
 Card Set container configuration: InlinePtr #cards 5 size 8 Array Of Cards #cards 10 size 36 Howl #buckets 4 coarsen threshold 1843 Howl Bitmap #cards 512 size 80 coarsen threshold 460 Card regions per heap region 1 cards per card region 2048
 CPUs: 12 total, 12 available
 Memory: 15681M
 Large Page Support: Disabled
 NUMA Support: Disabled
 Compressed Oops: Enabled (32-bit)
 Heap Region Size: 1M
 Heap Min Capacity: 8M
 Heap Initial Capacity: 246M
 Heap Max Capacity: 2G
 Pre-touch: Disabled
 Parallel Workers: 10
 Concurrent Workers: 3
 Concurrent Refinement Workers: 10
 Periodic GC: Disabled

Heap:
 garbage-first heap   total reserved 2097152K, committed 101376K, used 54391K [0x0000000080000000, 0x0000000100000000)
  region size 1024K, 17 young (17408K), 2 survivors (2048K)

Heap Regions: E=young(eden), S=young(survivor), O=old, HS=humongous(starts), HC=humongous(continues), CS=collection set, F=free, TAMS=top-at-mark-start, PB=parsable bottom
|   0|0x0000000080000000, 0x0000000080100000, 0x0000000080100000|100%|HS|  |TAMS 0x0000000080000000| PB 0x0000000080000000| Complete |  0
|   1|0x0000000080100000, 0x0000000080200000, 0x0000000080200000|100%|HC|  |TAMS 0x0000000080100000| PB 0x0000000080100000| Complete |  0
|   2|0x0000000080200000, 0x0000000080300000, 0x0000000080300000|100%|HC|  |TAMS 0x0000000080200000| PB 0x0000000080200000| Complete |  0
|   3|0x0000000080300000, 0x0000000080400000, 0x0000000080400000|100%| O|  |TAMS 0x0000000080300000| PB 0x0000000080300000| Untracked |  0
|   4|0x0000000080400000, 0x0000000080500000, 0x0000000080500000|100%|HS|  |TAMS 0x0000000080400000| PB 0x0000000080400000| Complete |  0
|   5|0x0000000080500000, 0x0000000080600000, 0x0000000080600000|100%| O|  |TAMS 0x0000000080500000| PB 0x0000000080500000| Untracked |  0
|   6|0x0000000080600000, 0x0000000080700000, 0x0000000080700000|100%| O|  |TAMS 0x0000000080600000| PB 0x0000000080600000| Untracked |  0
|   7|0x0000000080700000, 0x0000000080800000, 0x0000000080800000|100%| O|Cm|TAMS 0x0000000080700000| PB 0x0000000080700000| Complete |  0
|   8|0x0000000080800000, 0x0000000080900000, 0x0000000080900000|100%| O|  |TAMS 0x0000000080800000| PB 0x0000000080800000| Untracked |  0
|   9|0x0000000080900000, 0x0000000080a00000, 0x0000000080a00000|100%| O|  |TAMS 0x0000000080900000| PB 0x0000000080900000| Untracked |  0
|  10|0x0000000080a00000, 0x0000000080b00000, 0x0000000080b00000|100%| O|  |TAMS 0x0000000080a00000| PB 0x0000000080a00000| Untracked |  0
|  11|0x0000000080b00000, 0x0000000080c00000, 0x0000000080c00000|100%| O|  |TAMS 0x0000000080b00000| PB 0x0000000080b00000| Untracked |  0
|  12|0x0000000080c00000, 0x0000000080d00000, 0x0000000080d00000|100%| O|  |TAMS 0x0000000080c00000| PB 0x0000000080c00000| Untracked |  0
|  13|0x0000000080d00000, 0x0000000080e00000, 0x0000000080e00000|100%| O|  |TAMS 0x0000000080d00000| PB 0x0000000080d00000| Untracked |  0
|  14|0x0000000080e00000, 0x0000000080f00000, 0x0000000080f00000|100%| O|  |TAMS 0x0000000080e00000| PB 0x0000000080e00000| Untracked |  0
|  15|0x0000000080f00000, 0x0000000081000000, 0x0000000081000000|100%| O|  |TAMS 0x0000000080f00000| PB 0x0000000080f00000| Untracked |  0
|  16|0x0000000081000000, 0x0000000081100000, 0x0000000081100000|100%| O|  |TAMS 0x0000000081000000| PB 0x0000000081000000| Untracked |  0
|  17|0x0000000081100000, 0x0000000081200000, 0x0000000081200000|100%| O|  |TAMS 0x0000000081100000| PB 0x0000000081100000| Untracked |  0
|  18|0x0000000081200000, 0x0000000081300000, 0x0000000081300000|100%| O|  |TAMS 0x0000000081200000| PB 0x0000000081200000| Untracked |  0
|  19|0x0000000081300000, 0x0000000081400000, 0x0000000081400000|100%| O|  |TAMS 0x0000000081300000| PB 0x0000000081300000| Untracked |  0
|  20|0x0000000081400000, 0x0000000081500000, 0x0000000081500000|100%| O|  |TAMS 0x0000000081400000| PB 0x0000000081400000| Untracked |  0
|  21|0x0000000081500000, 0x0000000081600000, 0x0000000081600000|100%| O|  |TAMS 0x0000000081500000| PB 0x0000000081500000| Untracked |  0
|  22|0x0000000081600000, 0x0000000081700000, 0x0000000081700000|100%| O|  |TAMS 0x0000000081600000| PB 0x0000000081600000| Untracked |  0
|  23|0x0000000081700000, 0x0000000081800000, 0x0000000081800000|100%| O|  |TAMS 0x0000000081700000| PB 0x0000000081700000| Untracked |  0
|  24|0x0000000081800000, 0x0000000081800000, 0x0000000081900000|  0%| F|  |TAMS 0x0000000081800000| PB 0x0000000081800000| Untracked |  0
|  25|0x0000000081900000, 0x0000000081900000, 0x0000000081a00000|  0%| F|  |TAMS 0x0000000081900000| PB 0x0000000081900000| Untracked |  0
|  26|0x0000000081a00000, 0x0000000081a00000, 0x0000000081b00000|  0%| F|  |TAMS 0x0000000081a00000| PB 0x0000000081a00000| Untracked |  0
|  27|0x0000000081b00000, 0x0000000081c00000, 0x0000000081c00000|100%| O|  |TAMS 0x0000000081b00000| PB 0x0000000081b00000| Untracked |  0
|  28|0x0000000081c00000, 0x0000000081d00000, 0x0000000081d00000|100%| O|  |TAMS 0x0000000081c00000| PB 0x0000000081c00000| Untracked |  0
|  29|0x0000000081d00000, 0x0000000081e00000, 0x0000000081e00000|100%| O|  |TAMS 0x0000000081d00000| PB 0x0000000081d00000| Untracked |  0
|  30|0x0000000081e00000, 0x0000000081e00000, 0x0000000081f00000|  0%| F|  |TAMS 0x0000000081e00000| PB 0x0000000081e00000| Untracked |  0
|  31|0x0000000081f00000, 0x0000000081f00000, 0x0000000082000000|  0%| F|  |TAMS 0x0000000081f00000| PB 0x0000000081f00000| Untracked |  0
|  32|0x0000000082000000, 0x0000000082000000, 0x0000000082100000|  0%| F|  |TAMS 0x0000000082000000| PB 0x0000000082000000| Untracked |  0
|  33|0x0000000082100000, 0x0000000082100000, 0x0000000082200000|  0%| F|  |TAMS 0x0000000082100000| PB 0x0000000082100000| Untracked |  0
|  34|0x0000000082200000, 0x0000000082200000, 0x0000000082300000|  0%| F|  |TAMS 0x0000000082200000| PB 0x0000000082200000| Untracked |  0
|  35|0x0000000082300000, 0x0000000082345540, 0x0000000082400000| 27%| O|  |TAMS 0x0000000082300000| PB 0x0000000082300000| Untracked |  0
|  36|0x0000000082400000, 0x0000000082400000, 0x0000000082500000|  0%| F|  |TAMS 0x0000000082400000| PB 0x0000000082400000| Untracked |  0
|  37|0x0000000082500000, 0x0000000082500000, 0x0000000082600000|  0%| F|  |TAMS 0x0000000082500000| PB 0x0000000082500000| Untracked |  0
|  38|0x0000000082600000, 0x0000000082600000, 0x0000000082700000|  0%| F|  |TAMS 0x0000000082600000| PB 0x0000000082600000| Untracked |  0
|  39|0x0000000082700000, 0x0000000082700000, 0x0000000082800000|  0%| F|  |TAMS 0x0000000082700000| PB 0x0000000082700000| Untracked |  0
|  40|0x0000000082800000, 0x0000000082800000, 0x0000000082900000|  0%| F|  |TAMS 0x0000000082800000| PB 0x0000000082800000| Untracked |  0
|  41|0x0000000082900000, 0x00000000829d8778, 0x0000000082a00000| 84%| S|CS|TAMS 0x0000000082900000| PB 0x0000000082900000| Complete |  0
|  42|0x0000000082a00000, 0x0000000082b00000, 0x0000000082b00000|100%| S|CS|TAMS 0x0000000082a00000| PB 0x0000000082a00000| Complete |  0
|  43|0x0000000082b00000, 0x0000000082b00000, 0x0000000082c00000|  0%| F|  |TAMS 0x0000000082b00000| PB 0x0000000082b00000| Untracked |  0
|  44|0x0000000082c00000, 0x0000000082c00000, 0x0000000082d00000|  0%| F|  |TAMS 0x0000000082c00000| PB 0x0000000082c00000| Untracked |  0
|  45|0x0000000082d00000, 0x0000000082d00000, 0x0000000082e00000|  0%| F|  |TAMS 0x0000000082d00000| PB 0x0000000082d00000| Untracked |  0
|  46|0x0000000082e00000, 0x0000000082e00000, 0x0000000082f00000|  0%| F|  |TAMS 0x0000000082e00000| PB 0x0000000082e00000| Untracked |  0
|  47|0x0000000082f00000, 0x0000000082f00000, 0x0000000083000000|  0%| F|  |TAMS 0x0000000082f00000| PB 0x0000000082f00000| Untracked |  0
|  48|0x0000000083000000, 0x0000000083000000, 0x0000000083100000|  0%| F|  |TAMS 0x0000000083000000| PB 0x0000000083000000| Untracked |  0
|  49|0x0000000083100000, 0x0000000083100000, 0x0000000083200000|  0%| F|  |TAMS 0x0000000083100000| PB 0x0000000083100000| Untracked |  0
|  50|0x0000000083200000, 0x0000000083200000, 0x0000000083300000|  0%| F|  |TAMS 0x0000000083200000| PB 0x0000000083200000| Untracked |  0
|  51|0x0000000083300000, 0x0000000083300000, 0x0000000083400000|  0%| F|  |TAMS 0x0000000083300000| PB 0x0000000083300000| Untracked |  0
|  52|0x0000000083400000, 0x0000000083400000, 0x0000000083500000|  0%| F|  |TAMS 0x0000000083400000| PB 0x0000000083400000| Untracked |  0
|  53|0x0000000083500000, 0x0000000083500000, 0x0000000083600000|  0%| F|  |TAMS 0x0000000083500000| PB 0x0000000083500000| Untracked |  0
|  54|0x0000000083600000, 0x0000000083600000, 0x0000000083700000|  0%| F|  |TAMS 0x0000000083600000| PB 0x0000000083600000| Untracked |  0
|  55|0x0000000083700000, 0x0000000083700000, 0x0000000083800000|  0%| F|  |TAMS 0x0000000083700000| PB 0x0000000083700000| Untracked |  0
|  56|0x0000000083800000, 0x0000000083800000, 0x0000000083900000|  0%| F|  |TAMS 0x0000000083800000| PB 0x0000000083800000| Untracked |  0
|  57|0x0000000083900000, 0x0000000083900000, 0x0000000083a00000|  0%| F|  |TAMS 0x0000000083900000| PB 0x0000000083900000| Untracked |  0
|  58|0x0000000083a00000, 0x0000000083a00000, 0x0000000083b00000|  0%| F|  |TAMS 0x0000000083a00000| PB 0x0000000083a00000| Untracked |  0
|  59|0x0000000083b00000, 0x0000000083b00000, 0x0000000083c00000|  0%| F|  |TAMS 0x0000000083b00000| PB 0x0000000083b00000| Untracked |  0
|  60|0x0000000083c00000, 0x0000000083c00000, 0x0000000083d00000|  0%| F|  |TAMS 0x0000000083c00000| PB 0x0000000083c00000| Untracked |  0
|  61|0x0000000083d00000, 0x0000000083d00000, 0x0000000083e00000|  0%| F|  |TAMS 0x0000000083d00000| PB 0x0000000083d00000| Untracked |  0
|  62|0x0000000083e00000, 0x0000000083e00000, 0x0000000083f00000|  0%| F|  |TAMS 0x0000000083e00000| PB 0x0000000083e00000| Untracked |  0
|  63|0x0000000083f00000, 0x0000000083f00000, 0x0000000084000000|  0%| F|  |TAMS 0x0000000083f00000| PB 0x0000000083f00000| Untracked |  0
|  64|0x0000000084000000, 0x0000000084000000, 0x0000000084100000|  0%| F|  |TAMS 0x0000000084000000| PB 0x0000000084000000| Untracked |  0
|  65|0x0000000084100000, 0x0000000084100000, 0x0000000084200000|  0%| F|  |TAMS 0x0000000084100000| PB 0x0000000084100000| Untracked |  0
|  66|0x0000000084200000, 0x0000000084200000, 0x0000000084300000|  0%| F|  |TAMS 0x0000000084200000| PB 0x0000000084200000| Untracked |  0
|  67|0x0000000084300000, 0x0000000084300000, 0x0000000084400000|  0%| F|  |TAMS 0x0000000084300000| PB 0x0000000084300000| Untracked |  0
|  68|0x0000000084400000, 0x0000000084400000, 0x0000000084500000|  0%| F|  |TAMS 0x0000000084400000| PB 0x0000000084400000| Untracked |  0
|  69|0x0000000084500000, 0x0000000084500000, 0x0000000084600000|  0%| F|  |TAMS 0x0000000084500000| PB 0x0000000084500000| Untracked |  0
|  70|0x0000000084600000, 0x0000000084600000, 0x0000000084700000|  0%| F|  |TAMS 0x0000000084600000| PB 0x0000000084600000| Untracked |  0
|  71|0x0000000084700000, 0x0000000084700000, 0x0000000084800000|  0%| F|  |TAMS 0x0000000084700000| PB 0x0000000084700000| Untracked |  0
|  72|0x0000000084800000, 0x0000000084800000, 0x0000000084900000|  0%| F|  |TAMS 0x0000000084800000| PB 0x0000000084800000| Untracked |  0
|  73|0x0000000084900000, 0x0000000084900000, 0x0000000084a00000|  0%| F|  |TAMS 0x0000000084900000| PB 0x0000000084900000| Untracked |  0
|  74|0x0000000084a00000, 0x0000000084a858e0, 0x0000000084b00000| 52%| E|  |TAMS 0x0000000084a00000| PB 0x0000000084a00000| Complete |  0
| 195|0x000000008c300000, 0x000000008c400000, 0x000000008c400000|100%| E|CS|TAMS 0x000000008c300000| PB 0x000000008c300000| Complete |  0
| 196|0x000000008c400000, 0x000000008c500000, 0x000000008c500000|100%| E|CS|TAMS 0x000000008c400000| PB 0x000000008c400000| Complete |  0
| 197|0x000000008c500000, 0x000000008c600000, 0x000000008c600000|100%| E|CS|TAMS 0x000000008c500000| PB 0x000000008c500000| Complete |  0
| 198|0x000000008c600000, 0x000000008c700000, 0x000000008c700000|100%| E|CS|TAMS 0x000000008c600000| PB 0x000000008c600000| Complete |  0
| 199|0x000000008c700000, 0x000000008c800000, 0x000000008c800000|100%| E|CS|TAMS 0x000000008c700000| PB 0x000000008c700000| Complete |  0
| 200|0x000000008c800000, 0x000000008c900000, 0x000000008c900000|100%| E|CS|TAMS 0x000000008c800000| PB 0x000000008c800000| Complete |  0
| 201|0x000000008c900000, 0x000000008ca00000, 0x000000008ca00000|100%| E|CS|TAMS 0x000000008c900000| PB 0x000000008c900000| Complete |  0
| 202|0x000000008ca00000, 0x000000008cb00000, 0x000000008cb00000|100%| E|CS|TAMS 0x000000008ca00000| PB 0x000000008ca00000| Complete |  0
| 203|0x000000008cb00000, 0x000000008cc00000, 0x000000008cc00000|100%| E|CS|TAMS 0x000000008cb00000| PB 0x000000008cb00000| Complete |  0
| 204|0x000000008cc00000, 0x000000008cd00000, 0x000000008cd00000|100%| E|CS|TAMS 0x000000008cc00000| PB 0x000000008cc00000| Complete |  0
| 205|0x000000008cd00000, 0x000000008ce00000, 0x000000008ce00000|100%| E|CS|TAMS 0x000000008cd00000| PB 0x000000008cd00000| Complete |  0
| 244|0x000000008f400000, 0x000000008f500000, 0x000000008f500000|100%| E|CS|TAMS 0x000000008f400000| PB 0x000000008f400000| Complete |  0
| 245|0x000000008f500000, 0x000000008f600000, 0x000000008f600000|100%| E|CS|TAMS 0x000000008f500000| PB 0x000000008f500000| Complete |  0
|2037|0x00000000ff500000, 0x00000000ff600000, 0x00000000ff600000|100%| O|  |TAMS 0x00000000ff500000| PB 0x00000000ff500000| Untracked |  0
|2038|0x00000000ff600000, 0x00000000ff700000, 0x00000000ff700000|100%| O|  |TAMS 0x00000000ff600000| PB 0x00000000ff600000| Untracked |  0
|2039|0x00000000ff700000, 0x00000000ff800000, 0x00000000ff800000|100%| O|  |TAMS 0x00000000ff700000| PB 0x00000000ff700000| Untracked |  0
|2040|0x00000000ff800000, 0x00000000ff900000, 0x00000000ff900000|100%| O|  |TAMS 0x00000000ff800000| PB 0x00000000ff800000| Untracked |  0
|2041|0x00000000ff900000, 0x00000000ffa00000, 0x00000000ffa00000|100%| O|  |TAMS 0x00000000ff900000| PB 0x00000000ff900000| Untracked |  0
|2042|0x00000000ffa00000, 0x00000000ffb00000, 0x00000000ffb00000|100%| O|  |TAMS 0x00000000ffa00000| PB 0x00000000ffa00000| Untracked |  0
|2043|0x00000000ffb00000, 0x00000000ffc00000, 0x00000000ffc00000|100%| O|  |TAMS 0x00000000ffb00000| PB 0x00000000ffb00000| Untracked |  0
|2044|0x00000000ffc00000, 0x00000000ffd00000, 0x00000000ffd00000|100%| O|  |TAMS 0x00000000ffc00000| PB 0x00000000ffc00000| Untracked |  0
|2045|0x00000000ffd00000, 0x00000000ffe00000, 0x00000000ffe00000|100%| O|  |TAMS 0x00000000ffd00000| PB 0x00000000ffd00000| Untracked |  0
|2046|0x00000000ffe00000, 0x00000000fff00000, 0x00000000fff00000|100%| O|  |TAMS 0x00000000ffe00000| PB 0x00000000ffe00000| Untracked |  0
|2047|0x00000000fff00000, 0x0000000100000000, 0x0000000100000000|100%| E|CS|TAMS 0x00000000fff00000| PB 0x00000000fff00000| Complete |  0

Card table byte_map: [0x00000256738c0000,0x0000025673cc0000] _byte_map_base: 0x00000256734c0000

Marking Bits: (CMBitMap*) 0x00000256682ce070
 Bits: [0x0000025673cc0000, 0x0000025675cc0000)

Polling page: 0x00000256684a0000

Metaspace:
Metaspace        used 60626K, committed 62400K, reserved 1114112K
 class space     used 7075K, committed 7936K, reserved 1048576K

Usage:
  Non-class:     52.30 MB used.
      Class:      6.91 MB used.
       Both:     59.21 MB used.

Virtual space:
  Non-class space:       64.00 MB reserved,      53.19 MB ( 83%) committed,  1 nodes.
      Class space:        1.00 GB reserved,       7.75 MB ( <1%) committed,  1 nodes.
             Both:        1.06 GB reserved,      60.94 MB (  6%) committed. 

Chunk freelists:
   Non-Class:  10.62 MB
       Class:  8.28 MB
        Both:  18.91 MB

MaxMetaspaceSize: unlimited
CompressedClassSpaceSize: 1.00 GB
Initial GC threshold: 21.00 MB
Current GC threshold: 98.25 MB
CDS: on
 - commit_granule_bytes: 65536.
 - commit_granule_words: 8192.
 - virtual_space_node_default_size: 8388608.
 - enlarge_chunks_in_place: 1.
UseCompressedClassPointers 1, UseCompactObjectHeaders 0
Narrow klass pointer bits 32, Max shift 3
Narrow klass base: 0x0000000011000000, Narrow klass shift: 0
Encoding Range: [0x0000000011000000 - 0x0000000111000000), (4294967296 bytes)
Klass Range:    [0x0000000011010000 - 0x0000000052000000), (1090453504 bytes)
Klass ID Range:  [65536 - 1090519033) (1090453497)
Protection zone: [0x0000000011000000 - 0x0000000011010000), (65536 bytes)


Internal statistics:

num_allocs_failed_limit: 9.
num_arena_births: 3146.
num_arena_deaths: 0.
num_vsnodes_births: 2.
num_vsnodes_deaths: 0.
num_space_committed: 975.
num_space_uncommitted: 0.
num_chunks_returned_to_freelist: 9.
num_chunks_taken_from_freelist: 5785.
num_chunk_merges: 9.
num_chunk_splits: 3952.
num_chunks_enlarged: 2636.
num_inconsistent_stats: 0.

CodeHeap 'non-profiled nmethods': size=120064Kb used=2350Kb max_used=2395Kb free=117714Kb
 bounds [0x0000025607ac0000, 0x0000025607d30000, 0x000002560f000000]
CodeHeap 'profiled nmethods': size=120000Kb used=7836Kb max_used=8386Kb free=112163Kb
 bounds [0x0000025600000000, 0x0000025600840000, 0x0000025607530000]
CodeHeap 'non-nmethods': size=5696Kb used=1976Kb max_used=2113Kb free=3719Kb
 bounds [0x0000025607530000, 0x00000256077a0000, 0x0000025607ac0000]
CodeCache: size=245760Kb, used=12162Kb, max_used=12894Kb, free=233596Kb
 total_blobs=6029, nmethods=5206, adapters=725, full_count=0
Compilation: enabled, stopped_count=0, restarted_count=0

Compilation events (20 events):
Event: 10.735 Thread 0x00000256788af930 nmethod 5945 0x000002560082fd88 code [0x000002560082fe80, 0x000002560082ffb8]
Event: 10.788 Thread 0x00000256788af930 5946       3       java.util.Arrays$ArrayList::iterator (12 bytes)
Event: 10.789 Thread 0x00000256788af930 nmethod 5946 0x0000025600830088 code [0x0000025600830180, 0x0000025600830400]
Event: 10.839 Thread 0x0000025678885c30 nmethod 5916 0x0000025607d0ff88 code [0x0000025607d10080, 0x0000025607d13980]
Event: 10.839 Thread 0x0000025678885c30 5941       4       jdk.internal.classfile.impl.StackMapGenerator::of (80 bytes)
Event: 10.893 Thread 0x0000025678885c30 nmethod 5941 0x0000025607d13a08 code [0x0000025607d13b00, 0x0000025607d16568]
Event: 11.140 Thread 0x0000025678885c30 5948       4       jdk.internal.classfile.impl.BufWriterImpl::copyTo (15 bytes)
Event: 11.143 Thread 0x0000025678885c30 nmethod 5948 0x0000025607d16908 code [0x0000025607d16a00, 0x0000025607d16b38]
Event: 11.298 Thread 0x00000256788af930 5949       3       kotlin.text.CharsKt__CharJVMKt::isWhitespace (20 bytes)
Event: 11.299 Thread 0x00000256788af930 nmethod 5949 0x0000025600830408 code [0x0000025600830500, 0x0000025600830a90]
Event: 11.300 Thread 0x00000256788af930 5950       1       org.jetbrains.kotlin.com.fasterxml.aalto.in.PName::getLocalName (5 bytes)
Event: 11.300 Thread 0x00000256788af930 nmethod 5950 0x0000025607d16c08 code [0x0000025607d16d00, 0x0000025607d16dc8]
Event: 11.391 Thread 0x00000256788af930 5951       3       java.util.concurrent.atomic.AtomicReference::compareAndSet (10 bytes)
Event: 11.392 Thread 0x00000256788af930 nmethod 5951 0x00000256001e5008 code [0x00000256001e5100, 0x00000256001e5f20]
Event: 11.414 Thread 0x00000256788af930 5952       1       org.jetbrains.kotlin.com.intellij.util.SmartList::size (5 bytes)
Event: 11.415 Thread 0x00000256788af930 nmethod 5952 0x0000025607b23088 code [0x0000025607b23180, 0x0000025607b23248]
Event: 11.481 Thread 0x00000256788af930 5953       3       java.lang.invoke.LambdaForm::constantForm (46 bytes)
Event: 11.482 Thread 0x00000256788af930 nmethod 5953 0x0000025600003b08 code [0x0000025600003c00, 0x0000025600003e40]
Event: 11.485 Thread 0x0000025678885c30 5954   !   4       java.net.URL::<init> (523 bytes)
Event: 12.552 Thread 0x00000256788af930 5955       3       java.io.DataInputStream::readUTF (601 bytes)

GC Heap Usage History (20 events):
Event: 0.946 {heap Before GC invocations=0 (full 0):
 garbage-first heap   total reserved 2097152K, committed 253952K, used 52373K [0x0000000080000000, 0x0000000100000000)
  region size 1024K, 47 young (48128K), 0 survivors (0K)
}
Event: 0.951 {heap After GC invocations=1 (full 0):
 garbage-first heap   total reserved 2097152K, committed 253952K, used 11213K [0x0000000080000000, 0x0000000100000000)
  region size 1024K, 6 young (6144K), 6 survivors (6144K)
}
Event: 2.761 {heap Before GC invocations=1 (full 0):
 garbage-first heap   total reserved 2097152K, committed 253952K, used 117709K [0x0000000080000000, 0x0000000100000000)
  region size 1024K, 108 young (110592K), 6 survivors (6144K)
}
Event: 2.770 {heap After GC invocations=2 (full 0):
 garbage-first heap   total reserved 2097152K, committed 253952K, used 21185K [0x0000000080000000, 0x0000000100000000)
  region size 1024K, 14 young (14336K), 14 survivors (14336K)
}
Event: 3.470 {heap Before GC invocations=2 (full 0):
 garbage-first heap   total reserved 2097152K, committed 253952K, used 62145K [0x0000000080000000, 0x0000000100000000)
  region size 1024K, 54 young (55296K), 14 survivors (14336K)
}
Event: 3.482 {heap After GC invocations=3 (full 0):
 garbage-first heap   total reserved 2097152K, committed 253952K, used 23916K [0x0000000080000000, 0x0000000100000000)
  region size 1024K, 11 young (11264K), 11 survivors (11264K)
}
Event: 4.546 {heap Before GC invocations=4 (full 0):
 garbage-first heap   total reserved 2097152K, committed 86016K, used 83308K [0x0000000080000000, 0x0000000100000000)
  region size 1024K, 70 young (71680K), 11 survivors (11264K)
}
Event: 4.555 {heap After GC invocations=5 (full 0):
 garbage-first heap   total reserved 2097152K, committed 101376K, used 27339K [0x0000000080000000, 0x0000000100000000)
  region size 1024K, 6 young (6144K), 6 survivors (6144K)
}
Event: 5.189 {heap Before GC invocations=5 (full 0):
 garbage-first heap   total reserved 2097152K, committed 101376K, used 73419K [0x0000000080000000, 0x0000000100000000)
  region size 1024K, 52 young (53248K), 6 survivors (6144K)
}
Event: 5.196 {heap After GC invocations=6 (full 0):
 garbage-first heap   total reserved 2097152K, committed 101376K, used 29529K [0x0000000080000000, 0x0000000100000000)
  region size 1024K, 6 young (6144K), 6 survivors (6144K)
}
Event: 5.413 {heap Before GC invocations=6 (full 0):
 garbage-first heap   total reserved 2097152K, committed 101376K, used 39769K [0x0000000080000000, 0x0000000100000000)
  region size 1024K, 17 young (17408K), 6 survivors (6144K)
}
Event: 5.419 {heap After GC invocations=7 (full 0):
 garbage-first heap   total reserved 2097152K, committed 101376K, used 31304K [0x0000000080000000, 0x0000000100000000)
  region size 1024K, 4 young (4096K), 4 survivors (4096K)
}
Event: 6.062 {heap Before GC invocations=8 (full 0):
 garbage-first heap   total reserved 2097152K, committed 101376K, used 80456K [0x0000000080000000, 0x0000000100000000)
  region size 1024K, 53 young (54272K), 4 survivors (4096K)
}
Event: 6.068 {heap After GC invocations=9 (full 0):
 garbage-first heap   total reserved 2097152K, committed 101376K, used 33421K [0x0000000080000000, 0x0000000100000000)
  region size 1024K, 6 young (6144K), 6 survivors (6144K)
}
Event: 7.128 {heap Before GC invocations=9 (full 0):
 garbage-first heap   total reserved 2097152K, committed 101376K, used 84621K [0x0000000080000000, 0x0000000100000000)
  region size 1024K, 56 young (57344K), 6 survivors (6144K)
}
Event: 7.133 {heap After GC invocations=10 (full 0):
 garbage-first heap   total reserved 2097152K, committed 101376K, used 34344K [0x0000000080000000, 0x0000000100000000)
  region size 1024K, 6 young (6144K), 6 survivors (6144K)
}
Event: 8.045 {heap Before GC invocations=10 (full 0):
 garbage-first heap   total reserved 2097152K, committed 101376K, used 86568K [0x0000000080000000, 0x0000000100000000)
  region size 1024K, 57 young (58368K), 6 survivors (6144K)
}
Event: 8.051 {heap After GC invocations=11 (full 0):
 garbage-first heap   total reserved 2097152K, committed 101376K, used 38272K [0x0000000080000000, 0x0000000100000000)
  region size 1024K, 8 young (8192K), 8 survivors (8192K)
}
Event: 11.265 {heap Before GC invocations=11 (full 0):
 garbage-first heap   total reserved 2097152K, committed 101376K, used 84352K [0x0000000080000000, 0x0000000100000000)
  region size 1024K, 54 young (55296K), 8 survivors (8192K)
}
Event: 11.274 {heap After GC invocations=12 (full 0):
 garbage-first heap   total reserved 2097152K, committed 101376K, used 40055K [0x0000000080000000, 0x0000000100000000)
  region size 1024K, 2 young (2048K), 2 survivors (2048K)
}

Metaspace Usage History (20 events):
Event: 0.946 {metaspace Before GC invocations=0 (full 0):
 Metaspace       used 4568K, committed 4736K, reserved 1114112K
  class space    used 388K, committed 448K, reserved 1048576K
}
Event: 0.951 {metaspace After GC invocations=1 (full 0):
 Metaspace       used 4568K, committed 4736K, reserved 1114112K
  class space    used 388K, committed 448K, reserved 1048576K
}
Event: 2.761 {metaspace Before GC invocations=1 (full 0):
 Metaspace       used 14972K, committed 15296K, reserved 1114112K
  class space    used 1529K, committed 1664K, reserved 1048576K
}
Event: 2.770 {metaspace After GC invocations=2 (full 0):
 Metaspace       used 14972K, committed 15296K, reserved 1114112K
  class space    used 1529K, committed 1664K, reserved 1048576K
}
Event: 3.470 {metaspace Before GC invocations=2 (full 0):
 Metaspace       used 20865K, committed 21504K, reserved 1114112K
  class space    used 2129K, committed 2432K, reserved 1048576K
}
Event: 3.482 {metaspace After GC invocations=3 (full 0):
 Metaspace       used 20865K, committed 21504K, reserved 1114112K
  class space    used 2129K, committed 2432K, reserved 1048576K
}
Event: 4.546 {metaspace Before GC invocations=4 (full 0):
 Metaspace       used 27516K, committed 28608K, reserved 1114112K
  class space    used 2971K, committed 3520K, reserved 1048576K
}
Event: 4.555 {metaspace After GC invocations=5 (full 0):
 Metaspace       used 27516K, committed 28608K, reserved 1114112K
  class space    used 2971K, committed 3520K, reserved 1048576K
}
Event: 5.189 {metaspace Before GC invocations=5 (full 0):
 Metaspace       used 32803K, committed 34112K, reserved 1114112K
  class space    used 3573K, committed 4224K, reserved 1048576K
}
Event: 5.196 {metaspace After GC invocations=6 (full 0):
 Metaspace       used 32803K, committed 34112K, reserved 1114112K
  class space    used 3573K, committed 4224K, reserved 1048576K
}
Event: 5.413 {metaspace Before GC invocations=6 (full 0):
 Metaspace       used 34679K, committed 35968K, reserved 1114112K
  class space    used 3745K, committed 4352K, reserved 1048576K
}
Event: 5.419 {metaspace After GC invocations=7 (full 0):
 Metaspace       used 34679K, committed 35968K, reserved 1114112K
  class space    used 3745K, committed 4352K, reserved 1048576K
}
Event: 6.062 {metaspace Before GC invocations=8 (full 0):
 Metaspace       used 37050K, committed 38528K, reserved 1114112K
  class space    used 4116K, committed 4800K, reserved 1048576K
}
Event: 6.068 {metaspace After GC invocations=9 (full 0):
 Metaspace       used 37050K, committed 38528K, reserved 1114112K
  class space    used 4116K, committed 4800K, reserved 1048576K
}
Event: 7.128 {metaspace Before GC invocations=9 (full 0):
 Metaspace       used 43486K, committed 45120K, reserved 1114112K
  class space    used 4889K, committed 5696K, reserved 1048576K
}
Event: 7.133 {metaspace After GC invocations=10 (full 0):
 Metaspace       used 43486K, committed 45120K, reserved 1114112K
  class space    used 4889K, committed 5696K, reserved 1048576K
}
Event: 8.045 {metaspace Before GC invocations=10 (full 0):
 Metaspace       used 49785K, committed 51584K, reserved 1114112K
  class space    used 5667K, committed 6528K, reserved 1048576K
}
Event: 8.051 {metaspace After GC invocations=11 (full 0):
 Metaspace       used 49785K, committed 51584K, reserved 1114112K
  class space    used 5667K, committed 6528K, reserved 1048576K
}
Event: 11.265 {metaspace Before GC invocations=11 (full 0):
 Metaspace       used 58368K, committed 60160K, reserved 1114112K
  class space    used 6873K, committed 7744K, reserved 1048576K
}
Event: 11.274 {metaspace After GC invocations=12 (full 0):
 Metaspace       used 58368K, committed 60160K, reserved 1114112K
  class space    used 6873K, committed 7744K, reserved 1048576K
}

Dll operation events (14 events):
Event: 0.015 Loaded shared library C:\Program Files\Java\jdk-25\bin\java.dll
Event: 0.084 Loaded shared library C:\Program Files\Java\jdk-25\bin\zip.dll
Event: 0.087 Loaded shared library C:\Program Files\Java\jdk-25\bin\instrument.dll
Event: 0.091 Loaded shared library C:\Program Files\Java\jdk-25\bin\net.dll
Event: 0.093 Loaded shared library C:\Program Files\Java\jdk-25\bin\nio.dll
Event: 0.097 Loaded shared library C:\Program Files\Java\jdk-25\bin\zip.dll
Event: 0.383 Loaded shared library C:\Program Files\Java\jdk-25\bin\jimage.dll
Event: 0.572 Loaded shared library C:\Program Files\Java\jdk-25\bin\verify.dll
Event: 0.599 Loaded shared library C:\Users\IT\.gradle\native\1def1411415f61bf3af743bc5b6707747c0891f09f0c88961ee8f79bc544acac\windows-amd64\native-platform.dll
Event: 0.609 Loaded shared library C:\Users\IT\.gradle\native\0.2.8\x86_64-windows-gnu\gradle-fileevents.dll
Event: 1.839 Loaded shared library C:\Program Files\Java\jdk-25\bin\management.dll
Event: 1.842 Loaded shared library C:\Program Files\Java\jdk-25\bin\management_ext.dll
Event: 1.973 Loaded shared library C:\Program Files\Java\jdk-25\bin\extnet.dll
Event: 2.203 Loaded shared library C:\Program Files\Java\jdk-25\bin\sunmscapi.dll

Deoptimization events (20 events):
Event: 7.849 Thread 0x000002567ea693d0 DEOPT PACKING pc=0x0000025607ae0b44 sp=0x000000e16a6f8de0
Event: 7.849 Thread 0x000002567ea693d0 DEOPT UNPACKING pc=0x000002560764f182 sp=0x000000e16a6f8d40 mode 2
Event: 7.971 Thread 0x000002567ea693d0 DEOPT PACKING pc=0x00000256005a7475 sp=0x000000e16a6f7d80
Event: 7.971 Thread 0x000002567ea693d0 DEOPT UNPACKING pc=0x0000025607581702 sp=0x000000e16a6f72b8 mode 0
Event: 8.311 Thread 0x000002567ea693d0 Uncommon trap: trap_request=0xffffff45 fr.pc=0x0000025607b6d344 relative=0x00000000000000c4
Event: 8.311 Thread 0x000002567ea693d0 Uncommon trap: reason=unstable_if action=reinterpret pc=0x0000025607b6d344 method=java.lang.CharacterDataLatin1.isWhitespace(I)Z @ 14 c2
Event: 8.311 Thread 0x000002567ea693d0 DEOPT PACKING pc=0x0000025607b6d344 sp=0x000000e16a6f6e20
Event: 8.311 Thread 0x000002567ea693d0 DEOPT UNPACKING pc=0x000002560764f182 sp=0x000000e16a6f6ce8 mode 2
Event: 8.311 Thread 0x000002567ea693d0 Uncommon trap: trap_request=0xffffff45 fr.pc=0x0000025607b2a788 relative=0x0000000000000088
Event: 8.311 Thread 0x000002567ea693d0 Uncommon trap: reason=unstable_if action=reinterpret pc=0x0000025607b2a788 method=java.lang.CharacterDataLatin1.isWhitespace(I)Z @ 14 c2
Event: 8.311 Thread 0x000002567ea693d0 DEOPT PACKING pc=0x0000025607b2a788 sp=0x000000e16a6f6d90
Event: 8.311 Thread 0x000002567ea693d0 DEOPT UNPACKING pc=0x000002560764f182 sp=0x000000e16a6f6d00 mode 2
Event: 8.434 Thread 0x000002567ea693d0 Uncommon trap: trap_request=0xffffffc6 fr.pc=0x0000025607aea0e8 relative=0x00000000000002e8
Event: 8.434 Thread 0x000002567ea693d0 Uncommon trap: reason=bimorphic_or_optimized_type_check action=maybe_recompile pc=0x0000025607aea0e8 method=java.util.regex.Pattern$Slice.match(Ljava/util/regex/Matcher;ILjava/lang/CharSequence;)Z @ 75 c2
Event: 8.434 Thread 0x000002567ea693d0 DEOPT PACKING pc=0x0000025607aea0e8 sp=0x000000e16a6f5000
Event: 8.434 Thread 0x000002567ea693d0 DEOPT UNPACKING pc=0x000002560764f182 sp=0x000000e16a6f4f80 mode 2
Event: 8.447 Thread 0x000002567ea693d0 Uncommon trap: trap_request=0xffffff66 fr.pc=0x0000025607adeff4 relative=0x0000000000000174
Event: 8.447 Thread 0x000002567ea693d0 Uncommon trap: reason=loop_limit_check action=maybe_recompile pc=0x0000025607adeff4 method=java.lang.StringLatin1.lastIndexOf([BII)I @ 19 c2
Event: 8.447 Thread 0x000002567ea693d0 DEOPT PACKING pc=0x0000025607adeff4 sp=0x000000e16a6f4270
Event: 8.447 Thread 0x000002567ea693d0 DEOPT UNPACKING pc=0x000002560764f182 sp=0x000000e16a6f41f0 mode 2

Classes loaded (20 events):
Event: 11.195 Loading class java/util/concurrent/atomic/AtomicIntegerFieldUpdater$AtomicIntegerFieldUpdaterImpl
Event: 11.196 Loading class java/util/concurrent/atomic/AtomicIntegerFieldUpdater$AtomicIntegerFieldUpdaterImpl done
Event: 11.206 Loading class java/util/concurrent/RejectedExecutionException
Event: 11.206 Loading class java/util/concurrent/RejectedExecutionException done
Event: 11.235 Loading class javax/xml/stream/XMLStreamException
Event: 11.235 Loading class javax/xml/stream/XMLStreamException done
Event: 11.253 Loading class javax/xml/stream/Location
Event: 11.253 Loading class javax/xml/stream/Location done
Event: 11.256 Loading class javax/xml/namespace/NamespaceContext
Event: 11.256 Loading class javax/xml/namespace/NamespaceContext done
Event: 11.256 Loading class javax/xml/stream/XMLStreamConstants
Event: 11.256 Loading class javax/xml/stream/XMLStreamConstants done
Event: 11.262 Loading class java/io/CharConversionException
Event: 11.262 Loading class java/io/CharConversionException done
Event: 11.265 Loading class javax/xml/stream/XMLStreamReader
Event: 11.265 Loading class javax/xml/stream/XMLStreamReader done
Event: 12.170 Loading class java/util/concurrent/LinkedBlockingDeque$Itr
Event: 12.170 Loading class java/util/concurrent/LinkedBlockingDeque$AbstractItr
Event: 12.170 Loading class java/util/concurrent/LinkedBlockingDeque$AbstractItr done
Event: 12.170 Loading class java/util/concurrent/LinkedBlockingDeque$Itr done

Classes unloaded (0 events):
No events

Classes redefined (0 events):
No events

Internal exceptions (20 events):
Event: 8.001 Thread 0x000002567ea693d0 Exception <a 'java/lang/IncompatibleClassChangeError'{0x0000000082869848}: Found class java.lang.Object, but interface was expected> (0x0000000082869848) 
thrown [s\open\src\hotspot\share\interpreter\linkResolver.cpp, line 871]
Event: 8.017 Thread 0x000002567ea693d0 Exception <a 'java/lang/NoSuchMethodError'{0x00000000827950b0}: 'void java.lang.invoke.DirectMethodHandle$Holder.invokeVirtual(java.lang.Object, java.lang.Object)'> (0x00000000827950b0) 
thrown [s\open\src\hotspot\share\interpreter\linkResolver.cpp, line 804]
Event: 8.059 Thread 0x000002567ea693d0 Exception <a 'java/lang/NoSuchMethodError'{0x00000000fff50608}: 'java.lang.Object java.lang.invoke.DirectMethodHandle$Holder.invokeStaticInit(java.lang.Object, int)'> (0x00000000fff50608) 
thrown [s\open\src\hotspot\share\interpreter\linkResolver.cpp, line 804]
Event: 8.438 Thread 0x000002567ea693d0 Exception <a 'sun/nio/fs/WindowsException'{0x00000000845c9e28}> (0x00000000845c9e28) 
thrown [s\open\src\hotspot\share\prims\jni.cpp, line 516]
Event: 8.438 Thread 0x000002567ea693d0 Exception <a 'sun/nio/fs/WindowsException'{0x00000000845cb918}> (0x00000000845cb918) 
thrown [s\open\src\hotspot\share\prims\jni.cpp, line 516]
Event: 9.542 Thread 0x000002567ea693d0 Exception <a 'sun/nio/fs/WindowsException'{0x00000000840eb2b8}> (0x00000000840eb2b8) 
thrown [s\open\src\hotspot\share\prims\jni.cpp, line 516]
Event: 9.602 Thread 0x000002567ea693d0 Exception <a 'java/lang/NoSuchMethodError'{0x0000000083c5dd58}: 'long java.lang.invoke.DirectMethodHandle$Holder.invokeStatic(java.lang.Object)'> (0x0000000083c5dd58) 
thrown [s\open\src\hotspot\share\interpreter\linkResolver.cpp, line 804]
Event: 9.602 Thread 0x000002567ea693d0 Exception <a 'java/lang/NoSuchMethodError'{0x0000000083c67258}: 'long java.lang.invoke.DirectMethodHandle$Holder.invokeStaticInit(java.lang.Object)'> (0x0000000083c67258) 
thrown [s\open\src\hotspot\share\interpreter\linkResolver.cpp, line 804]
Event: 9.679 Thread 0x000002567ea693d0 Exception <a 'java/lang/NoSuchMethodError'{0x000000008382fec0}: 'void java.lang.invoke.DirectMethodHandle$Holder.invokeStaticInit(java.lang.Object)'> (0x000000008382fec0) 
thrown [s\open\src\hotspot\share\interpreter\linkResolver.cpp, line 804]
Event: 9.691 Thread 0x000002567ea693d0 Exception <a 'java/lang/NoSuchMethodError'{0x00000000838fe198}: 'void java.lang.invoke.DelegatingMethodHandle$Holder.reinvoke_L(java.lang.Object, java.lang.Object, java.lang.Object, long, java.lang.Object)'> (0x00000000838fe198) 
thrown [s\open\src\hotspot\share\interpreter\linkResolver.cpp, line 804]
Event: 9.692 Thread 0x000002567ea693d0 Exception <a 'java/lang/NoSuchMethodError'{0x0000000083710340}: 'java.lang.Object java.lang.invoke.DirectMethodHandle$Holder.invokeSpecial(java.lang.Object, java.lang.Object, java.lang.Object, java.lang.Object, long)'> (0x0000000083710340) 
thrown [s\open\src\hotspot\share\interpreter\linkResolver.cpp, line 804]
Event: 9.693 Thread 0x000002567ea693d0 Exception <a 'java/lang/NoSuchMethodError'{0x0000000083732688}: 'int java.lang.invoke.DelegatingMethodHandle$Holder.reinvoke_L(java.lang.Object, java.lang.Object, java.lang.Object, long, java.lang.Object, java.lang.Object)'> (0x0000000083732688) 
thrown [s\open\src\hotspot\share\interpreter\linkResolver.cpp, line 804]
Event: 9.694 Thread 0x000002567ea693d0 Exception <a 'java/lang/NoSuchMethodError'{0x00000000837545f0}: 'int java.lang.invoke.DelegatingMethodHandle$Holder.reinvoke_L(java.lang.Object, java.lang.Object, java.lang.Object, long, int, int)'> (0x00000000837545f0) 
thrown [s\open\src\hotspot\share\interpreter\linkResolver.cpp, line 804]
Event: 9.694 Thread 0x000002567ea693d0 Exception <a 'java/lang/NoSuchMethodError'{0x00000000837763a8}: 'int java.lang.invoke.DelegatingMethodHandle$Holder.reinvoke_L(java.lang.Object, java.lang.Object, java.lang.Object, long, long, long)'> (0x00000000837763a8) 
thrown [s\open\src\hotspot\share\interpreter\linkResolver.cpp, line 804]
Event: 9.695 Thread 0x000002567ea693d0 Exception <a 'java/lang/NoSuchMethodError'{0x00000000837982b0}: 'int java.lang.invoke.DelegatingMethodHandle$Holder.reinvoke_L(java.lang.Object, java.lang.Object, java.lang.Object, long, int)'> (0x00000000837982b0) 
thrown [s\open\src\hotspot\share\interpreter\linkResolver.cpp, line 804]
Event: 9.696 Thread 0x000002567ea693d0 Exception <a 'java/lang/NoSuchMethodError'{0x00000000837b98b0}: 'long java.lang.invoke.DelegatingMethodHandle$Holder.reinvoke_L(java.lang.Object, java.lang.Object, java.lang.Object)'> (0x00000000837b98b0) 
thrown [s\open\src\hotspot\share\interpreter\linkResolver.cpp, line 804]
Event: 9.697 Thread 0x000002567ea693d0 Exception <a 'java/lang/NoSuchMethodError'{0x00000000837e3f90}: 'void java.lang.invoke.DelegatingMethodHandle$Holder.reinvoke_L(java.lang.Object, java.lang.Object, java.lang.Object, long, java.lang.Object, long, long)'> (0x00000000837e3f90) 
thrown [s\open\src\hotspot\share\interpreter\linkResolver.cpp, line 804]
Event: 9.697 Thread 0x000002567ea693d0 Exception <a 'java/lang/NoSuchMethodError'{0x00000000837f59a8}: 'long java.lang.invoke.Invokers$Holder.invokeExact_MT(java.lang.Object, java.lang.Object, java.lang.Object)'> (0x00000000837f59a8) 
thrown [s\open\src\hotspot\share\interpreter\linkResolver.cpp, line 804]
Event: 10.733 Thread 0x000002567ea693d0 Exception <a 'java/lang/NoSuchMethodError'{0x0000000083621278}: 'int java.lang.invoke.Invokers$Holder.invokeExact_MT(java.lang.Object, java.lang.Object, java.lang.Object)'> (0x0000000083621278) 
thrown [s\open\src\hotspot\share\interpreter\linkResolver.cpp, line 804]
Event: 11.021 Thread 0x000002567ea693d0 Exception <a 'java/lang/NoSuchMethodError'{0x0000000083315b20}: 'java.lang.Object java.lang.invoke.DirectMethodHandle$Holder.invokeStatic(java.lang.Object, java.lang.Object, int, java.lang.Object, int)'> (0x0000000083315b20) 
thrown [s\open\src\hotspot\share\interpreter\linkResolver.cpp, line 804]

VM Operations (20 events):
Event: 7.128 Executing safepoint VM operation: G1CollectForAllocation (G1 Evacuation Pause)
Event: 7.133 Executing safepoint VM operation: G1CollectForAllocation (G1 Evacuation Pause) done
Event: 7.623 Executing non-safepoint VM operation: HandshakeAllThreads (Deoptimize)
Event: 7.623 Executing non-safepoint VM operation: HandshakeAllThreads (Deoptimize) done
Event: 8.044 Executing non-safepoint VM operation: HandshakeAllThreads (Deoptimize)
Event: 8.045 Executing non-safepoint VM operation: HandshakeAllThreads (Deoptimize) done
Event: 8.045 Executing safepoint VM operation: G1CollectForAllocation (G1 Evacuation Pause)
Event: 8.051 Executing safepoint VM operation: G1CollectForAllocation (G1 Evacuation Pause) done
Event: 8.058 Executing non-safepoint VM operation: HandshakeAllThreads (Deoptimize)
Event: 8.058 Executing non-safepoint VM operation: HandshakeAllThreads (Deoptimize) done
Event: 11.001 Executing non-safepoint VM operation: HandshakeAllThreads (Deoptimize)
Event: 11.001 Executing non-safepoint VM operation: HandshakeAllThreads (Deoptimize) done
Event: 11.005 Executing non-safepoint VM operation: HandshakeAllThreads (Deoptimize)
Event: 11.005 Executing non-safepoint VM operation: HandshakeAllThreads (Deoptimize) done
Event: 11.265 Executing safepoint VM operation: CollectForMetadataAllocation (Metadata GC Threshold)
Event: 11.274 Executing safepoint VM operation: CollectForMetadataAllocation (Metadata GC Threshold) done
Event: 11.304 Executing safepoint VM operation: G1PauseRemark
Event: 11.309 Executing safepoint VM operation: G1PauseRemark done
Event: 11.320 Executing safepoint VM operation: G1PauseCleanup
Event: 11.321 Executing safepoint VM operation: G1PauseCleanup done

Memory protections (0 events):
No events

Nmethod flushes (20 events):
Event: 11.307 Thread 0x000002567885db50 flushing  nmethod 0x0000025600569a08
Event: 11.307 Thread 0x000002567885db50 flushing  nmethod 0x00000256005a8288
Event: 11.307 Thread 0x000002567885db50 flushing  nmethod 0x00000256005a9608
Event: 11.307 Thread 0x000002567885db50 flushing  nmethod 0x00000256006cfa88
Event: 11.307 Thread 0x000002567885db50 flushing  nmethod 0x0000025607c0a088
Event: 11.307 Thread 0x000002567885db50 flushing  nmethod 0x0000025600001308
Event: 11.307 Thread 0x000002567885db50 flushing  nmethod 0x0000025600003b08
Event: 11.307 Thread 0x000002567885db50 flushing  nmethod 0x00000256001cd508
Event: 11.307 Thread 0x000002567885db50 flushing  nmethod 0x00000256002dd188
Event: 11.307 Thread 0x000002567885db50 flushing  nmethod 0x000002560033bb08
Event: 11.307 Thread 0x000002567885db50 flushing  nmethod 0x0000025600341208
Event: 11.307 Thread 0x000002567885db50 flushing  nmethod 0x00000256003fee08
Event: 11.307 Thread 0x000002567885db50 flushing  nmethod 0x0000025600432108
Event: 11.307 Thread 0x000002567885db50 flushing  nmethod 0x0000025600432588
Event: 11.307 Thread 0x000002567885db50 flushing  nmethod 0x0000025600433a08
Event: 11.307 Thread 0x000002567885db50 flushing  nmethod 0x00000256005ad888
Event: 11.307 Thread 0x000002567885db50 flushing  nmethod 0x0000025600652a08
Event: 11.307 Thread 0x000002567885db50 flushing  nmethod 0x00000256006ee708
Event: 11.307 Thread 0x000002567885db50 flushing  nmethod 0x00000256006eef08
Event: 11.307 Thread 0x000002567885db50 flushing  nmethod 0x00000256006ef288

Events (20 events):
Event: 2.275 Thread 0x000002567ea693d0 Thread added: 0x000002567ea69ba0
Event: 2.277 Thread 0x000002567ea693d0 Thread added: 0x000002567ec63980
Event: 2.285 Thread 0x000002567ea693d0 Thread added: 0x000002567ec64150
Event: 2.732 Thread 0x000002567ea693d0 Thread added: 0x000002567ec658c0
Event: 2.740 Thread 0x000002567ea693d0 Thread added: 0x000002567ec631b0
Event: 2.804 Thread 0x000002567ea693d0 Thread added: 0x000002567ec67800
Event: 3.175 Thread 0x00000256788af930 Thread added: 0x000002567dedde30
Event: 3.834 Thread 0x000002567ea693d0 Thread added: 0x000002567f4c5200
Event: 3.866 Thread 0x000002567ea693d0 Thread added: 0x000002567f4c32c0
Event: 4.213 Thread 0x000002567ea693d0 Thread added: 0x000002567f4c9080
Event: 4.220 Thread 0x000002567ea693d0 Thread added: 0x000002567f4c88b0
Event: 4.454 Thread 0x000002567ea693d0 Thread added: 0x000002560fab1a90
Event: 4.511 Thread 0x000002567ea693d0 Thread added: 0x000002560fab39d0
Event: 4.839 Thread 0x000002567ea693d0 Thread added: 0x000002560fab2a30
Event: 4.939 Thread 0x000002567ea693d0 Thread added: 0x000002560fab3200
Event: 5.296 Thread 0x000002567ec631b0 Thread added: 0x000002560fab7850
Event: 5.506 Thread 0x000002567dedde30 Thread exited: 0x000002567dedde30
Event: 6.144 Thread 0x00000256788af930 Thread added: 0x000002567dedd620
Event: 6.964 Thread 0x000002567dedd620 Thread exited: 0x000002567dedd620
Event: 8.878 Thread 0x0000025678c5c010 Thread exited: 0x0000025678c5c010


Dynamic libraries:
0x00007ff6c8010000 - 0x00007ff6c8020000 	C:\Program Files\Java\jdk-25\bin\java.exe
0x00007ff9753a0000 - 0x00007ff975607000 	C:\WINDOWS\SYSTEM32\ntdll.dll
0x00007ff973840000 - 0x00007ff973909000 	C:\WINDOWS\System32\KERNEL32.DLL
0x00007ff972d20000 - 0x00007ff973117000 	C:\WINDOWS\System32\KERNELBASE.dll
0x00007ff971dd0000 - 0x00007ff971f1b000 	C:\WINDOWS\System32\ucrtbase.dll
0x00007ff9669e0000 - 0x00007ff9669f7000 	C:\Program Files\Java\jdk-25\bin\jli.dll
0x00007ff95a460000 - 0x00007ff95a47e000 	C:\Program Files\Java\jdk-25\bin\VCRUNTIME140.dll
0x00007ff974030000 - 0x00007ff9741f6000 	C:\WINDOWS\System32\USER32.dll
0x00007ff94e920000 - 0x00007ff94ebb2000 	C:\WINDOWS\WinSxS\amd64_microsoft.windows.common-controls_6595b64144ccf1df_6.0.26100.8457_none_3e0b2faee331e92d\COMCTL32.dll
0x00007ff972060000 - 0x00007ff972087000 	C:\WINDOWS\System32\win32u.dll
0x00007ff975270000 - 0x00007ff975319000 	C:\WINDOWS\System32\msvcrt.dll
0x00007ff973b60000 - 0x00007ff973b8b000 	C:\WINDOWS\System32\GDI32.dll
0x00007ff9729c0000 - 0x00007ff972aec000 	C:\WINDOWS\System32\gdi32full.dll
0x00007ff971f20000 - 0x00007ff971fc3000 	C:\WINDOWS\System32\msvcp_win.dll
0x00007ff974930000 - 0x00007ff974962000 	C:\WINDOWS\System32\IMM32.DLL
0x00007ff96cbb0000 - 0x00007ff96cbbc000 	C:\Program Files\Java\jdk-25\bin\vcruntime140_1.dll
0x00007ff939040000 - 0x00007ff9390cd000 	C:\Program Files\Java\jdk-25\bin\msvcp140.dll
0x00007ff8de070000 - 0x00007ff8deecf000 	C:\Program Files\Java\jdk-25\bin\server\jvm.dll
0x00007ff974870000 - 0x00007ff974926000 	C:\WINDOWS\System32\ADVAPI32.dll
0x00007ff973ab0000 - 0x00007ff973b57000 	C:\WINDOWS\System32\sechost.dll
0x00007ff973f10000 - 0x00007ff974028000 	C:\WINDOWS\System32\RPCRT4.dll
0x00007ff9751e0000 - 0x00007ff975260000 	C:\WINDOWS\System32\WS2_32.dll
0x00007ff971c30000 - 0x00007ff971c8e000 	C:\WINDOWS\SYSTEM32\POWRPROF.dll
0x00007ff96a820000 - 0x00007ff96a856000 	C:\WINDOWS\SYSTEM32\WINMM.dll
0x00007ff96a860000 - 0x00007ff96a86b000 	C:\WINDOWS\SYSTEM32\VERSION.dll
0x00007ff971c10000 - 0x00007ff971c24000 	C:\WINDOWS\SYSTEM32\UMPDC.dll
0x00007ff970b00000 - 0x00007ff970b1b000 	C:\WINDOWS\SYSTEM32\kernel.appcore.dll
0x00007ff96ca60000 - 0x00007ff96ca6a000 	C:\Program Files\Java\jdk-25\bin\jimage.dll
0x00007ff963ec0000 - 0x00007ff964102000 	C:\WINDOWS\SYSTEM32\DBGHELP.DLL
0x00007ff973450000 - 0x00007ff9737d3000 	C:\WINDOWS\System32\combase.dll
0x00007ff974970000 - 0x00007ff974a49000 	C:\WINDOWS\System32\OLEAUT32.dll
0x00007ff96ca20000 - 0x00007ff96ca5b000 	C:\WINDOWS\SYSTEM32\dbgcore.DLL
0x00007ff972c70000 - 0x00007ff972d18000 	C:\WINDOWS\System32\bcryptPrimitives.dll
0x00007ff957910000 - 0x00007ff957920000 	C:\Program Files\Java\jdk-25\bin\instrument.dll
0x00007ff959fa0000 - 0x00007ff959fbf000 	C:\Program Files\Java\jdk-25\bin\java.dll
0x00007ff973910000 - 0x00007ff973aa7000 	C:\WINDOWS\System32\ole32.dll
0x00007ff974a60000 - 0x00007ff9751ce000 	C:\WINDOWS\System32\SHELL32.dll
0x00007ff972150000 - 0x00007ff9729bc000 	C:\WINDOWS\System32\windows.storage.dll
0x00007ff973d50000 - 0x00007ff973e46000 	C:\WINDOWS\System32\SHCORE.dll
0x00007ff973b90000 - 0x00007ff973bf6000 	C:\WINDOWS\System32\shlwapi.dll
0x00007ff971cf0000 - 0x00007ff971d19000 	C:\WINDOWS\SYSTEM32\profapi.dll
0x00007ff9472b0000 - 0x00007ff9472c7000 	C:\Program Files\Java\jdk-25\bin\zip.dll
0x00007ff952740000 - 0x00007ff952752000 	C:\Program Files\Java\jdk-25\bin\net.dll
0x00007ff9710d0000 - 0x00007ff97113c000 	C:\WINDOWS\system32\mswsock.dll
0x00007ff94fd30000 - 0x00007ff94fd46000 	C:\Program Files\Java\jdk-25\bin\nio.dll
0x00007ff95a1b0000 - 0x00007ff95a1c0000 	C:\Program Files\Java\jdk-25\bin\verify.dll
0x00007ff95aea0000 - 0x00007ff95aec7000 	C:\Users\IT\.gradle\native\1def1411415f61bf3af743bc5b6707747c0891f09f0c88961ee8f79bc544acac\windows-amd64\native-platform.dll
0x00007ff93e970000 - 0x00007ff93e9e7000 	C:\Users\IT\.gradle\native\0.2.8\x86_64-windows-gnu\gradle-fileevents.dll
0x00007ff966380000 - 0x00007ff96638a000 	C:\Program Files\Java\jdk-25\bin\management.dll
0x00007ff95aab0000 - 0x00007ff95aabc000 	C:\Program Files\Java\jdk-25\bin\management_ext.dll
0x00007ff975330000 - 0x00007ff975338000 	C:\WINDOWS\System32\PSAPI.DLL
0x00007ff970620000 - 0x00007ff970652000 	C:\WINDOWS\SYSTEM32\IPHLPAPI.DLL
0x00007ff975320000 - 0x00007ff97532a000 	C:\WINDOWS\System32\NSI.dll
0x00007ff958ad0000 - 0x00007ff958ad9000 	C:\Program Files\Java\jdk-25\bin\extnet.dll
0x00007ff9713b0000 - 0x00007ff9713cb000 	C:\WINDOWS\SYSTEM32\CRYPTSP.dll
0x00007ff970ac0000 - 0x00007ff970af9000 	C:\WINDOWS\system32\rsaenh.dll
0x00007ff971180000 - 0x00007ff9711b3000 	C:\WINDOWS\SYSTEM32\USERENV.dll
0x00007ff971cc0000 - 0x00007ff971cea000 	C:\WINDOWS\SYSTEM32\bcrypt.dll
0x00007ff9713d0000 - 0x00007ff9713dc000 	C:\WINDOWS\SYSTEM32\CRYPTBASE.dll
0x00007ff957890000 - 0x00007ff95789e000 	C:\Program Files\Java\jdk-25\bin\sunmscapi.dll
0x00007ff972af0000 - 0x00007ff972c68000 	C:\WINDOWS\System32\CRYPT32.dll
0x00007ff9715d0000 - 0x00007ff971600000 	C:\WINDOWS\SYSTEM32\ncrypt.dll
0x00007ff971580000 - 0x00007ff9715bf000 	C:\WINDOWS\SYSTEM32\NTASN1.dll
0x00007ff94fde0000 - 0x00007ff94fde8000 	C:\WINDOWS\system32\wshunix.dll

JVMTI agents:
C:\Users\IT\.gradle\wrapper\dists\gradle-9.1.0-bin\9agqghryom9wkf8r80qlhnts3\gradle-9.1.0\lib\agents\gradle-instrumentation-agent-9.1.0.jar path:C:\Program Files\Java\jdk-25\bin\instrument.dll, loaded, initialized, instrumentlib options:none

dbghelp: loaded successfully - version: 4.0.5 - missing functions: none
symbol engine: initialized successfully - sym options: 0x614 - pdb path: .;C:\Program Files\Java\jdk-25\bin;C:\WINDOWS\SYSTEM32;C:\WINDOWS\WinSxS\amd64_microsoft.windows.common-controls_6595b64144ccf1df_6.0.26100.8457_none_3e0b2faee331e92d;C:\Program Files\Java\jdk-25\bin\server;C:\Users\IT\.gradle\native\1def1411415f61bf3af743bc5b6707747c0891f09f0c88961ee8f79bc544acac\windows-amd64;C:\Users\IT\.gradle\native\0.2.8\x86_64-windows-gnu

VM Arguments:
jvm_args: --add-opens=java.base/java.lang=ALL-UNNAMED --add-opens=java.base/java.lang.invoke=ALL-UNNAMED --add-opens=java.base/java.util=ALL-UNNAMED --add-opens=java.prefs/java.util.prefs=ALL-UNNAMED --add-exports=jdk.compiler/com.sun.tools.javac.api=ALL-UNNAMED --add-exports=jdk.compiler/com.sun.tools.javac.util=ALL-UNNAMED --add-opens=java.base/java.util=ALL-UNNAMED --add-opens=java.prefs/java.util.prefs=ALL-UNNAMED --add-opens=java.base/java.nio.charset=ALL-UNNAMED --add-opens=java.base/java.net=ALL-UNNAMED --add-opens=java.base/java.util.concurrent=ALL-UNNAMED --add-opens=java.base/java.util.concurrent.atomic=ALL-UNNAMED --add-opens=java.xml/javax.xml.namespace=ALL-UNNAMED --add-opens=java.base/java.time=ALL-UNNAMED --enable-native-access=ALL-UNNAMED -Xmx2048m -Dfile.encoding=UTF-8 -Duser.country=US -Duser.language=en -Duser.variant -javaagent:C:\Users\IT\.gradle\wrapper\dists\gradle-9.1.0-bin\9agqghryom9wkf8r80qlhnts3\gradle-9.1.0\lib\agents\gradle-instrumentation-agent-9.1.0.jar 
java_command: org.gradle.launcher.daemon.bootstrap.GradleDaemon 9.1.0
java_class_path (initial): C:\Users\IT\.gradle\wrapper\dists\gradle-9.1.0-bin\9agqghryom9wkf8r80qlhnts3\gradle-9.1.0\lib\gradle-daemon-main-9.1.0.jar
Launcher Type: SUN_STANDARD

[Global flags]
     intx CICompilerCount                          = 4                                         {product} {ergonomic}
     uint ConcGCThreads                            = 3                                         {product} {ergonomic}
     uint G1ConcRefinementThreads                  = 10                                        {product} {ergonomic}
   size_t G1HeapRegionSize                         = 1048576                                   {product} {ergonomic}
   size_t InitialHeapSize                          = 257949696                                 {product} {ergonomic}
   size_t MarkStackSize                            = 4194304                                   {product} {ergonomic}
   size_t MarkStackSizeMax                         = 536870912                                 {product} {ergonomic}
   size_t MaxHeapSize                              = 2147483648                                {product} {command line}
   size_t MaxNewSize                               = 1287651328                                {product} {ergonomic}
   size_t MinHeapDeltaBytes                        = 1048576                                   {product} {ergonomic}
   size_t MinHeapSize                              = 8388608                                   {product} {ergonomic}
    uintx NonNMethodCodeHeapSize                   = 5832704                                {pd product} {ergonomic}
    uintx NonProfiledCodeHeapSize                  = 122945536                              {pd product} {ergonomic}
    uintx ProfiledCodeHeapSize                     = 122880000                              {pd product} {ergonomic}
    uintx ReservedCodeCacheSize                    = 251658240                              {pd product} {ergonomic}
     bool SegmentedCodeCache                       = true                                      {product} {ergonomic}
   size_t SoftMaxHeapSize                          = 2147483648                             {manageable} {ergonomic}
     bool UseCompressedOops                        = true                           {product lp64_product} {ergonomic}
     bool UseG1GC                                  = true                                      {product} {ergonomic}
     bool UseLargePagesIndividualAllocation        = false                                  {pd product} {ergonomic}

Logging:
Log output configuration:
 #0: stdout all=warning uptime,level,tags foldmultilines=false
 #1: stderr all=off uptime,level,tags foldmultilines=false

Release file:
IMPLEMENTOR="Oracle Corporation" 
JAVA_RUNTIME_VERSION="25.0.1+8-LTS-27" 
JAVA_VERSION="25.0.1" 
JAVA_VERSION_DATE="2025-10-21" 
LIBC="default" 
MODULES="java.base java.compiler java.datatransfer java.xml java.prefs java.desktop java.instrument java.logging java.management java.security.sasl java.naming java.rmi java.management.rmi java.net.http java.scripting java.security.jgss java.transaction.xa java.sql java.sql.rowset java.xml.crypto java.se java.smartcardio jdk.accessibility jdk.internal.jvmstat jdk.attach jdk.charsets jdk.internal.opt jdk.zipfs jdk.compiler jdk.crypto.cryptoki jdk.crypto.ec jdk.crypto.mscapi jdk.dynalink jdk.internal.ed jdk.editpad jdk.internal.vm.ci jdk.graal.compiler jdk.graal.compiler.management jdk.hotspot.agent jdk.httpserver jdk.incubator.vector jdk.internal.le jdk.internal.md jdk.jartool jdk.javadoc jdk.jcmd jdk.management jdk.management.agent jdk.jconsole jdk.jdeps jdk.jdwp.agent jdk.jdi jdk.jfr jdk.jlink jdk.jpackage jdk.jshell jdk.jsobject jdk.jstatd jdk.localedata jdk.management.jfr jdk.naming.dns jdk.naming.rmi jdk.net jdk.nio.mapmode jdk.sctp jdk.security.auth jdk.security.jgss jdk.unsupported jdk.unsupported.desktop jdk.xml.dom" 
OS_ARCH="x86_64" 
OS_NAME="Windows" 
SOURCE=".:git:862c85bc42b7 open:git:78770bfaefd2" 

Environment Variables:
JAVA_HOME=C:\Program Files\Java\jdk-25
PATH=C:\Program Files\Common Files\Oracle\Java\javapath;C:\WINDOWS\system32;C:\WINDOWS;C:\WINDOWS\System32\Wbem;C:\WINDOWS\System32\WindowsPowerShell\v1.0\;C:\WINDOWS\System32\OpenSSH\;C:\Program Files\Cloudflare\Cloudflare WARP\;C:\Program Files (x86)\GnuWin32\bin;C:\Program Files\CodeBlocks\MinGW\bin;C:\MinGW\bin;C:\Program Files\dotnet\;C:\Program Files (x86)\Windows Kits\10\Windows Performance Toolkit\;C:\Program Files\Git\cmd;C:\Program Files\Java\jdk-25\bin;C:\Program Files\MySQL\MySQL Server 8.0\bin;C:\Users\IT\AppData\Local\Microsoft\WindowsApps;C:\Users\IT\.dotnet\tools;C:\Users\IT\AppData\Local\Programs\Microsoft VS Code\bin;C:\Users\IT\AppData\Local\Programs\cursor\resources\app\bin;C:\Users\IT\AppData\Local\Programs\Antigravity\bin
USERNAME=IT
OS=Windows_NT
PROCESSOR_IDENTIFIER=AMD64 Family 25 Model 80 Stepping 0, AuthenticAMD
TMP=C:\Users\IT\AppData\Local\Temp
TEMP=C:\Users\IT\AppData\Local\Temp




Compilation memory statistics disabled.

Periodic native trim disabled

---------------  S Y S T E M  ---------------

OS:
 Windows 11 , 64 bit Build 26100 (10.0.26100.8328)
OS uptime: 0 days 4:22 hours

CPU: total 12 (initial active 12) (12 cores per cpu, 2 threads per core) family 25 model 80 stepping 0 microcode 0xa500014, cx8, cmov, fxsr, ht, mmx, 3dnowpref, sse, sse2, sse3, ssse3, sse4a, sse4.1, sse4.2, popcnt, lzcnt, tsc, tscinvbit, avx, avx2, aes, erms, clmul, bmi1, bmi2, adx, sha, fma, vzeroupper, clflush, clflushopt, clwb, rdtscp, rdpid, fsrm, f16c, pku, cet_ss
Processor Information for processor 0
  Max Mhz: 2301, Current Mhz: 2301, Mhz Limit: 2301
Processor Information for processor 1
  Max Mhz: 2301, Current Mhz: 2301, Mhz Limit: 2301
Processor Information for processor 2
  Max Mhz: 2301, Current Mhz: 2301, Mhz Limit: 2301
Processor Information for processor 3
  Max Mhz: 2301, Current Mhz: 2301, Mhz Limit: 2301
Processor Information for processor 4
  Max Mhz: 2301, Current Mhz: 1783, Mhz Limit: 2301
Processor Information for processor 5
  Max Mhz: 2301, Current Mhz: 1783, Mhz Limit: 2301
Processor Information for processor 6
  Max Mhz: 2301, Current Mhz: 2301, Mhz Limit: 2301
Processor Information for processor 7
  Max Mhz: 2301, Current Mhz: 2301, Mhz Limit: 2301
Processor Information for processor 8
  Max Mhz: 2301, Current Mhz: 1783, Mhz Limit: 2301
Processor Information for processor 9
  Max Mhz: 2301, Current Mhz: 1783, Mhz Limit: 2301
Processor Information for processor 10
  Max Mhz: 2301, Current Mhz: 2301, Mhz Limit: 2301
Processor Information for processor 11
  Max Mhz: 2301, Current Mhz: 2301, Mhz Limit: 2301

Memory: 4k page, system-wide physical 15681M (1550M free)
TotalPageFile size 19777M (AvailPageFile size 6M)
current process WorkingSet (physical memory assigned to process): 267M, peak: 294M
current process commit charge ("private bytes"): 311M, peak: 451M

vm_info: Java HotSpot(TM) 64-Bit Server VM (25.0.1+8-LTS-27) for windows-amd64 JRE (25.0.1+8-LTS-27), built on 2025-09-25T16:41:16Z with unknown MS VC++:1943

END.
